TCP Ping trying to connect to server localhost (127.0.0.1) on port 1491
Connected with the server
 ... connected to Pong server: asking for 501 repetitions of 6144 bytes TCP messages
 ... Pong server agreed :-)
Message size: 8
tcp_ping received 6144 bytes back
Round trip time was 0.4578 milliseconds in repetition 1
Message size: 8
tcp_ping received 6144 bytes back
Round trip time was 0.2595 milliseconds in repetition 2
Message size: 8
tcp_ping received 6144 bytes back
Round trip time was 0.1906 milliseconds in repetition 3
Message size: 8
tcp_ping received 6144 bytes back
Round trip time was 0.1331 milliseconds in repetition 4
Message size: 8
tcp_ping received 6144 bytes back
Round trip time was 0.1227 milliseconds in repetition 5
Message size: 8
tcp_ping received 6144 bytes back
Round trip time was 0.1343 milliseconds in repetition 6
Message size: 8
tcp_ping received 6144 bytes back
Round trip time was 0.1087 milliseconds in repetition 7
Message size: 8
tcp_ping received 6144 bytes back
Round trip time was 0.1653 milliseconds in repetition 8
Message size: 8
tcp_ping received 6144 bytes back
Round trip time was 0.3301 milliseconds in repetition 9
Message size: 8
tcp_ping received 6144 bytes back
Round trip time was 0.0887 milliseconds in repetition 10
Message size: 8
tcp_ping received 6144 bytes back
Round trip time was 0.0863 milliseconds in repetition 11
Message size: 8
tcp_ping received 6144 bytes back
Round trip time was 0.0861 milliseconds in repetition 12
Message size: 8
tcp_ping received 6144 bytes back
Round trip time was 0.2069 milliseconds in repetition 13
Message size: 8
tcp_ping received 6144 bytes back
Round trip time was 0.4359 milliseconds in repetition 14
Message size: 8
tcp_ping received 6144 bytes back
Round trip time was 0.1833 milliseconds in repetition 15
Message size: 8
tcp_ping received 6144 bytes back
Round trip time was 0.1006 milliseconds in repetition 16
Message size: 8
tcp_ping received 6144 bytes back
Round trip time was 0.1121 milliseconds in repetition 17
Message size: 8
tcp_ping received 6144 bytes back
Round trip time was 0.1396 milliseconds in repetition 18
Message size: 8
tcp_ping received 6144 bytes back
Round trip time was 0.1329 milliseconds in repetition 19
Message size: 8
tcp_ping received 6144 bytes back
Round trip time was 0.1166 milliseconds in repetition 20
Message size: 8
tcp_ping received 6144 bytes back
Round trip time was 0.1105 milliseconds in repetition 21
Message size: 8
tcp_ping received 6144 bytes back
Round trip time was 0.1151 milliseconds in repetition 22
Message size: 8
tcp_ping received 6144 bytes back
Round trip time was 0.4887 milliseconds in repetition 23
Message size: 8
tcp_ping received 6144 bytes back
Round trip time was 0.138 milliseconds in repetition 24
Message size: 8
tcp_ping received 6144 bytes back
Round trip time was 0.1213 milliseconds in repetition 25
Message size: 8
tcp_ping received 6144 bytes back
Round trip time was 0.1158 milliseconds in repetition 26
Message size: 8
tcp_ping received 6144 bytes back
Round trip time was 0.1135 milliseconds in repetition 27
Message size: 8
tcp_ping received 6144 bytes back
Round trip time was 0.2065 milliseconds in repetition 28
Message size: 8
tcp_ping received 6144 bytes back
Round trip time was 0.1675 milliseconds in repetition 29
Message size: 8
tcp_ping received 6144 bytes back
Round trip time was 0.1534 milliseconds in repetition 30
Message size: 8
tcp_ping received 6144 bytes back
Round trip time was 0.1118 milliseconds in repetition 31
Message size: 8
tcp_ping received 6144 bytes back
Round trip time was 0.1086 milliseconds in repetition 32
Message size: 8
tcp_ping received 6144 bytes back
Round trip time was 0.1155 milliseconds in repetition 33
Message size: 8
tcp_ping received 6144 bytes back
Round trip time was 0.1077 milliseconds in repetition 34
Message size: 8
tcp_ping received 6144 bytes back
Round trip time was 0.1127 milliseconds in repetition 35
Message size: 8
tcp_ping received 6144 bytes back
Round trip time was 0.1178 milliseconds in repetition 36
Message size: 8
tcp_ping received 6144 bytes back
Round trip time was 0.1386 milliseconds in repetition 37
Message size: 8
tcp_ping received 6144 bytes back
Round trip time was 0.1317 milliseconds in repetition 38
Message size: 8
tcp_ping received 6144 bytes back
Round trip time was 0.1301 milliseconds in repetition 39
Message size: 8
tcp_ping received 6144 bytes back
Round trip time was 0.1212 milliseconds in repetition 40
Message size: 8
tcp_ping received 6144 bytes back
Round trip time was 0.1244 milliseconds in repetition 41
Message size: 8
tcp_ping received 6144 bytes back
Round trip time was 0.129 milliseconds in repetition 42
Message size: 8
tcp_ping received 6144 bytes back
Round trip time was 0.1664 milliseconds in repetition 43
Message size: 8
tcp_ping received 6144 bytes back
Round trip time was 0.2359 milliseconds in repetition 44
Message size: 8
tcp_ping received 6144 bytes back
Round trip time was 0.2379 milliseconds in repetition 45
Message size: 8
tcp_ping received 6144 bytes back
Round trip time was 0.3063 milliseconds in repetition 46
Message size: 8
tcp_ping received 6144 bytes back
Round trip time was 0.9882 milliseconds in repetition 47
Message size: 8
tcp_ping received 6144 bytes back
Round trip time was 0.2006 milliseconds in repetition 48
Message size: 8
tcp_ping received 6144 bytes back
Round trip time was 0.1318 milliseconds in repetition 49
Message size: 8
tcp_ping received 6144 bytes back
Round trip time was 0.1159 milliseconds in repetition 50
Message size: 8
tcp_ping received 6144 bytes back
Round trip time was 0.1152 milliseconds in repetition 51
Message size: 8
tcp_ping received 6144 bytes back
Round trip time was 0.4023 milliseconds in repetition 52
Message size: 8
tcp_ping received 6144 bytes back
Round trip time was 0.3101 milliseconds in repetition 53
Message size: 8
tcp_ping received 6144 bytes back
Round trip time was 0.1807 milliseconds in repetition 54
Message size: 8
tcp_ping received 6144 bytes back
Round trip time was 0.2182 milliseconds in repetition 55
Message size: 8
tcp_ping received 6144 bytes back
Round trip time was 0.1932 milliseconds in repetition 56
Message size: 8
tcp_ping received 6144 bytes back
Round trip time was 1.4376 milliseconds in repetition 57
Message size: 8
tcp_ping received 6144 bytes back
Round trip time was 0.191 milliseconds in repetition 58
Message size: 8
tcp_ping received 6144 bytes back
Round trip time was 0.1212 milliseconds in repetition 59
Message size: 8
tcp_ping received 6144 bytes back
Round trip time was 0.1323 milliseconds in repetition 60
Message size: 8
tcp_ping received 6144 bytes back
Round trip time was 0.0999 milliseconds in repetition 61
Message size: 8
tcp_ping received 6144 bytes back
Round trip time was 0.1576 milliseconds in repetition 62
Message size: 8
tcp_ping received 6144 bytes back
Round trip time was 0.2318 milliseconds in repetition 63
Message size: 8
tcp_ping received 6144 bytes back
Round trip time was 0.1259 milliseconds in repetition 64
Message size: 8
tcp_ping received 6144 bytes back
Round trip time was 0.1122 milliseconds in repetition 65
Message size: 8
tcp_ping received 6144 bytes back
Round trip time was 0.7376 milliseconds in repetition 66
Message size: 8
tcp_ping received 6144 bytes back
Round trip time was 0.1451 milliseconds in repetition 67
Message size: 8
tcp_ping received 6144 bytes back
Round trip time was 0.1254 milliseconds in repetition 68
Message size: 8
tcp_ping received 6144 bytes back
Round trip time was 0.1232 milliseconds in repetition 69
Message size: 8
tcp_ping received 6144 bytes back
Round trip time was 0.1302 milliseconds in repetition 70
Message size: 8
tcp_ping received 6144 bytes back
Round trip time was 0.1452 milliseconds in repetition 71
Message size: 8
tcp_ping received 6144 bytes back
Round trip time was 0.142 milliseconds in repetition 72
Message size: 8
tcp_ping received 6144 bytes back
Round trip time was 0.105 milliseconds in repetition 73
Message size: 8
tcp_ping received 6144 bytes back
Round trip time was 0.1226 milliseconds in repetition 74
Message size: 8
tcp_ping received 6144 bytes back
Round trip time was 0.1877 milliseconds in repetition 75
Message size: 8
tcp_ping received 6144 bytes back
Round trip time was 0.2011 milliseconds in repetition 76
Message size: 8
tcp_ping received 6144 bytes back
Round trip time was 0.13 milliseconds in repetition 77
Message size: 8
tcp_ping received 6144 bytes back
Round trip time was 0.1256 milliseconds in repetition 78
Message size: 8
tcp_ping received 6144 bytes back
Round trip time was 0.1095 milliseconds in repetition 79
Message size: 8
tcp_ping received 6144 bytes back
Round trip time was 0.1082 milliseconds in repetition 80
Message size: 8
tcp_ping received 6144 bytes back
Round trip time was 0.5304 milliseconds in repetition 81
Message size: 8
tcp_ping received 6144 bytes back
Round trip time was 0.1211 milliseconds in repetition 82
Message size: 8
tcp_ping received 6144 bytes back
Round trip time was 0.1029 milliseconds in repetition 83
Message size: 8
tcp_ping received 6144 bytes back
Round trip time was 0.0978 milliseconds in repetition 84
Message size: 8
tcp_ping received 6144 bytes back
Round trip time was 0.1194 milliseconds in repetition 85
Message size: 8
tcp_ping received 6144 bytes back
Round trip time was 0.1357 milliseconds in repetition 86
Message size: 8
tcp_ping received 6144 bytes back
Round trip time was 0.1181 milliseconds in repetition 87
Message size: 8
tcp_ping received 6144 bytes back
Round trip time was 0.1181 milliseconds in repetition 88
Message size: 8
tcp_ping received 6144 bytes back
Round trip time was 0.099 milliseconds in repetition 89
Message size: 8
tcp_ping received 6144 bytes back
Round trip time was 0.5114 milliseconds in repetition 90
Message size: 8
tcp_ping received 6144 bytes back
Round trip time was 0.1244 milliseconds in repetition 91
Message size: 8
tcp_ping received 6144 bytes back
Round trip time was 0.12 milliseconds in repetition 92
Message size: 8
tcp_ping received 6144 bytes back
Round trip time was 0.1083 milliseconds in repetition 93
Message size: 8
tcp_ping received 6144 bytes back
Round trip time was 0.1267 milliseconds in repetition 94
Message size: 8
tcp_ping received 6144 bytes back
Round trip time was 0.1689 milliseconds in repetition 95
Message size: 8
tcp_ping received 6144 bytes back
Round trip time was 0.1355 milliseconds in repetition 96
Message size: 8
tcp_ping received 6144 bytes back
Round trip time was 0.2301 milliseconds in repetition 97
Message size: 8
tcp_ping received 6144 bytes back
Round trip time was 0.1011 milliseconds in repetition 98
Message size: 8
tcp_ping received 6144 bytes back
Round trip time was 0.0935 milliseconds in repetition 99
Message size: 8
tcp_ping received 6144 bytes back
Round trip time was 0.178 milliseconds in repetition 100
Message size: 8
tcp_ping received 6144 bytes back
Round trip time was 0.1566 milliseconds in repetition 101
Message size: 8
tcp_ping received 6144 bytes back
Round trip time was 0.1376 milliseconds in repetition 102
Message size: 8
tcp_ping received 6144 bytes back
Round trip time was 0.1121 milliseconds in repetition 103
Message size: 8
tcp_ping received 6144 bytes back
Round trip time was 0.1196 milliseconds in repetition 104
Message size: 8
tcp_ping received 6144 bytes back
Round trip time was 0.156 milliseconds in repetition 105
Message size: 8
tcp_ping received 6144 bytes back
Round trip time was 0.0998 milliseconds in repetition 106
Message size: 8
tcp_ping received 6144 bytes back
Round trip time was 0.13 milliseconds in repetition 107
Message size: 8
tcp_ping received 6144 bytes back
Round trip time was 0.1014 milliseconds in repetition 108
Message size: 8
tcp_ping received 6144 bytes back
Round trip time was 0.1092 milliseconds in repetition 109
Message size: 8
tcp_ping received 6144 bytes back
Round trip time was 0.1156 milliseconds in repetition 110
Message size: 8
tcp_ping received 6144 bytes back
Round trip time was 0.1099 milliseconds in repetition 111
Message size: 8
tcp_ping received 6144 bytes back
Round trip time was 0.1062 milliseconds in repetition 112
Message size: 8
tcp_ping received 6144 bytes back
Round trip time was 0.109 milliseconds in repetition 113
Message size: 8
tcp_ping received 6144 bytes back
Round trip time was 0.2217 milliseconds in repetition 114
Message size: 8
tcp_ping received 6144 bytes back
Round trip time was 0.1042 milliseconds in repetition 115
Message size: 8
tcp_ping received 6144 bytes back
Round trip time was 0.1998 milliseconds in repetition 116
Message size: 8
tcp_ping received 6144 bytes back
Round trip time was 0.1246 milliseconds in repetition 117
Message size: 8
tcp_ping received 6144 bytes back
Round trip time was 0.1202 milliseconds in repetition 118
Message size: 8
tcp_ping received 6144 bytes back
Round trip time was 0.2215 milliseconds in repetition 119
Message size: 8
tcp_ping received 6144 bytes back
Round trip time was 0.1059 milliseconds in repetition 120
Message size: 8
tcp_ping received 6144 bytes back
Round trip time was 0.1068 milliseconds in repetition 121
Message size: 8
tcp_ping received 6144 bytes back
Round trip time was 0.119 milliseconds in repetition 122
Message size: 8
tcp_ping received 6144 bytes back
Round trip time was 0.1355 milliseconds in repetition 123
Message size: 8
tcp_ping received 6144 bytes back
Round trip time was 0.204 milliseconds in repetition 124
Message size: 8
tcp_ping received 6144 bytes back
Round trip time was 0.116 milliseconds in repetition 125
Message size: 8
tcp_ping received 6144 bytes back
Round trip time was 0.1191 milliseconds in repetition 126
Message size: 8
tcp_ping received 6144 bytes back
Round trip time was 0.1075 milliseconds in repetition 127
Message size: 8
tcp_ping received 6144 bytes back
Round trip time was 0.1188 milliseconds in repetition 128
Message size: 8
tcp_ping received 6144 bytes back
Round trip time was 0.1683 milliseconds in repetition 129
Message size: 8
tcp_ping received 6144 bytes back
Round trip time was 0.1206 milliseconds in repetition 130
Message size: 8
tcp_ping received 6144 bytes back
Round trip time was 0.1055 milliseconds in repetition 131
Message size: 8
tcp_ping received 6144 bytes back
Round trip time was 0.1165 milliseconds in repetition 132
Message size: 8
tcp_ping received 6144 bytes back
Round trip time was 0.1954 milliseconds in repetition 133
Message size: 8
tcp_ping received 6144 bytes back
Round trip time was 0.1376 milliseconds in repetition 134
Message size: 8
tcp_ping received 6144 bytes back
Round trip time was 0.1165 milliseconds in repetition 135
Message size: 8
tcp_ping received 6144 bytes back
Round trip time was 0.105 milliseconds in repetition 136
Message size: 8
tcp_ping received 6144 bytes back
Round trip time was 0.1281 milliseconds in repetition 137
Message size: 8
tcp_ping received 6144 bytes back
Round trip time was 0.1187 milliseconds in repetition 138
Message size: 8
tcp_ping received 6144 bytes back
Round trip time was 0.0994 milliseconds in repetition 139
Message size: 8
tcp_ping received 6144 bytes back
Round trip time was 0.1397 milliseconds in repetition 140
Message size: 8
tcp_ping received 6144 bytes back
Round trip time was 0.1002 milliseconds in repetition 141
Message size: 8
tcp_ping received 6144 bytes back
Round trip time was 0.1087 milliseconds in repetition 142
Message size: 8
tcp_ping received 6144 bytes back
Round trip time was 0.1937 milliseconds in repetition 143
Message size: 8
tcp_ping received 6144 bytes back
Round trip time was 0.1432 milliseconds in repetition 144
Message size: 8
tcp_ping received 6144 bytes back
Round trip time was 0.1177 milliseconds in repetition 145
Message size: 8
tcp_ping received 6144 bytes back
Round trip time was 0.1307 milliseconds in repetition 146
Message size: 8
tcp_ping received 6144 bytes back
Round trip time was 0.1166 milliseconds in repetition 147
Message size: 8
tcp_ping received 6144 bytes back
Round trip time was 0.2502 milliseconds in repetition 148
Message size: 8
tcp_ping received 6144 bytes back
Round trip time was 0.1615 milliseconds in repetition 149
Message size: 8
tcp_ping received 6144 bytes back
Round trip time was 0.1214 milliseconds in repetition 150
Message size: 8
tcp_ping received 6144 bytes back
Round trip time was 0.1113 milliseconds in repetition 151
Message size: 8
tcp_ping received 6144 bytes back
Round trip time was 0.2254 milliseconds in repetition 152
Message size: 8
tcp_ping received 6144 bytes back
Round trip time was 0.0985 milliseconds in repetition 153
Message size: 8
tcp_ping received 6144 bytes back
Round trip time was 0.1104 milliseconds in repetition 154
Message size: 8
tcp_ping received 6144 bytes back
Round trip time was 0.1253 milliseconds in repetition 155
Message size: 8
tcp_ping received 6144 bytes back
Round trip time was 0.1072 milliseconds in repetition 156
Message size: 8
tcp_ping received 6144 bytes back
Round trip time was 0.2668 milliseconds in repetition 157
Message size: 8
tcp_ping received 6144 bytes back
Round trip time was 0.3751 milliseconds in repetition 158
Message size: 8
tcp_ping received 6144 bytes back
Round trip time was 0.2332 milliseconds in repetition 159
Message size: 8
tcp_ping received 6144 bytes back
Round trip time was 0.2471 milliseconds in repetition 160
Message size: 8
tcp_ping received 6144 bytes back
Round trip time was 0.4593 milliseconds in repetition 161
Message size: 8
tcp_ping received 6144 bytes back
Round trip time was 0.2078 milliseconds in repetition 162
Message size: 8
tcp_ping received 6144 bytes back
Round trip time was 0.1311 milliseconds in repetition 163
Message size: 8
tcp_ping received 6144 bytes back
Round trip time was 0.1033 milliseconds in repetition 164
Message size: 8
tcp_ping received 6144 bytes back
Round trip time was 0.1056 milliseconds in repetition 165
Message size: 8
tcp_ping received 6144 bytes back
Round trip time was 0.1145 milliseconds in repetition 166
Message size: 8
tcp_ping received 6144 bytes back
Round trip time was 0.1491 milliseconds in repetition 167
Message size: 8
tcp_ping received 6144 bytes back
Round trip time was 0.1225 milliseconds in repetition 168
Message size: 8
tcp_ping received 6144 bytes back
Round trip time was 0.119 milliseconds in repetition 169
Message size: 8
tcp_ping received 6144 bytes back
Round trip time was 0.1094 milliseconds in repetition 170
Message size: 8
tcp_ping received 6144 bytes back
Round trip time was 0.1391 milliseconds in repetition 171
Message size: 8
tcp_ping received 6144 bytes back
Round trip time was 0.1145 milliseconds in repetition 172
Message size: 8
tcp_ping received 6144 bytes back
Round trip time was 0.1065 milliseconds in repetition 173
Message size: 8
tcp_ping received 6144 bytes back
Round trip time was 0.0978 milliseconds in repetition 174
Message size: 8
tcp_ping received 6144 bytes back
Round trip time was 0.1 milliseconds in repetition 175
Message size: 8
tcp_ping received 6144 bytes back
Round trip time was 0.2121 milliseconds in repetition 176
Message size: 8
tcp_ping received 6144 bytes back
Round trip time was 0.1357 milliseconds in repetition 177
Message size: 8
tcp_ping received 6144 bytes back
Round trip time was 0.1343 milliseconds in repetition 178
Message size: 8
tcp_ping received 6144 bytes back
Round trip time was 0.2537 milliseconds in repetition 179
Message size: 8
tcp_ping received 6144 bytes back
Round trip time was 0.1217 milliseconds in repetition 180
Message size: 8
tcp_ping received 6144 bytes back
Round trip time was 0.2965 milliseconds in repetition 181
Message size: 8
tcp_ping received 6144 bytes back
Round trip time was 0.1327 milliseconds in repetition 182
Message size: 8
tcp_ping received 6144 bytes back
Round trip time was 0.1262 milliseconds in repetition 183
Message size: 8
tcp_ping received 6144 bytes back
Round trip time was 0.1222 milliseconds in repetition 184
Message size: 8
tcp_ping received 6144 bytes back
Round trip time was 0.1367 milliseconds in repetition 185
Message size: 8
tcp_ping received 6144 bytes back
Round trip time was 0.1798 milliseconds in repetition 186
Message size: 8
tcp_ping received 6144 bytes back
Round trip time was 0.1103 milliseconds in repetition 187
Message size: 8
tcp_ping received 6144 bytes back
Round trip time was 0.1121 milliseconds in repetition 188
Message size: 8
tcp_ping received 6144 bytes back
Round trip time was 0.104 milliseconds in repetition 189
Message size: 8
tcp_ping received 6144 bytes back
Round trip time was 0.1573 milliseconds in repetition 190
Message size: 8
tcp_ping received 6144 bytes back
Round trip time was 0.1095 milliseconds in repetition 191
Message size: 8
tcp_ping received 6144 bytes back
Round trip time was 0.1162 milliseconds in repetition 192
Message size: 8
tcp_ping received 6144 bytes back
Round trip time was 0.1137 milliseconds in repetition 193
Message size: 8
tcp_ping received 6144 bytes back
Round trip time was 0.1159 milliseconds in repetition 194
Message size: 8
tcp_ping received 6144 bytes back
Round trip time was 0.1384 milliseconds in repetition 195
Message size: 8
tcp_ping received 6144 bytes back
Round trip time was 0.1242 milliseconds in repetition 196
Message size: 8
tcp_ping received 6144 bytes back
Round trip time was 0.1146 milliseconds in repetition 197
Message size: 8
tcp_ping received 6144 bytes back
Round trip time was 0.1155 milliseconds in repetition 198
Message size: 8
tcp_ping received 6144 bytes back
Round trip time was 0.1652 milliseconds in repetition 199
Message size: 8
tcp_ping received 6144 bytes back
Round trip time was 0.1522 milliseconds in repetition 200
Message size: 8
tcp_ping received 6144 bytes back
Round trip time was 0.1135 milliseconds in repetition 201
Message size: 8
tcp_ping received 6144 bytes back
Round trip time was 0.1136 milliseconds in repetition 202
Message size: 8
tcp_ping received 6144 bytes back
Round trip time was 0.1099 milliseconds in repetition 203
Message size: 8
tcp_ping received 6144 bytes back
Round trip time was 1.3897 milliseconds in repetition 204
Message size: 8
tcp_ping received 6144 bytes back
Round trip time was 0.7213 milliseconds in repetition 205
Message size: 8
tcp_ping received 6144 bytes back
Round trip time was 0.2589 milliseconds in repetition 206
Message size: 8
tcp_ping received 6144 bytes back
Round trip time was 0.1442 milliseconds in repetition 207
Message size: 8
tcp_ping received 6144 bytes back
Round trip time was 0.1455 milliseconds in repetition 208
Message size: 8
tcp_ping received 6144 bytes back
Round trip time was 0.5938 milliseconds in repetition 209
Message size: 8
tcp_ping received 6144 bytes back
Round trip time was 0.449 milliseconds in repetition 210
Message size: 8
tcp_ping received 6144 bytes back
Round trip time was 0.3674 milliseconds in repetition 211
Message size: 8
tcp_ping received 6144 bytes back
Round trip time was 0.3891 milliseconds in repetition 212
Message size: 8
tcp_ping received 6144 bytes back
Round trip time was 0.3655 milliseconds in repetition 213
Message size: 8
tcp_ping received 6144 bytes back
Round trip time was 0.4831 milliseconds in repetition 214
Message size: 8
tcp_ping received 6144 bytes back
Round trip time was 0.2513 milliseconds in repetition 215
Message size: 8
tcp_ping received 6144 bytes back
Round trip time was 0.1706 milliseconds in repetition 216
Message size: 8
tcp_ping received 6144 bytes back
Round trip time was 0.1187 milliseconds in repetition 217
Message size: 8
tcp_ping received 6144 bytes back
Round trip time was 0.1196 milliseconds in repetition 218
Message size: 8
tcp_ping received 6144 bytes back
Round trip time was 0.2372 milliseconds in repetition 219
Message size: 8
tcp_ping received 6144 bytes back
Round trip time was 0.1511 milliseconds in repetition 220
Message size: 8
tcp_ping received 6144 bytes back
Round trip time was 0.1336 milliseconds in repetition 221
Message size: 8
tcp_ping received 6144 bytes back
Round trip time was 0.2149 milliseconds in repetition 222
Message size: 8
tcp_ping received 6144 bytes back
Round trip time was 2.5496 milliseconds in repetition 223
Message size: 8
tcp_ping received 6144 bytes back
Round trip time was 0.5236 milliseconds in repetition 224
Message size: 8
tcp_ping received 6144 bytes back
Round trip time was 0.3034 milliseconds in repetition 225
Message size: 8
tcp_ping received 6144 bytes back
Round trip time was 0.1506 milliseconds in repetition 226
Message size: 8
tcp_ping received 6144 bytes back
Round trip time was 0.1854 milliseconds in repetition 227
Message size: 8
tcp_ping received 6144 bytes back
Round trip time was 0.2557 milliseconds in repetition 228
Message size: 8
tcp_ping received 6144 bytes back
Round trip time was 0.1188 milliseconds in repetition 229
Message size: 8
tcp_ping received 6144 bytes back
Round trip time was 0.0949 milliseconds in repetition 230
Message size: 8
tcp_ping received 6144 bytes back
Round trip time was 0.1096 milliseconds in repetition 231
Message size: 8
tcp_ping received 6144 bytes back
Round trip time was 0.1607 milliseconds in repetition 232
Message size: 8
tcp_ping received 6144 bytes back
Round trip time was 0.5623 milliseconds in repetition 233
Message size: 8
tcp_ping received 6144 bytes back
Round trip time was 0.1788 milliseconds in repetition 234
Message size: 8
tcp_ping received 6144 bytes back
Round trip time was 0.1652 milliseconds in repetition 235
Message size: 8
tcp_ping received 6144 bytes back
Round trip time was 0.165 milliseconds in repetition 236
Message size: 8
tcp_ping received 6144 bytes back
Round trip time was 0.1128 milliseconds in repetition 237
Message size: 8
tcp_ping received 6144 bytes back
Round trip time was 0.3463 milliseconds in repetition 238
Message size: 8
tcp_ping received 6144 bytes back
Round trip time was 0.1827 milliseconds in repetition 239
Message size: 8
tcp_ping received 6144 bytes back
Round trip time was 0.2031 milliseconds in repetition 240
Message size: 8
tcp_ping received 6144 bytes back
Round trip time was 0.2003 milliseconds in repetition 241
Message size: 8
tcp_ping received 6144 bytes back
Round trip time was 2.3924 milliseconds in repetition 242
Message size: 8
tcp_ping received 6144 bytes back
Round trip time was 0.5062 milliseconds in repetition 243
Message size: 8
tcp_ping received 6144 bytes back
Round trip time was 0.1547 milliseconds in repetition 244
Message size: 8
tcp_ping received 6144 bytes back
Round trip time was 0.1953 milliseconds in repetition 245
Message size: 8
tcp_ping received 6144 bytes back
Round trip time was 0.2552 milliseconds in repetition 246
Message size: 8
tcp_ping received 6144 bytes back
Round trip time was 0.568 milliseconds in repetition 247
Message size: 8
tcp_ping received 6144 bytes back
Round trip time was 0.2947 milliseconds in repetition 248
Message size: 8
tcp_ping received 6144 bytes back
Round trip time was 0.312 milliseconds in repetition 249
Message size: 8
tcp_ping received 6144 bytes back
Round trip time was 0.0895 milliseconds in repetition 250
Message size: 8
tcp_ping received 6144 bytes back
Round trip time was 0.1753 milliseconds in repetition 251
Message size: 8
tcp_ping received 6144 bytes back
Round trip time was 0.5937 milliseconds in repetition 252
Message size: 8
tcp_ping received 6144 bytes back
Round trip time was 0.5983 milliseconds in repetition 253
Message size: 8
tcp_ping received 6144 bytes back
Round trip time was 0.197 milliseconds in repetition 254
Message size: 8
tcp_ping received 6144 bytes back
Round trip time was 0.2045 milliseconds in repetition 255
Message size: 8
tcp_ping received 6144 bytes back
Round trip time was 0.1004 milliseconds in repetition 256
Message size: 8
tcp_ping received 6144 bytes back
Round trip time was 0.1455 milliseconds in repetition 257
Message size: 8
tcp_ping received 6144 bytes back
Round trip time was 0.1111 milliseconds in repetition 258
Message size: 8
tcp_ping received 6144 bytes back
Round trip time was 0.1608 milliseconds in repetition 259
Message size: 8
tcp_ping received 6144 bytes back
Round trip time was 0.1647 milliseconds in repetition 260
Message size: 8
tcp_ping received 6144 bytes back
Round trip time was 0.4769 milliseconds in repetition 261
Message size: 8
tcp_ping received 6144 bytes back
Round trip time was 0.2078 milliseconds in repetition 262
Message size: 8
tcp_ping received 6144 bytes back
Round trip time was 0.1163 milliseconds in repetition 263
Message size: 8
tcp_ping received 6144 bytes back
Round trip time was 0.1115 milliseconds in repetition 264
Message size: 8
tcp_ping received 6144 bytes back
Round trip time was 0.1519 milliseconds in repetition 265
Message size: 8
tcp_ping received 6144 bytes back
Round trip time was 0.243 milliseconds in repetition 266
Message size: 8
tcp_ping received 6144 bytes back
Round trip time was 0.1537 milliseconds in repetition 267
Message size: 8
tcp_ping received 6144 bytes back
Round trip time was 0.1134 milliseconds in repetition 268
Message size: 8
tcp_ping received 6144 bytes back
Round trip time was 0.1904 milliseconds in repetition 269
Message size: 8
tcp_ping received 6144 bytes back
Round trip time was 0.1271 milliseconds in repetition 270
Message size: 8
tcp_ping received 6144 bytes back
Round trip time was 0.5896 milliseconds in repetition 271
Message size: 8
tcp_ping received 6144 bytes back
Round trip time was 0.3201 milliseconds in repetition 272
Message size: 8
tcp_ping received 6144 bytes back
Round trip time was 0.1558 milliseconds in repetition 273
Message size: 8
tcp_ping received 6144 bytes back
Round trip time was 0.1513 milliseconds in repetition 274
Message size: 8
tcp_ping received 6144 bytes back
Round trip time was 0.1085 milliseconds in repetition 275
Message size: 8
tcp_ping received 6144 bytes back
Round trip time was 0.7745 milliseconds in repetition 276
Message size: 8
tcp_ping received 6144 bytes back
Round trip time was 0.2304 milliseconds in repetition 277
Message size: 8
tcp_ping received 6144 bytes back
Round trip time was 0.1077 milliseconds in repetition 278
Message size: 8
tcp_ping received 6144 bytes back
Round trip time was 0.0988 milliseconds in repetition 279
Message size: 8
tcp_ping received 6144 bytes back
Round trip time was 0.6934 milliseconds in repetition 280
Message size: 8
tcp_ping received 6144 bytes back
Round trip time was 0.1126 milliseconds in repetition 281
Message size: 8
tcp_ping received 6144 bytes back
Round trip time was 0.0978 milliseconds in repetition 282
Message size: 8
tcp_ping received 6144 bytes back
Round trip time was 0.0887 milliseconds in repetition 283
Message size: 8
tcp_ping received 6144 bytes back
Round trip time was 0.0989 milliseconds in repetition 284
Message size: 8
tcp_ping received 6144 bytes back
Round trip time was 0.1487 milliseconds in repetition 285
Message size: 8
tcp_ping received 6144 bytes back
Round trip time was 0.122 milliseconds in repetition 286
Message size: 8
tcp_ping received 6144 bytes back
Round trip time was 0.1103 milliseconds in repetition 287
Message size: 8
tcp_ping received 6144 bytes back
Round trip time was 0.1056 milliseconds in repetition 288
Message size: 8
tcp_ping received 6144 bytes back
Round trip time was 0.1119 milliseconds in repetition 289
Message size: 8
tcp_ping received 6144 bytes back
Round trip time was 0.111 milliseconds in repetition 290
Message size: 8
tcp_ping received 6144 bytes back
Round trip time was 0.114 milliseconds in repetition 291
Message size: 8
tcp_ping received 6144 bytes back
Round trip time was 0.1031 milliseconds in repetition 292
Message size: 8
tcp_ping received 6144 bytes back
Round trip time was 0.104 milliseconds in repetition 293
Message size: 8
tcp_ping received 6144 bytes back
Round trip time was 0.0995 milliseconds in repetition 294
Message size: 8
tcp_ping received 6144 bytes back
Round trip time was 0.0961 milliseconds in repetition 295
Message size: 8
tcp_ping received 6144 bytes back
Round trip time was 0.102 milliseconds in repetition 296
Message size: 8
tcp_ping received 6144 bytes back
Round trip time was 0.1168 milliseconds in repetition 297
Message size: 8
tcp_ping received 6144 bytes back
Round trip time was 0.0851 milliseconds in repetition 298
Message size: 8
tcp_ping received 6144 bytes back
Round trip time was 0.3606 milliseconds in repetition 299
Message size: 8
tcp_ping received 6144 bytes back
Round trip time was 0.0906 milliseconds in repetition 300
Message size: 8
tcp_ping received 6144 bytes back
Round trip time was 0.0968 milliseconds in repetition 301
Message size: 8
tcp_ping received 6144 bytes back
Round trip time was 0.0903 milliseconds in repetition 302
Message size: 8
tcp_ping received 6144 bytes back
Round trip time was 0.1162 milliseconds in repetition 303
Message size: 8
tcp_ping received 6144 bytes back
Round trip time was 0.0877 milliseconds in repetition 304
Message size: 8
tcp_ping received 6144 bytes back
Round trip time was 0.0842 milliseconds in repetition 305
Message size: 8
tcp_ping received 6144 bytes back
Round trip time was 0.0834 milliseconds in repetition 306
Message size: 8
tcp_ping received 6144 bytes back
Round trip time was 0.0849 milliseconds in repetition 307
Message size: 8
tcp_ping received 6144 bytes back
Round trip time was 0.084 milliseconds in repetition 308
Message size: 8
tcp_ping received 6144 bytes back
Round trip time was 0.1116 milliseconds in repetition 309
Message size: 8
tcp_ping received 6144 bytes back
Round trip time was 0.0967 milliseconds in repetition 310
Message size: 8
tcp_ping received 6144 bytes back
Round trip time was 0.0997 milliseconds in repetition 311
Message size: 8
tcp_ping received 6144 bytes back
Round trip time was 0.0914 milliseconds in repetition 312
Message size: 8
tcp_ping received 6144 bytes back
Round trip time was 0.0936 milliseconds in repetition 313
Message size: 8
tcp_ping received 6144 bytes back
Round trip time was 0.1041 milliseconds in repetition 314
Message size: 8
tcp_ping received 6144 bytes back
Round trip time was 0.0912 milliseconds in repetition 315
Message size: 8
tcp_ping received 6144 bytes back
Round trip time was 0.0917 milliseconds in repetition 316
Message size: 8
tcp_ping received 6144 bytes back
Round trip time was 0.0887 milliseconds in repetition 317
Message size: 8
tcp_ping received 6144 bytes back
Round trip time was 0.3742 milliseconds in repetition 318
Message size: 8
tcp_ping received 6144 bytes back
Round trip time was 0.108 milliseconds in repetition 319
Message size: 8
tcp_ping received 6144 bytes back
Round trip time was 0.1033 milliseconds in repetition 320
Message size: 8
tcp_ping received 6144 bytes back
Round trip time was 0.1166 milliseconds in repetition 321
Message size: 8
tcp_ping received 6144 bytes back
Round trip time was 0.0876 milliseconds in repetition 322
Message size: 8
tcp_ping received 6144 bytes back
Round trip time was 0.0902 milliseconds in repetition 323
Message size: 8
tcp_ping received 6144 bytes back
Round trip time was 0.0893 milliseconds in repetition 324
Message size: 8
tcp_ping received 6144 bytes back
Round trip time was 0.0894 milliseconds in repetition 325
Message size: 8
tcp_ping received 6144 bytes back
Round trip time was 0.0893 milliseconds in repetition 326
Message size: 8
tcp_ping received 6144 bytes back
Round trip time was 0.0933 milliseconds in repetition 327
Message size: 8
tcp_ping received 6144 bytes back
Round trip time was 0.0947 milliseconds in repetition 328
Message size: 8
tcp_ping received 6144 bytes back
Round trip time was 0.0992 milliseconds in repetition 329
Message size: 8
tcp_ping received 6144 bytes back
Round trip time was 0.104 milliseconds in repetition 330
Message size: 8
tcp_ping received 6144 bytes back
Round trip time was 0.0876 milliseconds in repetition 331
Message size: 8
tcp_ping received 6144 bytes back
Round trip time was 0.0869 milliseconds in repetition 332
Message size: 8
tcp_ping received 6144 bytes back
Round trip time was 0.1131 milliseconds in repetition 333
Message size: 8
tcp_ping received 6144 bytes back
Round trip time was 0.1056 milliseconds in repetition 334
Message size: 8
tcp_ping received 6144 bytes back
Round trip time was 0.1117 milliseconds in repetition 335
Message size: 8
tcp_ping received 6144 bytes back
Round trip time was 0.1023 milliseconds in repetition 336
Message size: 8
tcp_ping received 6144 bytes back
Round trip time was 0.091 milliseconds in repetition 337
Message size: 8
tcp_ping received 6144 bytes back
Round trip time was 0.0945 milliseconds in repetition 338
Message size: 8
tcp_ping received 6144 bytes back
Round trip time was 0.1029 milliseconds in repetition 339
Message size: 8
tcp_ping received 6144 bytes back
Round trip time was 0.0877 milliseconds in repetition 340
Message size: 8
tcp_ping received 6144 bytes back
Round trip time was 0.0837 milliseconds in repetition 341
Message size: 8
tcp_ping received 6144 bytes back
Round trip time was 0.1082 milliseconds in repetition 342
Message size: 8
tcp_ping received 6144 bytes back
Round trip time was 0.0893 milliseconds in repetition 343
Message size: 8
tcp_ping received 6144 bytes back
Round trip time was 0.0954 milliseconds in repetition 344
Message size: 8
tcp_ping received 6144 bytes back
Round trip time was 0.0924 milliseconds in repetition 345
Message size: 8
tcp_ping received 6144 bytes back
Round trip time was 0.083 milliseconds in repetition 346
Message size: 8
tcp_ping received 6144 bytes back
Round trip time was 0.1207 milliseconds in repetition 347
Message size: 8
tcp_ping received 6144 bytes back
Round trip time was 0.1025 milliseconds in repetition 348
Message size: 8
tcp_ping received 6144 bytes back
Round trip time was 0.1097 milliseconds in repetition 349
Message size: 8
tcp_ping received 6144 bytes back
Round trip time was 0.1084 milliseconds in repetition 350
Message size: 8
tcp_ping received 6144 bytes back
Round trip time was 0.0921 milliseconds in repetition 351
Message size: 8
tcp_ping received 6144 bytes back
Round trip time was 0.1171 milliseconds in repetition 352
Message size: 8
tcp_ping received 6144 bytes back
Round trip time was 0.1118 milliseconds in repetition 353
Message size: 8
tcp_ping received 6144 bytes back
Round trip time was 0.0943 milliseconds in repetition 354
Message size: 8
tcp_ping received 6144 bytes back
Round trip time was 0.0882 milliseconds in repetition 355
Message size: 8
tcp_ping received 6144 bytes back
Round trip time was 0.3056 milliseconds in repetition 356
Message size: 8
tcp_ping received 6144 bytes back
Round trip time was 0.1757 milliseconds in repetition 357
Message size: 8
tcp_ping received 6144 bytes back
Round trip time was 0.2135 milliseconds in repetition 358
Message size: 8
tcp_ping received 6144 bytes back
Round trip time was 0.2425 milliseconds in repetition 359
Message size: 8
tcp_ping received 6144 bytes back
Round trip time was 0.1143 milliseconds in repetition 360
Message size: 8
tcp_ping received 6144 bytes back
Round trip time was 0.1064 milliseconds in repetition 361
Message size: 8
tcp_ping received 6144 bytes back
Round trip time was 0.0815 milliseconds in repetition 362
Message size: 8
tcp_ping received 6144 bytes back
Round trip time was 0.0857 milliseconds in repetition 363
Message size: 8
tcp_ping received 6144 bytes back
Round trip time was 0.0868 milliseconds in repetition 364
Message size: 8
tcp_ping received 6144 bytes back
Round trip time was 0.1013 milliseconds in repetition 365
Message size: 8
tcp_ping received 6144 bytes back
Round trip time was 0.0829 milliseconds in repetition 366
Message size: 8
tcp_ping received 6144 bytes back
Round trip time was 0.0879 milliseconds in repetition 367
Message size: 8
tcp_ping received 6144 bytes back
Round trip time was 0.0788 milliseconds in repetition 368
Message size: 8
tcp_ping received 6144 bytes back
Round trip time was 0.0785 milliseconds in repetition 369
Message size: 8
tcp_ping received 6144 bytes back
Round trip time was 0.082 milliseconds in repetition 370
Message size: 8
tcp_ping received 6144 bytes back
Round trip time was 0.0959 milliseconds in repetition 371
Message size: 8
tcp_ping received 6144 bytes back
Round trip time was 0.0817 milliseconds in repetition 372
Message size: 8
tcp_ping received 6144 bytes back
Round trip time was 0.078 milliseconds in repetition 373
Message size: 8
tcp_ping received 6144 bytes back
Round trip time was 0.0777 milliseconds in repetition 374
Message size: 8
tcp_ping received 6144 bytes back
Round trip time was 0.0824 milliseconds in repetition 375
Message size: 8
tcp_ping received 6144 bytes back
Round trip time was 0.0962 milliseconds in repetition 376
Message size: 8
tcp_ping received 6144 bytes back
Round trip time was 0.085 milliseconds in repetition 377
Message size: 8
tcp_ping received 6144 bytes back
Round trip time was 0.1014 milliseconds in repetition 378
Message size: 8
tcp_ping received 6144 bytes back
Round trip time was 0.0806 milliseconds in repetition 379
Message size: 8
tcp_ping received 6144 bytes back
Round trip time was 0.088 milliseconds in repetition 380
Message size: 8
tcp_ping received 6144 bytes back
Round trip time was 0.0941 milliseconds in repetition 381
Message size: 8
tcp_ping received 6144 bytes back
Round trip time was 0.1037 milliseconds in repetition 382
Message size: 8
tcp_ping received 6144 bytes back
Round trip time was 0.0892 milliseconds in repetition 383
Message size: 8
tcp_ping received 6144 bytes back
Round trip time was 0.0894 milliseconds in repetition 384
Message size: 8
tcp_ping received 6144 bytes back
Round trip time was 0.1259 milliseconds in repetition 385
Message size: 8
tcp_ping received 6144 bytes back
Round trip time was 0.1049 milliseconds in repetition 386
Message size: 8
tcp_ping received 6144 bytes back
Round trip time was 0.1336 milliseconds in repetition 387
Message size: 8
tcp_ping received 6144 bytes back
Round trip time was 0.0943 milliseconds in repetition 388
Message size: 8
tcp_ping received 6144 bytes back
Round trip time was 0.0867 milliseconds in repetition 389
Message size: 8
tcp_ping received 6144 bytes back
Round trip time was 0.1027 milliseconds in repetition 390
Message size: 8
tcp_ping received 6144 bytes back
Round trip time was 0.103 milliseconds in repetition 391
Message size: 8
tcp_ping received 6144 bytes back
Round trip time was 0.0996 milliseconds in repetition 392
Message size: 8
tcp_ping received 6144 bytes back
Round trip time was 0.0828 milliseconds in repetition 393
Message size: 8
tcp_ping received 6144 bytes back
Round trip time was 0.0995 milliseconds in repetition 394
Message size: 8
tcp_ping received 6144 bytes back
Round trip time was 0.0892 milliseconds in repetition 395
Message size: 8
tcp_ping received 6144 bytes back
Round trip time was 0.082 milliseconds in repetition 396
Message size: 8
tcp_ping received 6144 bytes back
Round trip time was 0.0873 milliseconds in repetition 397
Message size: 8
tcp_ping received 6144 bytes back
Round trip time was 0.0872 milliseconds in repetition 398
Message size: 8
tcp_ping received 6144 bytes back
Round trip time was 0.1033 milliseconds in repetition 399
Message size: 8
tcp_ping received 6144 bytes back
Round trip time was 0.1005 milliseconds in repetition 400
Message size: 8
tcp_ping received 6144 bytes back
Round trip time was 0.0866 milliseconds in repetition 401
Message size: 8
tcp_ping received 6144 bytes back
Round trip time was 0.0831 milliseconds in repetition 402
Message size: 8
tcp_ping received 6144 bytes back
Round trip time was 0.0841 milliseconds in repetition 403
Message size: 8
tcp_ping received 6144 bytes back
Round trip time was 0.1085 milliseconds in repetition 404
Message size: 8
tcp_ping received 6144 bytes back
Round trip time was 0.0806 milliseconds in repetition 405
Message size: 8
tcp_ping received 6144 bytes back
Round trip time was 0.0786 milliseconds in repetition 406
Message size: 8
tcp_ping received 6144 bytes back
Round trip time was 0.0773 milliseconds in repetition 407
Message size: 8
tcp_ping received 6144 bytes back
Round trip time was 0.0769 milliseconds in repetition 408
Message size: 8
tcp_ping received 6144 bytes back
Round trip time was 0.0851 milliseconds in repetition 409
Message size: 8
tcp_ping received 6144 bytes back
Round trip time was 0.0805 milliseconds in repetition 410
Message size: 8
tcp_ping received 6144 bytes back
Round trip time was 0.0756 milliseconds in repetition 411
Message size: 8
tcp_ping received 6144 bytes back
Round trip time was 0.0755 milliseconds in repetition 412
Message size: 8
tcp_ping received 6144 bytes back
Round trip time was 0.0806 milliseconds in repetition 413
Message size: 8
tcp_ping received 6144 bytes back
Round trip time was 0.0781 milliseconds in repetition 414
Message size: 8
tcp_ping received 6144 bytes back
Round trip time was 0.0802 milliseconds in repetition 415
Message size: 8
tcp_ping received 6144 bytes back
Round trip time was 0.0775 milliseconds in repetition 416
Message size: 8
tcp_ping received 6144 bytes back
Round trip time was 0.0769 milliseconds in repetition 417
Message size: 8
tcp_ping received 6144 bytes back
Round trip time was 0.0819 milliseconds in repetition 418
Message size: 8
tcp_ping received 6144 bytes back
Round trip time was 0.0802 milliseconds in repetition 419
Message size: 8
tcp_ping received 6144 bytes back
Round trip time was 0.0778 milliseconds in repetition 420
Message size: 8
tcp_ping received 6144 bytes back
Round trip time was 0.0781 milliseconds in repetition 421
Message size: 8
tcp_ping received 6144 bytes back
Round trip time was 0.0777 milliseconds in repetition 422
Message size: 8
tcp_ping received 6144 bytes back
Round trip time was 0.08 milliseconds in repetition 423
Message size: 8
tcp_ping received 6144 bytes back
Round trip time was 0.08 milliseconds in repetition 424
Message size: 8
tcp_ping received 6144 bytes back
Round trip time was 0.078 milliseconds in repetition 425
Message size: 8
tcp_ping received 6144 bytes back
Round trip time was 0.079 milliseconds in repetition 426
Message size: 8
tcp_ping received 6144 bytes back
Round trip time was 0.1027 milliseconds in repetition 427
Message size: 8
tcp_ping received 6144 bytes back
Round trip time was 0.0851 milliseconds in repetition 428
Message size: 8
tcp_ping received 6144 bytes back
Round trip time was 0.0783 milliseconds in repetition 429
Message size: 8
tcp_ping received 6144 bytes back
Round trip time was 0.0771 milliseconds in repetition 430
Message size: 8
tcp_ping received 6144 bytes back
Round trip time was 0.0823 milliseconds in repetition 431
Message size: 8
tcp_ping received 6144 bytes back
Round trip time was 0.0794 milliseconds in repetition 432
Message size: 8
tcp_ping received 6144 bytes back
Round trip time was 0.0796 milliseconds in repetition 433
Message size: 8
tcp_ping received 6144 bytes back
Round trip time was 0.0766 milliseconds in repetition 434
Message size: 8
tcp_ping received 6144 bytes back
Round trip time was 0.0781 milliseconds in repetition 435
Message size: 8
tcp_ping received 6144 bytes back
Round trip time was 0.0765 milliseconds in repetition 436
Message size: 8
tcp_ping received 6144 bytes back
Round trip time was 0.0879 milliseconds in repetition 437
Message size: 8
tcp_ping received 6144 bytes back
Round trip time was 0.085 milliseconds in repetition 438
Message size: 8
tcp_ping received 6144 bytes back
Round trip time was 0.09 milliseconds in repetition 439
Message size: 8
tcp_ping received 6144 bytes back
Round trip time was 0.0816 milliseconds in repetition 440
Message size: 8
tcp_ping received 6144 bytes back
Round trip time was 0.0914 milliseconds in repetition 441
Message size: 8
tcp_ping received 6144 bytes back
Round trip time was 0.0908 milliseconds in repetition 442
Message size: 8
tcp_ping received 6144 bytes back
Round trip time was 0.0862 milliseconds in repetition 443
Message size: 8
tcp_ping received 6144 bytes back
Round trip time was 0.083901 milliseconds in repetition 444
Message size: 8
tcp_ping received 6144 bytes back
Round trip time was 0.0833 milliseconds in repetition 445
Message size: 8
tcp_ping received 6144 bytes back
Round trip time was 0.1074 milliseconds in repetition 446
Message size: 8
tcp_ping received 6144 bytes back
Round trip time was 0.1199 milliseconds in repetition 447
Message size: 8
tcp_ping received 6144 bytes back
Round trip time was 0.1195 milliseconds in repetition 448
Message size: 8
tcp_ping received 6144 bytes back
Round trip time was 0.1069 milliseconds in repetition 449
Message size: 8
tcp_ping received 6144 bytes back
Round trip time was 0.1093 milliseconds in repetition 450
Message size: 8
tcp_ping received 6144 bytes back
Round trip time was 0.3843 milliseconds in repetition 451
Message size: 8
tcp_ping received 6144 bytes back
Round trip time was 0.2159 milliseconds in repetition 452
Message size: 8
tcp_ping received 6144 bytes back
Round trip time was 0.1713 milliseconds in repetition 453
Message size: 8
tcp_ping received 6144 bytes back
Round trip time was 0.2252 milliseconds in repetition 454
Message size: 8
tcp_ping received 6144 bytes back
Round trip time was 0.2729 milliseconds in repetition 455
Message size: 8
tcp_ping received 6144 bytes back
Round trip time was 0.2253 milliseconds in repetition 456
Message size: 8
tcp_ping received 6144 bytes back
Round trip time was 0.1181 milliseconds in repetition 457
Message size: 8
tcp_ping received 6144 bytes back
Round trip time was 0.0908 milliseconds in repetition 458
Message size: 8
tcp_ping received 6144 bytes back
Round trip time was 0.0879 milliseconds in repetition 459
Message size: 8
tcp_ping received 6144 bytes back
Round trip time was 0.1149 milliseconds in repetition 460
Message size: 8
tcp_ping received 6144 bytes back
Round trip time was 0.1396 milliseconds in repetition 461
Message size: 8
tcp_ping received 6144 bytes back
Round trip time was 0.1051 milliseconds in repetition 462
Message size: 8
tcp_ping received 6144 bytes back
Round trip time was 0.1141 milliseconds in repetition 463
Message size: 8
tcp_ping received 6144 bytes back
Round trip time was 0.1044 milliseconds in repetition 464
Message size: 8
tcp_ping received 6144 bytes back
Round trip time was 0.8097 milliseconds in repetition 465
Message size: 8
tcp_ping received 6144 bytes back
Round trip time was 0.2608 milliseconds in repetition 466
Message size: 8
tcp_ping received 6144 bytes back
Round trip time was 0.0898 milliseconds in repetition 467
Message size: 8
tcp_ping received 6144 bytes back
Round trip time was 0.0945 milliseconds in repetition 468
Message size: 8
tcp_ping received 6144 bytes back
Round trip time was 0.0783 milliseconds in repetition 469
Message size: 8
tcp_ping received 6144 bytes back
Round trip time was 0.1353 milliseconds in repetition 470
Message size: 8
tcp_ping received 6144 bytes back
Round trip time was 0.0847 milliseconds in repetition 471
Message size: 8
tcp_ping received 6144 bytes back
Round trip time was 0.0884 milliseconds in repetition 472
Message size: 8
tcp_ping received 6144 bytes back
Round trip time was 0.1242 milliseconds in repetition 473
Message size: 8
tcp_ping received 6144 bytes back
Round trip time was 0.1258 milliseconds in repetition 474
Message size: 8
tcp_ping received 6144 bytes back
Round trip time was 0.2879 milliseconds in repetition 475
Message size: 8
tcp_ping received 6144 bytes back
Round trip time was 0.1022 milliseconds in repetition 476
Message size: 8
tcp_ping received 6144 bytes back
Round trip time was 0.1484 milliseconds in repetition 477
Message size: 8
tcp_ping received 6144 bytes back
Round trip time was 0.1382 milliseconds in repetition 478
Message size: 8
tcp_ping received 6144 bytes back
Round trip time was 0.1588 milliseconds in repetition 479
Message size: 8
tcp_ping received 6144 bytes back
Round trip time was 0.0881 milliseconds in repetition 480
Message size: 8
tcp_ping received 6144 bytes back
Round trip time was 0.082 milliseconds in repetition 481
Message size: 8
tcp_ping received 6144 bytes back
Round trip time was 0.08 milliseconds in repetition 482
Message size: 8
tcp_ping received 6144 bytes back
Round trip time was 0.0777 milliseconds in repetition 483
Message size: 8
tcp_ping received 6144 bytes back
Round trip time was 0.3367 milliseconds in repetition 484
Message size: 8
tcp_ping received 6144 bytes back
Round trip time was 0.0829 milliseconds in repetition 485
Message size: 8
tcp_ping received 6144 bytes back
Round trip time was 0.0899 milliseconds in repetition 486
Message size: 8
tcp_ping received 6144 bytes back
Round trip time was 0.0721 milliseconds in repetition 487
Message size: 8
tcp_ping received 6144 bytes back
Round trip time was 0.075 milliseconds in repetition 488
Message size: 8
tcp_ping received 6144 bytes back
Round trip time was 0.0737 milliseconds in repetition 489
Message size: 8
tcp_ping received 6144 bytes back
Round trip time was 0.0751 milliseconds in repetition 490
Message size: 8
tcp_ping received 6144 bytes back
Round trip time was 0.0744 milliseconds in repetition 491
Message size: 8
tcp_ping received 6144 bytes back
Round trip time was 0.0723 milliseconds in repetition 492
Message size: 8
tcp_ping received 6144 bytes back
Round trip time was 0.0784 milliseconds in repetition 493
Message size: 8
tcp_ping received 6144 bytes back
Round trip time was 0.0878 milliseconds in repetition 494
Message size: 8
tcp_ping received 6144 bytes back
Round trip time was 0.0934 milliseconds in repetition 495
Message size: 8
tcp_ping received 6144 bytes back
Round trip time was 0.0841 milliseconds in repetition 496
Message size: 8
tcp_ping received 6144 bytes back
Round trip time was 0.084 milliseconds in repetition 497
Message size: 8
tcp_ping received 6144 bytes back
Round trip time was 0.0808 milliseconds in repetition 498
Message size: 8
tcp_ping received 6144 bytes back
Round trip time was 0.0858 milliseconds in repetition 499
Message size: 8
tcp_ping received 6144 bytes back
Round trip time was 0.1304 milliseconds in repetition 500
Message size: 8
tcp_ping received 6144 bytes back
Round trip time was 0.1058 milliseconds in repetition 501

 ... clock resolution was 1e-06
TCP Ping:  Statistics over 501 repetitions of 6144 byte messages

RTT : percentile 10: 0.0823, median: 0.1141, percentile 90: 0.2595, average: 0.167036, variance: 0.0412443

RTT histogram:
0.0720995 339
0.195975 110
0.31985 22
0.443725 10
0.5676 10
0.691475 3
0.81535 2
0.939225 1
1.0631 0
1.18697 0
1.31085 0
1.43473 2
1.5586 0
1.68248 0
1.80635 0
1.93023 0
2.0541 0
2.17798 0
2.30185 0
2.42573 1
2.5496 1

   median Throughput : 107695 KB/s   overall Throughput : 73565.2 KB/s

