TCP Ping trying to connect to server localhost (127.0.0.1) on port 1491
Connected with the server
 ... connected to Pong server: asking for 501 repetitions of 16384 bytes TCP messages
 ... Pong server agreed :-)
Message size: 8
tcp_ping received 16384 bytes back
Round trip time was 0.1026 milliseconds in repetition 1
Message size: 8
tcp_ping received 16384 bytes back
Round trip time was 0.1031 milliseconds in repetition 2
Message size: 8
tcp_ping received 16384 bytes back
Round trip time was 0.0966 milliseconds in repetition 3
Message size: 8
tcp_ping received 16384 bytes back
Round trip time was 0.1368 milliseconds in repetition 4
Message size: 8
tcp_ping received 16384 bytes back
Round trip time was 0.1247 milliseconds in repetition 5
Message size: 8
tcp_ping received 16384 bytes back
Round trip time was 0.0961 milliseconds in repetition 6
Message size: 8
tcp_ping received 16384 bytes back
Round trip time was 0.0978 milliseconds in repetition 7
Message size: 8
tcp_ping received 16384 bytes back
Round trip time was 0.098 milliseconds in repetition 8
Message size: 8
tcp_ping received 16384 bytes back
Round trip time was 0.1222 milliseconds in repetition 9
Message size: 8
tcp_ping received 16384 bytes back
Round trip time was 0.1181 milliseconds in repetition 10
Message size: 8
tcp_ping received 16384 bytes back
Round trip time was 0.1056 milliseconds in repetition 11
Message size: 8
tcp_ping received 16384 bytes back
Round trip time was 0.1061 milliseconds in repetition 12
Message size: 8
tcp_ping received 16384 bytes back
Round trip time was 0.106 milliseconds in repetition 13
Message size: 8
tcp_ping received 16384 bytes back
Round trip time was 0.1104 milliseconds in repetition 14
Message size: 8
tcp_ping received 16384 bytes back
Round trip time was 0.107 milliseconds in repetition 15
Message size: 8
tcp_ping received 16384 bytes back
Round trip time was 0.1305 milliseconds in repetition 16
Message size: 8
tcp_ping received 16384 bytes back
Round trip time was 0.0995 milliseconds in repetition 17
Message size: 8
tcp_ping received 16384 bytes back
Round trip time was 0.2814 milliseconds in repetition 18
Message size: 8
tcp_ping received 16384 bytes back
Round trip time was 0.1053 milliseconds in repetition 19
Message size: 8
tcp_ping received 16384 bytes back
Round trip time was 0.1081 milliseconds in repetition 20
Message size: 8
tcp_ping received 16384 bytes back
Round trip time was 0.1039 milliseconds in repetition 21
Message size: 8
tcp_ping received 16384 bytes back
Round trip time was 0.1036 milliseconds in repetition 22
Message size: 8
tcp_ping received 16384 bytes back
Round trip time was 0.1062 milliseconds in repetition 23
Message size: 8
tcp_ping received 16384 bytes back
Round trip time was 0.1047 milliseconds in repetition 24
Message size: 8
tcp_ping received 16384 bytes back
Round trip time was 0.1042 milliseconds in repetition 25
Message size: 8
tcp_ping received 16384 bytes back
Round trip time was 0.1048 milliseconds in repetition 26
Message size: 8
tcp_ping received 16384 bytes back
Round trip time was 0.1237 milliseconds in repetition 27
Message size: 8
tcp_ping received 16384 bytes back
Round trip time was 0.1011 milliseconds in repetition 28
Message size: 8
tcp_ping received 16384 bytes back
Round trip time was 0.0998 milliseconds in repetition 29
Message size: 8
tcp_ping received 16384 bytes back
Round trip time was 0.0997 milliseconds in repetition 30
Message size: 8
tcp_ping received 16384 bytes back
Round trip time was 0.0987 milliseconds in repetition 31
Message size: 8
tcp_ping received 16384 bytes back
Round trip time was 0.0986 milliseconds in repetition 32
Message size: 8
tcp_ping received 16384 bytes back
Round trip time was 0.1026 milliseconds in repetition 33
Message size: 8
tcp_ping received 16384 bytes back
Round trip time was 0.1012 milliseconds in repetition 34
Message size: 8
tcp_ping received 16384 bytes back
Round trip time was 0.099 milliseconds in repetition 35
Message size: 8
tcp_ping received 16384 bytes back
Round trip time was 0.0992 milliseconds in repetition 36
Message size: 8
tcp_ping received 16384 bytes back
Round trip time was 0.2596 milliseconds in repetition 37
Message size: 8
tcp_ping received 16384 bytes back
Round trip time was 0.101 milliseconds in repetition 38
Message size: 8
tcp_ping received 16384 bytes back
Round trip time was 0.1376 milliseconds in repetition 39
Message size: 8
tcp_ping received 16384 bytes back
Round trip time was 0.1001 milliseconds in repetition 40
Message size: 8
tcp_ping received 16384 bytes back
Round trip time was 0.0994 milliseconds in repetition 41
Message size: 8
tcp_ping received 16384 bytes back
Round trip time was 0.0988 milliseconds in repetition 42
Message size: 8
tcp_ping received 16384 bytes back
Round trip time was 0.0972 milliseconds in repetition 43
Message size: 8
tcp_ping received 16384 bytes back
Round trip time was 0.0964 milliseconds in repetition 44
Message size: 8
tcp_ping received 16384 bytes back
Round trip time was 0.1116 milliseconds in repetition 45
Message size: 8
tcp_ping received 16384 bytes back
Round trip time was 0.1015 milliseconds in repetition 46
Message size: 8
tcp_ping received 16384 bytes back
Round trip time was 0.0978 milliseconds in repetition 47
Message size: 8
tcp_ping received 16384 bytes back
Round trip time was 0.0969 milliseconds in repetition 48
Message size: 8
tcp_ping received 16384 bytes back
Round trip time was 0.0969 milliseconds in repetition 49
Message size: 8
tcp_ping received 16384 bytes back
Round trip time was 0.0969 milliseconds in repetition 50
Message size: 8
tcp_ping received 16384 bytes back
Round trip time was 0.1003 milliseconds in repetition 51
Message size: 8
tcp_ping received 16384 bytes back
Round trip time was 0.0987 milliseconds in repetition 52
Message size: 8
tcp_ping received 16384 bytes back
Round trip time was 0.0976 milliseconds in repetition 53
Message size: 8
tcp_ping received 16384 bytes back
Round trip time was 0.0978 milliseconds in repetition 54
Message size: 8
tcp_ping received 16384 bytes back
Round trip time was 0.0968 milliseconds in repetition 55
Message size: 8
tcp_ping received 16384 bytes back
Round trip time was 0.2474 milliseconds in repetition 56
Message size: 8
tcp_ping received 16384 bytes back
Round trip time was 0.1005 milliseconds in repetition 57
Message size: 8
tcp_ping received 16384 bytes back
Round trip time was 0.104 milliseconds in repetition 58
Message size: 8
tcp_ping received 16384 bytes back
Round trip time was 0.1222 milliseconds in repetition 59
Message size: 8
tcp_ping received 16384 bytes back
Round trip time was 0.1432 milliseconds in repetition 60
Message size: 8
tcp_ping received 16384 bytes back
Round trip time was 0.1218 milliseconds in repetition 61
Message size: 8
tcp_ping received 16384 bytes back
Round trip time was 0.1355 milliseconds in repetition 62
Message size: 8
tcp_ping received 16384 bytes back
Round trip time was 0.1264 milliseconds in repetition 63
Message size: 8
tcp_ping received 16384 bytes back
Round trip time was 0.1115 milliseconds in repetition 64
Message size: 8
tcp_ping received 16384 bytes back
Round trip time was 0.1331 milliseconds in repetition 65
Message size: 8
tcp_ping received 16384 bytes back
Round trip time was 0.1521 milliseconds in repetition 66
Message size: 8
tcp_ping received 16384 bytes back
Round trip time was 0.1691 milliseconds in repetition 67
Message size: 8
tcp_ping received 16384 bytes back
Round trip time was 0.1614 milliseconds in repetition 68
Message size: 8
tcp_ping received 16384 bytes back
Round trip time was 0.12 milliseconds in repetition 69
Message size: 8
tcp_ping received 16384 bytes back
Round trip time was 0.1289 milliseconds in repetition 70
Message size: 8
tcp_ping received 16384 bytes back
Round trip time was 0.122 milliseconds in repetition 71
Message size: 8
tcp_ping received 16384 bytes back
Round trip time was 0.1132 milliseconds in repetition 72
Message size: 8
tcp_ping received 16384 bytes back
Round trip time was 0.1052 milliseconds in repetition 73
Message size: 8
tcp_ping received 16384 bytes back
Round trip time was 0.1042 milliseconds in repetition 74
Message size: 8
tcp_ping received 16384 bytes back
Round trip time was 0.4036 milliseconds in repetition 75
Message size: 8
tcp_ping received 16384 bytes back
Round trip time was 0.1428 milliseconds in repetition 76
Message size: 8
tcp_ping received 16384 bytes back
Round trip time was 0.1501 milliseconds in repetition 77
Message size: 8
tcp_ping received 16384 bytes back
Round trip time was 0.1732 milliseconds in repetition 78
Message size: 8
tcp_ping received 16384 bytes back
Round trip time was 0.14 milliseconds in repetition 79
Message size: 8
tcp_ping received 16384 bytes back
Round trip time was 0.1074 milliseconds in repetition 80
Message size: 8
tcp_ping received 16384 bytes back
Round trip time was 0.1094 milliseconds in repetition 81
Message size: 8
tcp_ping received 16384 bytes back
Round trip time was 0.1039 milliseconds in repetition 82
Message size: 8
tcp_ping received 16384 bytes back
Round trip time was 0.1046 milliseconds in repetition 83
Message size: 8
tcp_ping received 16384 bytes back
Round trip time was 0.1219 milliseconds in repetition 84
Message size: 8
tcp_ping received 16384 bytes back
Round trip time was 0.1073 milliseconds in repetition 85
Message size: 8
tcp_ping received 16384 bytes back
Round trip time was 0.1149 milliseconds in repetition 86
Message size: 8
tcp_ping received 16384 bytes back
Round trip time was 0.1021 milliseconds in repetition 87
Message size: 8
tcp_ping received 16384 bytes back
Round trip time was 0.1007 milliseconds in repetition 88
Message size: 8
tcp_ping received 16384 bytes back
Round trip time was 0.1044 milliseconds in repetition 89
Message size: 8
tcp_ping received 16384 bytes back
Round trip time was 0.1206 milliseconds in repetition 90
Message size: 8
tcp_ping received 16384 bytes back
Round trip time was 0.1085 milliseconds in repetition 91
Message size: 8
tcp_ping received 16384 bytes back
Round trip time was 0.0963 milliseconds in repetition 92
Message size: 8
tcp_ping received 16384 bytes back
Round trip time was 0.0967 milliseconds in repetition 93
Message size: 8
tcp_ping received 16384 bytes back
Round trip time was 0.3473 milliseconds in repetition 94
Message size: 8
tcp_ping received 16384 bytes back
Round trip time was 0.0997 milliseconds in repetition 95
Message size: 8
tcp_ping received 16384 bytes back
Round trip time was 0.1464 milliseconds in repetition 96
Message size: 8
tcp_ping received 16384 bytes back
Round trip time was 0.1039 milliseconds in repetition 97
Message size: 8
tcp_ping received 16384 bytes back
Round trip time was 0.1046 milliseconds in repetition 98
Message size: 8
tcp_ping received 16384 bytes back
Round trip time was 0.1002 milliseconds in repetition 99
Message size: 8
tcp_ping received 16384 bytes back
Round trip time was 0.0998 milliseconds in repetition 100
Message size: 8
tcp_ping received 16384 bytes back
Round trip time was 0.0994 milliseconds in repetition 101
Message size: 8
tcp_ping received 16384 bytes back
Round trip time was 0.1006 milliseconds in repetition 102
Message size: 8
tcp_ping received 16384 bytes back
Round trip time was 0.0992 milliseconds in repetition 103
Message size: 8
tcp_ping received 16384 bytes back
Round trip time was 0.0985 milliseconds in repetition 104
Message size: 8
tcp_ping received 16384 bytes back
Round trip time was 0.0977 milliseconds in repetition 105
Message size: 8
tcp_ping received 16384 bytes back
Round trip time was 0.0979 milliseconds in repetition 106
Message size: 8
tcp_ping received 16384 bytes back
Round trip time was 0.1001 milliseconds in repetition 107
Message size: 8
tcp_ping received 16384 bytes back
Round trip time was 0.0974 milliseconds in repetition 108
Message size: 8
tcp_ping received 16384 bytes back
Round trip time was 0.0982 milliseconds in repetition 109
Message size: 8
tcp_ping received 16384 bytes back
Round trip time was 0.0974 milliseconds in repetition 110
Message size: 8
tcp_ping received 16384 bytes back
Round trip time was 0.0987 milliseconds in repetition 111
Message size: 8
tcp_ping received 16384 bytes back
Round trip time was 0.099 milliseconds in repetition 112
Message size: 8
tcp_ping received 16384 bytes back
Round trip time was 0.0981 milliseconds in repetition 113
Message size: 8
tcp_ping received 16384 bytes back
Round trip time was 0.0991 milliseconds in repetition 114
Message size: 8
tcp_ping received 16384 bytes back
Round trip time was 0.1031 milliseconds in repetition 115
Message size: 8
tcp_ping received 16384 bytes back
Round trip time was 0.1334 milliseconds in repetition 116
Message size: 8
tcp_ping received 16384 bytes back
Round trip time was 0.1024 milliseconds in repetition 117
Message size: 8
tcp_ping received 16384 bytes back
Round trip time was 0.1621 milliseconds in repetition 118
Message size: 8
tcp_ping received 16384 bytes back
Round trip time was 0.1529 milliseconds in repetition 119
Message size: 8
tcp_ping received 16384 bytes back
Round trip time was 0.1513 milliseconds in repetition 120
Message size: 8
tcp_ping received 16384 bytes back
Round trip time was 0.1511 milliseconds in repetition 121
Message size: 8
tcp_ping received 16384 bytes back
Round trip time was 0.1512 milliseconds in repetition 122
Message size: 8
tcp_ping received 16384 bytes back
Round trip time was 0.112 milliseconds in repetition 123
Message size: 8
tcp_ping received 16384 bytes back
Round trip time was 0.1088 milliseconds in repetition 124
Message size: 8
tcp_ping received 16384 bytes back
Round trip time was 0.1039 milliseconds in repetition 125
Message size: 8
tcp_ping received 16384 bytes back
Round trip time was 0.1039 milliseconds in repetition 126
Message size: 8
tcp_ping received 16384 bytes back
Round trip time was 0.1075 milliseconds in repetition 127
Message size: 8
tcp_ping received 16384 bytes back
Round trip time was 0.1063 milliseconds in repetition 128
Message size: 8
tcp_ping received 16384 bytes back
Round trip time was 0.1041 milliseconds in repetition 129
Message size: 8
tcp_ping received 16384 bytes back
Round trip time was 0.1038 milliseconds in repetition 130
Message size: 8
tcp_ping received 16384 bytes back
Round trip time was 0.1126 milliseconds in repetition 131
Message size: 8
tcp_ping received 16384 bytes back
Round trip time was 0.0984 milliseconds in repetition 132
Message size: 8
tcp_ping received 16384 bytes back
Round trip time was 0.097 milliseconds in repetition 133
Message size: 8
tcp_ping received 16384 bytes back
Round trip time was 0.0964 milliseconds in repetition 134
Message size: 8
tcp_ping received 16384 bytes back
Round trip time was 0.1012 milliseconds in repetition 135
Message size: 8
tcp_ping received 16384 bytes back
Round trip time was 0.1708 milliseconds in repetition 136
Message size: 8
tcp_ping received 16384 bytes back
Round trip time was 0.1342 milliseconds in repetition 137
Message size: 8
tcp_ping received 16384 bytes back
Round trip time was 0.0977 milliseconds in repetition 138
Message size: 8
tcp_ping received 16384 bytes back
Round trip time was 0.0961 milliseconds in repetition 139
Message size: 8
tcp_ping received 16384 bytes back
Round trip time was 0.1273 milliseconds in repetition 140
Message size: 8
tcp_ping received 16384 bytes back
Round trip time was 0.8456 milliseconds in repetition 141
Message size: 8
tcp_ping received 16384 bytes back
Round trip time was 0.1653 milliseconds in repetition 142
Message size: 8
tcp_ping received 16384 bytes back
Round trip time was 0.2022 milliseconds in repetition 143
Message size: 8
tcp_ping received 16384 bytes back
Round trip time was 0.1425 milliseconds in repetition 144
Message size: 8
tcp_ping received 16384 bytes back
Round trip time was 0.1477 milliseconds in repetition 145
Message size: 8
tcp_ping received 16384 bytes back
Round trip time was 0.1299 milliseconds in repetition 146
Message size: 8
tcp_ping received 16384 bytes back
Round trip time was 0.0998 milliseconds in repetition 147
Message size: 8
tcp_ping received 16384 bytes back
Round trip time was 0.1075 milliseconds in repetition 148
Message size: 8
tcp_ping received 16384 bytes back
Round trip time was 0.1005 milliseconds in repetition 149
Message size: 8
tcp_ping received 16384 bytes back
Round trip time was 0.0994 milliseconds in repetition 150
Message size: 8
tcp_ping received 16384 bytes back
Round trip time was 0.1811 milliseconds in repetition 151
Message size: 8
tcp_ping received 16384 bytes back
Round trip time was 0.163 milliseconds in repetition 152
Message size: 8
tcp_ping received 16384 bytes back
Round trip time was 0.1377 milliseconds in repetition 153
Message size: 8
tcp_ping received 16384 bytes back
Round trip time was 0.1101 milliseconds in repetition 154
Message size: 8
tcp_ping received 16384 bytes back
Round trip time was 0.1336 milliseconds in repetition 155
Message size: 8
tcp_ping received 16384 bytes back
Round trip time was 0.1181 milliseconds in repetition 156
Message size: 8
tcp_ping received 16384 bytes back
Round trip time was 0.098 milliseconds in repetition 157
Message size: 8
tcp_ping received 16384 bytes back
Round trip time was 0.1465 milliseconds in repetition 158
Message size: 8
tcp_ping received 16384 bytes back
Round trip time was 0.1761 milliseconds in repetition 159
Message size: 8
tcp_ping received 16384 bytes back
Round trip time was 0.1746 milliseconds in repetition 160
Message size: 8
tcp_ping received 16384 bytes back
Round trip time was 0.2648 milliseconds in repetition 161
Message size: 8
tcp_ping received 16384 bytes back
Round trip time was 0.1857 milliseconds in repetition 162
Message size: 8
tcp_ping received 16384 bytes back
Round trip time was 0.1771 milliseconds in repetition 163
Message size: 8
tcp_ping received 16384 bytes back
Round trip time was 0.1967 milliseconds in repetition 164
Message size: 8
tcp_ping received 16384 bytes back
Round trip time was 0.115 milliseconds in repetition 165
Message size: 8
tcp_ping received 16384 bytes back
Round trip time was 0.0989 milliseconds in repetition 166
Message size: 8
tcp_ping received 16384 bytes back
Round trip time was 0.0978 milliseconds in repetition 167
Message size: 8
tcp_ping received 16384 bytes back
Round trip time was 0.0972 milliseconds in repetition 168
Message size: 8
tcp_ping received 16384 bytes back
Round trip time was 0.1353 milliseconds in repetition 169
Message size: 8
tcp_ping received 16384 bytes back
Round trip time was 0.1725 milliseconds in repetition 170
Message size: 8
tcp_ping received 16384 bytes back
Round trip time was 0.1738 milliseconds in repetition 171
Message size: 8
tcp_ping received 16384 bytes back
Round trip time was 0.1058 milliseconds in repetition 172
Message size: 8
tcp_ping received 16384 bytes back
Round trip time was 0.1281 milliseconds in repetition 173
Message size: 8
tcp_ping received 16384 bytes back
Round trip time was 0.3794 milliseconds in repetition 174
Message size: 8
tcp_ping received 16384 bytes back
Round trip time was 0.1035 milliseconds in repetition 175
Message size: 8
tcp_ping received 16384 bytes back
Round trip time was 0.1003 milliseconds in repetition 176
Message size: 8
tcp_ping received 16384 bytes back
Round trip time was 0.0999 milliseconds in repetition 177
Message size: 8
tcp_ping received 16384 bytes back
Round trip time was 0.0985 milliseconds in repetition 178
Message size: 8
tcp_ping received 16384 bytes back
Round trip time was 0.1158 milliseconds in repetition 179
Message size: 8
tcp_ping received 16384 bytes back
Round trip time was 0.1005 milliseconds in repetition 180
Message size: 8
tcp_ping received 16384 bytes back
Round trip time was 0.0992 milliseconds in repetition 181
Message size: 8
tcp_ping received 16384 bytes back
Round trip time was 0.0994 milliseconds in repetition 182
Message size: 8
tcp_ping received 16384 bytes back
Round trip time was 0.0991 milliseconds in repetition 183
Message size: 8
tcp_ping received 16384 bytes back
Round trip time was 0.0991 milliseconds in repetition 184
Message size: 8
tcp_ping received 16384 bytes back
Round trip time was 0.1237 milliseconds in repetition 185
Message size: 8
tcp_ping received 16384 bytes back
Round trip time was 0.1807 milliseconds in repetition 186
Message size: 8
tcp_ping received 16384 bytes back
Round trip time was 0.0987 milliseconds in repetition 187
Message size: 8
tcp_ping received 16384 bytes back
Round trip time was 0.3001 milliseconds in repetition 188
Message size: 8
tcp_ping received 16384 bytes back
Round trip time was 0.1043 milliseconds in repetition 189
Message size: 8
tcp_ping received 16384 bytes back
Round trip time was 0.1104 milliseconds in repetition 190
Message size: 8
tcp_ping received 16384 bytes back
Round trip time was 0.1014 milliseconds in repetition 191
Message size: 8
tcp_ping received 16384 bytes back
Round trip time was 0.1241 milliseconds in repetition 192
Message size: 8
tcp_ping received 16384 bytes back
Round trip time was 0.1077 milliseconds in repetition 193
Message size: 8
tcp_ping received 16384 bytes back
Round trip time was 0.15 milliseconds in repetition 194
Message size: 8
tcp_ping received 16384 bytes back
Round trip time was 0.1292 milliseconds in repetition 195
Message size: 8
tcp_ping received 16384 bytes back
Round trip time was 0.1489 milliseconds in repetition 196
Message size: 8
tcp_ping received 16384 bytes back
Round trip time was 0.1615 milliseconds in repetition 197
Message size: 8
tcp_ping received 16384 bytes back
Round trip time was 0.5297 milliseconds in repetition 198
Message size: 8
tcp_ping received 16384 bytes back
Round trip time was 0.3717 milliseconds in repetition 199
Message size: 8
tcp_ping received 16384 bytes back
Round trip time was 0.5026 milliseconds in repetition 200
Message size: 8
tcp_ping received 16384 bytes back
Round trip time was 0.4433 milliseconds in repetition 201
Message size: 8
tcp_ping received 16384 bytes back
Round trip time was 0.4002 milliseconds in repetition 202
Message size: 8
tcp_ping received 16384 bytes back
Round trip time was 0.1336 milliseconds in repetition 203
Message size: 8
tcp_ping received 16384 bytes back
Round trip time was 0.1105 milliseconds in repetition 204
Message size: 8
tcp_ping received 16384 bytes back
Round trip time was 0.1099 milliseconds in repetition 205
Message size: 8
tcp_ping received 16384 bytes back
Round trip time was 0.1185 milliseconds in repetition 206
Message size: 8
tcp_ping received 16384 bytes back
Round trip time was 0.1066 milliseconds in repetition 207
Message size: 8
tcp_ping received 16384 bytes back
Round trip time was 0.1029 milliseconds in repetition 208
Message size: 8
tcp_ping received 16384 bytes back
Round trip time was 0.1082 milliseconds in repetition 209
Message size: 8
tcp_ping received 16384 bytes back
Round trip time was 0.1018 milliseconds in repetition 210
Message size: 8
tcp_ping received 16384 bytes back
Round trip time was 0.102 milliseconds in repetition 211
Message size: 8
tcp_ping received 16384 bytes back
Round trip time was 0.1032 milliseconds in repetition 212
Message size: 8
tcp_ping received 16384 bytes back
Round trip time was 0.1008 milliseconds in repetition 213
Message size: 8
tcp_ping received 16384 bytes back
Round trip time was 0.1048 milliseconds in repetition 214
Message size: 8
tcp_ping received 16384 bytes back
Round trip time was 0.1004 milliseconds in repetition 215
Message size: 8
tcp_ping received 16384 bytes back
Round trip time was 0.1017 milliseconds in repetition 216
Message size: 8
tcp_ping received 16384 bytes back
Round trip time was 0.122 milliseconds in repetition 217
Message size: 8
tcp_ping received 16384 bytes back
Round trip time was 0.1332 milliseconds in repetition 218
Message size: 8
tcp_ping received 16384 bytes back
Round trip time was 0.1166 milliseconds in repetition 219
Message size: 8
tcp_ping received 16384 bytes back
Round trip time was 0.1096 milliseconds in repetition 220
Message size: 8
tcp_ping received 16384 bytes back
Round trip time was 0.3153 milliseconds in repetition 221
Message size: 8
tcp_ping received 16384 bytes back
Round trip time was 0.1236 milliseconds in repetition 222
Message size: 8
tcp_ping received 16384 bytes back
Round trip time was 0.1029 milliseconds in repetition 223
Message size: 8
tcp_ping received 16384 bytes back
Round trip time was 0.1036 milliseconds in repetition 224
Message size: 8
tcp_ping received 16384 bytes back
Round trip time was 0.1085 milliseconds in repetition 225
Message size: 8
tcp_ping received 16384 bytes back
Round trip time was 0.1051 milliseconds in repetition 226
Message size: 8
tcp_ping received 16384 bytes back
Round trip time was 0.1049 milliseconds in repetition 227
Message size: 8
tcp_ping received 16384 bytes back
Round trip time was 0.1206 milliseconds in repetition 228
Message size: 8
tcp_ping received 16384 bytes back
Round trip time was 0.1051 milliseconds in repetition 229
Message size: 8
tcp_ping received 16384 bytes back
Round trip time was 0.1369 milliseconds in repetition 230
Message size: 8
tcp_ping received 16384 bytes back
Round trip time was 0.1275 milliseconds in repetition 231
Message size: 8
tcp_ping received 16384 bytes back
Round trip time was 0.163 milliseconds in repetition 232
Message size: 8
tcp_ping received 16384 bytes back
Round trip time was 0.155 milliseconds in repetition 233
Message size: 8
tcp_ping received 16384 bytes back
Round trip time was 0.152 milliseconds in repetition 234
Message size: 8
tcp_ping received 16384 bytes back
Round trip time was 0.3488 milliseconds in repetition 235
Message size: 8
tcp_ping received 16384 bytes back
Round trip time was 0.1166 milliseconds in repetition 236
Message size: 8
tcp_ping received 16384 bytes back
Round trip time was 0.1144 milliseconds in repetition 237
Message size: 8
tcp_ping received 16384 bytes back
Round trip time was 0.1101 milliseconds in repetition 238
Message size: 8
tcp_ping received 16384 bytes back
Round trip time was 0.1128 milliseconds in repetition 239
Message size: 8
tcp_ping received 16384 bytes back
Round trip time was 0.1559 milliseconds in repetition 240
Message size: 8
tcp_ping received 16384 bytes back
Round trip time was 0.1542 milliseconds in repetition 241
Message size: 8
tcp_ping received 16384 bytes back
Round trip time was 0.2084 milliseconds in repetition 242
Message size: 8
tcp_ping received 16384 bytes back
Round trip time was 0.12 milliseconds in repetition 243
Message size: 8
tcp_ping received 16384 bytes back
Round trip time was 0.1551 milliseconds in repetition 244
Message size: 8
tcp_ping received 16384 bytes back
Round trip time was 0.1675 milliseconds in repetition 245
Message size: 8
tcp_ping received 16384 bytes back
Round trip time was 0.1724 milliseconds in repetition 246
Message size: 8
tcp_ping received 16384 bytes back
Round trip time was 0.1638 milliseconds in repetition 247
Message size: 8
tcp_ping received 16384 bytes back
Round trip time was 0.1575 milliseconds in repetition 248
Message size: 8
tcp_ping received 16384 bytes back
Round trip time was 0.1655 milliseconds in repetition 249
Message size: 8
tcp_ping received 16384 bytes back
Round trip time was 0.133 milliseconds in repetition 250
Message size: 8
tcp_ping received 16384 bytes back
Round trip time was 0.2138 milliseconds in repetition 251
Message size: 8
tcp_ping received 16384 bytes back
Round trip time was 0.1339 milliseconds in repetition 252
Message size: 8
tcp_ping received 16384 bytes back
Round trip time was 0.1318 milliseconds in repetition 253
Message size: 8
tcp_ping received 16384 bytes back
Round trip time was 0.1472 milliseconds in repetition 254
Message size: 8
tcp_ping received 16384 bytes back
Round trip time was 0.1249 milliseconds in repetition 255
Message size: 8
tcp_ping received 16384 bytes back
Round trip time was 0.1281 milliseconds in repetition 256
Message size: 8
tcp_ping received 16384 bytes back
Round trip time was 0.1396 milliseconds in repetition 257
Message size: 8
tcp_ping received 16384 bytes back
Round trip time was 0.1346 milliseconds in repetition 258
Message size: 8
tcp_ping received 16384 bytes back
Round trip time was 0.1218 milliseconds in repetition 259
Message size: 8
tcp_ping received 16384 bytes back
Round trip time was 0.1136 milliseconds in repetition 260
Message size: 8
tcp_ping received 16384 bytes back
Round trip time was 0.1228 milliseconds in repetition 261
Message size: 8
tcp_ping received 16384 bytes back
Round trip time was 0.1484 milliseconds in repetition 262
Message size: 8
tcp_ping received 16384 bytes back
Round trip time was 0.1232 milliseconds in repetition 263
Message size: 8
tcp_ping received 16384 bytes back
Round trip time was 0.3039 milliseconds in repetition 264
Message size: 8
tcp_ping received 16384 bytes back
Round trip time was 0.1406 milliseconds in repetition 265
Message size: 8
tcp_ping received 16384 bytes back
Round trip time was 0.1674 milliseconds in repetition 266
Message size: 8
tcp_ping received 16384 bytes back
Round trip time was 0.1609 milliseconds in repetition 267
Message size: 8
tcp_ping received 16384 bytes back
Round trip time was 0.6615 milliseconds in repetition 268
Message size: 8
tcp_ping received 16384 bytes back
Round trip time was 0.2059 milliseconds in repetition 269
Message size: 8
tcp_ping received 16384 bytes back
Round trip time was 0.1215 milliseconds in repetition 270
Message size: 8
tcp_ping received 16384 bytes back
Round trip time was 0.1168 milliseconds in repetition 271
Message size: 8
tcp_ping received 16384 bytes back
Round trip time was 0.1248 milliseconds in repetition 272
Message size: 8
tcp_ping received 16384 bytes back
Round trip time was 0.1207 milliseconds in repetition 273
Message size: 8
tcp_ping received 16384 bytes back
Round trip time was 0.1129 milliseconds in repetition 274
Message size: 8
tcp_ping received 16384 bytes back
Round trip time was 0.1146 milliseconds in repetition 275
Message size: 8
tcp_ping received 16384 bytes back
Round trip time was 0.1123 milliseconds in repetition 276
Message size: 8
tcp_ping received 16384 bytes back
Round trip time was 0.1225 milliseconds in repetition 277
Message size: 8
tcp_ping received 16384 bytes back
Round trip time was 0.1382 milliseconds in repetition 278
Message size: 8
tcp_ping received 16384 bytes back
Round trip time was 0.1078 milliseconds in repetition 279
Message size: 8
tcp_ping received 16384 bytes back
Round trip time was 0.1028 milliseconds in repetition 280
Message size: 8
tcp_ping received 16384 bytes back
Round trip time was 0.109 milliseconds in repetition 281
Message size: 8
tcp_ping received 16384 bytes back
Round trip time was 0.5302 milliseconds in repetition 282
Message size: 8
tcp_ping received 16384 bytes back
Round trip time was 0.1379 milliseconds in repetition 283
Message size: 8
tcp_ping received 16384 bytes back
Round trip time was 0.1543 milliseconds in repetition 284
Message size: 8
tcp_ping received 16384 bytes back
Round trip time was 0.1343 milliseconds in repetition 285
Message size: 8
tcp_ping received 16384 bytes back
Round trip time was 0.1506 milliseconds in repetition 286
Message size: 8
tcp_ping received 16384 bytes back
Round trip time was 0.1214 milliseconds in repetition 287
Message size: 8
tcp_ping received 16384 bytes back
Round trip time was 0.1177 milliseconds in repetition 288
Message size: 8
tcp_ping received 16384 bytes back
Round trip time was 0.1137 milliseconds in repetition 289
Message size: 8
tcp_ping received 16384 bytes back
Round trip time was 0.1139 milliseconds in repetition 290
Message size: 8
tcp_ping received 16384 bytes back
Round trip time was 0.1309 milliseconds in repetition 291
Message size: 8
tcp_ping received 16384 bytes back
Round trip time was 0.1191 milliseconds in repetition 292
Message size: 8
tcp_ping received 16384 bytes back
Round trip time was 0.1361 milliseconds in repetition 293
Message size: 8
tcp_ping received 16384 bytes back
Round trip time was 0.1208 milliseconds in repetition 294
Message size: 8
tcp_ping received 16384 bytes back
Round trip time was 0.1166 milliseconds in repetition 295
Message size: 8
tcp_ping received 16384 bytes back
Round trip time was 0.1214 milliseconds in repetition 296
Message size: 8
tcp_ping received 16384 bytes back
Round trip time was 0.1968 milliseconds in repetition 297
Message size: 8
tcp_ping received 16384 bytes back
Round trip time was 0.1702 milliseconds in repetition 298
Message size: 8
tcp_ping received 16384 bytes back
Round trip time was 0.1936 milliseconds in repetition 299
Message size: 8
tcp_ping received 16384 bytes back
Round trip time was 0.1468 milliseconds in repetition 300
Message size: 8
tcp_ping received 16384 bytes back
Round trip time was 0.1844 milliseconds in repetition 301
Message size: 8
tcp_ping received 16384 bytes back
Round trip time was 0.1663 milliseconds in repetition 302
Message size: 8
tcp_ping received 16384 bytes back
Round trip time was 0.1438 milliseconds in repetition 303
Message size: 8
tcp_ping received 16384 bytes back
Round trip time was 0.121 milliseconds in repetition 304
Message size: 8
tcp_ping received 16384 bytes back
Round trip time was 0.1374 milliseconds in repetition 305
Message size: 8
tcp_ping received 16384 bytes back
Round trip time was 0.1342 milliseconds in repetition 306
Message size: 8
tcp_ping received 16384 bytes back
Round trip time was 0.153 milliseconds in repetition 307
Message size: 8
tcp_ping received 16384 bytes back
Round trip time was 0.1365 milliseconds in repetition 308
Message size: 8
tcp_ping received 16384 bytes back
Round trip time was 0.1278 milliseconds in repetition 309
Message size: 8
tcp_ping received 16384 bytes back
Round trip time was 0.1174 milliseconds in repetition 310
Message size: 8
tcp_ping received 16384 bytes back
Round trip time was 0.1798 milliseconds in repetition 311
Message size: 8
tcp_ping received 16384 bytes back
Round trip time was 0.171 milliseconds in repetition 312
Message size: 8
tcp_ping received 16384 bytes back
Round trip time was 0.1548 milliseconds in repetition 313
Message size: 8
tcp_ping received 16384 bytes back
Round trip time was 0.13 milliseconds in repetition 314
Message size: 8
tcp_ping received 16384 bytes back
Round trip time was 0.4105 milliseconds in repetition 315
Message size: 8
tcp_ping received 16384 bytes back
Round trip time was 0.1416 milliseconds in repetition 316
Message size: 8
tcp_ping received 16384 bytes back
Round trip time was 0.1602 milliseconds in repetition 317
Message size: 8
tcp_ping received 16384 bytes back
Round trip time was 0.1254 milliseconds in repetition 318
Message size: 8
tcp_ping received 16384 bytes back
Round trip time was 0.1209 milliseconds in repetition 319
Message size: 8
tcp_ping received 16384 bytes back
Round trip time was 0.1255 milliseconds in repetition 320
Message size: 8
tcp_ping received 16384 bytes back
Round trip time was 0.1168 milliseconds in repetition 321
Message size: 8
tcp_ping received 16384 bytes back
Round trip time was 0.1257 milliseconds in repetition 322
Message size: 8
tcp_ping received 16384 bytes back
Round trip time was 0.1239 milliseconds in repetition 323
Message size: 8
tcp_ping received 16384 bytes back
Round trip time was 0.1222 milliseconds in repetition 324
Message size: 8
tcp_ping received 16384 bytes back
Round trip time was 0.1476 milliseconds in repetition 325
Message size: 8
tcp_ping received 16384 bytes back
Round trip time was 0.1364 milliseconds in repetition 326
Message size: 8
tcp_ping received 16384 bytes back
Round trip time was 0.1636 milliseconds in repetition 327
Message size: 8
tcp_ping received 16384 bytes back
Round trip time was 0.1637 milliseconds in repetition 328
Message size: 8
tcp_ping received 16384 bytes back
Round trip time was 0.1481 milliseconds in repetition 329
Message size: 8
tcp_ping received 16384 bytes back
Round trip time was 0.1832 milliseconds in repetition 330
Message size: 8
tcp_ping received 16384 bytes back
Round trip time was 0.2094 milliseconds in repetition 331
Message size: 8
tcp_ping received 16384 bytes back
Round trip time was 0.1449 milliseconds in repetition 332
Message size: 8
tcp_ping received 16384 bytes back
Round trip time was 0.1275 milliseconds in repetition 333
Message size: 8
tcp_ping received 16384 bytes back
Round trip time was 0.1867 milliseconds in repetition 334
Message size: 8
tcp_ping received 16384 bytes back
Round trip time was 0.1801 milliseconds in repetition 335
Message size: 8
tcp_ping received 16384 bytes back
Round trip time was 0.1293 milliseconds in repetition 336
Message size: 8
tcp_ping received 16384 bytes back
Round trip time was 0.1192 milliseconds in repetition 337
Message size: 8
tcp_ping received 16384 bytes back
Round trip time was 0.1189 milliseconds in repetition 338
Message size: 8
tcp_ping received 16384 bytes back
Round trip time was 0.1387 milliseconds in repetition 339
Message size: 8
tcp_ping received 16384 bytes back
Round trip time was 0.1213 milliseconds in repetition 340
Message size: 8
tcp_ping received 16384 bytes back
Round trip time was 0.1122 milliseconds in repetition 341
Message size: 8
tcp_ping received 16384 bytes back
Round trip time was 0.1104 milliseconds in repetition 342
Message size: 8
tcp_ping received 16384 bytes back
Round trip time was 0.1106 milliseconds in repetition 343
Message size: 8
tcp_ping received 16384 bytes back
Round trip time was 0.1252 milliseconds in repetition 344
Message size: 8
tcp_ping received 16384 bytes back
Round trip time was 0.1113 milliseconds in repetition 345
Message size: 8
tcp_ping received 16384 bytes back
Round trip time was 0.1097 milliseconds in repetition 346
Message size: 8
tcp_ping received 16384 bytes back
Round trip time was 0.1121 milliseconds in repetition 347
Message size: 8
tcp_ping received 16384 bytes back
Round trip time was 0.1164 milliseconds in repetition 348
Message size: 8
tcp_ping received 16384 bytes back
Round trip time was 0.1129 milliseconds in repetition 349
Message size: 8
tcp_ping received 16384 bytes back
Round trip time was 0.1113 milliseconds in repetition 350
Message size: 8
tcp_ping received 16384 bytes back
Round trip time was 0.1114 milliseconds in repetition 351
Message size: 8
tcp_ping received 16384 bytes back
Round trip time was 0.111 milliseconds in repetition 352
Message size: 8
tcp_ping received 16384 bytes back
Round trip time was 0.1213 milliseconds in repetition 353
Message size: 8
tcp_ping received 16384 bytes back
Round trip time was 0.1241 milliseconds in repetition 354
Message size: 8
tcp_ping received 16384 bytes back
Round trip time was 0.1149 milliseconds in repetition 355
Message size: 8
tcp_ping received 16384 bytes back
Round trip time was 0.1601 milliseconds in repetition 356
Message size: 8
tcp_ping received 16384 bytes back
Round trip time was 0.115 milliseconds in repetition 357
Message size: 8
tcp_ping received 16384 bytes back
Round trip time was 0.1154 milliseconds in repetition 358
Message size: 8
tcp_ping received 16384 bytes back
Round trip time was 0.136 milliseconds in repetition 359
Message size: 8
tcp_ping received 16384 bytes back
Round trip time was 0.1104 milliseconds in repetition 360
Message size: 8
tcp_ping received 16384 bytes back
Round trip time was 0.1116 milliseconds in repetition 361
Message size: 8
tcp_ping received 16384 bytes back
Round trip time was 0.3252 milliseconds in repetition 362
Message size: 8
tcp_ping received 16384 bytes back
Round trip time was 0.1157 milliseconds in repetition 363
Message size: 8
tcp_ping received 16384 bytes back
Round trip time was 0.1266 milliseconds in repetition 364
Message size: 8
tcp_ping received 16384 bytes back
Round trip time was 0.1125 milliseconds in repetition 365
Message size: 8
tcp_ping received 16384 bytes back
Round trip time was 0.1102 milliseconds in repetition 366
Message size: 8
tcp_ping received 16384 bytes back
Round trip time was 0.1222 milliseconds in repetition 367
Message size: 8
tcp_ping received 16384 bytes back
Round trip time was 0.1177 milliseconds in repetition 368
Message size: 8
tcp_ping received 16384 bytes back
Round trip time was 0.127 milliseconds in repetition 369
Message size: 8
tcp_ping received 16384 bytes back
Round trip time was 0.1237 milliseconds in repetition 370
Message size: 8
tcp_ping received 16384 bytes back
Round trip time was 0.1343 milliseconds in repetition 371
Message size: 8
tcp_ping received 16384 bytes back
Round trip time was 0.1086 milliseconds in repetition 372
Message size: 8
tcp_ping received 16384 bytes back
Round trip time was 0.1142 milliseconds in repetition 373
Message size: 8
tcp_ping received 16384 bytes back
Round trip time was 0.1391 milliseconds in repetition 374
Message size: 8
tcp_ping received 16384 bytes back
Round trip time was 0.1232 milliseconds in repetition 375
Message size: 8
tcp_ping received 16384 bytes back
Round trip time was 0.1528 milliseconds in repetition 376
Message size: 8
tcp_ping received 16384 bytes back
Round trip time was 0.1293 milliseconds in repetition 377
Message size: 8
tcp_ping received 16384 bytes back
Round trip time was 0.1716 milliseconds in repetition 378
Message size: 8
tcp_ping received 16384 bytes back
Round trip time was 0.1622 milliseconds in repetition 379
Message size: 8
tcp_ping received 16384 bytes back
Round trip time was 0.1438 milliseconds in repetition 380
Message size: 8
tcp_ping received 16384 bytes back
Round trip time was 0.1863 milliseconds in repetition 381
Message size: 8
tcp_ping received 16384 bytes back
Round trip time was 0.178 milliseconds in repetition 382
Message size: 8
tcp_ping received 16384 bytes back
Round trip time was 0.1697 milliseconds in repetition 383
Message size: 8
tcp_ping received 16384 bytes back
Round trip time was 0.1727 milliseconds in repetition 384
Message size: 8
tcp_ping received 16384 bytes back
Round trip time was 0.1742 milliseconds in repetition 385
Message size: 8
tcp_ping received 16384 bytes back
Round trip time was 0.1707 milliseconds in repetition 386
Message size: 8
tcp_ping received 16384 bytes back
Round trip time was 0.1519 milliseconds in repetition 387
Message size: 8
tcp_ping received 16384 bytes back
Round trip time was 0.145 milliseconds in repetition 388
Message size: 8
tcp_ping received 16384 bytes back
Round trip time was 0.1816 milliseconds in repetition 389
Message size: 8
tcp_ping received 16384 bytes back
Round trip time was 0.1845 milliseconds in repetition 390
Message size: 8
tcp_ping received 16384 bytes back
Round trip time was 0.1708 milliseconds in repetition 391
Message size: 8
tcp_ping received 16384 bytes back
Round trip time was 0.1491 milliseconds in repetition 392
Message size: 8
tcp_ping received 16384 bytes back
Round trip time was 0.1285 milliseconds in repetition 393
Message size: 8
tcp_ping received 16384 bytes back
Round trip time was 0.1823 milliseconds in repetition 394
Message size: 8
tcp_ping received 16384 bytes back
Round trip time was 0.1257 milliseconds in repetition 395
Message size: 8
tcp_ping received 16384 bytes back
Round trip time was 0.1376 milliseconds in repetition 396
Message size: 8
tcp_ping received 16384 bytes back
Round trip time was 0.1341 milliseconds in repetition 397
Message size: 8
tcp_ping received 16384 bytes back
Round trip time was 0.1248 milliseconds in repetition 398
Message size: 8
tcp_ping received 16384 bytes back
Round trip time was 0.1257 milliseconds in repetition 399
Message size: 8
tcp_ping received 16384 bytes back
Round trip time was 0.1771 milliseconds in repetition 400
Message size: 8
tcp_ping received 16384 bytes back
Round trip time was 0.1832 milliseconds in repetition 401
Message size: 8
tcp_ping received 16384 bytes back
Round trip time was 0.14 milliseconds in repetition 402
Message size: 8
tcp_ping received 16384 bytes back
Round trip time was 0.1271 milliseconds in repetition 403
Message size: 8
tcp_ping received 16384 bytes back
Round trip time was 0.122 milliseconds in repetition 404
Message size: 8
tcp_ping received 16384 bytes back
Round trip time was 0.1558 milliseconds in repetition 405
Message size: 8
tcp_ping received 16384 bytes back
Round trip time was 0.1292 milliseconds in repetition 406
Message size: 8
tcp_ping received 16384 bytes back
Round trip time was 0.1231 milliseconds in repetition 407
Message size: 8
tcp_ping received 16384 bytes back
Round trip time was 0.1285 milliseconds in repetition 408
Message size: 8
tcp_ping received 16384 bytes back
Round trip time was 0.4636 milliseconds in repetition 409
Message size: 8
tcp_ping received 16384 bytes back
Round trip time was 0.1376 milliseconds in repetition 410
Message size: 8
tcp_ping received 16384 bytes back
Round trip time was 0.1288 milliseconds in repetition 411
Message size: 8
tcp_ping received 16384 bytes back
Round trip time was 0.138 milliseconds in repetition 412
Message size: 8
tcp_ping received 16384 bytes back
Round trip time was 0.1297 milliseconds in repetition 413
Message size: 8
tcp_ping received 16384 bytes back
Round trip time was 0.1211 milliseconds in repetition 414
Message size: 8
tcp_ping received 16384 bytes back
Round trip time was 0.1981 milliseconds in repetition 415
Message size: 8
tcp_ping received 16384 bytes back
Round trip time was 0.1182 milliseconds in repetition 416
Message size: 8
tcp_ping received 16384 bytes back
Round trip time was 0.1218 milliseconds in repetition 417
Message size: 8
tcp_ping received 16384 bytes back
Round trip time was 0.1299 milliseconds in repetition 418
Message size: 8
tcp_ping received 16384 bytes back
Round trip time was 0.1894 milliseconds in repetition 419
Message size: 8
tcp_ping received 16384 bytes back
Round trip time was 0.1915 milliseconds in repetition 420
Message size: 8
tcp_ping received 16384 bytes back
Round trip time was 0.1522 milliseconds in repetition 421
Message size: 8
tcp_ping received 16384 bytes back
Round trip time was 0.1545 milliseconds in repetition 422
Message size: 8
tcp_ping received 16384 bytes back
Round trip time was 0.1623 milliseconds in repetition 423
Message size: 8
tcp_ping received 16384 bytes back
Round trip time was 0.1332 milliseconds in repetition 424
Message size: 8
tcp_ping received 16384 bytes back
Round trip time was 0.1837 milliseconds in repetition 425
Message size: 8
tcp_ping received 16384 bytes back
Round trip time was 0.1806 milliseconds in repetition 426
Message size: 8
tcp_ping received 16384 bytes back
Round trip time was 0.1325 milliseconds in repetition 427
Message size: 8
tcp_ping received 16384 bytes back
Round trip time was 0.1277 milliseconds in repetition 428
Message size: 8
tcp_ping received 16384 bytes back
Round trip time was 0.1172 milliseconds in repetition 429
Message size: 8
tcp_ping received 16384 bytes back
Round trip time was 0.1243 milliseconds in repetition 430
Message size: 8
tcp_ping received 16384 bytes back
Round trip time was 0.118201 milliseconds in repetition 431
Message size: 8
tcp_ping received 16384 bytes back
Round trip time was 0.1156 milliseconds in repetition 432
Message size: 8
tcp_ping received 16384 bytes back
Round trip time was 0.1276 milliseconds in repetition 433
Message size: 8
tcp_ping received 16384 bytes back
Round trip time was 0.1202 milliseconds in repetition 434
Message size: 8
tcp_ping received 16384 bytes back
Round trip time was 0.1247 milliseconds in repetition 435
Message size: 8
tcp_ping received 16384 bytes back
Round trip time was 0.1262 milliseconds in repetition 436
Message size: 8
tcp_ping received 16384 bytes back
Round trip time was 0.1412 milliseconds in repetition 437
Message size: 8
tcp_ping received 16384 bytes back
Round trip time was 0.1827 milliseconds in repetition 438
Message size: 8
tcp_ping received 16384 bytes back
Round trip time was 0.1486 milliseconds in repetition 439
Message size: 8
tcp_ping received 16384 bytes back
Round trip time was 0.1498 milliseconds in repetition 440
Message size: 8
tcp_ping received 16384 bytes back
Round trip time was 0.1773 milliseconds in repetition 441
Message size: 8
tcp_ping received 16384 bytes back
Round trip time was 0.1255 milliseconds in repetition 442
Message size: 8
tcp_ping received 16384 bytes back
Round trip time was 0.1287 milliseconds in repetition 443
Message size: 8
tcp_ping received 16384 bytes back
Round trip time was 0.1457 milliseconds in repetition 444
Message size: 8
tcp_ping received 16384 bytes back
Round trip time was 0.1231 milliseconds in repetition 445
Message size: 8
tcp_ping received 16384 bytes back
Round trip time was 0.1165 milliseconds in repetition 446
Message size: 8
tcp_ping received 16384 bytes back
Round trip time was 0.1211 milliseconds in repetition 447
Message size: 8
tcp_ping received 16384 bytes back
Round trip time was 0.1189 milliseconds in repetition 448
Message size: 8
tcp_ping received 16384 bytes back
Round trip time was 0.1207 milliseconds in repetition 449
Message size: 8
tcp_ping received 16384 bytes back
Round trip time was 0.1494 milliseconds in repetition 450
Message size: 8
tcp_ping received 16384 bytes back
Round trip time was 0.11 milliseconds in repetition 451
Message size: 8
tcp_ping received 16384 bytes back
Round trip time was 0.1408 milliseconds in repetition 452
Message size: 8
tcp_ping received 16384 bytes back
Round trip time was 0.1253 milliseconds in repetition 453
Message size: 8
tcp_ping received 16384 bytes back
Round trip time was 0.1428 milliseconds in repetition 454
Message size: 8
tcp_ping received 16384 bytes back
Round trip time was 0.1198 milliseconds in repetition 455
Message size: 8
tcp_ping received 16384 bytes back
Round trip time was 0.3798 milliseconds in repetition 456
Message size: 8
tcp_ping received 16384 bytes back
Round trip time was 0.1196 milliseconds in repetition 457
Message size: 8
tcp_ping received 16384 bytes back
Round trip time was 0.1188 milliseconds in repetition 458
Message size: 8
tcp_ping received 16384 bytes back
Round trip time was 0.1206 milliseconds in repetition 459
Message size: 8
tcp_ping received 16384 bytes back
Round trip time was 0.146 milliseconds in repetition 460
Message size: 8
tcp_ping received 16384 bytes back
Round trip time was 0.146 milliseconds in repetition 461
Message size: 8
tcp_ping received 16384 bytes back
Round trip time was 0.1431 milliseconds in repetition 462
Message size: 8
tcp_ping received 16384 bytes back
Round trip time was 0.1313 milliseconds in repetition 463
Message size: 8
tcp_ping received 16384 bytes back
Round trip time was 0.1415 milliseconds in repetition 464
Message size: 8
tcp_ping received 16384 bytes back
Round trip time was 0.1335 milliseconds in repetition 465
Message size: 8
tcp_ping received 16384 bytes back
Round trip time was 0.1393 milliseconds in repetition 466
Message size: 8
tcp_ping received 16384 bytes back
Round trip time was 0.1576 milliseconds in repetition 467
Message size: 8
tcp_ping received 16384 bytes back
Round trip time was 0.1319 milliseconds in repetition 468
Message size: 8
tcp_ping received 16384 bytes back
Round trip time was 0.1618 milliseconds in repetition 469
Message size: 8
tcp_ping received 16384 bytes back
Round trip time was 0.1697 milliseconds in repetition 470
Message size: 8
tcp_ping received 16384 bytes back
Round trip time was 0.1776 milliseconds in repetition 471
Message size: 8
tcp_ping received 16384 bytes back
Round trip time was 0.1619 milliseconds in repetition 472
Message size: 8
tcp_ping received 16384 bytes back
Round trip time was 0.1505 milliseconds in repetition 473
Message size: 8
tcp_ping received 16384 bytes back
Round trip time was 0.17 milliseconds in repetition 474
Message size: 8
tcp_ping received 16384 bytes back
Round trip time was 0.1532 milliseconds in repetition 475
Message size: 8
tcp_ping received 16384 bytes back
Round trip time was 0.1532 milliseconds in repetition 476
Message size: 8
tcp_ping received 16384 bytes back
Round trip time was 0.1385 milliseconds in repetition 477
Message size: 8
tcp_ping received 16384 bytes back
Round trip time was 0.1259 milliseconds in repetition 478
Message size: 8
tcp_ping received 16384 bytes back
Round trip time was 0.1321 milliseconds in repetition 479
Message size: 8
tcp_ping received 16384 bytes back
Round trip time was 0.1269 milliseconds in repetition 480
Message size: 8
tcp_ping received 16384 bytes back
Round trip time was 0.1364 milliseconds in repetition 481
Message size: 8
tcp_ping received 16384 bytes back
Round trip time was 0.1188 milliseconds in repetition 482
Message size: 8
tcp_ping received 16384 bytes back
Round trip time was 0.1316 milliseconds in repetition 483
Message size: 8
tcp_ping received 16384 bytes back
Round trip time was 0.1219 milliseconds in repetition 484
Message size: 8
tcp_ping received 16384 bytes back
Round trip time was 0.1203 milliseconds in repetition 485
Message size: 8
tcp_ping received 16384 bytes back
Round trip time was 0.1196 milliseconds in repetition 486
Message size: 8
tcp_ping received 16384 bytes back
Round trip time was 0.1146 milliseconds in repetition 487
Message size: 8
tcp_ping received 16384 bytes back
Round trip time was 0.1166 milliseconds in repetition 488
Message size: 8
tcp_ping received 16384 bytes back
Round trip time was 0.1295 milliseconds in repetition 489
Message size: 8
tcp_ping received 16384 bytes back
Round trip time was 0.1199 milliseconds in repetition 490
Message size: 8
tcp_ping received 16384 bytes back
Round trip time was 0.1834 milliseconds in repetition 491
Message size: 8
tcp_ping received 16384 bytes back
Round trip time was 0.1234 milliseconds in repetition 492
Message size: 8
tcp_ping received 16384 bytes back
Round trip time was 0.1273 milliseconds in repetition 493
Message size: 8
tcp_ping received 16384 bytes back
Round trip time was 0.1303 milliseconds in repetition 494
Message size: 8
tcp_ping received 16384 bytes back
Round trip time was 0.1272 milliseconds in repetition 495
Message size: 8
tcp_ping received 16384 bytes back
Round trip time was 0.127 milliseconds in repetition 496
Message size: 8
tcp_ping received 16384 bytes back
Round trip time was 0.158 milliseconds in repetition 497
Message size: 8
tcp_ping received 16384 bytes back
Round trip time was 0.1299 milliseconds in repetition 498
Message size: 8
tcp_ping received 16384 bytes back
Round trip time was 0.1386 milliseconds in repetition 499
Message size: 8
tcp_ping received 16384 bytes back
Round trip time was 0.1103 milliseconds in repetition 500
Message size: 8
tcp_ping received 16384 bytes back
Round trip time was 0.1766 milliseconds in repetition 501

 ... clock resolution was 1e-06
TCP Ping:  Statistics over 501 repetitions of 16384 byte messages

RTT : percentile 10: 0.0995, median: 0.1239, percentile 90: 0.1798, average: 0.141163, variance: 0.00486968

RTT histogram:
0.0960995 173
0.133575 217
0.17105 78
0.208525 10
0.246 2
0.283475 3
0.32095 3
0.358425 3
0.3959 5
0.433375 1
0.47085 1
0.508325 1
0.5458 2
0.583275 0
0.62075 0
0.658225 1
0.6957 0
0.733175 0
0.77065 0
0.808125 0
0.8456 1

   median Throughput : 264471 KB/s   overall Throughput : 232129 KB/s

