TCP Ping trying to connect to server localhost (127.0.0.1) on port 1491
Connected with the server
 ... connected to Pong server: asking for 501 repetitions of 196608 bytes TCP messages
 ... Pong server agreed :-)
Message size: 8
tcp_ping received 196608 bytes back
Round trip time was 0.7408 milliseconds in repetition 1
Message size: 8
tcp_ping received 196608 bytes back
Round trip time was 0.6683 milliseconds in repetition 2
Message size: 8
tcp_ping received 196608 bytes back
Round trip time was 0.6666 milliseconds in repetition 3
Message size: 8
tcp_ping received 196608 bytes back
Round trip time was 0.7443 milliseconds in repetition 4
Message size: 8
tcp_ping received 196608 bytes back
Round trip time was 0.7011 milliseconds in repetition 5
Message size: 8
tcp_ping received 196608 bytes back
Round trip time was 0.6842 milliseconds in repetition 6
Message size: 8
tcp_ping received 196608 bytes back
Round trip time was 0.6758 milliseconds in repetition 7
Message size: 8
tcp_ping received 196608 bytes back
Round trip time was 0.6753 milliseconds in repetition 8
Message size: 8
tcp_ping received 196608 bytes back
Round trip time was 0.7204 milliseconds in repetition 9
Message size: 8
tcp_ping received 196608 bytes back
Round trip time was 0.7053 milliseconds in repetition 10
Message size: 8
tcp_ping received 196608 bytes back
Round trip time was 0.6758 milliseconds in repetition 11
Message size: 8
tcp_ping received 196608 bytes back
Round trip time was 0.6721 milliseconds in repetition 12
Message size: 8
tcp_ping received 196608 bytes back
Round trip time was 0.6685 milliseconds in repetition 13
Message size: 8
tcp_ping received 196608 bytes back
Round trip time was 0.702 milliseconds in repetition 14
Message size: 8
tcp_ping received 196608 bytes back
Round trip time was 0.7363 milliseconds in repetition 15
Message size: 8
tcp_ping received 196608 bytes back
Round trip time was 0.7873 milliseconds in repetition 16
Message size: 8
tcp_ping received 196608 bytes back
Round trip time was 0.9085 milliseconds in repetition 17
Message size: 8
tcp_ping received 196608 bytes back
Round trip time was 1.0373 milliseconds in repetition 18
Message size: 8
tcp_ping received 196608 bytes back
Round trip time was 0.9291 milliseconds in repetition 19
Message size: 8
tcp_ping received 196608 bytes back
Round trip time was 0.9493 milliseconds in repetition 20
Message size: 8
tcp_ping received 196608 bytes back
Round trip time was 0.8298 milliseconds in repetition 21
Message size: 8
tcp_ping received 196608 bytes back
Round trip time was 0.9608 milliseconds in repetition 22
Message size: 8
tcp_ping received 196608 bytes back
Round trip time was 0.9016 milliseconds in repetition 23
Message size: 8
tcp_ping received 196608 bytes back
Round trip time was 0.7654 milliseconds in repetition 24
Message size: 8
tcp_ping received 196608 bytes back
Round trip time was 0.771 milliseconds in repetition 25
Message size: 8
tcp_ping received 196608 bytes back
Round trip time was 0.7838 milliseconds in repetition 26
Message size: 8
tcp_ping received 196608 bytes back
Round trip time was 0.7206 milliseconds in repetition 27
Message size: 8
tcp_ping received 196608 bytes back
Round trip time was 0.7474 milliseconds in repetition 28
Message size: 8
tcp_ping received 196608 bytes back
Round trip time was 0.7656 milliseconds in repetition 29
Message size: 8
tcp_ping received 196608 bytes back
Round trip time was 0.7672 milliseconds in repetition 30
Message size: 8
tcp_ping received 196608 bytes back
Round trip time was 0.7236 milliseconds in repetition 31
Message size: 8
tcp_ping received 196608 bytes back
Round trip time was 0.9883 milliseconds in repetition 32
Message size: 8
tcp_ping received 196608 bytes back
Round trip time was 1.859 milliseconds in repetition 33
Message size: 8
tcp_ping received 196608 bytes back
Round trip time was 0.8872 milliseconds in repetition 34
Message size: 8
tcp_ping received 196608 bytes back
Round trip time was 0.827 milliseconds in repetition 35
Message size: 8
tcp_ping received 196608 bytes back
Round trip time was 0.7324 milliseconds in repetition 36
Message size: 8
tcp_ping received 196608 bytes back
Round trip time was 0.8346 milliseconds in repetition 37
Message size: 8
tcp_ping received 196608 bytes back
Round trip time was 0.831 milliseconds in repetition 38
Message size: 8
tcp_ping received 196608 bytes back
Round trip time was 0.9023 milliseconds in repetition 39
Message size: 8
tcp_ping received 196608 bytes back
Round trip time was 0.9517 milliseconds in repetition 40
Message size: 8
tcp_ping received 196608 bytes back
Round trip time was 0.8646 milliseconds in repetition 41
Message size: 8
tcp_ping received 196608 bytes back
Round trip time was 1.0366 milliseconds in repetition 42
Message size: 8
tcp_ping received 196608 bytes back
Round trip time was 0.8798 milliseconds in repetition 43
Message size: 8
tcp_ping received 196608 bytes back
Round trip time was 0.8278 milliseconds in repetition 44
Message size: 8
tcp_ping received 196608 bytes back
Round trip time was 0.9392 milliseconds in repetition 45
Message size: 8
tcp_ping received 196608 bytes back
Round trip time was 0.8748 milliseconds in repetition 46
Message size: 8
tcp_ping received 196608 bytes back
Round trip time was 0.9033 milliseconds in repetition 47
Message size: 8
tcp_ping received 196608 bytes back
Round trip time was 0.8123 milliseconds in repetition 48
Message size: 8
tcp_ping received 196608 bytes back
Round trip time was 0.8472 milliseconds in repetition 49
Message size: 8
tcp_ping received 196608 bytes back
Round trip time was 0.8359 milliseconds in repetition 50
Message size: 8
tcp_ping received 196608 bytes back
Round trip time was 0.8257 milliseconds in repetition 51
Message size: 8
tcp_ping received 196608 bytes back
Round trip time was 0.8017 milliseconds in repetition 52
Message size: 8
tcp_ping received 196608 bytes back
Round trip time was 0.7901 milliseconds in repetition 53
Message size: 8
tcp_ping received 196608 bytes back
Round trip time was 0.8046 milliseconds in repetition 54
Message size: 8
tcp_ping received 196608 bytes back
Round trip time was 0.7296 milliseconds in repetition 55
Message size: 8
tcp_ping received 196608 bytes back
Round trip time was 0.7931 milliseconds in repetition 56
Message size: 8
tcp_ping received 196608 bytes back
Round trip time was 0.7992 milliseconds in repetition 57
Message size: 8
tcp_ping received 196608 bytes back
Round trip time was 0.7811 milliseconds in repetition 58
Message size: 8
tcp_ping received 196608 bytes back
Round trip time was 0.8195 milliseconds in repetition 59
Message size: 8
tcp_ping received 196608 bytes back
Round trip time was 0.8636 milliseconds in repetition 60
Message size: 8
tcp_ping received 196608 bytes back
Round trip time was 0.7402 milliseconds in repetition 61
Message size: 8
tcp_ping received 196608 bytes back
Round trip time was 0.7562 milliseconds in repetition 62
Message size: 8
tcp_ping received 196608 bytes back
Round trip time was 0.8692 milliseconds in repetition 63
Message size: 8
tcp_ping received 196608 bytes back
Round trip time was 0.7928 milliseconds in repetition 64
Message size: 8
tcp_ping received 196608 bytes back
Round trip time was 0.8149 milliseconds in repetition 65
Message size: 8
tcp_ping received 196608 bytes back
Round trip time was 0.7159 milliseconds in repetition 66
Message size: 8
tcp_ping received 196608 bytes back
Round trip time was 0.7131 milliseconds in repetition 67
Message size: 8
tcp_ping received 196608 bytes back
Round trip time was 0.7571 milliseconds in repetition 68
Message size: 8
tcp_ping received 196608 bytes back
Round trip time was 0.8234 milliseconds in repetition 69
Message size: 8
tcp_ping received 196608 bytes back
Round trip time was 0.9044 milliseconds in repetition 70
Message size: 8
tcp_ping received 196608 bytes back
Round trip time was 0.8369 milliseconds in repetition 71
Message size: 8
tcp_ping received 196608 bytes back
Round trip time was 0.8269 milliseconds in repetition 72
Message size: 8
tcp_ping received 196608 bytes back
Round trip time was 0.7821 milliseconds in repetition 73
Message size: 8
tcp_ping received 196608 bytes back
Round trip time was 0.7142 milliseconds in repetition 74
Message size: 8
tcp_ping received 196608 bytes back
Round trip time was 0.7434 milliseconds in repetition 75
Message size: 8
tcp_ping received 196608 bytes back
Round trip time was 0.8145 milliseconds in repetition 76
Message size: 8
tcp_ping received 196608 bytes back
Round trip time was 0.7413 milliseconds in repetition 77
Message size: 8
tcp_ping received 196608 bytes back
Round trip time was 0.7549 milliseconds in repetition 78
Message size: 8
tcp_ping received 196608 bytes back
Round trip time was 0.7309 milliseconds in repetition 79
Message size: 8
tcp_ping received 196608 bytes back
Round trip time was 0.7995 milliseconds in repetition 80
Message size: 8
tcp_ping received 196608 bytes back
Round trip time was 0.7953 milliseconds in repetition 81
Message size: 8
tcp_ping received 196608 bytes back
Round trip time was 0.9119 milliseconds in repetition 82
Message size: 8
tcp_ping received 196608 bytes back
Round trip time was 0.881 milliseconds in repetition 83
Message size: 8
tcp_ping received 196608 bytes back
Round trip time was 0.7862 milliseconds in repetition 84
Message size: 8
tcp_ping received 196608 bytes back
Round trip time was 0.7696 milliseconds in repetition 85
Message size: 8
tcp_ping received 196608 bytes back
Round trip time was 0.7437 milliseconds in repetition 86
Message size: 8
tcp_ping received 196608 bytes back
Round trip time was 0.7311 milliseconds in repetition 87
Message size: 8
tcp_ping received 196608 bytes back
Round trip time was 0.7465 milliseconds in repetition 88
Message size: 8
tcp_ping received 196608 bytes back
Round trip time was 0.7594 milliseconds in repetition 89
Message size: 8
tcp_ping received 196608 bytes back
Round trip time was 0.7282 milliseconds in repetition 90
Message size: 8
tcp_ping received 196608 bytes back
Round trip time was 0.7392 milliseconds in repetition 91
Message size: 8
tcp_ping received 196608 bytes back
Round trip time was 0.727 milliseconds in repetition 92
Message size: 8
tcp_ping received 196608 bytes back
Round trip time was 0.8022 milliseconds in repetition 93
Message size: 8
tcp_ping received 196608 bytes back
Round trip time was 0.8322 milliseconds in repetition 94
Message size: 8
tcp_ping received 196608 bytes back
Round trip time was 0.8167 milliseconds in repetition 95
Message size: 8
tcp_ping received 196608 bytes back
Round trip time was 0.8102 milliseconds in repetition 96
Message size: 8
tcp_ping received 196608 bytes back
Round trip time was 0.8093 milliseconds in repetition 97
Message size: 8
tcp_ping received 196608 bytes back
Round trip time was 0.7665 milliseconds in repetition 98
Message size: 8
tcp_ping received 196608 bytes back
Round trip time was 0.819 milliseconds in repetition 99
Message size: 8
tcp_ping received 196608 bytes back
Round trip time was 0.8189 milliseconds in repetition 100
Message size: 8
tcp_ping received 196608 bytes back
Round trip time was 0.8549 milliseconds in repetition 101
Message size: 8
tcp_ping received 196608 bytes back
Round trip time was 0.7877 milliseconds in repetition 102
Message size: 8
tcp_ping received 196608 bytes back
Round trip time was 0.7379 milliseconds in repetition 103
Message size: 8
tcp_ping received 196608 bytes back
Round trip time was 0.7971 milliseconds in repetition 104
Message size: 8
tcp_ping received 196608 bytes back
Round trip time was 0.8416 milliseconds in repetition 105
Message size: 8
tcp_ping received 196608 bytes back
Round trip time was 0.8574 milliseconds in repetition 106
Message size: 8
tcp_ping received 196608 bytes back
Round trip time was 0.809 milliseconds in repetition 107
Message size: 8
tcp_ping received 196608 bytes back
Round trip time was 0.7943 milliseconds in repetition 108
Message size: 8
tcp_ping received 196608 bytes back
Round trip time was 0.7946 milliseconds in repetition 109
Message size: 8
tcp_ping received 196608 bytes back
Round trip time was 0.7575 milliseconds in repetition 110
Message size: 8
tcp_ping received 196608 bytes back
Round trip time was 0.7791 milliseconds in repetition 111
Message size: 8
tcp_ping received 196608 bytes back
Round trip time was 0.7427 milliseconds in repetition 112
Message size: 8
tcp_ping received 196608 bytes back
Round trip time was 0.7518 milliseconds in repetition 113
Message size: 8
tcp_ping received 196608 bytes back
Round trip time was 0.7379 milliseconds in repetition 114
Message size: 8
tcp_ping received 196608 bytes back
Round trip time was 0.8378 milliseconds in repetition 115
Message size: 8
tcp_ping received 196608 bytes back
Round trip time was 0.771 milliseconds in repetition 116
Message size: 8
tcp_ping received 196608 bytes back
Round trip time was 0.8404 milliseconds in repetition 117
Message size: 8
tcp_ping received 196608 bytes back
Round trip time was 0.8627 milliseconds in repetition 118
Message size: 8
tcp_ping received 196608 bytes back
Round trip time was 0.7942 milliseconds in repetition 119
Message size: 8
tcp_ping received 196608 bytes back
Round trip time was 0.7855 milliseconds in repetition 120
Message size: 8
tcp_ping received 196608 bytes back
Round trip time was 0.7277 milliseconds in repetition 121
Message size: 8
tcp_ping received 196608 bytes back
Round trip time was 0.771 milliseconds in repetition 122
Message size: 8
tcp_ping received 196608 bytes back
Round trip time was 0.7298 milliseconds in repetition 123
Message size: 8
tcp_ping received 196608 bytes back
Round trip time was 0.7318 milliseconds in repetition 124
Message size: 8
tcp_ping received 196608 bytes back
Round trip time was 0.7271 milliseconds in repetition 125
Message size: 8
tcp_ping received 196608 bytes back
Round trip time was 0.838 milliseconds in repetition 126
Message size: 8
tcp_ping received 196608 bytes back
Round trip time was 0.9407 milliseconds in repetition 127
Message size: 8
tcp_ping received 196608 bytes back
Round trip time was 0.904801 milliseconds in repetition 128
Message size: 8
tcp_ping received 196608 bytes back
Round trip time was 0.8021 milliseconds in repetition 129
Message size: 8
tcp_ping received 196608 bytes back
Round trip time was 0.7291 milliseconds in repetition 130
Message size: 8
tcp_ping received 196608 bytes back
Round trip time was 0.7462 milliseconds in repetition 131
Message size: 8
tcp_ping received 196608 bytes back
Round trip time was 0.7444 milliseconds in repetition 132
Message size: 8
tcp_ping received 196608 bytes back
Round trip time was 0.7516 milliseconds in repetition 133
Message size: 8
tcp_ping received 196608 bytes back
Round trip time was 0.7649 milliseconds in repetition 134
Message size: 8
tcp_ping received 196608 bytes back
Round trip time was 0.9462 milliseconds in repetition 135
Message size: 8
tcp_ping received 196608 bytes back
Round trip time was 2.673 milliseconds in repetition 136
Message size: 8
tcp_ping received 196608 bytes back
Round trip time was 1.0467 milliseconds in repetition 137
Message size: 8
tcp_ping received 196608 bytes back
Round trip time was 0.8288 milliseconds in repetition 138
Message size: 8
tcp_ping received 196608 bytes back
Round trip time was 0.8793 milliseconds in repetition 139
Message size: 8
tcp_ping received 196608 bytes back
Round trip time was 0.8519 milliseconds in repetition 140
Message size: 8
tcp_ping received 196608 bytes back
Round trip time was 0.802 milliseconds in repetition 141
Message size: 8
tcp_ping received 196608 bytes back
Round trip time was 0.7847 milliseconds in repetition 142
Message size: 8
tcp_ping received 196608 bytes back
Round trip time was 0.7898 milliseconds in repetition 143
Message size: 8
tcp_ping received 196608 bytes back
Round trip time was 0.7864 milliseconds in repetition 144
Message size: 8
tcp_ping received 196608 bytes back
Round trip time was 0.7287 milliseconds in repetition 145
Message size: 8
tcp_ping received 196608 bytes back
Round trip time was 0.7206 milliseconds in repetition 146
Message size: 8
tcp_ping received 196608 bytes back
Round trip time was 0.8222 milliseconds in repetition 147
Message size: 8
tcp_ping received 196608 bytes back
Round trip time was 0.8523 milliseconds in repetition 148
Message size: 8
tcp_ping received 196608 bytes back
Round trip time was 0.9477 milliseconds in repetition 149
Message size: 8
tcp_ping received 196608 bytes back
Round trip time was 0.8869 milliseconds in repetition 150
Message size: 8
tcp_ping received 196608 bytes back
Round trip time was 0.7759 milliseconds in repetition 151
Message size: 8
tcp_ping received 196608 bytes back
Round trip time was 0.7836 milliseconds in repetition 152
Message size: 8
tcp_ping received 196608 bytes back
Round trip time was 0.7371 milliseconds in repetition 153
Message size: 8
tcp_ping received 196608 bytes back
Round trip time was 0.7999 milliseconds in repetition 154
Message size: 8
tcp_ping received 196608 bytes back
Round trip time was 0.7759 milliseconds in repetition 155
Message size: 8
tcp_ping received 196608 bytes back
Round trip time was 0.8064 milliseconds in repetition 156
Message size: 8
tcp_ping received 196608 bytes back
Round trip time was 0.7205 milliseconds in repetition 157
Message size: 8
tcp_ping received 196608 bytes back
Round trip time was 0.7307 milliseconds in repetition 158
Message size: 8
tcp_ping received 196608 bytes back
Round trip time was 0.8816 milliseconds in repetition 159
Message size: 8
tcp_ping received 196608 bytes back
Round trip time was 1.3389 milliseconds in repetition 160
Message size: 8
tcp_ping received 196608 bytes back
Round trip time was 0.7367 milliseconds in repetition 161
Message size: 8
tcp_ping received 196608 bytes back
Round trip time was 0.855 milliseconds in repetition 162
Message size: 8
tcp_ping received 196608 bytes back
Round trip time was 0.7927 milliseconds in repetition 163
Message size: 8
tcp_ping received 196608 bytes back
Round trip time was 0.7395 milliseconds in repetition 164
Message size: 8
tcp_ping received 196608 bytes back
Round trip time was 0.77 milliseconds in repetition 165
Message size: 8
tcp_ping received 196608 bytes back
Round trip time was 0.7626 milliseconds in repetition 166
Message size: 8
tcp_ping received 196608 bytes back
Round trip time was 0.7529 milliseconds in repetition 167
Message size: 8
tcp_ping received 196608 bytes back
Round trip time was 0.9916 milliseconds in repetition 168
Message size: 8
tcp_ping received 196608 bytes back
Round trip time was 0.9359 milliseconds in repetition 169
Message size: 8
tcp_ping received 196608 bytes back
Round trip time was 1.0116 milliseconds in repetition 170
Message size: 8
tcp_ping received 196608 bytes back
Round trip time was 0.9956 milliseconds in repetition 171
Message size: 8
tcp_ping received 196608 bytes back
Round trip time was 0.982 milliseconds in repetition 172
Message size: 8
tcp_ping received 196608 bytes back
Round trip time was 0.895 milliseconds in repetition 173
Message size: 8
tcp_ping received 196608 bytes back
Round trip time was 0.828 milliseconds in repetition 174
Message size: 8
tcp_ping received 196608 bytes back
Round trip time was 0.7321 milliseconds in repetition 175
Message size: 8
tcp_ping received 196608 bytes back
Round trip time was 0.8053 milliseconds in repetition 176
Message size: 8
tcp_ping received 196608 bytes back
Round trip time was 0.9607 milliseconds in repetition 177
Message size: 8
tcp_ping received 196608 bytes back
Round trip time was 1.5861 milliseconds in repetition 178
Message size: 8
tcp_ping received 196608 bytes back
Round trip time was 1.6371 milliseconds in repetition 179
Message size: 8
tcp_ping received 196608 bytes back
Round trip time was 1.5254 milliseconds in repetition 180
Message size: 8
tcp_ping received 196608 bytes back
Round trip time was 1.4484 milliseconds in repetition 181
Message size: 8
tcp_ping received 196608 bytes back
Round trip time was 0.9144 milliseconds in repetition 182
Message size: 8
tcp_ping received 196608 bytes back
Round trip time was 0.9537 milliseconds in repetition 183
Message size: 8
tcp_ping received 196608 bytes back
Round trip time was 0.9735 milliseconds in repetition 184
Message size: 8
tcp_ping received 196608 bytes back
Round trip time was 0.8613 milliseconds in repetition 185
Message size: 8
tcp_ping received 196608 bytes back
Round trip time was 0.9031 milliseconds in repetition 186
Message size: 8
tcp_ping received 196608 bytes back
Round trip time was 0.9063 milliseconds in repetition 187
Message size: 8
tcp_ping received 196608 bytes back
Round trip time was 0.9528 milliseconds in repetition 188
Message size: 8
tcp_ping received 196608 bytes back
Round trip time was 0.9529 milliseconds in repetition 189
Message size: 8
tcp_ping received 196608 bytes back
Round trip time was 0.8952 milliseconds in repetition 190
Message size: 8
tcp_ping received 196608 bytes back
Round trip time was 0.8968 milliseconds in repetition 191
Message size: 8
tcp_ping received 196608 bytes back
Round trip time was 0.8893 milliseconds in repetition 192
Message size: 8
tcp_ping received 196608 bytes back
Round trip time was 0.9268 milliseconds in repetition 193
Message size: 8
tcp_ping received 196608 bytes back
Round trip time was 0.8493 milliseconds in repetition 194
Message size: 8
tcp_ping received 196608 bytes back
Round trip time was 1.2211 milliseconds in repetition 195
Message size: 8
tcp_ping received 196608 bytes back
Round trip time was 1.4611 milliseconds in repetition 196
Message size: 8
tcp_ping received 196608 bytes back
Round trip time was 1.197 milliseconds in repetition 197
Message size: 8
tcp_ping received 196608 bytes back
Round trip time was 1.0776 milliseconds in repetition 198
Message size: 8
tcp_ping received 196608 bytes back
Round trip time was 0.8628 milliseconds in repetition 199
Message size: 8
tcp_ping received 196608 bytes back
Round trip time was 1.1596 milliseconds in repetition 200
Message size: 8
tcp_ping received 196608 bytes back
Round trip time was 0.7908 milliseconds in repetition 201
Message size: 8
tcp_ping received 196608 bytes back
Round trip time was 0.7787 milliseconds in repetition 202
Message size: 8
tcp_ping received 196608 bytes back
Round trip time was 0.8445 milliseconds in repetition 203
Message size: 8
tcp_ping received 196608 bytes back
Round trip time was 0.8323 milliseconds in repetition 204
Message size: 8
tcp_ping received 196608 bytes back
Round trip time was 1.1634 milliseconds in repetition 205
Message size: 8
tcp_ping received 196608 bytes back
Round trip time was 0.8821 milliseconds in repetition 206
Message size: 8
tcp_ping received 196608 bytes back
Round trip time was 0.8974 milliseconds in repetition 207
Message size: 8
tcp_ping received 196608 bytes back
Round trip time was 0.8669 milliseconds in repetition 208
Message size: 8
tcp_ping received 196608 bytes back
Round trip time was 0.9296 milliseconds in repetition 209
Message size: 8
tcp_ping received 196608 bytes back
Round trip time was 0.8565 milliseconds in repetition 210
Message size: 8
tcp_ping received 196608 bytes back
Round trip time was 0.9466 milliseconds in repetition 211
Message size: 8
tcp_ping received 196608 bytes back
Round trip time was 0.8372 milliseconds in repetition 212
Message size: 8
tcp_ping received 196608 bytes back
Round trip time was 1.3201 milliseconds in repetition 213
Message size: 8
tcp_ping received 196608 bytes back
Round trip time was 1.2414 milliseconds in repetition 214
Message size: 8
tcp_ping received 196608 bytes back
Round trip time was 1.4442 milliseconds in repetition 215
Message size: 8
tcp_ping received 196608 bytes back
Round trip time was 1.3718 milliseconds in repetition 216
Message size: 8
tcp_ping received 196608 bytes back
Round trip time was 0.8736 milliseconds in repetition 217
Message size: 8
tcp_ping received 196608 bytes back
Round trip time was 1.2233 milliseconds in repetition 218
Message size: 8
tcp_ping received 196608 bytes back
Round trip time was 0.8787 milliseconds in repetition 219
Message size: 8
tcp_ping received 196608 bytes back
Round trip time was 0.8841 milliseconds in repetition 220
Message size: 8
tcp_ping received 196608 bytes back
Round trip time was 0.9055 milliseconds in repetition 221
Message size: 8
tcp_ping received 196608 bytes back
Round trip time was 1.1245 milliseconds in repetition 222
Message size: 8
tcp_ping received 196608 bytes back
Round trip time was 1.2831 milliseconds in repetition 223
Message size: 8
tcp_ping received 196608 bytes back
Round trip time was 1.2403 milliseconds in repetition 224
Message size: 8
tcp_ping received 196608 bytes back
Round trip time was 1.522 milliseconds in repetition 225
Message size: 8
tcp_ping received 196608 bytes back
Round trip time was 1.3498 milliseconds in repetition 226
Message size: 8
tcp_ping received 196608 bytes back
Round trip time was 1.4643 milliseconds in repetition 227
Message size: 8
tcp_ping received 196608 bytes back
Round trip time was 1.2379 milliseconds in repetition 228
Message size: 8
tcp_ping received 196608 bytes back
Round trip time was 1.1119 milliseconds in repetition 229
Message size: 8
tcp_ping received 196608 bytes back
Round trip time was 1.4063 milliseconds in repetition 230
Message size: 8
tcp_ping received 196608 bytes back
Round trip time was 1.5178 milliseconds in repetition 231
Message size: 8
tcp_ping received 196608 bytes back
Round trip time was 1.4082 milliseconds in repetition 232
Message size: 8
tcp_ping received 196608 bytes back
Round trip time was 1.564 milliseconds in repetition 233
Message size: 8
tcp_ping received 196608 bytes back
Round trip time was 1.1719 milliseconds in repetition 234
Message size: 8
tcp_ping received 196608 bytes back
Round trip time was 0.9541 milliseconds in repetition 235
Message size: 8
tcp_ping received 196608 bytes back
Round trip time was 1.1051 milliseconds in repetition 236
Message size: 8
tcp_ping received 196608 bytes back
Round trip time was 1.5719 milliseconds in repetition 237
Message size: 8
tcp_ping received 196608 bytes back
Round trip time was 1.3271 milliseconds in repetition 238
Message size: 8
tcp_ping received 196608 bytes back
Round trip time was 1.2162 milliseconds in repetition 239
Message size: 8
tcp_ping received 196608 bytes back
Round trip time was 1.3694 milliseconds in repetition 240
Message size: 8
tcp_ping received 196608 bytes back
Round trip time was 1.5009 milliseconds in repetition 241
Message size: 8
tcp_ping received 196608 bytes back
Round trip time was 1.6151 milliseconds in repetition 242
Message size: 8
tcp_ping received 196608 bytes back
Round trip time was 1.5779 milliseconds in repetition 243
Message size: 8
tcp_ping received 196608 bytes back
Round trip time was 1.4708 milliseconds in repetition 244
Message size: 8
tcp_ping received 196608 bytes back
Round trip time was 1.7686 milliseconds in repetition 245
Message size: 8
tcp_ping received 196608 bytes back
Round trip time was 1.9494 milliseconds in repetition 246
Message size: 8
tcp_ping received 196608 bytes back
Round trip time was 4.8902 milliseconds in repetition 247
Message size: 8
tcp_ping received 196608 bytes back
Round trip time was 1.6185 milliseconds in repetition 248
Message size: 8
tcp_ping received 196608 bytes back
Round trip time was 1.4265 milliseconds in repetition 249
Message size: 8
tcp_ping received 196608 bytes back
Round trip time was 1.4122 milliseconds in repetition 250
Message size: 8
tcp_ping received 196608 bytes back
Round trip time was 1.1523 milliseconds in repetition 251
Message size: 8
tcp_ping received 196608 bytes back
Round trip time was 1.0515 milliseconds in repetition 252
Message size: 8
tcp_ping received 196608 bytes back
Round trip time was 1.3443 milliseconds in repetition 253
Message size: 8
tcp_ping received 196608 bytes back
Round trip time was 2.2916 milliseconds in repetition 254
Message size: 8
tcp_ping received 196608 bytes back
Round trip time was 1.9298 milliseconds in repetition 255
Message size: 8
tcp_ping received 196608 bytes back
Round trip time was 1.8133 milliseconds in repetition 256
Message size: 8
tcp_ping received 196608 bytes back
Round trip time was 2.2908 milliseconds in repetition 257
Message size: 8
tcp_ping received 196608 bytes back
Round trip time was 2.0141 milliseconds in repetition 258
Message size: 8
tcp_ping received 196608 bytes back
Round trip time was 1.3899 milliseconds in repetition 259
Message size: 8
tcp_ping received 196608 bytes back
Round trip time was 1.063 milliseconds in repetition 260
Message size: 8
tcp_ping received 196608 bytes back
Round trip time was 1.5197 milliseconds in repetition 261
Message size: 8
tcp_ping received 196608 bytes back
Round trip time was 1.7098 milliseconds in repetition 262
Message size: 8
tcp_ping received 196608 bytes back
Round trip time was 1.5985 milliseconds in repetition 263
Message size: 8
tcp_ping received 196608 bytes back
Round trip time was 2.3864 milliseconds in repetition 264
Message size: 8
tcp_ping received 196608 bytes back
Round trip time was 1.6992 milliseconds in repetition 265
Message size: 8
tcp_ping received 196608 bytes back
Round trip time was 3.0039 milliseconds in repetition 266
Message size: 8
tcp_ping received 196608 bytes back
Round trip time was 1.5108 milliseconds in repetition 267
Message size: 8
tcp_ping received 196608 bytes back
Round trip time was 1.6629 milliseconds in repetition 268
Message size: 8
tcp_ping received 196608 bytes back
Round trip time was 1.6413 milliseconds in repetition 269
Message size: 8
tcp_ping received 196608 bytes back
Round trip time was 2.1404 milliseconds in repetition 270
Message size: 8
tcp_ping received 196608 bytes back
Round trip time was 1.6047 milliseconds in repetition 271
Message size: 8
tcp_ping received 196608 bytes back
Round trip time was 1.6909 milliseconds in repetition 272
Message size: 8
tcp_ping received 196608 bytes back
Round trip time was 3.4885 milliseconds in repetition 273
Message size: 8
tcp_ping received 196608 bytes back
Round trip time was 1.7979 milliseconds in repetition 274
Message size: 8
tcp_ping received 196608 bytes back
Round trip time was 1.9432 milliseconds in repetition 275
Message size: 8
tcp_ping received 196608 bytes back
Round trip time was 1.8749 milliseconds in repetition 276
Message size: 8
tcp_ping received 196608 bytes back
Round trip time was 2.2853 milliseconds in repetition 277
Message size: 8
tcp_ping received 196608 bytes back
Round trip time was 1.6279 milliseconds in repetition 278
Message size: 8
tcp_ping received 196608 bytes back
Round trip time was 1.9676 milliseconds in repetition 279
Message size: 8
tcp_ping received 196608 bytes back
Round trip time was 2.4604 milliseconds in repetition 280
Message size: 8
tcp_ping received 196608 bytes back
Round trip time was 1.5443 milliseconds in repetition 281
Message size: 8
tcp_ping received 196608 bytes back
Round trip time was 2.7081 milliseconds in repetition 282
Message size: 8
tcp_ping received 196608 bytes back
Round trip time was 1.187 milliseconds in repetition 283
Message size: 8
tcp_ping received 196608 bytes back
Round trip time was 0.9599 milliseconds in repetition 284
Message size: 8
tcp_ping received 196608 bytes back
Round trip time was 1.0224 milliseconds in repetition 285
Message size: 8
tcp_ping received 196608 bytes back
Round trip time was 0.9279 milliseconds in repetition 286
Message size: 8
tcp_ping received 196608 bytes back
Round trip time was 0.9609 milliseconds in repetition 287
Message size: 8
tcp_ping received 196608 bytes back
Round trip time was 1.508 milliseconds in repetition 288
Message size: 8
tcp_ping received 196608 bytes back
Round trip time was 0.9171 milliseconds in repetition 289
Message size: 8
tcp_ping received 196608 bytes back
Round trip time was 0.8826 milliseconds in repetition 290
Message size: 8
tcp_ping received 196608 bytes back
Round trip time was 0.9551 milliseconds in repetition 291
Message size: 8
tcp_ping received 196608 bytes back
Round trip time was 1.0117 milliseconds in repetition 292
Message size: 8
tcp_ping received 196608 bytes back
Round trip time was 1.3825 milliseconds in repetition 293
Message size: 8
tcp_ping received 196608 bytes back
Round trip time was 1.426 milliseconds in repetition 294
Message size: 8
tcp_ping received 196608 bytes back
Round trip time was 1.1941 milliseconds in repetition 295
Message size: 8
tcp_ping received 196608 bytes back
Round trip time was 0.9749 milliseconds in repetition 296
Message size: 8
tcp_ping received 196608 bytes back
Round trip time was 0.9351 milliseconds in repetition 297
Message size: 8
tcp_ping received 196608 bytes back
Round trip time was 1.0824 milliseconds in repetition 298
Message size: 8
tcp_ping received 196608 bytes back
Round trip time was 0.8111 milliseconds in repetition 299
Message size: 8
tcp_ping received 196608 bytes back
Round trip time was 0.8515 milliseconds in repetition 300
Message size: 8
tcp_ping received 196608 bytes back
Round trip time was 0.8203 milliseconds in repetition 301
Message size: 8
tcp_ping received 196608 bytes back
Round trip time was 0.9513 milliseconds in repetition 302
Message size: 8
tcp_ping received 196608 bytes back
Round trip time was 0.9861 milliseconds in repetition 303
Message size: 8
tcp_ping received 196608 bytes back
Round trip time was 0.8276 milliseconds in repetition 304
Message size: 8
tcp_ping received 196608 bytes back
Round trip time was 0.7903 milliseconds in repetition 305
Message size: 8
tcp_ping received 196608 bytes back
Round trip time was 0.8134 milliseconds in repetition 306
Message size: 8
tcp_ping received 196608 bytes back
Round trip time was 0.8173 milliseconds in repetition 307
Message size: 8
tcp_ping received 196608 bytes back
Round trip time was 0.8381 milliseconds in repetition 308
Message size: 8
tcp_ping received 196608 bytes back
Round trip time was 0.7221 milliseconds in repetition 309
Message size: 8
tcp_ping received 196608 bytes back
Round trip time was 0.914 milliseconds in repetition 310
Message size: 8
tcp_ping received 196608 bytes back
Round trip time was 1.2118 milliseconds in repetition 311
Message size: 8
tcp_ping received 196608 bytes back
Round trip time was 0.8693 milliseconds in repetition 312
Message size: 8
tcp_ping received 196608 bytes back
Round trip time was 0.8326 milliseconds in repetition 313
Message size: 8
tcp_ping received 196608 bytes back
Round trip time was 0.8447 milliseconds in repetition 314
Message size: 8
tcp_ping received 196608 bytes back
Round trip time was 0.8224 milliseconds in repetition 315
Message size: 8
tcp_ping received 196608 bytes back
Round trip time was 0.8313 milliseconds in repetition 316
Message size: 8
tcp_ping received 196608 bytes back
Round trip time was 0.9029 milliseconds in repetition 317
Message size: 8
tcp_ping received 196608 bytes back
Round trip time was 0.8211 milliseconds in repetition 318
Message size: 8
tcp_ping received 196608 bytes back
Round trip time was 0.8719 milliseconds in repetition 319
Message size: 8
tcp_ping received 196608 bytes back
Round trip time was 0.8754 milliseconds in repetition 320
Message size: 8
tcp_ping received 196608 bytes back
Round trip time was 0.7744 milliseconds in repetition 321
Message size: 8
tcp_ping received 196608 bytes back
Round trip time was 0.9187 milliseconds in repetition 322
Message size: 8
tcp_ping received 196608 bytes back
Round trip time was 0.8384 milliseconds in repetition 323
Message size: 8
tcp_ping received 196608 bytes back
Round trip time was 0.8927 milliseconds in repetition 324
Message size: 8
tcp_ping received 196608 bytes back
Round trip time was 0.883 milliseconds in repetition 325
Message size: 8
tcp_ping received 196608 bytes back
Round trip time was 0.7701 milliseconds in repetition 326
Message size: 8
tcp_ping received 196608 bytes back
Round trip time was 0.7615 milliseconds in repetition 327
Message size: 8
tcp_ping received 196608 bytes back
Round trip time was 0.7446 milliseconds in repetition 328
Message size: 8
tcp_ping received 196608 bytes back
Round trip time was 0.6999 milliseconds in repetition 329
Message size: 8
tcp_ping received 196608 bytes back
Round trip time was 0.6692 milliseconds in repetition 330
Message size: 8
tcp_ping received 196608 bytes back
Round trip time was 0.6722 milliseconds in repetition 331
Message size: 8
tcp_ping received 196608 bytes back
Round trip time was 0.6736 milliseconds in repetition 332
Message size: 8
tcp_ping received 196608 bytes back
Round trip time was 0.6936 milliseconds in repetition 333
Message size: 8
tcp_ping received 196608 bytes back
Round trip time was 0.7662 milliseconds in repetition 334
Message size: 8
tcp_ping received 196608 bytes back
Round trip time was 0.7508 milliseconds in repetition 335
Message size: 8
tcp_ping received 196608 bytes back
Round trip time was 0.7155 milliseconds in repetition 336
Message size: 8
tcp_ping received 196608 bytes back
Round trip time was 0.6698 milliseconds in repetition 337
Message size: 8
tcp_ping received 196608 bytes back
Round trip time was 0.6684 milliseconds in repetition 338
Message size: 8
tcp_ping received 196608 bytes back
Round trip time was 0.6687 milliseconds in repetition 339
Message size: 8
tcp_ping received 196608 bytes back
Round trip time was 0.7007 milliseconds in repetition 340
Message size: 8
tcp_ping received 196608 bytes back
Round trip time was 0.6996 milliseconds in repetition 341
Message size: 8
tcp_ping received 196608 bytes back
Round trip time was 0.706 milliseconds in repetition 342
Message size: 8
tcp_ping received 196608 bytes back
Round trip time was 0.6701 milliseconds in repetition 343
Message size: 8
tcp_ping received 196608 bytes back
Round trip time was 0.6688 milliseconds in repetition 344
Message size: 8
tcp_ping received 196608 bytes back
Round trip time was 0.7092 milliseconds in repetition 345
Message size: 8
tcp_ping received 196608 bytes back
Round trip time was 0.7197 milliseconds in repetition 346
Message size: 8
tcp_ping received 196608 bytes back
Round trip time was 0.7614 milliseconds in repetition 347
Message size: 8
tcp_ping received 196608 bytes back
Round trip time was 0.7229 milliseconds in repetition 348
Message size: 8
tcp_ping received 196608 bytes back
Round trip time was 0.6935 milliseconds in repetition 349
Message size: 8
tcp_ping received 196608 bytes back
Round trip time was 0.7322 milliseconds in repetition 350
Message size: 8
tcp_ping received 196608 bytes back
Round trip time was 0.7058 milliseconds in repetition 351
Message size: 8
tcp_ping received 196608 bytes back
Round trip time was 0.6705 milliseconds in repetition 352
Message size: 8
tcp_ping received 196608 bytes back
Round trip time was 0.6703 milliseconds in repetition 353
Message size: 8
tcp_ping received 196608 bytes back
Round trip time was 0.7787 milliseconds in repetition 354
Message size: 8
tcp_ping received 196608 bytes back
Round trip time was 0.8559 milliseconds in repetition 355
Message size: 8
tcp_ping received 196608 bytes back
Round trip time was 0.7603 milliseconds in repetition 356
Message size: 8
tcp_ping received 196608 bytes back
Round trip time was 0.7798 milliseconds in repetition 357
Message size: 8
tcp_ping received 196608 bytes back
Round trip time was 0.7695 milliseconds in repetition 358
Message size: 8
tcp_ping received 196608 bytes back
Round trip time was 0.8596 milliseconds in repetition 359
Message size: 8
tcp_ping received 196608 bytes back
Round trip time was 0.7424 milliseconds in repetition 360
Message size: 8
tcp_ping received 196608 bytes back
Round trip time was 0.7293 milliseconds in repetition 361
Message size: 8
tcp_ping received 196608 bytes back
Round trip time was 0.7183 milliseconds in repetition 362
Message size: 8
tcp_ping received 196608 bytes back
Round trip time was 0.683 milliseconds in repetition 363
Message size: 8
tcp_ping received 196608 bytes back
Round trip time was 0.7216 milliseconds in repetition 364
Message size: 8
tcp_ping received 196608 bytes back
Round trip time was 0.7057 milliseconds in repetition 365
Message size: 8
tcp_ping received 196608 bytes back
Round trip time was 0.7068 milliseconds in repetition 366
Message size: 8
tcp_ping received 196608 bytes back
Round trip time was 0.6964 milliseconds in repetition 367
Message size: 8
tcp_ping received 196608 bytes back
Round trip time was 0.735 milliseconds in repetition 368
Message size: 8
tcp_ping received 196608 bytes back
Round trip time was 0.7114 milliseconds in repetition 369
Message size: 8
tcp_ping received 196608 bytes back
Round trip time was 0.6964 milliseconds in repetition 370
Message size: 8
tcp_ping received 196608 bytes back
Round trip time was 0.686 milliseconds in repetition 371
Message size: 8
tcp_ping received 196608 bytes back
Round trip time was 0.7223 milliseconds in repetition 372
Message size: 8
tcp_ping received 196608 bytes back
Round trip time was 0.7173 milliseconds in repetition 373
Message size: 8
tcp_ping received 196608 bytes back
Round trip time was 0.7523 milliseconds in repetition 374
Message size: 8
tcp_ping received 196608 bytes back
Round trip time was 0.6692 milliseconds in repetition 375
Message size: 8
tcp_ping received 196608 bytes back
Round trip time was 0.7377 milliseconds in repetition 376
Message size: 8
tcp_ping received 196608 bytes back
Round trip time was 0.6689 milliseconds in repetition 377
Message size: 8
tcp_ping received 196608 bytes back
Round trip time was 0.6702 milliseconds in repetition 378
Message size: 8
tcp_ping received 196608 bytes back
Round trip time was 0.7564 milliseconds in repetition 379
Message size: 8
tcp_ping received 196608 bytes back
Round trip time was 0.7455 milliseconds in repetition 380
Message size: 8
tcp_ping received 196608 bytes back
Round trip time was 0.6747 milliseconds in repetition 381
Message size: 8
tcp_ping received 196608 bytes back
Round trip time was 0.789 milliseconds in repetition 382
Message size: 8
tcp_ping received 196608 bytes back
Round trip time was 0.668 milliseconds in repetition 383
Message size: 8
tcp_ping received 196608 bytes back
Round trip time was 0.7393 milliseconds in repetition 384
Message size: 8
tcp_ping received 196608 bytes back
Round trip time was 0.7116 milliseconds in repetition 385
Message size: 8
tcp_ping received 196608 bytes back
Round trip time was 0.6736 milliseconds in repetition 386
Message size: 8
tcp_ping received 196608 bytes back
Round trip time was 0.8352 milliseconds in repetition 387
Message size: 8
tcp_ping received 196608 bytes back
Round trip time was 0.7506 milliseconds in repetition 388
Message size: 8
tcp_ping received 196608 bytes back
Round trip time was 0.7578 milliseconds in repetition 389
Message size: 8
tcp_ping received 196608 bytes back
Round trip time was 0.6676 milliseconds in repetition 390
Message size: 8
tcp_ping received 196608 bytes back
Round trip time was 0.6675 milliseconds in repetition 391
Message size: 8
tcp_ping received 196608 bytes back
Round trip time was 0.6828 milliseconds in repetition 392
Message size: 8
tcp_ping received 196608 bytes back
Round trip time was 0.9426 milliseconds in repetition 393
Message size: 8
tcp_ping received 196608 bytes back
Round trip time was 0.6737 milliseconds in repetition 394
Message size: 8
tcp_ping received 196608 bytes back
Round trip time was 0.6672 milliseconds in repetition 395
Message size: 8
tcp_ping received 196608 bytes back
Round trip time was 0.6865 milliseconds in repetition 396
Message size: 8
tcp_ping received 196608 bytes back
Round trip time was 0.7227 milliseconds in repetition 397
Message size: 8
tcp_ping received 196608 bytes back
Round trip time was 0.676 milliseconds in repetition 398
Message size: 8
tcp_ping received 196608 bytes back
Round trip time was 0.7062 milliseconds in repetition 399
Message size: 8
tcp_ping received 196608 bytes back
Round trip time was 0.8206 milliseconds in repetition 400
Message size: 8
tcp_ping received 196608 bytes back
Round trip time was 0.7903 milliseconds in repetition 401
Message size: 8
tcp_ping received 196608 bytes back
Round trip time was 0.6874 milliseconds in repetition 402
Message size: 8
tcp_ping received 196608 bytes back
Round trip time was 0.7193 milliseconds in repetition 403
Message size: 8
tcp_ping received 196608 bytes back
Round trip time was 0.6821 milliseconds in repetition 404
Message size: 8
tcp_ping received 196608 bytes back
Round trip time was 0.6706 milliseconds in repetition 405
Message size: 8
tcp_ping received 196608 bytes back
Round trip time was 0.678 milliseconds in repetition 406
Message size: 8
tcp_ping received 196608 bytes back
Round trip time was 0.672 milliseconds in repetition 407
Message size: 8
tcp_ping received 196608 bytes back
Round trip time was 0.6684 milliseconds in repetition 408
Message size: 8
tcp_ping received 196608 bytes back
Round trip time was 0.704 milliseconds in repetition 409
Message size: 8
tcp_ping received 196608 bytes back
Round trip time was 0.6685 milliseconds in repetition 410
Message size: 8
tcp_ping received 196608 bytes back
Round trip time was 0.7416 milliseconds in repetition 411
Message size: 8
tcp_ping received 196608 bytes back
Round trip time was 1.0533 milliseconds in repetition 412
Message size: 8
tcp_ping received 196608 bytes back
Round trip time was 0.7774 milliseconds in repetition 413
Message size: 8
tcp_ping received 196608 bytes back
Round trip time was 0.6783 milliseconds in repetition 414
Message size: 8
tcp_ping received 196608 bytes back
Round trip time was 0.6754 milliseconds in repetition 415
Message size: 8
tcp_ping received 196608 bytes back
Round trip time was 0.7359 milliseconds in repetition 416
Message size: 8
tcp_ping received 196608 bytes back
Round trip time was 0.7036 milliseconds in repetition 417
Message size: 8
tcp_ping received 196608 bytes back
Round trip time was 0.726 milliseconds in repetition 418
Message size: 8
tcp_ping received 196608 bytes back
Round trip time was 0.7148 milliseconds in repetition 419
Message size: 8
tcp_ping received 196608 bytes back
Round trip time was 0.7659 milliseconds in repetition 420
Message size: 8
tcp_ping received 196608 bytes back
Round trip time was 0.7293 milliseconds in repetition 421
Message size: 8
tcp_ping received 196608 bytes back
Round trip time was 0.749 milliseconds in repetition 422
Message size: 8
tcp_ping received 196608 bytes back
Round trip time was 0.746 milliseconds in repetition 423
Message size: 8
tcp_ping received 196608 bytes back
Round trip time was 0.7925 milliseconds in repetition 424
Message size: 8
tcp_ping received 196608 bytes back
Round trip time was 0.7261 milliseconds in repetition 425
Message size: 8
tcp_ping received 196608 bytes back
Round trip time was 0.6916 milliseconds in repetition 426
Message size: 8
tcp_ping received 196608 bytes back
Round trip time was 0.6716 milliseconds in repetition 427
Message size: 8
tcp_ping received 196608 bytes back
Round trip time was 0.6851 milliseconds in repetition 428
Message size: 8
tcp_ping received 196608 bytes back
Round trip time was 0.7421 milliseconds in repetition 429
Message size: 8
tcp_ping received 196608 bytes back
Round trip time was 0.6941 milliseconds in repetition 430
Message size: 8
tcp_ping received 196608 bytes back
Round trip time was 0.6884 milliseconds in repetition 431
Message size: 8
tcp_ping received 196608 bytes back
Round trip time was 0.7849 milliseconds in repetition 432
Message size: 8
tcp_ping received 196608 bytes back
Round trip time was 0.6779 milliseconds in repetition 433
Message size: 8
tcp_ping received 196608 bytes back
Round trip time was 0.6902 milliseconds in repetition 434
Message size: 8
tcp_ping received 196608 bytes back
Round trip time was 0.7123 milliseconds in repetition 435
Message size: 8
tcp_ping received 196608 bytes back
Round trip time was 0.6923 milliseconds in repetition 436
Message size: 8
tcp_ping received 196608 bytes back
Round trip time was 0.7074 milliseconds in repetition 437
Message size: 8
tcp_ping received 196608 bytes back
Round trip time was 0.8067 milliseconds in repetition 438
Message size: 8
tcp_ping received 196608 bytes back
Round trip time was 0.7567 milliseconds in repetition 439
Message size: 8
tcp_ping received 196608 bytes back
Round trip time was 0.7502 milliseconds in repetition 440
Message size: 8
tcp_ping received 196608 bytes back
Round trip time was 0.7044 milliseconds in repetition 441
Message size: 8
tcp_ping received 196608 bytes back
Round trip time was 0.7066 milliseconds in repetition 442
Message size: 8
tcp_ping received 196608 bytes back
Round trip time was 0.7927 milliseconds in repetition 443
Message size: 8
tcp_ping received 196608 bytes back
Round trip time was 0.719901 milliseconds in repetition 444
Message size: 8
tcp_ping received 196608 bytes back
Round trip time was 0.7057 milliseconds in repetition 445
Message size: 8
tcp_ping received 196608 bytes back
Round trip time was 0.6742 milliseconds in repetition 446
Message size: 8
tcp_ping received 196608 bytes back
Round trip time was 0.7182 milliseconds in repetition 447
Message size: 8
tcp_ping received 196608 bytes back
Round trip time was 0.7734 milliseconds in repetition 448
Message size: 8
tcp_ping received 196608 bytes back
Round trip time was 0.7236 milliseconds in repetition 449
Message size: 8
tcp_ping received 196608 bytes back
Round trip time was 0.6701 milliseconds in repetition 450
Message size: 8
tcp_ping received 196608 bytes back
Round trip time was 0.7827 milliseconds in repetition 451
Message size: 8
tcp_ping received 196608 bytes back
Round trip time was 0.691 milliseconds in repetition 452
Message size: 8
tcp_ping received 196608 bytes back
Round trip time was 0.6881 milliseconds in repetition 453
Message size: 8
tcp_ping received 196608 bytes back
Round trip time was 0.6744 milliseconds in repetition 454
Message size: 8
tcp_ping received 196608 bytes back
Round trip time was 0.7557 milliseconds in repetition 455
Message size: 8
tcp_ping received 196608 bytes back
Round trip time was 0.8079 milliseconds in repetition 456
Message size: 8
tcp_ping received 196608 bytes back
Round trip time was 0.7504 milliseconds in repetition 457
Message size: 8
tcp_ping received 196608 bytes back
Round trip time was 0.6243 milliseconds in repetition 458
Message size: 8
tcp_ping received 196608 bytes back
Round trip time was 0.7611 milliseconds in repetition 459
Message size: 8
tcp_ping received 196608 bytes back
Round trip time was 0.7237 milliseconds in repetition 460
Message size: 8
tcp_ping received 196608 bytes back
Round trip time was 0.7107 milliseconds in repetition 461
Message size: 8
tcp_ping received 196608 bytes back
Round trip time was 0.7432 milliseconds in repetition 462
Message size: 8
tcp_ping received 196608 bytes back
Round trip time was 0.8243 milliseconds in repetition 463
Message size: 8
tcp_ping received 196608 bytes back
Round trip time was 0.7731 milliseconds in repetition 464
Message size: 8
tcp_ping received 196608 bytes back
Round trip time was 0.7158 milliseconds in repetition 465
Message size: 8
tcp_ping received 196608 bytes back
Round trip time was 0.7136 milliseconds in repetition 466
Message size: 8
tcp_ping received 196608 bytes back
Round trip time was 0.7159 milliseconds in repetition 467
Message size: 8
tcp_ping received 196608 bytes back
Round trip time was 0.6563 milliseconds in repetition 468
Message size: 8
tcp_ping received 196608 bytes back
Round trip time was 0.8079 milliseconds in repetition 469
Message size: 8
tcp_ping received 196608 bytes back
Round trip time was 1.0577 milliseconds in repetition 470
Message size: 8
tcp_ping received 196608 bytes back
Round trip time was 0.8326 milliseconds in repetition 471
Message size: 8
tcp_ping received 196608 bytes back
Round trip time was 0.8347 milliseconds in repetition 472
Message size: 8
tcp_ping received 196608 bytes back
Round trip time was 0.7749 milliseconds in repetition 473
Message size: 8
tcp_ping received 196608 bytes back
Round trip time was 0.7969 milliseconds in repetition 474
Message size: 8
tcp_ping received 196608 bytes back
Round trip time was 0.7802 milliseconds in repetition 475
Message size: 8
tcp_ping received 196608 bytes back
Round trip time was 0.7067 milliseconds in repetition 476
Message size: 8
tcp_ping received 196608 bytes back
Round trip time was 0.7226 milliseconds in repetition 477
Message size: 8
tcp_ping received 196608 bytes back
Round trip time was 0.7004 milliseconds in repetition 478
Message size: 8
tcp_ping received 196608 bytes back
Round trip time was 0.6696 milliseconds in repetition 479
Message size: 8
tcp_ping received 196608 bytes back
Round trip time was 0.6845 milliseconds in repetition 480
Message size: 8
tcp_ping received 196608 bytes back
Round trip time was 0.7007 milliseconds in repetition 481
Message size: 8
tcp_ping received 196608 bytes back
Round trip time was 0.6711 milliseconds in repetition 482
Message size: 8
tcp_ping received 196608 bytes back
Round trip time was 0.7779 milliseconds in repetition 483
Message size: 8
tcp_ping received 196608 bytes back
Round trip time was 0.7881 milliseconds in repetition 484
Message size: 8
tcp_ping received 196608 bytes back
Round trip time was 0.7683 milliseconds in repetition 485
Message size: 8
tcp_ping received 196608 bytes back
Round trip time was 0.7488 milliseconds in repetition 486
Message size: 8
tcp_ping received 196608 bytes back
Round trip time was 0.6847 milliseconds in repetition 487
Message size: 8
tcp_ping received 196608 bytes back
Round trip time was 0.8107 milliseconds in repetition 488
Message size: 8
tcp_ping received 196608 bytes back
Round trip time was 0.8118 milliseconds in repetition 489
Message size: 8
tcp_ping received 196608 bytes back
Round trip time was 0.6877 milliseconds in repetition 490
Message size: 8
tcp_ping received 196608 bytes back
Round trip time was 0.7667 milliseconds in repetition 491
Message size: 8
tcp_ping received 196608 bytes back
Round trip time was 0.7116 milliseconds in repetition 492
Message size: 8
tcp_ping received 196608 bytes back
Round trip time was 0.7006 milliseconds in repetition 493
Message size: 8
tcp_ping received 196608 bytes back
Round trip time was 0.7268 milliseconds in repetition 494
Message size: 8
tcp_ping received 196608 bytes back
Round trip time was 0.8085 milliseconds in repetition 495
Message size: 8
tcp_ping received 196608 bytes back
Round trip time was 0.7653 milliseconds in repetition 496
Message size: 8
tcp_ping received 196608 bytes back
Round trip time was 0.7813 milliseconds in repetition 497
Message size: 8
tcp_ping received 196608 bytes back
Round trip time was 0.7868 milliseconds in repetition 498
Message size: 8
tcp_ping received 196608 bytes back
Round trip time was 0.817 milliseconds in repetition 499
Message size: 8
tcp_ping received 196608 bytes back
Round trip time was 0.7199 milliseconds in repetition 500
Message size: 8
tcp_ping received 196608 bytes back
Round trip time was 0.7504 milliseconds in repetition 501

 ... clock resolution was 1e-06
TCP Ping:  Statistics over 501 repetitions of 196608 byte messages

RTT : percentile 10: 0.6851, median: 0.7931, percentile 90: 1.426, average: 0.92877, variance: 0.162115

RTT histogram:
0.6243 136
0.837595 250
1.05089 38
1.26418 20
1.47748 24
1.69077 13
1.90407 8
2.11736 2
2.33066 4
2.54395 1
2.75725 2
2.97055 1
3.18384 0
3.39714 1
3.61043 0
3.82373 0
4.03702 0
4.25032 0
4.46361 0
4.67691 0
4.8902 1

   median Throughput : 495796 KB/s   overall Throughput : 423373 KB/s

