TCP Ping trying to connect to server localhost (127.0.0.1) on port 1491
Connected with the server
 ... connected to Pong server: asking for 501 repetitions of 8192 bytes TCP messages
 ... Pong server agreed :-)
Message size: 8
tcp_ping received 8192 bytes back
Round trip time was 0.1673 milliseconds in repetition 1
Message size: 8
tcp_ping received 8192 bytes back
Round trip time was 0.0921 milliseconds in repetition 2
Message size: 8
tcp_ping received 8192 bytes back
Round trip time was 0.096 milliseconds in repetition 3
Message size: 8
tcp_ping received 8192 bytes back
Round trip time was 0.1171 milliseconds in repetition 4
Message size: 8
tcp_ping received 8192 bytes back
Round trip time was 0.135 milliseconds in repetition 5
Message size: 8
tcp_ping received 8192 bytes back
Round trip time was 0.0918 milliseconds in repetition 6
Message size: 8
tcp_ping received 8192 bytes back
Round trip time was 0.087 milliseconds in repetition 7
Message size: 8
tcp_ping received 8192 bytes back
Round trip time was 0.0855 milliseconds in repetition 8
Message size: 8
tcp_ping received 8192 bytes back
Round trip time was 0.1028 milliseconds in repetition 9
Message size: 8
tcp_ping received 8192 bytes back
Round trip time was 0.0776 milliseconds in repetition 10
Message size: 8
tcp_ping received 8192 bytes back
Round trip time was 0.0732 milliseconds in repetition 11
Message size: 8
tcp_ping received 8192 bytes back
Round trip time was 0.0723 milliseconds in repetition 12
Message size: 8
tcp_ping received 8192 bytes back
Round trip time was 0.0836 milliseconds in repetition 13
Message size: 8
tcp_ping received 8192 bytes back
Round trip time was 0.1013 milliseconds in repetition 14
Message size: 8
tcp_ping received 8192 bytes back
Round trip time was 0.0791 milliseconds in repetition 15
Message size: 8
tcp_ping received 8192 bytes back
Round trip time was 0.0723 milliseconds in repetition 16
Message size: 8
tcp_ping received 8192 bytes back
Round trip time was 0.0729 milliseconds in repetition 17
Message size: 8
tcp_ping received 8192 bytes back
Round trip time was 0.0755 milliseconds in repetition 18
Message size: 8
tcp_ping received 8192 bytes back
Round trip time was 0.092 milliseconds in repetition 19
Message size: 8
tcp_ping received 8192 bytes back
Round trip time was 0.0726 milliseconds in repetition 20
Message size: 8
tcp_ping received 8192 bytes back
Round trip time was 0.0871 milliseconds in repetition 21
Message size: 8
tcp_ping received 8192 bytes back
Round trip time was 0.0833 milliseconds in repetition 22
Message size: 8
tcp_ping received 8192 bytes back
Round trip time was 0.2928 milliseconds in repetition 23
Message size: 8
tcp_ping received 8192 bytes back
Round trip time was 0.0888 milliseconds in repetition 24
Message size: 8
tcp_ping received 8192 bytes back
Round trip time was 0.0837 milliseconds in repetition 25
Message size: 8
tcp_ping received 8192 bytes back
Round trip time was 0.0833 milliseconds in repetition 26
Message size: 8
tcp_ping received 8192 bytes back
Round trip time was 0.0927 milliseconds in repetition 27
Message size: 8
tcp_ping received 8192 bytes back
Round trip time was 0.0887 milliseconds in repetition 28
Message size: 8
tcp_ping received 8192 bytes back
Round trip time was 0.1013 milliseconds in repetition 29
Message size: 8
tcp_ping received 8192 bytes back
Round trip time was 0.1077 milliseconds in repetition 30
Message size: 8
tcp_ping received 8192 bytes back
Round trip time was 0.1065 milliseconds in repetition 31
Message size: 8
tcp_ping received 8192 bytes back
Round trip time was 0.0868 milliseconds in repetition 32
Message size: 8
tcp_ping received 8192 bytes back
Round trip time was 0.1184 milliseconds in repetition 33
Message size: 8
tcp_ping received 8192 bytes back
Round trip time was 0.0891 milliseconds in repetition 34
Message size: 8
tcp_ping received 8192 bytes back
Round trip time was 0.0941 milliseconds in repetition 35
Message size: 8
tcp_ping received 8192 bytes back
Round trip time was 0.1039 milliseconds in repetition 36
Message size: 8
tcp_ping received 8192 bytes back
Round trip time was 0.1018 milliseconds in repetition 37
Message size: 8
tcp_ping received 8192 bytes back
Round trip time was 0.1104 milliseconds in repetition 38
Message size: 8
tcp_ping received 8192 bytes back
Round trip time was 0.1267 milliseconds in repetition 39
Message size: 8
tcp_ping received 8192 bytes back
Round trip time was 0.0901 milliseconds in repetition 40
Message size: 8
tcp_ping received 8192 bytes back
Round trip time was 0.0887 milliseconds in repetition 41
Message size: 8
tcp_ping received 8192 bytes back
Round trip time was 0.1049 milliseconds in repetition 42
Message size: 8
tcp_ping received 8192 bytes back
Round trip time was 0.0959 milliseconds in repetition 43
Message size: 8
tcp_ping received 8192 bytes back
Round trip time was 0.0877 milliseconds in repetition 44
Message size: 8
tcp_ping received 8192 bytes back
Round trip time was 0.1081 milliseconds in repetition 45
Message size: 8
tcp_ping received 8192 bytes back
Round trip time was 0.0962 milliseconds in repetition 46
Message size: 8
tcp_ping received 8192 bytes back
Round trip time was 0.4154 milliseconds in repetition 47
Message size: 8
tcp_ping received 8192 bytes back
Round trip time was 0.0974 milliseconds in repetition 48
Message size: 8
tcp_ping received 8192 bytes back
Round trip time was 0.1045 milliseconds in repetition 49
Message size: 8
tcp_ping received 8192 bytes back
Round trip time was 0.0934 milliseconds in repetition 50
Message size: 8
tcp_ping received 8192 bytes back
Round trip time was 0.089 milliseconds in repetition 51
Message size: 8
tcp_ping received 8192 bytes back
Round trip time was 0.1215 milliseconds in repetition 52
Message size: 8
tcp_ping received 8192 bytes back
Round trip time was 0.107 milliseconds in repetition 53
Message size: 8
tcp_ping received 8192 bytes back
Round trip time was 0.0951 milliseconds in repetition 54
Message size: 8
tcp_ping received 8192 bytes back
Round trip time was 0.0911 milliseconds in repetition 55
Message size: 8
tcp_ping received 8192 bytes back
Round trip time was 0.0944 milliseconds in repetition 56
Message size: 8
tcp_ping received 8192 bytes back
Round trip time was 0.0896 milliseconds in repetition 57
Message size: 8
tcp_ping received 8192 bytes back
Round trip time was 0.0842 milliseconds in repetition 58
Message size: 8
tcp_ping received 8192 bytes back
Round trip time was 0.0805 milliseconds in repetition 59
Message size: 8
tcp_ping received 8192 bytes back
Round trip time was 0.0806 milliseconds in repetition 60
Message size: 8
tcp_ping received 8192 bytes back
Round trip time was 0.0803 milliseconds in repetition 61
Message size: 8
tcp_ping received 8192 bytes back
Round trip time was 0.0941 milliseconds in repetition 62
Message size: 8
tcp_ping received 8192 bytes back
Round trip time was 0.0841 milliseconds in repetition 63
Message size: 8
tcp_ping received 8192 bytes back
Round trip time was 0.1289 milliseconds in repetition 64
Message size: 8
tcp_ping received 8192 bytes back
Round trip time was 0.0852 milliseconds in repetition 65
Message size: 8
tcp_ping received 8192 bytes back
Round trip time was 0.0837 milliseconds in repetition 66
Message size: 8
tcp_ping received 8192 bytes back
Round trip time was 0.0879 milliseconds in repetition 67
Message size: 8
tcp_ping received 8192 bytes back
Round trip time was 0.083 milliseconds in repetition 68
Message size: 8
tcp_ping received 8192 bytes back
Round trip time was 0.0795 milliseconds in repetition 69
Message size: 8
tcp_ping received 8192 bytes back
Round trip time was 0.0798 milliseconds in repetition 70
Message size: 8
tcp_ping received 8192 bytes back
Round trip time was 0.0972 milliseconds in repetition 71
Message size: 8
tcp_ping received 8192 bytes back
Round trip time was 0.0793 milliseconds in repetition 72
Message size: 8
tcp_ping received 8192 bytes back
Round trip time was 0.0796 milliseconds in repetition 73
Message size: 8
tcp_ping received 8192 bytes back
Round trip time was 0.0801 milliseconds in repetition 74
Message size: 8
tcp_ping received 8192 bytes back
Round trip time was 0.0793 milliseconds in repetition 75
Message size: 8
tcp_ping received 8192 bytes back
Round trip time was 0.094 milliseconds in repetition 76
Message size: 8
tcp_ping received 8192 bytes back
Round trip time was 0.0993 milliseconds in repetition 77
Message size: 8
tcp_ping received 8192 bytes back
Round trip time was 0.0991 milliseconds in repetition 78
Message size: 8
tcp_ping received 8192 bytes back
Round trip time was 0.1059 milliseconds in repetition 79
Message size: 8
tcp_ping received 8192 bytes back
Round trip time was 0.1032 milliseconds in repetition 80
Message size: 8
tcp_ping received 8192 bytes back
Round trip time was 0.4095 milliseconds in repetition 81
Message size: 8
tcp_ping received 8192 bytes back
Round trip time was 0.2145 milliseconds in repetition 82
Message size: 8
tcp_ping received 8192 bytes back
Round trip time was 0.4964 milliseconds in repetition 83
Message size: 8
tcp_ping received 8192 bytes back
Round trip time was 0.2643 milliseconds in repetition 84
Message size: 8
tcp_ping received 8192 bytes back
Round trip time was 0.1375 milliseconds in repetition 85
Message size: 8
tcp_ping received 8192 bytes back
Round trip time was 0.0997 milliseconds in repetition 86
Message size: 8
tcp_ping received 8192 bytes back
Round trip time was 0.0858 milliseconds in repetition 87
Message size: 8
tcp_ping received 8192 bytes back
Round trip time was 0.1111 milliseconds in repetition 88
Message size: 8
tcp_ping received 8192 bytes back
Round trip time was 0.1001 milliseconds in repetition 89
Message size: 8
tcp_ping received 8192 bytes back
Round trip time was 0.4328 milliseconds in repetition 90
Message size: 8
tcp_ping received 8192 bytes back
Round trip time was 0.0865 milliseconds in repetition 91
Message size: 8
tcp_ping received 8192 bytes back
Round trip time was 0.0841 milliseconds in repetition 92
Message size: 8
tcp_ping received 8192 bytes back
Round trip time was 0.0847 milliseconds in repetition 93
Message size: 8
tcp_ping received 8192 bytes back
Round trip time was 0.0842 milliseconds in repetition 94
Message size: 8
tcp_ping received 8192 bytes back
Round trip time was 0.0891 milliseconds in repetition 95
Message size: 8
tcp_ping received 8192 bytes back
Round trip time was 0.0819 milliseconds in repetition 96
Message size: 8
tcp_ping received 8192 bytes back
Round trip time was 0.0812 milliseconds in repetition 97
Message size: 8
tcp_ping received 8192 bytes back
Round trip time was 0.0798 milliseconds in repetition 98
Message size: 8
tcp_ping received 8192 bytes back
Round trip time was 0.0795 milliseconds in repetition 99
Message size: 8
tcp_ping received 8192 bytes back
Round trip time was 0.1137 milliseconds in repetition 100
Message size: 8
tcp_ping received 8192 bytes back
Round trip time was 0.0743 milliseconds in repetition 101
Message size: 8
tcp_ping received 8192 bytes back
Round trip time was 0.0717 milliseconds in repetition 102
Message size: 8
tcp_ping received 8192 bytes back
Round trip time was 0.0723 milliseconds in repetition 103
Message size: 8
tcp_ping received 8192 bytes back
Round trip time was 0.0719 milliseconds in repetition 104
Message size: 8
tcp_ping received 8192 bytes back
Round trip time was 0.0756 milliseconds in repetition 105
Message size: 8
tcp_ping received 8192 bytes back
Round trip time was 0.0726 milliseconds in repetition 106
Message size: 8
tcp_ping received 8192 bytes back
Round trip time was 0.0718 milliseconds in repetition 107
Message size: 8
tcp_ping received 8192 bytes back
Round trip time was 0.0717 milliseconds in repetition 108
Message size: 8
tcp_ping received 8192 bytes back
Round trip time was 0.0716 milliseconds in repetition 109
Message size: 8
tcp_ping received 8192 bytes back
Round trip time was 0.0717 milliseconds in repetition 110
Message size: 8
tcp_ping received 8192 bytes back
Round trip time was 0.0722 milliseconds in repetition 111
Message size: 8
tcp_ping received 8192 bytes back
Round trip time was 0.0719 milliseconds in repetition 112
Message size: 8
tcp_ping received 8192 bytes back
Round trip time was 0.0723 milliseconds in repetition 113
Message size: 8
tcp_ping received 8192 bytes back
Round trip time was 0.0717 milliseconds in repetition 114
Message size: 8
tcp_ping received 8192 bytes back
Round trip time was 0.0722 milliseconds in repetition 115
Message size: 8
tcp_ping received 8192 bytes back
Round trip time was 0.0717 milliseconds in repetition 116
Message size: 8
tcp_ping received 8192 bytes back
Round trip time was 0.0717 milliseconds in repetition 117
Message size: 8
tcp_ping received 8192 bytes back
Round trip time was 0.1043 milliseconds in repetition 118
Message size: 8
tcp_ping received 8192 bytes back
Round trip time was 0.0789 milliseconds in repetition 119
Message size: 8
tcp_ping received 8192 bytes back
Round trip time was 0.0733 milliseconds in repetition 120
Message size: 8
tcp_ping received 8192 bytes back
Round trip time was 0.0727 milliseconds in repetition 121
Message size: 8
tcp_ping received 8192 bytes back
Round trip time was 0.073 milliseconds in repetition 122
Message size: 8
tcp_ping received 8192 bytes back
Round trip time was 0.0728 milliseconds in repetition 123
Message size: 8
tcp_ping received 8192 bytes back
Round trip time was 0.0887 milliseconds in repetition 124
Message size: 8
tcp_ping received 8192 bytes back
Round trip time was 0.0743 milliseconds in repetition 125
Message size: 8
tcp_ping received 8192 bytes back
Round trip time was 0.0785 milliseconds in repetition 126
Message size: 8
tcp_ping received 8192 bytes back
Round trip time was 0.0809 milliseconds in repetition 127
Message size: 8
tcp_ping received 8192 bytes back
Round trip time was 0.2173 milliseconds in repetition 128
Message size: 8
tcp_ping received 8192 bytes back
Round trip time was 0.0745 milliseconds in repetition 129
Message size: 8
tcp_ping received 8192 bytes back
Round trip time was 0.0732 milliseconds in repetition 130
Message size: 8
tcp_ping received 8192 bytes back
Round trip time was 0.0733 milliseconds in repetition 131
Message size: 8
tcp_ping received 8192 bytes back
Round trip time was 0.0729 milliseconds in repetition 132
Message size: 8
tcp_ping received 8192 bytes back
Round trip time was 0.0744 milliseconds in repetition 133
Message size: 8
tcp_ping received 8192 bytes back
Round trip time was 0.0978 milliseconds in repetition 134
Message size: 8
tcp_ping received 8192 bytes back
Round trip time was 0.0789 milliseconds in repetition 135
Message size: 8
tcp_ping received 8192 bytes back
Round trip time was 0.0728 milliseconds in repetition 136
Message size: 8
tcp_ping received 8192 bytes back
Round trip time was 0.0728 milliseconds in repetition 137
Message size: 8
tcp_ping received 8192 bytes back
Round trip time was 0.0756 milliseconds in repetition 138
Message size: 8
tcp_ping received 8192 bytes back
Round trip time was 0.0735 milliseconds in repetition 139
Message size: 8
tcp_ping received 8192 bytes back
Round trip time was 0.0725 milliseconds in repetition 140
Message size: 8
tcp_ping received 8192 bytes back
Round trip time was 0.0727 milliseconds in repetition 141
Message size: 8
tcp_ping received 8192 bytes back
Round trip time was 0.0726 milliseconds in repetition 142
Message size: 8
tcp_ping received 8192 bytes back
Round trip time was 0.0759 milliseconds in repetition 143
Message size: 8
tcp_ping received 8192 bytes back
Round trip time was 0.0738 milliseconds in repetition 144
Message size: 8
tcp_ping received 8192 bytes back
Round trip time was 0.0734 milliseconds in repetition 145
Message size: 8
tcp_ping received 8192 bytes back
Round trip time was 0.0729 milliseconds in repetition 146
Message size: 8
tcp_ping received 8192 bytes back
Round trip time was 0.2218 milliseconds in repetition 147
Message size: 8
tcp_ping received 8192 bytes back
Round trip time was 0.074 milliseconds in repetition 148
Message size: 8
tcp_ping received 8192 bytes back
Round trip time was 0.0739 milliseconds in repetition 149
Message size: 8
tcp_ping received 8192 bytes back
Round trip time was 0.089 milliseconds in repetition 150
Message size: 8
tcp_ping received 8192 bytes back
Round trip time was 0.084 milliseconds in repetition 151
Message size: 8
tcp_ping received 8192 bytes back
Round trip time was 0.0773 milliseconds in repetition 152
Message size: 8
tcp_ping received 8192 bytes back
Round trip time was 0.0766 milliseconds in repetition 153
Message size: 8
tcp_ping received 8192 bytes back
Round trip time was 0.0759 milliseconds in repetition 154
Message size: 8
tcp_ping received 8192 bytes back
Round trip time was 0.0759 milliseconds in repetition 155
Message size: 8
tcp_ping received 8192 bytes back
Round trip time was 0.0769 milliseconds in repetition 156
Message size: 8
tcp_ping received 8192 bytes back
Round trip time was 0.0923 milliseconds in repetition 157
Message size: 8
tcp_ping received 8192 bytes back
Round trip time was 0.0796 milliseconds in repetition 158
Message size: 8
tcp_ping received 8192 bytes back
Round trip time was 0.0728 milliseconds in repetition 159
Message size: 8
tcp_ping received 8192 bytes back
Round trip time was 0.0724 milliseconds in repetition 160
Message size: 8
tcp_ping received 8192 bytes back
Round trip time was 0.0843 milliseconds in repetition 161
Message size: 8
tcp_ping received 8192 bytes back
Round trip time was 0.0804 milliseconds in repetition 162
Message size: 8
tcp_ping received 8192 bytes back
Round trip time was 0.0907 milliseconds in repetition 163
Message size: 8
tcp_ping received 8192 bytes back
Round trip time was 0.0725 milliseconds in repetition 164
Message size: 8
tcp_ping received 8192 bytes back
Round trip time was 0.0719 milliseconds in repetition 165
Message size: 8
tcp_ping received 8192 bytes back
Round trip time was 0.2868 milliseconds in repetition 166
Message size: 8
tcp_ping received 8192 bytes back
Round trip time was 0.0737 milliseconds in repetition 167
Message size: 8
tcp_ping received 8192 bytes back
Round trip time was 0.0733 milliseconds in repetition 168
Message size: 8
tcp_ping received 8192 bytes back
Round trip time was 0.0725 milliseconds in repetition 169
Message size: 8
tcp_ping received 8192 bytes back
Round trip time was 0.0723 milliseconds in repetition 170
Message size: 8
tcp_ping received 8192 bytes back
Round trip time was 0.074 milliseconds in repetition 171
Message size: 8
tcp_ping received 8192 bytes back
Round trip time was 0.0729 milliseconds in repetition 172
Message size: 8
tcp_ping received 8192 bytes back
Round trip time was 0.072 milliseconds in repetition 173
Message size: 8
tcp_ping received 8192 bytes back
Round trip time was 0.0825 milliseconds in repetition 174
Message size: 8
tcp_ping received 8192 bytes back
Round trip time was 0.0719 milliseconds in repetition 175
Message size: 8
tcp_ping received 8192 bytes back
Round trip time was 0.0743 milliseconds in repetition 176
Message size: 8
tcp_ping received 8192 bytes back
Round trip time was 0.0726 milliseconds in repetition 177
Message size: 8
tcp_ping received 8192 bytes back
Round trip time was 0.0719 milliseconds in repetition 178
Message size: 8
tcp_ping received 8192 bytes back
Round trip time was 0.0721 milliseconds in repetition 179
Message size: 8
tcp_ping received 8192 bytes back
Round trip time was 0.118 milliseconds in repetition 180
Message size: 8
tcp_ping received 8192 bytes back
Round trip time was 0.0964 milliseconds in repetition 181
Message size: 8
tcp_ping received 8192 bytes back
Round trip time was 0.0926 milliseconds in repetition 182
Message size: 8
tcp_ping received 8192 bytes back
Round trip time was 0.0819 milliseconds in repetition 183
Message size: 8
tcp_ping received 8192 bytes back
Round trip time was 0.1106 milliseconds in repetition 184
Message size: 8
tcp_ping received 8192 bytes back
Round trip time was 0.4542 milliseconds in repetition 185
Message size: 8
tcp_ping received 8192 bytes back
Round trip time was 0.0773 milliseconds in repetition 186
Message size: 8
tcp_ping received 8192 bytes back
Round trip time was 0.0793 milliseconds in repetition 187
Message size: 8
tcp_ping received 8192 bytes back
Round trip time was 0.0863 milliseconds in repetition 188
Message size: 8
tcp_ping received 8192 bytes back
Round trip time was 0.0881 milliseconds in repetition 189
Message size: 8
tcp_ping received 8192 bytes back
Round trip time was 0.0987 milliseconds in repetition 190
Message size: 8
tcp_ping received 8192 bytes back
Round trip time was 0.093 milliseconds in repetition 191
Message size: 8
tcp_ping received 8192 bytes back
Round trip time was 0.0767 milliseconds in repetition 192
Message size: 8
tcp_ping received 8192 bytes back
Round trip time was 0.1492 milliseconds in repetition 193
Message size: 8
tcp_ping received 8192 bytes back
Round trip time was 0.1351 milliseconds in repetition 194
Message size: 8
tcp_ping received 8192 bytes back
Round trip time was 0.2229 milliseconds in repetition 195
Message size: 8
tcp_ping received 8192 bytes back
Round trip time was 0.1714 milliseconds in repetition 196
Message size: 8
tcp_ping received 8192 bytes back
Round trip time was 0.1512 milliseconds in repetition 197
Message size: 8
tcp_ping received 8192 bytes back
Round trip time was 0.1321 milliseconds in repetition 198
Message size: 8
tcp_ping received 8192 bytes back
Round trip time was 0.1102 milliseconds in repetition 199
Message size: 8
tcp_ping received 8192 bytes back
Round trip time was 0.1111 milliseconds in repetition 200
Message size: 8
tcp_ping received 8192 bytes back
Round trip time was 0.0852 milliseconds in repetition 201
Message size: 8
tcp_ping received 8192 bytes back
Round trip time was 0.0803 milliseconds in repetition 202
Message size: 8
tcp_ping received 8192 bytes back
Round trip time was 0.0914 milliseconds in repetition 203
Message size: 8
tcp_ping received 8192 bytes back
Round trip time was 2.9937 milliseconds in repetition 204
Message size: 8
tcp_ping received 8192 bytes back
Round trip time was 0.1796 milliseconds in repetition 205
Message size: 8
tcp_ping received 8192 bytes back
Round trip time was 0.1055 milliseconds in repetition 206
Message size: 8
tcp_ping received 8192 bytes back
Round trip time was 0.1103 milliseconds in repetition 207
Message size: 8
tcp_ping received 8192 bytes back
Round trip time was 0.1281 milliseconds in repetition 208
Message size: 8
tcp_ping received 8192 bytes back
Round trip time was 0.172 milliseconds in repetition 209
Message size: 8
tcp_ping received 8192 bytes back
Round trip time was 0.0913 milliseconds in repetition 210
Message size: 8
tcp_ping received 8192 bytes back
Round trip time was 0.114 milliseconds in repetition 211
Message size: 8
tcp_ping received 8192 bytes back
Round trip time was 0.0874 milliseconds in repetition 212
Message size: 8
tcp_ping received 8192 bytes back
Round trip time was 0.0967 milliseconds in repetition 213
Message size: 8
tcp_ping received 8192 bytes back
Round trip time was 0.2172 milliseconds in repetition 214
Message size: 8
tcp_ping received 8192 bytes back
Round trip time was 0.1595 milliseconds in repetition 215
Message size: 8
tcp_ping received 8192 bytes back
Round trip time was 0.1079 milliseconds in repetition 216
Message size: 8
tcp_ping received 8192 bytes back
Round trip time was 0.0863 milliseconds in repetition 217
Message size: 8
tcp_ping received 8192 bytes back
Round trip time was 0.0893 milliseconds in repetition 218
Message size: 8
tcp_ping received 8192 bytes back
Round trip time was 0.1181 milliseconds in repetition 219
Message size: 8
tcp_ping received 8192 bytes back
Round trip time was 0.0805 milliseconds in repetition 220
Message size: 8
tcp_ping received 8192 bytes back
Round trip time was 0.082 milliseconds in repetition 221
Message size: 8
tcp_ping received 8192 bytes back
Round trip time was 0.0896 milliseconds in repetition 222
Message size: 8
tcp_ping received 8192 bytes back
Round trip time was 0.5411 milliseconds in repetition 223
Message size: 8
tcp_ping received 8192 bytes back
Round trip time was 0.0838 milliseconds in repetition 224
Message size: 8
tcp_ping received 8192 bytes back
Round trip time was 0.091 milliseconds in repetition 225
Message size: 8
tcp_ping received 8192 bytes back
Round trip time was 0.0818 milliseconds in repetition 226
Message size: 8
tcp_ping received 8192 bytes back
Round trip time was 0.0735 milliseconds in repetition 227
Message size: 8
tcp_ping received 8192 bytes back
Round trip time was 0.1008 milliseconds in repetition 228
Message size: 8
tcp_ping received 8192 bytes back
Round trip time was 0.0743 milliseconds in repetition 229
Message size: 8
tcp_ping received 8192 bytes back
Round trip time was 0.0843 milliseconds in repetition 230
Message size: 8
tcp_ping received 8192 bytes back
Round trip time was 0.0896 milliseconds in repetition 231
Message size: 8
tcp_ping received 8192 bytes back
Round trip time was 0.0872 milliseconds in repetition 232
Message size: 8
tcp_ping received 8192 bytes back
Round trip time was 0.0853 milliseconds in repetition 233
Message size: 8
tcp_ping received 8192 bytes back
Round trip time was 0.0753 milliseconds in repetition 234
Message size: 8
tcp_ping received 8192 bytes back
Round trip time was 0.0881 milliseconds in repetition 235
Message size: 8
tcp_ping received 8192 bytes back
Round trip time was 0.1191 milliseconds in repetition 236
Message size: 8
tcp_ping received 8192 bytes back
Round trip time was 0.0936 milliseconds in repetition 237
Message size: 8
tcp_ping received 8192 bytes back
Round trip time was 0.2703 milliseconds in repetition 238
Message size: 8
tcp_ping received 8192 bytes back
Round trip time was 0.1231 milliseconds in repetition 239
Message size: 8
tcp_ping received 8192 bytes back
Round trip time was 0.1455 milliseconds in repetition 240
Message size: 8
tcp_ping received 8192 bytes back
Round trip time was 0.1098 milliseconds in repetition 241
Message size: 8
tcp_ping received 8192 bytes back
Round trip time was 0.6022 milliseconds in repetition 242
Message size: 8
tcp_ping received 8192 bytes back
Round trip time was 0.1195 milliseconds in repetition 243
Message size: 8
tcp_ping received 8192 bytes back
Round trip time was 0.0968 milliseconds in repetition 244
Message size: 8
tcp_ping received 8192 bytes back
Round trip time was 0.0903 milliseconds in repetition 245
Message size: 8
tcp_ping received 8192 bytes back
Round trip time was 0.104 milliseconds in repetition 246
Message size: 8
tcp_ping received 8192 bytes back
Round trip time was 0.1171 milliseconds in repetition 247
Message size: 8
tcp_ping received 8192 bytes back
Round trip time was 0.093 milliseconds in repetition 248
Message size: 8
tcp_ping received 8192 bytes back
Round trip time was 0.1305 milliseconds in repetition 249
Message size: 8
tcp_ping received 8192 bytes back
Round trip time was 0.1937 milliseconds in repetition 250
Message size: 8
tcp_ping received 8192 bytes back
Round trip time was 0.1062 milliseconds in repetition 251
Message size: 8
tcp_ping received 8192 bytes back
Round trip time was 0.1116 milliseconds in repetition 252
Message size: 8
tcp_ping received 8192 bytes back
Round trip time was 0.1215 milliseconds in repetition 253
Message size: 8
tcp_ping received 8192 bytes back
Round trip time was 0.077 milliseconds in repetition 254
Message size: 8
tcp_ping received 8192 bytes back
Round trip time was 0.132 milliseconds in repetition 255
Message size: 8
tcp_ping received 8192 bytes back
Round trip time was 0.0857 milliseconds in repetition 256
Message size: 8
tcp_ping received 8192 bytes back
Round trip time was 0.106 milliseconds in repetition 257
Message size: 8
tcp_ping received 8192 bytes back
Round trip time was 0.148 milliseconds in repetition 258
Message size: 8
tcp_ping received 8192 bytes back
Round trip time was 0.086 milliseconds in repetition 259
Message size: 8
tcp_ping received 8192 bytes back
Round trip time was 0.0916 milliseconds in repetition 260
Message size: 8
tcp_ping received 8192 bytes back
Round trip time was 0.5404 milliseconds in repetition 261
Message size: 8
tcp_ping received 8192 bytes back
Round trip time was 0.1994 milliseconds in repetition 262
Message size: 8
tcp_ping received 8192 bytes back
Round trip time was 0.1127 milliseconds in repetition 263
Message size: 8
tcp_ping received 8192 bytes back
Round trip time was 0.0877 milliseconds in repetition 264
Message size: 8
tcp_ping received 8192 bytes back
Round trip time was 0.0736 milliseconds in repetition 265
Message size: 8
tcp_ping received 8192 bytes back
Round trip time was 0.094 milliseconds in repetition 266
Message size: 8
tcp_ping received 8192 bytes back
Round trip time was 0.0727 milliseconds in repetition 267
Message size: 8
tcp_ping received 8192 bytes back
Round trip time was 0.0723 milliseconds in repetition 268
Message size: 8
tcp_ping received 8192 bytes back
Round trip time was 0.0942 milliseconds in repetition 269
Message size: 8
tcp_ping received 8192 bytes back
Round trip time was 0.0789 milliseconds in repetition 270
Message size: 8
tcp_ping received 8192 bytes back
Round trip time was 0.074 milliseconds in repetition 271
Message size: 8
tcp_ping received 8192 bytes back
Round trip time was 0.0724 milliseconds in repetition 272
Message size: 8
tcp_ping received 8192 bytes back
Round trip time was 0.0713 milliseconds in repetition 273
Message size: 8
tcp_ping received 8192 bytes back
Round trip time was 0.0713 milliseconds in repetition 274
Message size: 8
tcp_ping received 8192 bytes back
Round trip time was 0.0854 milliseconds in repetition 275
Message size: 8
tcp_ping received 8192 bytes back
Round trip time was 0.0785 milliseconds in repetition 276
Message size: 8
tcp_ping received 8192 bytes back
Round trip time was 0.0769 milliseconds in repetition 277
Message size: 8
tcp_ping received 8192 bytes back
Round trip time was 0.0756 milliseconds in repetition 278
Message size: 8
tcp_ping received 8192 bytes back
Round trip time was 0.0751 milliseconds in repetition 279
Message size: 8
tcp_ping received 8192 bytes back
Round trip time was 0.2858 milliseconds in repetition 280
Message size: 8
tcp_ping received 8192 bytes back
Round trip time was 0.0762 milliseconds in repetition 281
Message size: 8
tcp_ping received 8192 bytes back
Round trip time was 0.0984 milliseconds in repetition 282
Message size: 8
tcp_ping received 8192 bytes back
Round trip time was 0.0751 milliseconds in repetition 283
Message size: 8
tcp_ping received 8192 bytes back
Round trip time was 0.0938 milliseconds in repetition 284
Message size: 8
tcp_ping received 8192 bytes back
Round trip time was 0.0727 milliseconds in repetition 285
Message size: 8
tcp_ping received 8192 bytes back
Round trip time was 0.0702 milliseconds in repetition 286
Message size: 8
tcp_ping received 8192 bytes back
Round trip time was 0.0697 milliseconds in repetition 287
Message size: 8
tcp_ping received 8192 bytes back
Round trip time was 0.0693 milliseconds in repetition 288
Message size: 8
tcp_ping received 8192 bytes back
Round trip time was 0.0705 milliseconds in repetition 289
Message size: 8
tcp_ping received 8192 bytes back
Round trip time was 0.077 milliseconds in repetition 290
Message size: 8
tcp_ping received 8192 bytes back
Round trip time was 0.111 milliseconds in repetition 291
Message size: 8
tcp_ping received 8192 bytes back
Round trip time was 0.0738 milliseconds in repetition 292
Message size: 8
tcp_ping received 8192 bytes back
Round trip time was 0.0709 milliseconds in repetition 293
Message size: 8
tcp_ping received 8192 bytes back
Round trip time was 0.0714 milliseconds in repetition 294
Message size: 8
tcp_ping received 8192 bytes back
Round trip time was 0.0723 milliseconds in repetition 295
Message size: 8
tcp_ping received 8192 bytes back
Round trip time was 0.0726 milliseconds in repetition 296
Message size: 8
tcp_ping received 8192 bytes back
Round trip time was 0.0719 milliseconds in repetition 297
Message size: 8
tcp_ping received 8192 bytes back
Round trip time was 0.0717 milliseconds in repetition 298
Message size: 8
tcp_ping received 8192 bytes back
Round trip time was 0.2672 milliseconds in repetition 299
Message size: 8
tcp_ping received 8192 bytes back
Round trip time was 0.0849 milliseconds in repetition 300
Message size: 8
tcp_ping received 8192 bytes back
Round trip time was 0.0707 milliseconds in repetition 301
Message size: 8
tcp_ping received 8192 bytes back
Round trip time was 0.0704 milliseconds in repetition 302
Message size: 8
tcp_ping received 8192 bytes back
Round trip time was 0.0708 milliseconds in repetition 303
Message size: 8
tcp_ping received 8192 bytes back
Round trip time was 0.0713 milliseconds in repetition 304
Message size: 8
tcp_ping received 8192 bytes back
Round trip time was 0.0731 milliseconds in repetition 305
Message size: 8
tcp_ping received 8192 bytes back
Round trip time was 0.0719 milliseconds in repetition 306
Message size: 8
tcp_ping received 8192 bytes back
Round trip time was 0.072 milliseconds in repetition 307
Message size: 8
tcp_ping received 8192 bytes back
Round trip time was 0.0718 milliseconds in repetition 308
Message size: 8
tcp_ping received 8192 bytes back
Round trip time was 0.0836 milliseconds in repetition 309
Message size: 8
tcp_ping received 8192 bytes back
Round trip time was 0.0708 milliseconds in repetition 310
Message size: 8
tcp_ping received 8192 bytes back
Round trip time was 0.0708 milliseconds in repetition 311
Message size: 8
tcp_ping received 8192 bytes back
Round trip time was 0.0702 milliseconds in repetition 312
Message size: 8
tcp_ping received 8192 bytes back
Round trip time was 0.0702 milliseconds in repetition 313
Message size: 8
tcp_ping received 8192 bytes back
Round trip time was 0.1584 milliseconds in repetition 314
Message size: 8
tcp_ping received 8192 bytes back
Round trip time was 0.1084 milliseconds in repetition 315
Message size: 8
tcp_ping received 8192 bytes back
Round trip time was 0.0888 milliseconds in repetition 316
Message size: 8
tcp_ping received 8192 bytes back
Round trip time was 0.1037 milliseconds in repetition 317
Message size: 8
tcp_ping received 8192 bytes back
Round trip time was 0.085 milliseconds in repetition 318
Message size: 8
tcp_ping received 8192 bytes back
Round trip time was 0.0776 milliseconds in repetition 319
Message size: 8
tcp_ping received 8192 bytes back
Round trip time was 0.0726 milliseconds in repetition 320
Message size: 8
tcp_ping received 8192 bytes back
Round trip time was 0.0727 milliseconds in repetition 321
Message size: 8
tcp_ping received 8192 bytes back
Round trip time was 0.0716 milliseconds in repetition 322
Message size: 8
tcp_ping received 8192 bytes back
Round trip time was 0.0745 milliseconds in repetition 323
Message size: 8
tcp_ping received 8192 bytes back
Round trip time was 0.0729 milliseconds in repetition 324
Message size: 8
tcp_ping received 8192 bytes back
Round trip time was 0.072 milliseconds in repetition 325
Message size: 8
tcp_ping received 8192 bytes back
Round trip time was 0.0719 milliseconds in repetition 326
Message size: 8
tcp_ping received 8192 bytes back
Round trip time was 0.072 milliseconds in repetition 327
Message size: 8
tcp_ping received 8192 bytes back
Round trip time was 0.0722 milliseconds in repetition 328
Message size: 8
tcp_ping received 8192 bytes back
Round trip time was 0.0709 milliseconds in repetition 329
Message size: 8
tcp_ping received 8192 bytes back
Round trip time was 0.0704 milliseconds in repetition 330
Message size: 8
tcp_ping received 8192 bytes back
Round trip time was 0.0701 milliseconds in repetition 331
Message size: 8
tcp_ping received 8192 bytes back
Round trip time was 0.0701 milliseconds in repetition 332
Message size: 8
tcp_ping received 8192 bytes back
Round trip time was 0.0735 milliseconds in repetition 333
Message size: 8
tcp_ping received 8192 bytes back
Round trip time was 0.0809 milliseconds in repetition 334
Message size: 8
tcp_ping received 8192 bytes back
Round trip time was 0.082 milliseconds in repetition 335
Message size: 8
tcp_ping received 8192 bytes back
Round trip time was 0.0745 milliseconds in repetition 336
Message size: 8
tcp_ping received 8192 bytes back
Round trip time was 0.085 milliseconds in repetition 337
Message size: 8
tcp_ping received 8192 bytes back
Round trip time was 0.0783 milliseconds in repetition 338
Message size: 8
tcp_ping received 8192 bytes back
Round trip time was 0.0728 milliseconds in repetition 339
Message size: 8
tcp_ping received 8192 bytes back
Round trip time was 0.0725 milliseconds in repetition 340
Message size: 8
tcp_ping received 8192 bytes back
Round trip time was 0.0724 milliseconds in repetition 341
Message size: 8
tcp_ping received 8192 bytes back
Round trip time was 0.0943 milliseconds in repetition 342
Message size: 8
tcp_ping received 8192 bytes back
Round trip time was 0.0915 milliseconds in repetition 343
Message size: 8
tcp_ping received 8192 bytes back
Round trip time was 0.0774 milliseconds in repetition 344
Message size: 8
tcp_ping received 8192 bytes back
Round trip time was 0.0775 milliseconds in repetition 345
Message size: 8
tcp_ping received 8192 bytes back
Round trip time was 0.0782 milliseconds in repetition 346
Message size: 8
tcp_ping received 8192 bytes back
Round trip time was 0.112 milliseconds in repetition 347
Message size: 8
tcp_ping received 8192 bytes back
Round trip time was 0.0794 milliseconds in repetition 348
Message size: 8
tcp_ping received 8192 bytes back
Round trip time was 0.0934 milliseconds in repetition 349
Message size: 8
tcp_ping received 8192 bytes back
Round trip time was 0.0789 milliseconds in repetition 350
Message size: 8
tcp_ping received 8192 bytes back
Round trip time was 0.0878 milliseconds in repetition 351
Message size: 8
tcp_ping received 8192 bytes back
Round trip time was 0.1187 milliseconds in repetition 352
Message size: 8
tcp_ping received 8192 bytes back
Round trip time was 0.1279 milliseconds in repetition 353
Message size: 8
tcp_ping received 8192 bytes back
Round trip time was 0.1168 milliseconds in repetition 354
Message size: 8
tcp_ping received 8192 bytes back
Round trip time was 0.1095 milliseconds in repetition 355
Message size: 8
tcp_ping received 8192 bytes back
Round trip time was 0.1045 milliseconds in repetition 356
Message size: 8
tcp_ping received 8192 bytes back
Round trip time was 0.0766 milliseconds in repetition 357
Message size: 8
tcp_ping received 8192 bytes back
Round trip time was 0.0758 milliseconds in repetition 358
Message size: 8
tcp_ping received 8192 bytes back
Round trip time was 0.0827 milliseconds in repetition 359
Message size: 8
tcp_ping received 8192 bytes back
Round trip time was 0.0764 milliseconds in repetition 360
Message size: 8
tcp_ping received 8192 bytes back
Round trip time was 0.0744 milliseconds in repetition 361
Message size: 8
tcp_ping received 8192 bytes back
Round trip time was 0.0728 milliseconds in repetition 362
Message size: 8
tcp_ping received 8192 bytes back
Round trip time was 0.0721 milliseconds in repetition 363
Message size: 8
tcp_ping received 8192 bytes back
Round trip time was 0.0723 milliseconds in repetition 364
Message size: 8
tcp_ping received 8192 bytes back
Round trip time was 0.0722 milliseconds in repetition 365
Message size: 8
tcp_ping received 8192 bytes back
Round trip time was 0.0734 milliseconds in repetition 366
Message size: 8
tcp_ping received 8192 bytes back
Round trip time was 0.0723 milliseconds in repetition 367
Message size: 8
tcp_ping received 8192 bytes back
Round trip time was 0.0721 milliseconds in repetition 368
Message size: 8
tcp_ping received 8192 bytes back
Round trip time was 0.0721 milliseconds in repetition 369
Message size: 8
tcp_ping received 8192 bytes back
Round trip time was 0.0721 milliseconds in repetition 370
Message size: 8
tcp_ping received 8192 bytes back
Round trip time was 0.0772 milliseconds in repetition 371
Message size: 8
tcp_ping received 8192 bytes back
Round trip time was 0.0799 milliseconds in repetition 372
Message size: 8
tcp_ping received 8192 bytes back
Round trip time was 0.0742 milliseconds in repetition 373
Message size: 8
tcp_ping received 8192 bytes back
Round trip time was 0.0876 milliseconds in repetition 374
Message size: 8
tcp_ping received 8192 bytes back
Round trip time was 0.0779 milliseconds in repetition 375
Message size: 8
tcp_ping received 8192 bytes back
Round trip time was 0.0735 milliseconds in repetition 376
Message size: 8
tcp_ping received 8192 bytes back
Round trip time was 0.0721 milliseconds in repetition 377
Message size: 8
tcp_ping received 8192 bytes back
Round trip time was 0.0716 milliseconds in repetition 378
Message size: 8
tcp_ping received 8192 bytes back
Round trip time was 0.072 milliseconds in repetition 379
Message size: 8
tcp_ping received 8192 bytes back
Round trip time was 0.0717 milliseconds in repetition 380
Message size: 8
tcp_ping received 8192 bytes back
Round trip time was 0.0703 milliseconds in repetition 381
Message size: 8
tcp_ping received 8192 bytes back
Round trip time was 0.0704 milliseconds in repetition 382
Message size: 8
tcp_ping received 8192 bytes back
Round trip time was 0.0701 milliseconds in repetition 383
Message size: 8
tcp_ping received 8192 bytes back
Round trip time was 0.0701 milliseconds in repetition 384
Message size: 8
tcp_ping received 8192 bytes back
Round trip time was 0.0728 milliseconds in repetition 385
Message size: 8
tcp_ping received 8192 bytes back
Round trip time was 0.1098 milliseconds in repetition 386
Message size: 8
tcp_ping received 8192 bytes back
Round trip time was 0.0885 milliseconds in repetition 387
Message size: 8
tcp_ping received 8192 bytes back
Round trip time was 0.0813 milliseconds in repetition 388
Message size: 8
tcp_ping received 8192 bytes back
Round trip time was 0.0737 milliseconds in repetition 389
Message size: 8
tcp_ping received 8192 bytes back
Round trip time was 0.0743 milliseconds in repetition 390
Message size: 8
tcp_ping received 8192 bytes back
Round trip time was 0.0732 milliseconds in repetition 391
Message size: 8
tcp_ping received 8192 bytes back
Round trip time was 0.073 milliseconds in repetition 392
Message size: 8
tcp_ping received 8192 bytes back
Round trip time was 0.072 milliseconds in repetition 393
Message size: 8
tcp_ping received 8192 bytes back
Round trip time was 0.0743 milliseconds in repetition 394
Message size: 8
tcp_ping received 8192 bytes back
Round trip time was 0.0961 milliseconds in repetition 395
Message size: 8
tcp_ping received 8192 bytes back
Round trip time was 0.071 milliseconds in repetition 396
Message size: 8
tcp_ping received 8192 bytes back
Round trip time was 0.0706 milliseconds in repetition 397
Message size: 8
tcp_ping received 8192 bytes back
Round trip time was 0.0703 milliseconds in repetition 398
Message size: 8
tcp_ping received 8192 bytes back
Round trip time was 0.0744 milliseconds in repetition 399
Message size: 8
tcp_ping received 8192 bytes back
Round trip time was 0.0729 milliseconds in repetition 400
Message size: 8
tcp_ping received 8192 bytes back
Round trip time was 0.0725 milliseconds in repetition 401
Message size: 8
tcp_ping received 8192 bytes back
Round trip time was 0.072 milliseconds in repetition 402
Message size: 8
tcp_ping received 8192 bytes back
Round trip time was 0.0749 milliseconds in repetition 403
Message size: 8
tcp_ping received 8192 bytes back
Round trip time was 0.0737 milliseconds in repetition 404
Message size: 8
tcp_ping received 8192 bytes back
Round trip time was 0.073 milliseconds in repetition 405
Message size: 8
tcp_ping received 8192 bytes back
Round trip time was 0.0724 milliseconds in repetition 406
Message size: 8
tcp_ping received 8192 bytes back
Round trip time was 0.0722 milliseconds in repetition 407
Message size: 8
tcp_ping received 8192 bytes back
Round trip time was 0.0733 milliseconds in repetition 408
Message size: 8
tcp_ping received 8192 bytes back
Round trip time was 0.074 milliseconds in repetition 409
Message size: 8
tcp_ping received 8192 bytes back
Round trip time was 0.087 milliseconds in repetition 410
Message size: 8
tcp_ping received 8192 bytes back
Round trip time was 0.0744 milliseconds in repetition 411
Message size: 8
tcp_ping received 8192 bytes back
Round trip time was 0.0887 milliseconds in repetition 412
Message size: 8
tcp_ping received 8192 bytes back
Round trip time was 0.078 milliseconds in repetition 413
Message size: 8
tcp_ping received 8192 bytes back
Round trip time was 0.0768 milliseconds in repetition 414
Message size: 8
tcp_ping received 8192 bytes back
Round trip time was 0.0782 milliseconds in repetition 415
Message size: 8
tcp_ping received 8192 bytes back
Round trip time was 0.1021 milliseconds in repetition 416
Message size: 8
tcp_ping received 8192 bytes back
Round trip time was 0.0758 milliseconds in repetition 417
Message size: 8
tcp_ping received 8192 bytes back
Round trip time was 0.073 milliseconds in repetition 418
Message size: 8
tcp_ping received 8192 bytes back
Round trip time was 0.0719 milliseconds in repetition 419
Message size: 8
tcp_ping received 8192 bytes back
Round trip time was 0.0716 milliseconds in repetition 420
Message size: 8
tcp_ping received 8192 bytes back
Round trip time was 0.0972 milliseconds in repetition 421
Message size: 8
tcp_ping received 8192 bytes back
Round trip time was 0.0716 milliseconds in repetition 422
Message size: 8
tcp_ping received 8192 bytes back
Round trip time was 0.4231 milliseconds in repetition 423
Message size: 8
tcp_ping received 8192 bytes back
Round trip time was 0.0913 milliseconds in repetition 424
Message size: 8
tcp_ping received 8192 bytes back
Round trip time was 0.0877 milliseconds in repetition 425
Message size: 8
tcp_ping received 8192 bytes back
Round trip time was 0.082 milliseconds in repetition 426
Message size: 8
tcp_ping received 8192 bytes back
Round trip time was 0.1016 milliseconds in repetition 427
Message size: 8
tcp_ping received 8192 bytes back
Round trip time was 0.0765 milliseconds in repetition 428
Message size: 8
tcp_ping received 8192 bytes back
Round trip time was 0.0773 milliseconds in repetition 429
Message size: 8
tcp_ping received 8192 bytes back
Round trip time was 0.0756 milliseconds in repetition 430
Message size: 8
tcp_ping received 8192 bytes back
Round trip time was 0.0755 milliseconds in repetition 431
Message size: 8
tcp_ping received 8192 bytes back
Round trip time was 0.0756 milliseconds in repetition 432
Message size: 8
tcp_ping received 8192 bytes back
Round trip time was 0.0727 milliseconds in repetition 433
Message size: 8
tcp_ping received 8192 bytes back
Round trip time was 0.0727 milliseconds in repetition 434
Message size: 8
tcp_ping received 8192 bytes back
Round trip time was 0.0719 milliseconds in repetition 435
Message size: 8
tcp_ping received 8192 bytes back
Round trip time was 0.072 milliseconds in repetition 436
Message size: 8
tcp_ping received 8192 bytes back
Round trip time was 0.074 milliseconds in repetition 437
Message size: 8
tcp_ping received 8192 bytes back
Round trip time was 0.1018 milliseconds in repetition 438
Message size: 8
tcp_ping received 8192 bytes back
Round trip time was 0.0731 milliseconds in repetition 439
Message size: 8
tcp_ping received 8192 bytes back
Round trip time was 0.071 milliseconds in repetition 440
Message size: 8
tcp_ping received 8192 bytes back
Round trip time was 0.0711 milliseconds in repetition 441
Message size: 8
tcp_ping received 8192 bytes back
Round trip time was 0.0742 milliseconds in repetition 442
Message size: 8
tcp_ping received 8192 bytes back
Round trip time was 0.0722 milliseconds in repetition 443
Message size: 8
tcp_ping received 8192 bytes back
Round trip time was 0.0715 milliseconds in repetition 444
Message size: 8
tcp_ping received 8192 bytes back
Round trip time was 0.0718 milliseconds in repetition 445
Message size: 8
tcp_ping received 8192 bytes back
Round trip time was 0.0722 milliseconds in repetition 446
Message size: 8
tcp_ping received 8192 bytes back
Round trip time was 0.0723 milliseconds in repetition 447
Message size: 8
tcp_ping received 8192 bytes back
Round trip time was 0.0714 milliseconds in repetition 448
Message size: 8
tcp_ping received 8192 bytes back
Round trip time was 0.0709 milliseconds in repetition 449
Message size: 8
tcp_ping received 8192 bytes back
Round trip time was 0.0708 milliseconds in repetition 450
Message size: 8
tcp_ping received 8192 bytes back
Round trip time was 0.0713 milliseconds in repetition 451
Message size: 8
tcp_ping received 8192 bytes back
Round trip time was 0.0712 milliseconds in repetition 452
Message size: 8
tcp_ping received 8192 bytes back
Round trip time was 0.0716 milliseconds in repetition 453
Message size: 8
tcp_ping received 8192 bytes back
Round trip time was 0.0713 milliseconds in repetition 454
Message size: 8
tcp_ping received 8192 bytes back
Round trip time was 0.0715 milliseconds in repetition 455
Message size: 8
tcp_ping received 8192 bytes back
Round trip time was 0.0747 milliseconds in repetition 456
Message size: 8
tcp_ping received 8192 bytes back
Round trip time was 0.0736 milliseconds in repetition 457
Message size: 8
tcp_ping received 8192 bytes back
Round trip time was 0.0725 milliseconds in repetition 458
Message size: 8
tcp_ping received 8192 bytes back
Round trip time was 0.0729 milliseconds in repetition 459
Message size: 8
tcp_ping received 8192 bytes back
Round trip time was 0.0724 milliseconds in repetition 460
Message size: 8
tcp_ping received 8192 bytes back
Round trip time was 0.073 milliseconds in repetition 461
Message size: 8
tcp_ping received 8192 bytes back
Round trip time was 0.0727 milliseconds in repetition 462
Message size: 8
tcp_ping received 8192 bytes back
Round trip time was 0.0723 milliseconds in repetition 463
Message size: 8
tcp_ping received 8192 bytes back
Round trip time was 0.0725 milliseconds in repetition 464
Message size: 8
tcp_ping received 8192 bytes back
Round trip time was 0.2585 milliseconds in repetition 465
Message size: 8
tcp_ping received 8192 bytes back
Round trip time was 0.0738 milliseconds in repetition 466
Message size: 8
tcp_ping received 8192 bytes back
Round trip time was 0.0732 milliseconds in repetition 467
Message size: 8
tcp_ping received 8192 bytes back
Round trip time was 0.0721 milliseconds in repetition 468
Message size: 8
tcp_ping received 8192 bytes back
Round trip time was 0.0719 milliseconds in repetition 469
Message size: 8
tcp_ping received 8192 bytes back
Round trip time was 0.0749 milliseconds in repetition 470
Message size: 8
tcp_ping received 8192 bytes back
Round trip time was 0.0726 milliseconds in repetition 471
Message size: 8
tcp_ping received 8192 bytes back
Round trip time was 0.0721 milliseconds in repetition 472
Message size: 8
tcp_ping received 8192 bytes back
Round trip time was 0.0725 milliseconds in repetition 473
Message size: 8
tcp_ping received 8192 bytes back
Round trip time was 0.0719 milliseconds in repetition 474
Message size: 8
tcp_ping received 8192 bytes back
Round trip time was 0.0869 milliseconds in repetition 475
Message size: 8
tcp_ping received 8192 bytes back
Round trip time was 0.0704 milliseconds in repetition 476
Message size: 8
tcp_ping received 8192 bytes back
Round trip time was 0.0707 milliseconds in repetition 477
Message size: 8
tcp_ping received 8192 bytes back
Round trip time was 0.0721 milliseconds in repetition 478
Message size: 8
tcp_ping received 8192 bytes back
Round trip time was 0.0705 milliseconds in repetition 479
Message size: 8
tcp_ping received 8192 bytes back
Round trip time was 0.0726 milliseconds in repetition 480
Message size: 8
tcp_ping received 8192 bytes back
Round trip time was 0.0716 milliseconds in repetition 481
Message size: 8
tcp_ping received 8192 bytes back
Round trip time was 0.0745 milliseconds in repetition 482
Message size: 8
tcp_ping received 8192 bytes back
Round trip time was 0.0761 milliseconds in repetition 483
Message size: 8
tcp_ping received 8192 bytes back
Round trip time was 0.2462 milliseconds in repetition 484
Message size: 8
tcp_ping received 8192 bytes back
Round trip time was 0.0726 milliseconds in repetition 485
Message size: 8
tcp_ping received 8192 bytes back
Round trip time was 0.0725 milliseconds in repetition 486
Message size: 8
tcp_ping received 8192 bytes back
Round trip time was 0.0715 milliseconds in repetition 487
Message size: 8
tcp_ping received 8192 bytes back
Round trip time was 0.0715 milliseconds in repetition 488
Message size: 8
tcp_ping received 8192 bytes back
Round trip time was 0.077 milliseconds in repetition 489
Message size: 8
tcp_ping received 8192 bytes back
Round trip time was 0.0782 milliseconds in repetition 490
Message size: 8
tcp_ping received 8192 bytes back
Round trip time was 0.076 milliseconds in repetition 491
Message size: 8
tcp_ping received 8192 bytes back
Round trip time was 0.0756 milliseconds in repetition 492
Message size: 8
tcp_ping received 8192 bytes back
Round trip time was 0.0751 milliseconds in repetition 493
Message size: 8
tcp_ping received 8192 bytes back
Round trip time was 0.0763 milliseconds in repetition 494
Message size: 8
tcp_ping received 8192 bytes back
Round trip time was 0.0763 milliseconds in repetition 495
Message size: 8
tcp_ping received 8192 bytes back
Round trip time was 0.0752 milliseconds in repetition 496
Message size: 8
tcp_ping received 8192 bytes back
Round trip time was 0.0767 milliseconds in repetition 497
Message size: 8
tcp_ping received 8192 bytes back
Round trip time was 0.0876 milliseconds in repetition 498
Message size: 8
tcp_ping received 8192 bytes back
Round trip time was 0.0714 milliseconds in repetition 499
Message size: 8
tcp_ping received 8192 bytes back
Round trip time was 0.0734 milliseconds in repetition 500
Message size: 8
tcp_ping received 8192 bytes back
Round trip time was 0.0754 milliseconds in repetition 501

 ... clock resolution was 1e-06
TCP Ping:  Statistics over 501 repetitions of 8192 byte messages

RTT : percentile 10: 0.0717, median: 0.0776, percentile 90: 0.1187, average: 0.102301, variance: 0.0205997

RTT histogram:
0.0692995 466
0.21552 24
0.36174 5
0.50796 4
0.65418 1
0.8004 0
0.94662 0
1.09284 0
1.23906 0
1.38528 0
1.5315 0
1.67772 0
1.82394 0
1.97016 0
2.11638 0
2.2626 0
2.40882 0
2.55504 0
2.70126 0
2.84748 0
2.9937 1

   median Throughput : 211134 KB/s   overall Throughput : 160155 KB/s

