TCP Ping trying to connect to server localhost (127.0.0.1) on port 1491
Connected with the server
 ... connected to Pong server: asking for 501 repetitions of 49152 bytes TCP messages
 ... Pong server agreed :-)
Message size: 8
tcp_ping received 49152 bytes back
Round trip time was 0.2271 milliseconds in repetition 1
Message size: 8
tcp_ping received 49152 bytes back
Round trip time was 0.2095 milliseconds in repetition 2
Message size: 8
tcp_ping received 49152 bytes back
Round trip time was 0.2255 milliseconds in repetition 3
Message size: 8
tcp_ping received 49152 bytes back
Round trip time was 0.2562 milliseconds in repetition 4
Message size: 8
tcp_ping received 49152 bytes back
Round trip time was 0.2119 milliseconds in repetition 5
Message size: 8
tcp_ping received 49152 bytes back
Round trip time was 0.2053 milliseconds in repetition 6
Message size: 8
tcp_ping received 49152 bytes back
Round trip time was 0.2638 milliseconds in repetition 7
Message size: 8
tcp_ping received 49152 bytes back
Round trip time was 0.2734 milliseconds in repetition 8
Message size: 8
tcp_ping received 49152 bytes back
Round trip time was 0.6389 milliseconds in repetition 9
Message size: 8
tcp_ping received 49152 bytes back
Round trip time was 0.5097 milliseconds in repetition 10
Message size: 8
tcp_ping received 49152 bytes back
Round trip time was 0.3985 milliseconds in repetition 11
Message size: 8
tcp_ping received 49152 bytes back
Round trip time was 0.455 milliseconds in repetition 12
Message size: 8
tcp_ping received 49152 bytes back
Round trip time was 0.3477 milliseconds in repetition 13
Message size: 8
tcp_ping received 49152 bytes back
Round trip time was 0.3375 milliseconds in repetition 14
Message size: 8
tcp_ping received 49152 bytes back
Round trip time was 0.6659 milliseconds in repetition 15
Message size: 8
tcp_ping received 49152 bytes back
Round trip time was 0.3989 milliseconds in repetition 16
Message size: 8
tcp_ping received 49152 bytes back
Round trip time was 0.3464 milliseconds in repetition 17
Message size: 8
tcp_ping received 49152 bytes back
Round trip time was 0.9064 milliseconds in repetition 18
Message size: 8
tcp_ping received 49152 bytes back
Round trip time was 0.3965 milliseconds in repetition 19
Message size: 8
tcp_ping received 49152 bytes back
Round trip time was 0.3491 milliseconds in repetition 20
Message size: 8
tcp_ping received 49152 bytes back
Round trip time was 0.269 milliseconds in repetition 21
Message size: 8
tcp_ping received 49152 bytes back
Round trip time was 0.3942 milliseconds in repetition 22
Message size: 8
tcp_ping received 49152 bytes back
Round trip time was 0.4195 milliseconds in repetition 23
Message size: 8
tcp_ping received 49152 bytes back
Round trip time was 0.4242 milliseconds in repetition 24
Message size: 8
tcp_ping received 49152 bytes back
Round trip time was 0.2934 milliseconds in repetition 25
Message size: 8
tcp_ping received 49152 bytes back
Round trip time was 0.3203 milliseconds in repetition 26
Message size: 8
tcp_ping received 49152 bytes back
Round trip time was 0.3801 milliseconds in repetition 27
Message size: 8
tcp_ping received 49152 bytes back
Round trip time was 0.2751 milliseconds in repetition 28
Message size: 8
tcp_ping received 49152 bytes back
Round trip time was 0.2022 milliseconds in repetition 29
Message size: 8
tcp_ping received 49152 bytes back
Round trip time was 0.201 milliseconds in repetition 30
Message size: 8
tcp_ping received 49152 bytes back
Round trip time was 0.2007 milliseconds in repetition 31
Message size: 8
tcp_ping received 49152 bytes back
Round trip time was 0.2005 milliseconds in repetition 32
Message size: 8
tcp_ping received 49152 bytes back
Round trip time was 0.2023 milliseconds in repetition 33
Message size: 8
tcp_ping received 49152 bytes back
Round trip time was 0.2022 milliseconds in repetition 34
Message size: 8
tcp_ping received 49152 bytes back
Round trip time was 0.2008 milliseconds in repetition 35
Message size: 8
tcp_ping received 49152 bytes back
Round trip time was 0.2124 milliseconds in repetition 36
Message size: 8
tcp_ping received 49152 bytes back
Round trip time was 0.3381 milliseconds in repetition 37
Message size: 8
tcp_ping received 49152 bytes back
Round trip time was 0.2188 milliseconds in repetition 38
Message size: 8
tcp_ping received 49152 bytes back
Round trip time was 0.2012 milliseconds in repetition 39
Message size: 8
tcp_ping received 49152 bytes back
Round trip time was 0.3086 milliseconds in repetition 40
Message size: 8
tcp_ping received 49152 bytes back
Round trip time was 0.251 milliseconds in repetition 41
Message size: 8
tcp_ping received 49152 bytes back
Round trip time was 0.2761 milliseconds in repetition 42
Message size: 8
tcp_ping received 49152 bytes back
Round trip time was 0.2034 milliseconds in repetition 43
Message size: 8
tcp_ping received 49152 bytes back
Round trip time was 0.204 milliseconds in repetition 44
Message size: 8
tcp_ping received 49152 bytes back
Round trip time was 0.2024 milliseconds in repetition 45
Message size: 8
tcp_ping received 49152 bytes back
Round trip time was 0.2224 milliseconds in repetition 46
Message size: 8
tcp_ping received 49152 bytes back
Round trip time was 0.2356 milliseconds in repetition 47
Message size: 8
tcp_ping received 49152 bytes back
Round trip time was 0.2035 milliseconds in repetition 48
Message size: 8
tcp_ping received 49152 bytes back
Round trip time was 0.2005 milliseconds in repetition 49
Message size: 8
tcp_ping received 49152 bytes back
Round trip time was 0.2001 milliseconds in repetition 50
Message size: 8
tcp_ping received 49152 bytes back
Round trip time was 0.2682 milliseconds in repetition 51
Message size: 8
tcp_ping received 49152 bytes back
Round trip time was 0.2036 milliseconds in repetition 52
Message size: 8
tcp_ping received 49152 bytes back
Round trip time was 0.2022 milliseconds in repetition 53
Message size: 8
tcp_ping received 49152 bytes back
Round trip time was 0.2429 milliseconds in repetition 54
Message size: 8
tcp_ping received 49152 bytes back
Round trip time was 0.2015 milliseconds in repetition 55
Message size: 8
tcp_ping received 49152 bytes back
Round trip time was 0.4362 milliseconds in repetition 56
Message size: 8
tcp_ping received 49152 bytes back
Round trip time was 0.2056 milliseconds in repetition 57
Message size: 8
tcp_ping received 49152 bytes back
Round trip time was 0.2244 milliseconds in repetition 58
Message size: 8
tcp_ping received 49152 bytes back
Round trip time was 0.2154 milliseconds in repetition 59
Message size: 8
tcp_ping received 49152 bytes back
Round trip time was 0.2012 milliseconds in repetition 60
Message size: 8
tcp_ping received 49152 bytes back
Round trip time was 0.2147 milliseconds in repetition 61
Message size: 8
tcp_ping received 49152 bytes back
Round trip time was 0.2007 milliseconds in repetition 62
Message size: 8
tcp_ping received 49152 bytes back
Round trip time was 0.2639 milliseconds in repetition 63
Message size: 8
tcp_ping received 49152 bytes back
Round trip time was 0.2016 milliseconds in repetition 64
Message size: 8
tcp_ping received 49152 bytes back
Round trip time was 0.2003 milliseconds in repetition 65
Message size: 8
tcp_ping received 49152 bytes back
Round trip time was 0.2179 milliseconds in repetition 66
Message size: 8
tcp_ping received 49152 bytes back
Round trip time was 0.2017 milliseconds in repetition 67
Message size: 8
tcp_ping received 49152 bytes back
Round trip time was 0.2272 milliseconds in repetition 68
Message size: 8
tcp_ping received 49152 bytes back
Round trip time was 0.223 milliseconds in repetition 69
Message size: 8
tcp_ping received 49152 bytes back
Round trip time was 0.2025 milliseconds in repetition 70
Message size: 8
tcp_ping received 49152 bytes back
Round trip time was 0.216 milliseconds in repetition 71
Message size: 8
tcp_ping received 49152 bytes back
Round trip time was 0.2363 milliseconds in repetition 72
Message size: 8
tcp_ping received 49152 bytes back
Round trip time was 0.2019 milliseconds in repetition 73
Message size: 8
tcp_ping received 49152 bytes back
Round trip time was 0.2022 milliseconds in repetition 74
Message size: 8
tcp_ping received 49152 bytes back
Round trip time was 0.3391 milliseconds in repetition 75
Message size: 8
tcp_ping received 49152 bytes back
Round trip time was 0.3205 milliseconds in repetition 76
Message size: 8
tcp_ping received 49152 bytes back
Round trip time was 0.2678 milliseconds in repetition 77
Message size: 8
tcp_ping received 49152 bytes back
Round trip time was 0.2647 milliseconds in repetition 78
Message size: 8
tcp_ping received 49152 bytes back
Round trip time was 0.2601 milliseconds in repetition 79
Message size: 8
tcp_ping received 49152 bytes back
Round trip time was 0.2824 milliseconds in repetition 80
Message size: 8
tcp_ping received 49152 bytes back
Round trip time was 0.34 milliseconds in repetition 81
Message size: 8
tcp_ping received 49152 bytes back
Round trip time was 0.35 milliseconds in repetition 82
Message size: 8
tcp_ping received 49152 bytes back
Round trip time was 0.2964 milliseconds in repetition 83
Message size: 8
tcp_ping received 49152 bytes back
Round trip time was 0.3301 milliseconds in repetition 84
Message size: 8
tcp_ping received 49152 bytes back
Round trip time was 0.3453 milliseconds in repetition 85
Message size: 8
tcp_ping received 49152 bytes back
Round trip time was 0.3025 milliseconds in repetition 86
Message size: 8
tcp_ping received 49152 bytes back
Round trip time was 0.3686 milliseconds in repetition 87
Message size: 8
tcp_ping received 49152 bytes back
Round trip time was 0.3847 milliseconds in repetition 88
Message size: 8
tcp_ping received 49152 bytes back
Round trip time was 0.3716 milliseconds in repetition 89
Message size: 8
tcp_ping received 49152 bytes back
Round trip time was 0.3831 milliseconds in repetition 90
Message size: 8
tcp_ping received 49152 bytes back
Round trip time was 0.3501 milliseconds in repetition 91
Message size: 8
tcp_ping received 49152 bytes back
Round trip time was 0.2604 milliseconds in repetition 92
Message size: 8
tcp_ping received 49152 bytes back
Round trip time was 0.2404 milliseconds in repetition 93
Message size: 8
tcp_ping received 49152 bytes back
Round trip time was 0.5166 milliseconds in repetition 94
Message size: 8
tcp_ping received 49152 bytes back
Round trip time was 0.2547 milliseconds in repetition 95
Message size: 8
tcp_ping received 49152 bytes back
Round trip time was 0.2514 milliseconds in repetition 96
Message size: 8
tcp_ping received 49152 bytes back
Round trip time was 0.2384 milliseconds in repetition 97
Message size: 8
tcp_ping received 49152 bytes back
Round trip time was 0.2484 milliseconds in repetition 98
Message size: 8
tcp_ping received 49152 bytes back
Round trip time was 0.2531 milliseconds in repetition 99
Message size: 8
tcp_ping received 49152 bytes back
Round trip time was 0.2824 milliseconds in repetition 100
Message size: 8
tcp_ping received 49152 bytes back
Round trip time was 0.2803 milliseconds in repetition 101
Message size: 8
tcp_ping received 49152 bytes back
Round trip time was 0.2939 milliseconds in repetition 102
Message size: 8
tcp_ping received 49152 bytes back
Round trip time was 0.2653 milliseconds in repetition 103
Message size: 8
tcp_ping received 49152 bytes back
Round trip time was 0.2787 milliseconds in repetition 104
Message size: 8
tcp_ping received 49152 bytes back
Round trip time was 0.2579 milliseconds in repetition 105
Message size: 8
tcp_ping received 49152 bytes back
Round trip time was 0.2575 milliseconds in repetition 106
Message size: 8
tcp_ping received 49152 bytes back
Round trip time was 0.2576 milliseconds in repetition 107
Message size: 8
tcp_ping received 49152 bytes back
Round trip time was 0.283 milliseconds in repetition 108
Message size: 8
tcp_ping received 49152 bytes back
Round trip time was 0.2399 milliseconds in repetition 109
Message size: 8
tcp_ping received 49152 bytes back
Round trip time was 0.2437 milliseconds in repetition 110
Message size: 8
tcp_ping received 49152 bytes back
Round trip time was 0.2595 milliseconds in repetition 111
Message size: 8
tcp_ping received 49152 bytes back
Round trip time was 0.2039 milliseconds in repetition 112
Message size: 8
tcp_ping received 49152 bytes back
Round trip time was 0.3079 milliseconds in repetition 113
Message size: 8
tcp_ping received 49152 bytes back
Round trip time was 0.2294 milliseconds in repetition 114
Message size: 8
tcp_ping received 49152 bytes back
Round trip time was 0.2301 milliseconds in repetition 115
Message size: 8
tcp_ping received 49152 bytes back
Round trip time was 0.2327 milliseconds in repetition 116
Message size: 8
tcp_ping received 49152 bytes back
Round trip time was 0.2346 milliseconds in repetition 117
Message size: 8
tcp_ping received 49152 bytes back
Round trip time was 0.2083 milliseconds in repetition 118
Message size: 8
tcp_ping received 49152 bytes back
Round trip time was 0.2075 milliseconds in repetition 119
Message size: 8
tcp_ping received 49152 bytes back
Round trip time was 0.2742 milliseconds in repetition 120
Message size: 8
tcp_ping received 49152 bytes back
Round trip time was 0.2334 milliseconds in repetition 121
Message size: 8
tcp_ping received 49152 bytes back
Round trip time was 0.207 milliseconds in repetition 122
Message size: 8
tcp_ping received 49152 bytes back
Round trip time was 0.2402 milliseconds in repetition 123
Message size: 8
tcp_ping received 49152 bytes back
Round trip time was 0.24 milliseconds in repetition 124
Message size: 8
tcp_ping received 49152 bytes back
Round trip time was 0.2125 milliseconds in repetition 125
Message size: 8
tcp_ping received 49152 bytes back
Round trip time was 0.2245 milliseconds in repetition 126
Message size: 8
tcp_ping received 49152 bytes back
Round trip time was 0.3717 milliseconds in repetition 127
Message size: 8
tcp_ping received 49152 bytes back
Round trip time was 0.2491 milliseconds in repetition 128
Message size: 8
tcp_ping received 49152 bytes back
Round trip time was 0.2502 milliseconds in repetition 129
Message size: 8
tcp_ping received 49152 bytes back
Round trip time was 0.2481 milliseconds in repetition 130
Message size: 8
tcp_ping received 49152 bytes back
Round trip time was 0.2301 milliseconds in repetition 131
Message size: 8
tcp_ping received 49152 bytes back
Round trip time was 0.257 milliseconds in repetition 132
Message size: 8
tcp_ping received 49152 bytes back
Round trip time was 0.2664 milliseconds in repetition 133
Message size: 8
tcp_ping received 49152 bytes back
Round trip time was 0.252 milliseconds in repetition 134
Message size: 8
tcp_ping received 49152 bytes back
Round trip time was 0.2517 milliseconds in repetition 135
Message size: 8
tcp_ping received 49152 bytes back
Round trip time was 0.2656 milliseconds in repetition 136
Message size: 8
tcp_ping received 49152 bytes back
Round trip time was 0.2462 milliseconds in repetition 137
Message size: 8
tcp_ping received 49152 bytes back
Round trip time was 0.253 milliseconds in repetition 138
Message size: 8
tcp_ping received 49152 bytes back
Round trip time was 0.2586 milliseconds in repetition 139
Message size: 8
tcp_ping received 49152 bytes back
Round trip time was 0.2421 milliseconds in repetition 140
Message size: 8
tcp_ping received 49152 bytes back
Round trip time was 0.314201 milliseconds in repetition 141
Message size: 8
tcp_ping received 49152 bytes back
Round trip time was 0.2371 milliseconds in repetition 142
Message size: 8
tcp_ping received 49152 bytes back
Round trip time was 0.2166 milliseconds in repetition 143
Message size: 8
tcp_ping received 49152 bytes back
Round trip time was 0.2432 milliseconds in repetition 144
Message size: 8
tcp_ping received 49152 bytes back
Round trip time was 0.2228 milliseconds in repetition 145
Message size: 8
tcp_ping received 49152 bytes back
Round trip time was 0.2466 milliseconds in repetition 146
Message size: 8
tcp_ping received 49152 bytes back
Round trip time was 0.2339 milliseconds in repetition 147
Message size: 8
tcp_ping received 49152 bytes back
Round trip time was 0.2314 milliseconds in repetition 148
Message size: 8
tcp_ping received 49152 bytes back
Round trip time was 0.2235 milliseconds in repetition 149
Message size: 8
tcp_ping received 49152 bytes back
Round trip time was 0.2234 milliseconds in repetition 150
Message size: 8
tcp_ping received 49152 bytes back
Round trip time was 0.2296 milliseconds in repetition 151
Message size: 8
tcp_ping received 49152 bytes back
Round trip time was 0.2344 milliseconds in repetition 152
Message size: 8
tcp_ping received 49152 bytes back
Round trip time was 0.2457 milliseconds in repetition 153
Message size: 8
tcp_ping received 49152 bytes back
Round trip time was 0.2095 milliseconds in repetition 154
Message size: 8
tcp_ping received 49152 bytes back
Round trip time was 0.2079 milliseconds in repetition 155
Message size: 8
tcp_ping received 49152 bytes back
Round trip time was 0.2244 milliseconds in repetition 156
Message size: 8
tcp_ping received 49152 bytes back
Round trip time was 0.2193 milliseconds in repetition 157
Message size: 8
tcp_ping received 49152 bytes back
Round trip time was 0.2176 milliseconds in repetition 158
Message size: 8
tcp_ping received 49152 bytes back
Round trip time was 0.2184 milliseconds in repetition 159
Message size: 8
tcp_ping received 49152 bytes back
Round trip time was 0.2142 milliseconds in repetition 160
Message size: 8
tcp_ping received 49152 bytes back
Round trip time was 0.2126 milliseconds in repetition 161
Message size: 8
tcp_ping received 49152 bytes back
Round trip time was 0.2125 milliseconds in repetition 162
Message size: 8
tcp_ping received 49152 bytes back
Round trip time was 0.2138 milliseconds in repetition 163
Message size: 8
tcp_ping received 49152 bytes back
Round trip time was 0.2221 milliseconds in repetition 164
Message size: 8
tcp_ping received 49152 bytes back
Round trip time was 0.2425 milliseconds in repetition 165
Message size: 8
tcp_ping received 49152 bytes back
Round trip time was 0.2584 milliseconds in repetition 166
Message size: 8
tcp_ping received 49152 bytes back
Round trip time was 0.2288 milliseconds in repetition 167
Message size: 8
tcp_ping received 49152 bytes back
Round trip time was 0.2281 milliseconds in repetition 168
Message size: 8
tcp_ping received 49152 bytes back
Round trip time was 0.2297 milliseconds in repetition 169
Message size: 8
tcp_ping received 49152 bytes back
Round trip time was 0.2311 milliseconds in repetition 170
Message size: 8
tcp_ping received 49152 bytes back
Round trip time was 0.2294 milliseconds in repetition 171
Message size: 8
tcp_ping received 49152 bytes back
Round trip time was 0.2298 milliseconds in repetition 172
Message size: 8
tcp_ping received 49152 bytes back
Round trip time was 0.2301 milliseconds in repetition 173
Message size: 8
tcp_ping received 49152 bytes back
Round trip time was 0.2356 milliseconds in repetition 174
Message size: 8
tcp_ping received 49152 bytes back
Round trip time was 0.2317 milliseconds in repetition 175
Message size: 8
tcp_ping received 49152 bytes back
Round trip time was 0.2472 milliseconds in repetition 176
Message size: 8
tcp_ping received 49152 bytes back
Round trip time was 0.2404 milliseconds in repetition 177
Message size: 8
tcp_ping received 49152 bytes back
Round trip time was 0.2642 milliseconds in repetition 178
Message size: 8
tcp_ping received 49152 bytes back
Round trip time was 0.2355 milliseconds in repetition 179
Message size: 8
tcp_ping received 49152 bytes back
Round trip time was 0.2293 milliseconds in repetition 180
Message size: 8
tcp_ping received 49152 bytes back
Round trip time was 0.2123 milliseconds in repetition 181
Message size: 8
tcp_ping received 49152 bytes back
Round trip time was 0.2139 milliseconds in repetition 182
Message size: 8
tcp_ping received 49152 bytes back
Round trip time was 0.2152 milliseconds in repetition 183
Message size: 8
tcp_ping received 49152 bytes back
Round trip time was 0.2128 milliseconds in repetition 184
Message size: 8
tcp_ping received 49152 bytes back
Round trip time was 0.2128 milliseconds in repetition 185
Message size: 8
tcp_ping received 49152 bytes back
Round trip time was 0.2298 milliseconds in repetition 186
Message size: 8
tcp_ping received 49152 bytes back
Round trip time was 0.2619 milliseconds in repetition 187
Message size: 8
tcp_ping received 49152 bytes back
Round trip time was 0.3259 milliseconds in repetition 188
Message size: 8
tcp_ping received 49152 bytes back
Round trip time was 0.2451 milliseconds in repetition 189
Message size: 8
tcp_ping received 49152 bytes back
Round trip time was 0.2949 milliseconds in repetition 190
Message size: 8
tcp_ping received 49152 bytes back
Round trip time was 0.221 milliseconds in repetition 191
Message size: 8
tcp_ping received 49152 bytes back
Round trip time was 0.2271 milliseconds in repetition 192
Message size: 8
tcp_ping received 49152 bytes back
Round trip time was 0.2366 milliseconds in repetition 193
Message size: 8
tcp_ping received 49152 bytes back
Round trip time was 0.2246 milliseconds in repetition 194
Message size: 8
tcp_ping received 49152 bytes back
Round trip time was 0.2241 milliseconds in repetition 195
Message size: 8
tcp_ping received 49152 bytes back
Round trip time was 0.2229 milliseconds in repetition 196
Message size: 8
tcp_ping received 49152 bytes back
Round trip time was 0.2341 milliseconds in repetition 197
Message size: 8
tcp_ping received 49152 bytes back
Round trip time was 0.2185 milliseconds in repetition 198
Message size: 8
tcp_ping received 49152 bytes back
Round trip time was 0.224 milliseconds in repetition 199
Message size: 8
tcp_ping received 49152 bytes back
Round trip time was 0.2304 milliseconds in repetition 200
Message size: 8
tcp_ping received 49152 bytes back
Round trip time was 0.226 milliseconds in repetition 201
Message size: 8
tcp_ping received 49152 bytes back
Round trip time was 0.2234 milliseconds in repetition 202
Message size: 8
tcp_ping received 49152 bytes back
Round trip time was 0.244 milliseconds in repetition 203
Message size: 8
tcp_ping received 49152 bytes back
Round trip time was 0.2282 milliseconds in repetition 204
Message size: 8
tcp_ping received 49152 bytes back
Round trip time was 0.2224 milliseconds in repetition 205
Message size: 8
tcp_ping received 49152 bytes back
Round trip time was 0.2228 milliseconds in repetition 206
Message size: 8
tcp_ping received 49152 bytes back
Round trip time was 0.2469 milliseconds in repetition 207
Message size: 8
tcp_ping received 49152 bytes back
Round trip time was 0.2412 milliseconds in repetition 208
Message size: 8
tcp_ping received 49152 bytes back
Round trip time was 0.2419 milliseconds in repetition 209
Message size: 8
tcp_ping received 49152 bytes back
Round trip time was 0.2525 milliseconds in repetition 210
Message size: 8
tcp_ping received 49152 bytes back
Round trip time was 0.2173 milliseconds in repetition 211
Message size: 8
tcp_ping received 49152 bytes back
Round trip time was 0.2178 milliseconds in repetition 212
Message size: 8
tcp_ping received 49152 bytes back
Round trip time was 0.2422 milliseconds in repetition 213
Message size: 8
tcp_ping received 49152 bytes back
Round trip time was 0.2125 milliseconds in repetition 214
Message size: 8
tcp_ping received 49152 bytes back
Round trip time was 0.212 milliseconds in repetition 215
Message size: 8
tcp_ping received 49152 bytes back
Round trip time was 0.2115 milliseconds in repetition 216
Message size: 8
tcp_ping received 49152 bytes back
Round trip time was 0.213 milliseconds in repetition 217
Message size: 8
tcp_ping received 49152 bytes back
Round trip time was 0.2122 milliseconds in repetition 218
Message size: 8
tcp_ping received 49152 bytes back
Round trip time was 0.2113 milliseconds in repetition 219
Message size: 8
tcp_ping received 49152 bytes back
Round trip time was 0.2123 milliseconds in repetition 220
Message size: 8
tcp_ping received 49152 bytes back
Round trip time was 0.3563 milliseconds in repetition 221
Message size: 8
tcp_ping received 49152 bytes back
Round trip time was 0.2653 milliseconds in repetition 222
Message size: 8
tcp_ping received 49152 bytes back
Round trip time was 0.2223 milliseconds in repetition 223
Message size: 8
tcp_ping received 49152 bytes back
Round trip time was 0.2204 milliseconds in repetition 224
Message size: 8
tcp_ping received 49152 bytes back
Round trip time was 0.2349 milliseconds in repetition 225
Message size: 8
tcp_ping received 49152 bytes back
Round trip time was 0.2305 milliseconds in repetition 226
Message size: 8
tcp_ping received 49152 bytes back
Round trip time was 0.2233 milliseconds in repetition 227
Message size: 8
tcp_ping received 49152 bytes back
Round trip time was 0.2338 milliseconds in repetition 228
Message size: 8
tcp_ping received 49152 bytes back
Round trip time was 0.2131 milliseconds in repetition 229
Message size: 8
tcp_ping received 49152 bytes back
Round trip time was 0.2118 milliseconds in repetition 230
Message size: 8
tcp_ping received 49152 bytes back
Round trip time was 0.2128 milliseconds in repetition 231
Message size: 8
tcp_ping received 49152 bytes back
Round trip time was 0.2114 milliseconds in repetition 232
Message size: 8
tcp_ping received 49152 bytes back
Round trip time was 0.2151 milliseconds in repetition 233
Message size: 8
tcp_ping received 49152 bytes back
Round trip time was 0.2266 milliseconds in repetition 234
Message size: 8
tcp_ping received 49152 bytes back
Round trip time was 0.2903 milliseconds in repetition 235
Message size: 8
tcp_ping received 49152 bytes back
Round trip time was 0.2308 milliseconds in repetition 236
Message size: 8
tcp_ping received 49152 bytes back
Round trip time was 0.2207 milliseconds in repetition 237
Message size: 8
tcp_ping received 49152 bytes back
Round trip time was 0.2191 milliseconds in repetition 238
Message size: 8
tcp_ping received 49152 bytes back
Round trip time was 0.2215 milliseconds in repetition 239
Message size: 8
tcp_ping received 49152 bytes back
Round trip time was 0.2449 milliseconds in repetition 240
Message size: 8
tcp_ping received 49152 bytes back
Round trip time was 0.2415 milliseconds in repetition 241
Message size: 8
tcp_ping received 49152 bytes back
Round trip time was 0.2476 milliseconds in repetition 242
Message size: 8
tcp_ping received 49152 bytes back
Round trip time was 0.2579 milliseconds in repetition 243
Message size: 8
tcp_ping received 49152 bytes back
Round trip time was 0.2334 milliseconds in repetition 244
Message size: 8
tcp_ping received 49152 bytes back
Round trip time was 0.2536 milliseconds in repetition 245
Message size: 8
tcp_ping received 49152 bytes back
Round trip time was 0.2418 milliseconds in repetition 246
Message size: 8
tcp_ping received 49152 bytes back
Round trip time was 0.2321 milliseconds in repetition 247
Message size: 8
tcp_ping received 49152 bytes back
Round trip time was 0.2342 milliseconds in repetition 248
Message size: 8
tcp_ping received 49152 bytes back
Round trip time was 0.2291 milliseconds in repetition 249
Message size: 8
tcp_ping received 49152 bytes back
Round trip time was 0.2289 milliseconds in repetition 250
Message size: 8
tcp_ping received 49152 bytes back
Round trip time was 0.2305 milliseconds in repetition 251
Message size: 8
tcp_ping received 49152 bytes back
Round trip time was 0.2297 milliseconds in repetition 252
Message size: 8
tcp_ping received 49152 bytes back
Round trip time was 0.2389 milliseconds in repetition 253
Message size: 8
tcp_ping received 49152 bytes back
Round trip time was 0.2243 milliseconds in repetition 254
Message size: 8
tcp_ping received 49152 bytes back
Round trip time was 0.2237 milliseconds in repetition 255
Message size: 8
tcp_ping received 49152 bytes back
Round trip time was 0.236 milliseconds in repetition 256
Message size: 8
tcp_ping received 49152 bytes back
Round trip time was 0.2242 milliseconds in repetition 257
Message size: 8
tcp_ping received 49152 bytes back
Round trip time was 0.2209 milliseconds in repetition 258
Message size: 8
tcp_ping received 49152 bytes back
Round trip time was 0.2246 milliseconds in repetition 259
Message size: 8
tcp_ping received 49152 bytes back
Round trip time was 0.2179 milliseconds in repetition 260
Message size: 8
tcp_ping received 49152 bytes back
Round trip time was 0.2172 milliseconds in repetition 261
Message size: 8
tcp_ping received 49152 bytes back
Round trip time was 0.2166 milliseconds in repetition 262
Message size: 8
tcp_ping received 49152 bytes back
Round trip time was 0.2257 milliseconds in repetition 263
Message size: 8
tcp_ping received 49152 bytes back
Round trip time was 0.2089 milliseconds in repetition 264
Message size: 8
tcp_ping received 49152 bytes back
Round trip time was 0.2025 milliseconds in repetition 265
Message size: 8
tcp_ping received 49152 bytes back
Round trip time was 0.202 milliseconds in repetition 266
Message size: 8
tcp_ping received 49152 bytes back
Round trip time was 0.2023 milliseconds in repetition 267
Message size: 8
tcp_ping received 49152 bytes back
Round trip time was 0.3028 milliseconds in repetition 268
Message size: 8
tcp_ping received 49152 bytes back
Round trip time was 0.2316 milliseconds in repetition 269
Message size: 8
tcp_ping received 49152 bytes back
Round trip time was 0.2336 milliseconds in repetition 270
Message size: 8
tcp_ping received 49152 bytes back
Round trip time was 0.223 milliseconds in repetition 271
Message size: 8
tcp_ping received 49152 bytes back
Round trip time was 0.2254 milliseconds in repetition 272
Message size: 8
tcp_ping received 49152 bytes back
Round trip time was 0.2361 milliseconds in repetition 273
Message size: 8
tcp_ping received 49152 bytes back
Round trip time was 0.2126 milliseconds in repetition 274
Message size: 8
tcp_ping received 49152 bytes back
Round trip time was 0.2117 milliseconds in repetition 275
Message size: 8
tcp_ping received 49152 bytes back
Round trip time was 0.2111 milliseconds in repetition 276
Message size: 8
tcp_ping received 49152 bytes back
Round trip time was 0.2115 milliseconds in repetition 277
Message size: 8
tcp_ping received 49152 bytes back
Round trip time was 0.2447 milliseconds in repetition 278
Message size: 8
tcp_ping received 49152 bytes back
Round trip time was 0.2425 milliseconds in repetition 279
Message size: 8
tcp_ping received 49152 bytes back
Round trip time was 0.2404 milliseconds in repetition 280
Message size: 8
tcp_ping received 49152 bytes back
Round trip time was 0.2426 milliseconds in repetition 281
Message size: 8
tcp_ping received 49152 bytes back
Round trip time was 0.2969 milliseconds in repetition 282
Message size: 8
tcp_ping received 49152 bytes back
Round trip time was 0.2526 milliseconds in repetition 283
Message size: 8
tcp_ping received 49152 bytes back
Round trip time was 0.2514 milliseconds in repetition 284
Message size: 8
tcp_ping received 49152 bytes back
Round trip time was 0.2726 milliseconds in repetition 285
Message size: 8
tcp_ping received 49152 bytes back
Round trip time was 0.2405 milliseconds in repetition 286
Message size: 8
tcp_ping received 49152 bytes back
Round trip time was 0.2436 milliseconds in repetition 287
Message size: 8
tcp_ping received 49152 bytes back
Round trip time was 0.2709 milliseconds in repetition 288
Message size: 8
tcp_ping received 49152 bytes back
Round trip time was 0.245 milliseconds in repetition 289
Message size: 8
tcp_ping received 49152 bytes back
Round trip time was 0.2283 milliseconds in repetition 290
Message size: 8
tcp_ping received 49152 bytes back
Round trip time was 0.2295 milliseconds in repetition 291
Message size: 8
tcp_ping received 49152 bytes back
Round trip time was 0.1973 milliseconds in repetition 292
Message size: 8
tcp_ping received 49152 bytes back
Round trip time was 0.2016 milliseconds in repetition 293
Message size: 8
tcp_ping received 49152 bytes back
Round trip time was 0.2004 milliseconds in repetition 294
Message size: 8
tcp_ping received 49152 bytes back
Round trip time was 0.1997 milliseconds in repetition 295
Message size: 8
tcp_ping received 49152 bytes back
Round trip time was 0.2016 milliseconds in repetition 296
Message size: 8
tcp_ping received 49152 bytes back
Round trip time was 0.2173 milliseconds in repetition 297
Message size: 8
tcp_ping received 49152 bytes back
Round trip time was 0.2016 milliseconds in repetition 298
Message size: 8
tcp_ping received 49152 bytes back
Round trip time was 0.2336 milliseconds in repetition 299
Message size: 8
tcp_ping received 49152 bytes back
Round trip time was 0.2001 milliseconds in repetition 300
Message size: 8
tcp_ping received 49152 bytes back
Round trip time was 0.2177 milliseconds in repetition 301
Message size: 8
tcp_ping received 49152 bytes back
Round trip time was 0.2754 milliseconds in repetition 302
Message size: 8
tcp_ping received 49152 bytes back
Round trip time was 0.2653 milliseconds in repetition 303
Message size: 8
tcp_ping received 49152 bytes back
Round trip time was 0.2488 milliseconds in repetition 304
Message size: 8
tcp_ping received 49152 bytes back
Round trip time was 0.237 milliseconds in repetition 305
Message size: 8
tcp_ping received 49152 bytes back
Round trip time was 0.2304 milliseconds in repetition 306
Message size: 8
tcp_ping received 49152 bytes back
Round trip time was 0.2415 milliseconds in repetition 307
Message size: 8
tcp_ping received 49152 bytes back
Round trip time was 0.2525 milliseconds in repetition 308
Message size: 8
tcp_ping received 49152 bytes back
Round trip time was 0.2151 milliseconds in repetition 309
Message size: 8
tcp_ping received 49152 bytes back
Round trip time was 0.2517 milliseconds in repetition 310
Message size: 8
tcp_ping received 49152 bytes back
Round trip time was 0.2398 milliseconds in repetition 311
Message size: 8
tcp_ping received 49152 bytes back
Round trip time was 0.4083 milliseconds in repetition 312
Message size: 8
tcp_ping received 49152 bytes back
Round trip time was 0.2823 milliseconds in repetition 313
Message size: 8
tcp_ping received 49152 bytes back
Round trip time was 0.2999 milliseconds in repetition 314
Message size: 8
tcp_ping received 49152 bytes back
Round trip time was 0.4199 milliseconds in repetition 315
Message size: 8
tcp_ping received 49152 bytes back
Round trip time was 0.2646 milliseconds in repetition 316
Message size: 8
tcp_ping received 49152 bytes back
Round trip time was 0.2748 milliseconds in repetition 317
Message size: 8
tcp_ping received 49152 bytes back
Round trip time was 0.2621 milliseconds in repetition 318
Message size: 8
tcp_ping received 49152 bytes back
Round trip time was 0.2203 milliseconds in repetition 319
Message size: 8
tcp_ping received 49152 bytes back
Round trip time was 0.2486 milliseconds in repetition 320
Message size: 8
tcp_ping received 49152 bytes back
Round trip time was 0.2292 milliseconds in repetition 321
Message size: 8
tcp_ping received 49152 bytes back
Round trip time was 0.3421 milliseconds in repetition 322
Message size: 8
tcp_ping received 49152 bytes back
Round trip time was 0.3595 milliseconds in repetition 323
Message size: 8
tcp_ping received 49152 bytes back
Round trip time was 0.2854 milliseconds in repetition 324
Message size: 8
tcp_ping received 49152 bytes back
Round trip time was 0.404 milliseconds in repetition 325
Message size: 8
tcp_ping received 49152 bytes back
Round trip time was 0.3613 milliseconds in repetition 326
Message size: 8
tcp_ping received 49152 bytes back
Round trip time was 0.3423 milliseconds in repetition 327
Message size: 8
tcp_ping received 49152 bytes back
Round trip time was 0.2315 milliseconds in repetition 328
Message size: 8
tcp_ping received 49152 bytes back
Round trip time was 0.4535 milliseconds in repetition 329
Message size: 8
tcp_ping received 49152 bytes back
Round trip time was 0.2284 milliseconds in repetition 330
Message size: 8
tcp_ping received 49152 bytes back
Round trip time was 0.2393 milliseconds in repetition 331
Message size: 8
tcp_ping received 49152 bytes back
Round trip time was 0.245 milliseconds in repetition 332
Message size: 8
tcp_ping received 49152 bytes back
Round trip time was 0.2517 milliseconds in repetition 333
Message size: 8
tcp_ping received 49152 bytes back
Round trip time was 0.2691 milliseconds in repetition 334
Message size: 8
tcp_ping received 49152 bytes back
Round trip time was 0.321 milliseconds in repetition 335
Message size: 8
tcp_ping received 49152 bytes back
Round trip time was 0.2542 milliseconds in repetition 336
Message size: 8
tcp_ping received 49152 bytes back
Round trip time was 0.263 milliseconds in repetition 337
Message size: 8
tcp_ping received 49152 bytes back
Round trip time was 0.3093 milliseconds in repetition 338
Message size: 8
tcp_ping received 49152 bytes back
Round trip time was 0.2643 milliseconds in repetition 339
Message size: 8
tcp_ping received 49152 bytes back
Round trip time was 0.2515 milliseconds in repetition 340
Message size: 8
tcp_ping received 49152 bytes back
Round trip time was 0.233 milliseconds in repetition 341
Message size: 8
tcp_ping received 49152 bytes back
Round trip time was 0.2308 milliseconds in repetition 342
Message size: 8
tcp_ping received 49152 bytes back
Round trip time was 0.2306 milliseconds in repetition 343
Message size: 8
tcp_ping received 49152 bytes back
Round trip time was 0.2466 milliseconds in repetition 344
Message size: 8
tcp_ping received 49152 bytes back
Round trip time was 0.2132 milliseconds in repetition 345
Message size: 8
tcp_ping received 49152 bytes back
Round trip time was 0.2117 milliseconds in repetition 346
Message size: 8
tcp_ping received 49152 bytes back
Round trip time was 0.2243 milliseconds in repetition 347
Message size: 8
tcp_ping received 49152 bytes back
Round trip time was 0.2218 milliseconds in repetition 348
Message size: 8
tcp_ping received 49152 bytes back
Round trip time was 0.2354 milliseconds in repetition 349
Message size: 8
tcp_ping received 49152 bytes back
Round trip time was 0.2301 milliseconds in repetition 350
Message size: 8
tcp_ping received 49152 bytes back
Round trip time was 0.2923 milliseconds in repetition 351
Message size: 8
tcp_ping received 49152 bytes back
Round trip time was 0.2309 milliseconds in repetition 352
Message size: 8
tcp_ping received 49152 bytes back
Round trip time was 0.2873 milliseconds in repetition 353
Message size: 8
tcp_ping received 49152 bytes back
Round trip time was 0.2412 milliseconds in repetition 354
Message size: 8
tcp_ping received 49152 bytes back
Round trip time was 0.2134 milliseconds in repetition 355
Message size: 8
tcp_ping received 49152 bytes back
Round trip time was 0.2135 milliseconds in repetition 356
Message size: 8
tcp_ping received 49152 bytes back
Round trip time was 0.2119 milliseconds in repetition 357
Message size: 8
tcp_ping received 49152 bytes back
Round trip time was 0.2148 milliseconds in repetition 358
Message size: 8
tcp_ping received 49152 bytes back
Round trip time was 0.2137 milliseconds in repetition 359
Message size: 8
tcp_ping received 49152 bytes back
Round trip time was 0.2155 milliseconds in repetition 360
Message size: 8
tcp_ping received 49152 bytes back
Round trip time was 0.2747 milliseconds in repetition 361
Message size: 8
tcp_ping received 49152 bytes back
Round trip time was 0.2932 milliseconds in repetition 362
Message size: 8
tcp_ping received 49152 bytes back
Round trip time was 0.2297 milliseconds in repetition 363
Message size: 8
tcp_ping received 49152 bytes back
Round trip time was 0.2297 milliseconds in repetition 364
Message size: 8
tcp_ping received 49152 bytes back
Round trip time was 0.3488 milliseconds in repetition 365
Message size: 8
tcp_ping received 49152 bytes back
Round trip time was 0.233 milliseconds in repetition 366
Message size: 8
tcp_ping received 49152 bytes back
Round trip time was 0.235 milliseconds in repetition 367
Message size: 8
tcp_ping received 49152 bytes back
Round trip time was 0.2436 milliseconds in repetition 368
Message size: 8
tcp_ping received 49152 bytes back
Round trip time was 0.2484 milliseconds in repetition 369
Message size: 8
tcp_ping received 49152 bytes back
Round trip time was 0.2702 milliseconds in repetition 370
Message size: 8
tcp_ping received 49152 bytes back
Round trip time was 0.2655 milliseconds in repetition 371
Message size: 8
tcp_ping received 49152 bytes back
Round trip time was 0.2674 milliseconds in repetition 372
Message size: 8
tcp_ping received 49152 bytes back
Round trip time was 0.2591 milliseconds in repetition 373
Message size: 8
tcp_ping received 49152 bytes back
Round trip time was 0.2384 milliseconds in repetition 374
Message size: 8
tcp_ping received 49152 bytes back
Round trip time was 0.2448 milliseconds in repetition 375
Message size: 8
tcp_ping received 49152 bytes back
Round trip time was 0.3462 milliseconds in repetition 376
Message size: 8
tcp_ping received 49152 bytes back
Round trip time was 0.2445 milliseconds in repetition 377
Message size: 8
tcp_ping received 49152 bytes back
Round trip time was 0.2373 milliseconds in repetition 378
Message size: 8
tcp_ping received 49152 bytes back
Round trip time was 0.2372 milliseconds in repetition 379
Message size: 8
tcp_ping received 49152 bytes back
Round trip time was 0.239901 milliseconds in repetition 380
Message size: 8
tcp_ping received 49152 bytes back
Round trip time was 0.2439 milliseconds in repetition 381
Message size: 8
tcp_ping received 49152 bytes back
Round trip time was 0.2419 milliseconds in repetition 382
Message size: 8
tcp_ping received 49152 bytes back
Round trip time was 0.2471 milliseconds in repetition 383
Message size: 8
tcp_ping received 49152 bytes back
Round trip time was 0.2292 milliseconds in repetition 384
Message size: 8
tcp_ping received 49152 bytes back
Round trip time was 0.261 milliseconds in repetition 385
Message size: 8
tcp_ping received 49152 bytes back
Round trip time was 0.2471 milliseconds in repetition 386
Message size: 8
tcp_ping received 49152 bytes back
Round trip time was 0.2347 milliseconds in repetition 387
Message size: 8
tcp_ping received 49152 bytes back
Round trip time was 0.2309 milliseconds in repetition 388
Message size: 8
tcp_ping received 49152 bytes back
Round trip time was 0.2444 milliseconds in repetition 389
Message size: 8
tcp_ping received 49152 bytes back
Round trip time was 0.2315 milliseconds in repetition 390
Message size: 8
tcp_ping received 49152 bytes back
Round trip time was 0.2384 milliseconds in repetition 391
Message size: 8
tcp_ping received 49152 bytes back
Round trip time was 0.235 milliseconds in repetition 392
Message size: 8
tcp_ping received 49152 bytes back
Round trip time was 0.2345 milliseconds in repetition 393
Message size: 8
tcp_ping received 49152 bytes back
Round trip time was 0.2311 milliseconds in repetition 394
Message size: 8
tcp_ping received 49152 bytes back
Round trip time was 0.2512 milliseconds in repetition 395
Message size: 8
tcp_ping received 49152 bytes back
Round trip time was 0.244 milliseconds in repetition 396
Message size: 8
tcp_ping received 49152 bytes back
Round trip time was 0.234 milliseconds in repetition 397
Message size: 8
tcp_ping received 49152 bytes back
Round trip time was 0.2339 milliseconds in repetition 398
Message size: 8
tcp_ping received 49152 bytes back
Round trip time was 0.2817 milliseconds in repetition 399
Message size: 8
tcp_ping received 49152 bytes back
Round trip time was 0.4306 milliseconds in repetition 400
Message size: 8
tcp_ping received 49152 bytes back
Round trip time was 0.4533 milliseconds in repetition 401
Message size: 8
tcp_ping received 49152 bytes back
Round trip time was 0.2799 milliseconds in repetition 402
Message size: 8
tcp_ping received 49152 bytes back
Round trip time was 0.2838 milliseconds in repetition 403
Message size: 8
tcp_ping received 49152 bytes back
Round trip time was 0.2507 milliseconds in repetition 404
Message size: 8
tcp_ping received 49152 bytes back
Round trip time was 0.3265 milliseconds in repetition 405
Message size: 8
tcp_ping received 49152 bytes back
Round trip time was 0.3698 milliseconds in repetition 406
Message size: 8
tcp_ping received 49152 bytes back
Round trip time was 0.2794 milliseconds in repetition 407
Message size: 8
tcp_ping received 49152 bytes back
Round trip time was 0.3502 milliseconds in repetition 408
Message size: 8
tcp_ping received 49152 bytes back
Round trip time was 0.4804 milliseconds in repetition 409
Message size: 8
tcp_ping received 49152 bytes back
Round trip time was 0.2815 milliseconds in repetition 410
Message size: 8
tcp_ping received 49152 bytes back
Round trip time was 0.2634 milliseconds in repetition 411
Message size: 8
tcp_ping received 49152 bytes back
Round trip time was 0.2487 milliseconds in repetition 412
Message size: 8
tcp_ping received 49152 bytes back
Round trip time was 0.2509 milliseconds in repetition 413
Message size: 8
tcp_ping received 49152 bytes back
Round trip time was 0.2947 milliseconds in repetition 414
Message size: 8
tcp_ping received 49152 bytes back
Round trip time was 0.2331 milliseconds in repetition 415
Message size: 8
tcp_ping received 49152 bytes back
Round trip time was 0.2244 milliseconds in repetition 416
Message size: 8
tcp_ping received 49152 bytes back
Round trip time was 0.222 milliseconds in repetition 417
Message size: 8
tcp_ping received 49152 bytes back
Round trip time was 0.2388 milliseconds in repetition 418
Message size: 8
tcp_ping received 49152 bytes back
Round trip time was 0.2421 milliseconds in repetition 419
Message size: 8
tcp_ping received 49152 bytes back
Round trip time was 0.2584 milliseconds in repetition 420
Message size: 8
tcp_ping received 49152 bytes back
Round trip time was 0.2535 milliseconds in repetition 421
Message size: 8
tcp_ping received 49152 bytes back
Round trip time was 0.2431 milliseconds in repetition 422
Message size: 8
tcp_ping received 49152 bytes back
Round trip time was 0.3445 milliseconds in repetition 423
Message size: 8
tcp_ping received 49152 bytes back
Round trip time was 0.2609 milliseconds in repetition 424
Message size: 8
tcp_ping received 49152 bytes back
Round trip time was 0.2345 milliseconds in repetition 425
Message size: 8
tcp_ping received 49152 bytes back
Round trip time was 0.2639 milliseconds in repetition 426
Message size: 8
tcp_ping received 49152 bytes back
Round trip time was 0.2349 milliseconds in repetition 427
Message size: 8
tcp_ping received 49152 bytes back
Round trip time was 0.2584 milliseconds in repetition 428
Message size: 8
tcp_ping received 49152 bytes back
Round trip time was 0.2744 milliseconds in repetition 429
Message size: 8
tcp_ping received 49152 bytes back
Round trip time was 0.2715 milliseconds in repetition 430
Message size: 8
tcp_ping received 49152 bytes back
Round trip time was 0.2681 milliseconds in repetition 431
Message size: 8
tcp_ping received 49152 bytes back
Round trip time was 0.2449 milliseconds in repetition 432
Message size: 8
tcp_ping received 49152 bytes back
Round trip time was 0.2382 milliseconds in repetition 433
Message size: 8
tcp_ping received 49152 bytes back
Round trip time was 0.2549 milliseconds in repetition 434
Message size: 8
tcp_ping received 49152 bytes back
Round trip time was 0.2691 milliseconds in repetition 435
Message size: 8
tcp_ping received 49152 bytes back
Round trip time was 0.2512 milliseconds in repetition 436
Message size: 8
tcp_ping received 49152 bytes back
Round trip time was 0.2554 milliseconds in repetition 437
Message size: 8
tcp_ping received 49152 bytes back
Round trip time was 0.2487 milliseconds in repetition 438
Message size: 8
tcp_ping received 49152 bytes back
Round trip time was 0.2585 milliseconds in repetition 439
Message size: 8
tcp_ping received 49152 bytes back
Round trip time was 0.263 milliseconds in repetition 440
Message size: 8
tcp_ping received 49152 bytes back
Round trip time was 0.3031 milliseconds in repetition 441
Message size: 8
tcp_ping received 49152 bytes back
Round trip time was 0.2673 milliseconds in repetition 442
Message size: 8
tcp_ping received 49152 bytes back
Round trip time was 0.3194 milliseconds in repetition 443
Message size: 8
tcp_ping received 49152 bytes back
Round trip time was 0.274 milliseconds in repetition 444
Message size: 8
tcp_ping received 49152 bytes back
Round trip time was 0.2486 milliseconds in repetition 445
Message size: 8
tcp_ping received 49152 bytes back
Round trip time was 0.2766 milliseconds in repetition 446
Message size: 8
tcp_ping received 49152 bytes back
Round trip time was 0.2491 milliseconds in repetition 447
Message size: 8
tcp_ping received 49152 bytes back
Round trip time was 0.2582 milliseconds in repetition 448
Message size: 8
tcp_ping received 49152 bytes back
Round trip time was 0.2546 milliseconds in repetition 449
Message size: 8
tcp_ping received 49152 bytes back
Round trip time was 0.237 milliseconds in repetition 450
Message size: 8
tcp_ping received 49152 bytes back
Round trip time was 0.2437 milliseconds in repetition 451
Message size: 8
tcp_ping received 49152 bytes back
Round trip time was 0.3471 milliseconds in repetition 452
Message size: 8
tcp_ping received 49152 bytes back
Round trip time was 0.3071 milliseconds in repetition 453
Message size: 8
tcp_ping received 49152 bytes back
Round trip time was 0.2589 milliseconds in repetition 454
Message size: 8
tcp_ping received 49152 bytes back
Round trip time was 0.2601 milliseconds in repetition 455
Message size: 8
tcp_ping received 49152 bytes back
Round trip time was 0.3901 milliseconds in repetition 456
Message size: 8
tcp_ping received 49152 bytes back
Round trip time was 0.2532 milliseconds in repetition 457
Message size: 8
tcp_ping received 49152 bytes back
Round trip time was 0.2579 milliseconds in repetition 458
Message size: 8
tcp_ping received 49152 bytes back
Round trip time was 0.322 milliseconds in repetition 459
Message size: 8
tcp_ping received 49152 bytes back
Round trip time was 0.2741 milliseconds in repetition 460
Message size: 8
tcp_ping received 49152 bytes back
Round trip time was 0.2795 milliseconds in repetition 461
Message size: 8
tcp_ping received 49152 bytes back
Round trip time was 0.2504 milliseconds in repetition 462
Message size: 8
tcp_ping received 49152 bytes back
Round trip time was 0.2634 milliseconds in repetition 463
Message size: 8
tcp_ping received 49152 bytes back
Round trip time was 0.2449 milliseconds in repetition 464
Message size: 8
tcp_ping received 49152 bytes back
Round trip time was 0.268 milliseconds in repetition 465
Message size: 8
tcp_ping received 49152 bytes back
Round trip time was 0.264 milliseconds in repetition 466
Message size: 8
tcp_ping received 49152 bytes back
Round trip time was 0.2511 milliseconds in repetition 467
Message size: 8
tcp_ping received 49152 bytes back
Round trip time was 0.2698 milliseconds in repetition 468
Message size: 8
tcp_ping received 49152 bytes back
Round trip time was 0.2367 milliseconds in repetition 469
Message size: 8
tcp_ping received 49152 bytes back
Round trip time was 0.2552 milliseconds in repetition 470
Message size: 8
tcp_ping received 49152 bytes back
Round trip time was 0.2572 milliseconds in repetition 471
Message size: 8
tcp_ping received 49152 bytes back
Round trip time was 0.247 milliseconds in repetition 472
Message size: 8
tcp_ping received 49152 bytes back
Round trip time was 0.2548 milliseconds in repetition 473
Message size: 8
tcp_ping received 49152 bytes back
Round trip time was 0.3642 milliseconds in repetition 474
Message size: 8
tcp_ping received 49152 bytes back
Round trip time was 0.2551 milliseconds in repetition 475
Message size: 8
tcp_ping received 49152 bytes back
Round trip time was 0.278 milliseconds in repetition 476
Message size: 8
tcp_ping received 49152 bytes back
Round trip time was 0.2533 milliseconds in repetition 477
Message size: 8
tcp_ping received 49152 bytes back
Round trip time was 0.2543 milliseconds in repetition 478
Message size: 8
tcp_ping received 49152 bytes back
Round trip time was 0.241 milliseconds in repetition 479
Message size: 8
tcp_ping received 49152 bytes back
Round trip time was 0.2496 milliseconds in repetition 480
Message size: 8
tcp_ping received 49152 bytes back
Round trip time was 0.2418 milliseconds in repetition 481
Message size: 8
tcp_ping received 49152 bytes back
Round trip time was 0.2831 milliseconds in repetition 482
Message size: 8
tcp_ping received 49152 bytes back
Round trip time was 0.2519 milliseconds in repetition 483
Message size: 8
tcp_ping received 49152 bytes back
Round trip time was 0.4036 milliseconds in repetition 484
Message size: 8
tcp_ping received 49152 bytes back
Round trip time was 0.3067 milliseconds in repetition 485
Message size: 8
tcp_ping received 49152 bytes back
Round trip time was 0.2793 milliseconds in repetition 486
Message size: 8
tcp_ping received 49152 bytes back
Round trip time was 0.2936 milliseconds in repetition 487
Message size: 8
tcp_ping received 49152 bytes back
Round trip time was 0.2564 milliseconds in repetition 488
Message size: 8
tcp_ping received 49152 bytes back
Round trip time was 0.3417 milliseconds in repetition 489
Message size: 8
tcp_ping received 49152 bytes back
Round trip time was 0.2517 milliseconds in repetition 490
Message size: 8
tcp_ping received 49152 bytes back
Round trip time was 0.4015 milliseconds in repetition 491
Message size: 8
tcp_ping received 49152 bytes back
Round trip time was 0.3876 milliseconds in repetition 492
Message size: 8
tcp_ping received 49152 bytes back
Round trip time was 0.2815 milliseconds in repetition 493
Message size: 8
tcp_ping received 49152 bytes back
Round trip time was 0.3813 milliseconds in repetition 494
Message size: 8
tcp_ping received 49152 bytes back
Round trip time was 0.2618 milliseconds in repetition 495
Message size: 8
tcp_ping received 49152 bytes back
Round trip time was 0.2455 milliseconds in repetition 496
Message size: 8
tcp_ping received 49152 bytes back
Round trip time was 0.2296 milliseconds in repetition 497
Message size: 8
tcp_ping received 49152 bytes back
Round trip time was 0.2286 milliseconds in repetition 498
Message size: 8
tcp_ping received 49152 bytes back
Round trip time was 0.366 milliseconds in repetition 499
Message size: 8
tcp_ping received 49152 bytes back
Round trip time was 0.262 milliseconds in repetition 500
Message size: 8
tcp_ping received 49152 bytes back
Round trip time was 0.281 milliseconds in repetition 501

 ... clock resolution was 1e-06
TCP Ping:  Statistics over 501 repetitions of 49152 byte messages

RTT : percentile 10: 0.2117, median: 0.2425, percentile 90: 0.3417, average: 0.259486, variance: 0.00422899

RTT histogram:
0.1973 79
0.232755 217
0.26821 121
0.303665 25
0.33912 23
0.374575 14
0.41003 11
0.445485 5
0.48094 1
0.516395 2
0.55185 0
0.587305 0
0.62276 1
0.658215 1
0.69367 0
0.729125 0
0.76458 0
0.800035 0
0.83549 0
0.870945 0
0.906401 1

   median Throughput : 405377 KB/s   overall Throughput : 378841 KB/s

