TCP Ping trying to connect to server localhost (127.0.0.1) on port 1491
Connected with the server
 ... connected to Pong server: asking for 501 repetitions of 12288 bytes TCP messages
 ... Pong server agreed :-)
Message size: 8
tcp_ping received 12288 bytes back
Round trip time was 0.1219 milliseconds in repetition 1
Message size: 8
tcp_ping received 12288 bytes back
Round trip time was 0.0863 milliseconds in repetition 2
Message size: 8
tcp_ping received 12288 bytes back
Round trip time was 0.0843 milliseconds in repetition 3
Message size: 8
tcp_ping received 12288 bytes back
Round trip time was 0.1007 milliseconds in repetition 4
Message size: 8
tcp_ping received 12288 bytes back
Round trip time was 0.1049 milliseconds in repetition 5
Message size: 8
tcp_ping received 12288 bytes back
Round trip time was 0.0912 milliseconds in repetition 6
Message size: 8
tcp_ping received 12288 bytes back
Round trip time was 0.0858 milliseconds in repetition 7
Message size: 8
tcp_ping received 12288 bytes back
Round trip time was 0.0837 milliseconds in repetition 8
Message size: 8
tcp_ping received 12288 bytes back
Round trip time was 0.0894 milliseconds in repetition 9
Message size: 8
tcp_ping received 12288 bytes back
Round trip time was 0.0863 milliseconds in repetition 10
Message size: 8
tcp_ping received 12288 bytes back
Round trip time was 0.0854 milliseconds in repetition 11
Message size: 8
tcp_ping received 12288 bytes back
Round trip time was 0.0853 milliseconds in repetition 12
Message size: 8
tcp_ping received 12288 bytes back
Round trip time was 0.0856 milliseconds in repetition 13
Message size: 8
tcp_ping received 12288 bytes back
Round trip time was 0.0862 milliseconds in repetition 14
Message size: 8
tcp_ping received 12288 bytes back
Round trip time was 0.0848 milliseconds in repetition 15
Message size: 8
tcp_ping received 12288 bytes back
Round trip time was 0.0863 milliseconds in repetition 16
Message size: 8
tcp_ping received 12288 bytes back
Round trip time was 0.0862 milliseconds in repetition 17
Message size: 8
tcp_ping received 12288 bytes back
Round trip time was 0.2535 milliseconds in repetition 18
Message size: 8
tcp_ping received 12288 bytes back
Round trip time was 0.1047 milliseconds in repetition 19
Message size: 8
tcp_ping received 12288 bytes back
Round trip time was 0.0816 milliseconds in repetition 20
Message size: 8
tcp_ping received 12288 bytes back
Round trip time was 0.0841 milliseconds in repetition 21
Message size: 8
tcp_ping received 12288 bytes back
Round trip time was 0.0834 milliseconds in repetition 22
Message size: 8
tcp_ping received 12288 bytes back
Round trip time was 0.0995 milliseconds in repetition 23
Message size: 8
tcp_ping received 12288 bytes back
Round trip time was 0.0838 milliseconds in repetition 24
Message size: 8
tcp_ping received 12288 bytes back
Round trip time was 0.084 milliseconds in repetition 25
Message size: 8
tcp_ping received 12288 bytes back
Round trip time was 0.0836 milliseconds in repetition 26
Message size: 8
tcp_ping received 12288 bytes back
Round trip time was 0.0837 milliseconds in repetition 27
Message size: 8
tcp_ping received 12288 bytes back
Round trip time was 0.0835 milliseconds in repetition 28
Message size: 8
tcp_ping received 12288 bytes back
Round trip time was 0.0839 milliseconds in repetition 29
Message size: 8
tcp_ping received 12288 bytes back
Round trip time was 0.0842 milliseconds in repetition 30
Message size: 8
tcp_ping received 12288 bytes back
Round trip time was 0.1008 milliseconds in repetition 31
Message size: 8
tcp_ping received 12288 bytes back
Round trip time was 0.1016 milliseconds in repetition 32
Message size: 8
tcp_ping received 12288 bytes back
Round trip time was 0.0921 milliseconds in repetition 33
Message size: 8
tcp_ping received 12288 bytes back
Round trip time was 0.0904 milliseconds in repetition 34
Message size: 8
tcp_ping received 12288 bytes back
Round trip time was 0.0908 milliseconds in repetition 35
Message size: 8
tcp_ping received 12288 bytes back
Round trip time was 0.0892 milliseconds in repetition 36
Message size: 8
tcp_ping received 12288 bytes back
Round trip time was 0.3026 milliseconds in repetition 37
Message size: 8
tcp_ping received 12288 bytes back
Round trip time was 0.09 milliseconds in repetition 38
Message size: 8
tcp_ping received 12288 bytes back
Round trip time was 0.0894 milliseconds in repetition 39
Message size: 8
tcp_ping received 12288 bytes back
Round trip time was 0.1017 milliseconds in repetition 40
Message size: 8
tcp_ping received 12288 bytes back
Round trip time was 0.0848 milliseconds in repetition 41
Message size: 8
tcp_ping received 12288 bytes back
Round trip time was 0.0895 milliseconds in repetition 42
Message size: 8
tcp_ping received 12288 bytes back
Round trip time was 0.0897 milliseconds in repetition 43
Message size: 8
tcp_ping received 12288 bytes back
Round trip time was 0.1115 milliseconds in repetition 44
Message size: 8
tcp_ping received 12288 bytes back
Round trip time was 0.0931 milliseconds in repetition 45
Message size: 8
tcp_ping received 12288 bytes back
Round trip time was 0.0902 milliseconds in repetition 46
Message size: 8
tcp_ping received 12288 bytes back
Round trip time was 0.1017 milliseconds in repetition 47
Message size: 8
tcp_ping received 12288 bytes back
Round trip time was 0.0888 milliseconds in repetition 48
Message size: 8
tcp_ping received 12288 bytes back
Round trip time was 0.0836 milliseconds in repetition 49
Message size: 8
tcp_ping received 12288 bytes back
Round trip time was 0.0828 milliseconds in repetition 50
Message size: 8
tcp_ping received 12288 bytes back
Round trip time was 0.0998 milliseconds in repetition 51
Message size: 8
tcp_ping received 12288 bytes back
Round trip time was 0.0896 milliseconds in repetition 52
Message size: 8
tcp_ping received 12288 bytes back
Round trip time was 0.0862 milliseconds in repetition 53
Message size: 8
tcp_ping received 12288 bytes back
Round trip time was 0.0859 milliseconds in repetition 54
Message size: 8
tcp_ping received 12288 bytes back
Round trip time was 0.086 milliseconds in repetition 55
Message size: 8
tcp_ping received 12288 bytes back
Round trip time was 0.261 milliseconds in repetition 56
Message size: 8
tcp_ping received 12288 bytes back
Round trip time was 0.161 milliseconds in repetition 57
Message size: 8
tcp_ping received 12288 bytes back
Round trip time was 0.1224 milliseconds in repetition 58
Message size: 8
tcp_ping received 12288 bytes back
Round trip time was 0.1133 milliseconds in repetition 59
Message size: 8
tcp_ping received 12288 bytes back
Round trip time was 0.1118 milliseconds in repetition 60
Message size: 8
tcp_ping received 12288 bytes back
Round trip time was 0.1486 milliseconds in repetition 61
Message size: 8
tcp_ping received 12288 bytes back
Round trip time was 0.094 milliseconds in repetition 62
Message size: 8
tcp_ping received 12288 bytes back
Round trip time was 0.1226 milliseconds in repetition 63
Message size: 8
tcp_ping received 12288 bytes back
Round trip time was 0.0972 milliseconds in repetition 64
Message size: 8
tcp_ping received 12288 bytes back
Round trip time was 0.1626 milliseconds in repetition 65
Message size: 8
tcp_ping received 12288 bytes back
Round trip time was 0.1593 milliseconds in repetition 66
Message size: 8
tcp_ping received 12288 bytes back
Round trip time was 0.127 milliseconds in repetition 67
Message size: 8
tcp_ping received 12288 bytes back
Round trip time was 0.1394 milliseconds in repetition 68
Message size: 8
tcp_ping received 12288 bytes back
Round trip time was 0.1159 milliseconds in repetition 69
Message size: 8
tcp_ping received 12288 bytes back
Round trip time was 0.1061 milliseconds in repetition 70
Message size: 8
tcp_ping received 12288 bytes back
Round trip time was 0.0946 milliseconds in repetition 71
Message size: 8
tcp_ping received 12288 bytes back
Round trip time was 0.0914 milliseconds in repetition 72
Message size: 8
tcp_ping received 12288 bytes back
Round trip time was 0.094 milliseconds in repetition 73
Message size: 8
tcp_ping received 12288 bytes back
Round trip time was 0.0862 milliseconds in repetition 74
Message size: 8
tcp_ping received 12288 bytes back
Round trip time was 0.3838 milliseconds in repetition 75
Message size: 8
tcp_ping received 12288 bytes back
Round trip time was 0.0914 milliseconds in repetition 76
Message size: 8
tcp_ping received 12288 bytes back
Round trip time was 0.0904 milliseconds in repetition 77
Message size: 8
tcp_ping received 12288 bytes back
Round trip time was 0.0951 milliseconds in repetition 78
Message size: 8
tcp_ping received 12288 bytes back
Round trip time was 0.0953 milliseconds in repetition 79
Message size: 8
tcp_ping received 12288 bytes back
Round trip time was 0.1242 milliseconds in repetition 80
Message size: 8
tcp_ping received 12288 bytes back
Round trip time was 0.1177 milliseconds in repetition 81
Message size: 8
tcp_ping received 12288 bytes back
Round trip time was 0.0906 milliseconds in repetition 82
Message size: 8
tcp_ping received 12288 bytes back
Round trip time was 0.0874 milliseconds in repetition 83
Message size: 8
tcp_ping received 12288 bytes back
Round trip time was 0.0877 milliseconds in repetition 84
Message size: 8
tcp_ping received 12288 bytes back
Round trip time was 0.1147 milliseconds in repetition 85
Message size: 8
tcp_ping received 12288 bytes back
Round trip time was 0.1151 milliseconds in repetition 86
Message size: 8
tcp_ping received 12288 bytes back
Round trip time was 0.0937 milliseconds in repetition 87
Message size: 8
tcp_ping received 12288 bytes back
Round trip time was 0.1127 milliseconds in repetition 88
Message size: 8
tcp_ping received 12288 bytes back
Round trip time was 0.0934 milliseconds in repetition 89
Message size: 8
tcp_ping received 12288 bytes back
Round trip time was 0.2056 milliseconds in repetition 90
Message size: 8
tcp_ping received 12288 bytes back
Round trip time was 0.1117 milliseconds in repetition 91
Message size: 8
tcp_ping received 12288 bytes back
Round trip time was 0.1051 milliseconds in repetition 92
Message size: 8
tcp_ping received 12288 bytes back
Round trip time was 0.1316 milliseconds in repetition 93
Message size: 8
tcp_ping received 12288 bytes back
Round trip time was 0.5789 milliseconds in repetition 94
Message size: 8
tcp_ping received 12288 bytes back
Round trip time was 0.1066 milliseconds in repetition 95
Message size: 8
tcp_ping received 12288 bytes back
Round trip time was 0.0872 milliseconds in repetition 96
Message size: 8
tcp_ping received 12288 bytes back
Round trip time was 0.094 milliseconds in repetition 97
Message size: 8
tcp_ping received 12288 bytes back
Round trip time was 0.0951 milliseconds in repetition 98
Message size: 8
tcp_ping received 12288 bytes back
Round trip time was 0.092 milliseconds in repetition 99
Message size: 8
tcp_ping received 12288 bytes back
Round trip time was 0.0847 milliseconds in repetition 100
Message size: 8
tcp_ping received 12288 bytes back
Round trip time was 0.0844 milliseconds in repetition 101
Message size: 8
tcp_ping received 12288 bytes back
Round trip time was 0.0841 milliseconds in repetition 102
Message size: 8
tcp_ping received 12288 bytes back
Round trip time was 0.0838 milliseconds in repetition 103
Message size: 8
tcp_ping received 12288 bytes back
Round trip time was 0.0855 milliseconds in repetition 104
Message size: 8
tcp_ping received 12288 bytes back
Round trip time was 0.085 milliseconds in repetition 105
Message size: 8
tcp_ping received 12288 bytes back
Round trip time was 0.0841 milliseconds in repetition 106
Message size: 8
tcp_ping received 12288 bytes back
Round trip time was 0.0837 milliseconds in repetition 107
Message size: 8
tcp_ping received 12288 bytes back
Round trip time was 0.0841 milliseconds in repetition 108
Message size: 8
tcp_ping received 12288 bytes back
Round trip time was 0.0863 milliseconds in repetition 109
Message size: 8
tcp_ping received 12288 bytes back
Round trip time was 0.0849 milliseconds in repetition 110
Message size: 8
tcp_ping received 12288 bytes back
Round trip time was 0.0848 milliseconds in repetition 111
Message size: 8
tcp_ping received 12288 bytes back
Round trip time was 0.0924 milliseconds in repetition 112
Message size: 8
tcp_ping received 12288 bytes back
Round trip time was 0.0947 milliseconds in repetition 113
Message size: 8
tcp_ping received 12288 bytes back
Round trip time was 0.0844 milliseconds in repetition 114
Message size: 8
tcp_ping received 12288 bytes back
Round trip time was 0.0837 milliseconds in repetition 115
Message size: 8
tcp_ping received 12288 bytes back
Round trip time was 0.0835 milliseconds in repetition 116
Message size: 8
tcp_ping received 12288 bytes back
Round trip time was 0.0842 milliseconds in repetition 117
Message size: 8
tcp_ping received 12288 bytes back
Round trip time was 0.085 milliseconds in repetition 118
Message size: 8
tcp_ping received 12288 bytes back
Round trip time was 0.0843 milliseconds in repetition 119
Message size: 8
tcp_ping received 12288 bytes back
Round trip time was 0.0827 milliseconds in repetition 120
Message size: 8
tcp_ping received 12288 bytes back
Round trip time was 0.0832 milliseconds in repetition 121
Message size: 8
tcp_ping received 12288 bytes back
Round trip time was 0.0838 milliseconds in repetition 122
Message size: 8
tcp_ping received 12288 bytes back
Round trip time was 0.0862 milliseconds in repetition 123
Message size: 8
tcp_ping received 12288 bytes back
Round trip time was 0.1006 milliseconds in repetition 124
Message size: 8
tcp_ping received 12288 bytes back
Round trip time was 0.0856 milliseconds in repetition 125
Message size: 8
tcp_ping received 12288 bytes back
Round trip time was 0.101 milliseconds in repetition 126
Message size: 8
tcp_ping received 12288 bytes back
Round trip time was 0.284 milliseconds in repetition 127
Message size: 8
tcp_ping received 12288 bytes back
Round trip time was 0.0874 milliseconds in repetition 128
Message size: 8
tcp_ping received 12288 bytes back
Round trip time was 0.0985 milliseconds in repetition 129
Message size: 8
tcp_ping received 12288 bytes back
Round trip time was 0.0844 milliseconds in repetition 130
Message size: 8
tcp_ping received 12288 bytes back
Round trip time was 0.0844 milliseconds in repetition 131
Message size: 8
tcp_ping received 12288 bytes back
Round trip time was 0.0854 milliseconds in repetition 132
Message size: 8
tcp_ping received 12288 bytes back
Round trip time was 0.091 milliseconds in repetition 133
Message size: 8
tcp_ping received 12288 bytes back
Round trip time was 0.0846 milliseconds in repetition 134
Message size: 8
tcp_ping received 12288 bytes back
Round trip time was 0.089 milliseconds in repetition 135
Message size: 8
tcp_ping received 12288 bytes back
Round trip time was 0.0844 milliseconds in repetition 136
Message size: 8
tcp_ping received 12288 bytes back
Round trip time was 0.0854 milliseconds in repetition 137
Message size: 8
tcp_ping received 12288 bytes back
Round trip time was 0.0851 milliseconds in repetition 138
Message size: 8
tcp_ping received 12288 bytes back
Round trip time was 0.0844 milliseconds in repetition 139
Message size: 8
tcp_ping received 12288 bytes back
Round trip time was 0.0847 milliseconds in repetition 140
Message size: 8
tcp_ping received 12288 bytes back
Round trip time was 0.2538 milliseconds in repetition 141
Message size: 8
tcp_ping received 12288 bytes back
Round trip time was 0.0853 milliseconds in repetition 142
Message size: 8
tcp_ping received 12288 bytes back
Round trip time was 0.0851 milliseconds in repetition 143
Message size: 8
tcp_ping received 12288 bytes back
Round trip time was 0.0847 milliseconds in repetition 144
Message size: 8
tcp_ping received 12288 bytes back
Round trip time was 0.0844 milliseconds in repetition 145
Message size: 8
tcp_ping received 12288 bytes back
Round trip time was 0.0844 milliseconds in repetition 146
Message size: 8
tcp_ping received 12288 bytes back
Round trip time was 0.0851 milliseconds in repetition 147
Message size: 8
tcp_ping received 12288 bytes back
Round trip time was 0.0844 milliseconds in repetition 148
Message size: 8
tcp_ping received 12288 bytes back
Round trip time was 0.0853 milliseconds in repetition 149
Message size: 8
tcp_ping received 12288 bytes back
Round trip time was 0.0848 milliseconds in repetition 150
Message size: 8
tcp_ping received 12288 bytes back
Round trip time was 0.1499 milliseconds in repetition 151
Message size: 8
tcp_ping received 12288 bytes back
Round trip time was 0.1305 milliseconds in repetition 152
Message size: 8
tcp_ping received 12288 bytes back
Round trip time was 0.1336 milliseconds in repetition 153
Message size: 8
tcp_ping received 12288 bytes back
Round trip time was 0.1054 milliseconds in repetition 154
Message size: 8
tcp_ping received 12288 bytes back
Round trip time was 0.096 milliseconds in repetition 155
Message size: 8
tcp_ping received 12288 bytes back
Round trip time was 0.2028 milliseconds in repetition 156
Message size: 8
tcp_ping received 12288 bytes back
Round trip time was 0.204 milliseconds in repetition 157
Message size: 8
tcp_ping received 12288 bytes back
Round trip time was 0.2253 milliseconds in repetition 158
Message size: 8
tcp_ping received 12288 bytes back
Round trip time was 0.2217 milliseconds in repetition 159
Message size: 8
tcp_ping received 12288 bytes back
Round trip time was 0.1247 milliseconds in repetition 160
Message size: 8
tcp_ping received 12288 bytes back
Round trip time was 0.0915 milliseconds in repetition 161
Message size: 8
tcp_ping received 12288 bytes back
Round trip time was 0.0919 milliseconds in repetition 162
Message size: 8
tcp_ping received 12288 bytes back
Round trip time was 0.0936 milliseconds in repetition 163
Message size: 8
tcp_ping received 12288 bytes back
Round trip time was 0.0904 milliseconds in repetition 164
Message size: 8
tcp_ping received 12288 bytes back
Round trip time was 0.0923 milliseconds in repetition 165
Message size: 8
tcp_ping received 12288 bytes back
Round trip time was 0.1035 milliseconds in repetition 166
Message size: 8
tcp_ping received 12288 bytes back
Round trip time was 0.1063 milliseconds in repetition 167
Message size: 8
tcp_ping received 12288 bytes back
Round trip time was 0.0878 milliseconds in repetition 168
Message size: 8
tcp_ping received 12288 bytes back
Round trip time was 0.0858 milliseconds in repetition 169
Message size: 8
tcp_ping received 12288 bytes back
Round trip time was 0.0882 milliseconds in repetition 170
Message size: 8
tcp_ping received 12288 bytes back
Round trip time was 0.0863 milliseconds in repetition 171
Message size: 8
tcp_ping received 12288 bytes back
Round trip time was 0.0859 milliseconds in repetition 172
Message size: 8
tcp_ping received 12288 bytes back
Round trip time was 0.0857 milliseconds in repetition 173
Message size: 8
tcp_ping received 12288 bytes back
Round trip time was 0.2459 milliseconds in repetition 174
Message size: 8
tcp_ping received 12288 bytes back
Round trip time was 0.0867 milliseconds in repetition 175
Message size: 8
tcp_ping received 12288 bytes back
Round trip time was 0.0869 milliseconds in repetition 176
Message size: 8
tcp_ping received 12288 bytes back
Round trip time was 0.092 milliseconds in repetition 177
Message size: 8
tcp_ping received 12288 bytes back
Round trip time was 0.0886 milliseconds in repetition 178
Message size: 8
tcp_ping received 12288 bytes back
Round trip time was 0.0892 milliseconds in repetition 179
Message size: 8
tcp_ping received 12288 bytes back
Round trip time was 0.0861 milliseconds in repetition 180
Message size: 8
tcp_ping received 12288 bytes back
Round trip time was 0.0857 milliseconds in repetition 181
Message size: 8
tcp_ping received 12288 bytes back
Round trip time was 0.0852 milliseconds in repetition 182
Message size: 8
tcp_ping received 12288 bytes back
Round trip time was 0.1505 milliseconds in repetition 183
Message size: 8
tcp_ping received 12288 bytes back
Round trip time was 0.0949 milliseconds in repetition 184
Message size: 8
tcp_ping received 12288 bytes back
Round trip time was 0.0865 milliseconds in repetition 185
Message size: 8
tcp_ping received 12288 bytes back
Round trip time was 0.086 milliseconds in repetition 186
Message size: 8
tcp_ping received 12288 bytes back
Round trip time was 0.0862 milliseconds in repetition 187
Message size: 8
tcp_ping received 12288 bytes back
Round trip time was 0.3933 milliseconds in repetition 188
Message size: 8
tcp_ping received 12288 bytes back
Round trip time was 0.0978 milliseconds in repetition 189
Message size: 8
tcp_ping received 12288 bytes back
Round trip time was 0.1412 milliseconds in repetition 190
Message size: 8
tcp_ping received 12288 bytes back
Round trip time was 0.1362 milliseconds in repetition 191
Message size: 8
tcp_ping received 12288 bytes back
Round trip time was 0.1324 milliseconds in repetition 192
Message size: 8
tcp_ping received 12288 bytes back
Round trip time was 0.1677 milliseconds in repetition 193
Message size: 8
tcp_ping received 12288 bytes back
Round trip time was 0.0964 milliseconds in repetition 194
Message size: 8
tcp_ping received 12288 bytes back
Round trip time was 0.0975 milliseconds in repetition 195
Message size: 8
tcp_ping received 12288 bytes back
Round trip time was 0.1241 milliseconds in repetition 196
Message size: 8
tcp_ping received 12288 bytes back
Round trip time was 0.112 milliseconds in repetition 197
Message size: 8
tcp_ping received 12288 bytes back
Round trip time was 0.1478 milliseconds in repetition 198
Message size: 8
tcp_ping received 12288 bytes back
Round trip time was 0.1121 milliseconds in repetition 199
Message size: 8
tcp_ping received 12288 bytes back
Round trip time was 0.1363 milliseconds in repetition 200
Message size: 8
tcp_ping received 12288 bytes back
Round trip time was 0.1095 milliseconds in repetition 201
Message size: 8
tcp_ping received 12288 bytes back
Round trip time was 0.0972 milliseconds in repetition 202
Message size: 8
tcp_ping received 12288 bytes back
Round trip time was 0.1221 milliseconds in repetition 203
Message size: 8
tcp_ping received 12288 bytes back
Round trip time was 0.0909 milliseconds in repetition 204
Message size: 8
tcp_ping received 12288 bytes back
Round trip time was 0.1074 milliseconds in repetition 205
Message size: 8
tcp_ping received 12288 bytes back
Round trip time was 0.119 milliseconds in repetition 206
Message size: 8
tcp_ping received 12288 bytes back
Round trip time was 0.1395 milliseconds in repetition 207
Message size: 8
tcp_ping received 12288 bytes back
Round trip time was 0.0968 milliseconds in repetition 208
Message size: 8
tcp_ping received 12288 bytes back
Round trip time was 0.0963 milliseconds in repetition 209
Message size: 8
tcp_ping received 12288 bytes back
Round trip time was 0.1438 milliseconds in repetition 210
Message size: 8
tcp_ping received 12288 bytes back
Round trip time was 0.1556 milliseconds in repetition 211
Message size: 8
tcp_ping received 12288 bytes back
Round trip time was 0.1172 milliseconds in repetition 212
Message size: 8
tcp_ping received 12288 bytes back
Round trip time was 0.1026 milliseconds in repetition 213
Message size: 8
tcp_ping received 12288 bytes back
Round trip time was 0.0876 milliseconds in repetition 214
Message size: 8
tcp_ping received 12288 bytes back
Round trip time was 0.0864 milliseconds in repetition 215
Message size: 8
tcp_ping received 12288 bytes back
Round trip time was 0.0871 milliseconds in repetition 216
Message size: 8
tcp_ping received 12288 bytes back
Round trip time was 0.0877 milliseconds in repetition 217
Message size: 8
tcp_ping received 12288 bytes back
Round trip time was 0.0883 milliseconds in repetition 218
Message size: 8
tcp_ping received 12288 bytes back
Round trip time was 0.0859 milliseconds in repetition 219
Message size: 8
tcp_ping received 12288 bytes back
Round trip time was 0.0868 milliseconds in repetition 220
Message size: 8
tcp_ping received 12288 bytes back
Round trip time was 0.3072 milliseconds in repetition 221
Message size: 8
tcp_ping received 12288 bytes back
Round trip time was 0.0846 milliseconds in repetition 222
Message size: 8
tcp_ping received 12288 bytes back
Round trip time was 0.085 milliseconds in repetition 223
Message size: 8
tcp_ping received 12288 bytes back
Round trip time was 0.1131 milliseconds in repetition 224
Message size: 8
tcp_ping received 12288 bytes back
Round trip time was 0.1151 milliseconds in repetition 225
Message size: 8
tcp_ping received 12288 bytes back
Round trip time was 0.0981 milliseconds in repetition 226
Message size: 8
tcp_ping received 12288 bytes back
Round trip time was 0.0871 milliseconds in repetition 227
Message size: 8
tcp_ping received 12288 bytes back
Round trip time was 0.0885 milliseconds in repetition 228
Message size: 8
tcp_ping received 12288 bytes back
Round trip time was 0.0876 milliseconds in repetition 229
Message size: 8
tcp_ping received 12288 bytes back
Round trip time was 0.0857 milliseconds in repetition 230
Message size: 8
tcp_ping received 12288 bytes back
Round trip time was 0.1072 milliseconds in repetition 231
Message size: 8
tcp_ping received 12288 bytes back
Round trip time was 0.0844 milliseconds in repetition 232
Message size: 8
tcp_ping received 12288 bytes back
Round trip time was 0.0888 milliseconds in repetition 233
Message size: 8
tcp_ping received 12288 bytes back
Round trip time was 0.0833 milliseconds in repetition 234
Message size: 8
tcp_ping received 12288 bytes back
Round trip time was 0.2795 milliseconds in repetition 235
Message size: 8
tcp_ping received 12288 bytes back
Round trip time was 0.0892 milliseconds in repetition 236
Message size: 8
tcp_ping received 12288 bytes back
Round trip time was 0.0868 milliseconds in repetition 237
Message size: 8
tcp_ping received 12288 bytes back
Round trip time was 0.0861 milliseconds in repetition 238
Message size: 8
tcp_ping received 12288 bytes back
Round trip time was 0.0852 milliseconds in repetition 239
Message size: 8
tcp_ping received 12288 bytes back
Round trip time was 0.0862 milliseconds in repetition 240
Message size: 8
tcp_ping received 12288 bytes back
Round trip time was 0.0967 milliseconds in repetition 241
Message size: 8
tcp_ping received 12288 bytes back
Round trip time was 0.0835 milliseconds in repetition 242
Message size: 8
tcp_ping received 12288 bytes back
Round trip time was 0.0828 milliseconds in repetition 243
Message size: 8
tcp_ping received 12288 bytes back
Round trip time was 0.0828 milliseconds in repetition 244
Message size: 8
tcp_ping received 12288 bytes back
Round trip time was 0.0913 milliseconds in repetition 245
Message size: 8
tcp_ping received 12288 bytes back
Round trip time was 0.1022 milliseconds in repetition 246
Message size: 8
tcp_ping received 12288 bytes back
Round trip time was 0.084 milliseconds in repetition 247
Message size: 8
tcp_ping received 12288 bytes back
Round trip time was 0.0837 milliseconds in repetition 248
Message size: 8
tcp_ping received 12288 bytes back
Round trip time was 0.0834 milliseconds in repetition 249
Message size: 8
tcp_ping received 12288 bytes back
Round trip time was 0.1384 milliseconds in repetition 250
Message size: 8
tcp_ping received 12288 bytes back
Round trip time was 0.1003 milliseconds in repetition 251
Message size: 8
tcp_ping received 12288 bytes back
Round trip time was 0.0834 milliseconds in repetition 252
Message size: 8
tcp_ping received 12288 bytes back
Round trip time was 0.0832 milliseconds in repetition 253
Message size: 8
tcp_ping received 12288 bytes back
Round trip time was 0.0859 milliseconds in repetition 254
Message size: 8
tcp_ping received 12288 bytes back
Round trip time was 0.0856 milliseconds in repetition 255
Message size: 8
tcp_ping received 12288 bytes back
Round trip time was 0.0861 milliseconds in repetition 256
Message size: 8
tcp_ping received 12288 bytes back
Round trip time was 0.0913 milliseconds in repetition 257
Message size: 8
tcp_ping received 12288 bytes back
Round trip time was 0.09 milliseconds in repetition 258
Message size: 8
tcp_ping received 12288 bytes back
Round trip time was 0.0892 milliseconds in repetition 259
Message size: 8
tcp_ping received 12288 bytes back
Round trip time was 0.0887 milliseconds in repetition 260
Message size: 8
tcp_ping received 12288 bytes back
Round trip time was 0.089 milliseconds in repetition 261
Message size: 8
tcp_ping received 12288 bytes back
Round trip time was 0.0889 milliseconds in repetition 262
Message size: 8
tcp_ping received 12288 bytes back
Round trip time was 0.0894 milliseconds in repetition 263
Message size: 8
tcp_ping received 12288 bytes back
Round trip time was 0.1408 milliseconds in repetition 264
Message size: 8
tcp_ping received 12288 bytes back
Round trip time was 0.0951 milliseconds in repetition 265
Message size: 8
tcp_ping received 12288 bytes back
Round trip time was 0.091 milliseconds in repetition 266
Message size: 8
tcp_ping received 12288 bytes back
Round trip time was 0.0955 milliseconds in repetition 267
Message size: 8
tcp_ping received 12288 bytes back
Round trip time was 0.2474 milliseconds in repetition 268
Message size: 8
tcp_ping received 12288 bytes back
Round trip time was 0.0906 milliseconds in repetition 269
Message size: 8
tcp_ping received 12288 bytes back
Round trip time was 0.0995 milliseconds in repetition 270
Message size: 8
tcp_ping received 12288 bytes back
Round trip time was 0.1013 milliseconds in repetition 271
Message size: 8
tcp_ping received 12288 bytes back
Round trip time was 0.0858 milliseconds in repetition 272
Message size: 8
tcp_ping received 12288 bytes back
Round trip time was 0.0865 milliseconds in repetition 273
Message size: 8
tcp_ping received 12288 bytes back
Round trip time was 0.0865 milliseconds in repetition 274
Message size: 8
tcp_ping received 12288 bytes back
Round trip time was 0.0856 milliseconds in repetition 275
Message size: 8
tcp_ping received 12288 bytes back
Round trip time was 0.0852 milliseconds in repetition 276
Message size: 8
tcp_ping received 12288 bytes back
Round trip time was 0.0853 milliseconds in repetition 277
Message size: 8
tcp_ping received 12288 bytes back
Round trip time was 0.0881 milliseconds in repetition 278
Message size: 8
tcp_ping received 12288 bytes back
Round trip time was 0.0861 milliseconds in repetition 279
Message size: 8
tcp_ping received 12288 bytes back
Round trip time was 0.0862 milliseconds in repetition 280
Message size: 8
tcp_ping received 12288 bytes back
Round trip time was 0.0859 milliseconds in repetition 281
Message size: 8
tcp_ping received 12288 bytes back
Round trip time was 0.0853 milliseconds in repetition 282
Message size: 8
tcp_ping received 12288 bytes back
Round trip time was 0.0861 milliseconds in repetition 283
Message size: 8
tcp_ping received 12288 bytes back
Round trip time was 0.0858 milliseconds in repetition 284
Message size: 8
tcp_ping received 12288 bytes back
Round trip time was 0.0856 milliseconds in repetition 285
Message size: 8
tcp_ping received 12288 bytes back
Round trip time was 0.086 milliseconds in repetition 286
Message size: 8
tcp_ping received 12288 bytes back
Round trip time was 0.0914 milliseconds in repetition 287
Message size: 8
tcp_ping received 12288 bytes back
Round trip time was 0.0863 milliseconds in repetition 288
Message size: 8
tcp_ping received 12288 bytes back
Round trip time was 0.0865 milliseconds in repetition 289
Message size: 8
tcp_ping received 12288 bytes back
Round trip time was 0.0858 milliseconds in repetition 290
Message size: 8
tcp_ping received 12288 bytes back
Round trip time was 0.0853 milliseconds in repetition 291
Message size: 8
tcp_ping received 12288 bytes back
Round trip time was 0.0855 milliseconds in repetition 292
Message size: 8
tcp_ping received 12288 bytes back
Round trip time was 0.0856 milliseconds in repetition 293
Message size: 8
tcp_ping received 12288 bytes back
Round trip time was 0.0856 milliseconds in repetition 294
Message size: 8
tcp_ping received 12288 bytes back
Round trip time was 0.0858 milliseconds in repetition 295
Message size: 8
tcp_ping received 12288 bytes back
Round trip time was 0.0857 milliseconds in repetition 296
Message size: 8
tcp_ping received 12288 bytes back
Round trip time was 0.0898 milliseconds in repetition 297
Message size: 8
tcp_ping received 12288 bytes back
Round trip time was 0.0872 milliseconds in repetition 298
Message size: 8
tcp_ping received 12288 bytes back
Round trip time was 0.0848 milliseconds in repetition 299
Message size: 8
tcp_ping received 12288 bytes back
Round trip time was 0.0846 milliseconds in repetition 300
Message size: 8
tcp_ping received 12288 bytes back
Round trip time was 0.0902 milliseconds in repetition 301
Message size: 8
tcp_ping received 12288 bytes back
Round trip time was 0.0866 milliseconds in repetition 302
Message size: 8
tcp_ping received 12288 bytes back
Round trip time was 0.0855 milliseconds in repetition 303
Message size: 8
tcp_ping received 12288 bytes back
Round trip time was 0.0855 milliseconds in repetition 304
Message size: 8
tcp_ping received 12288 bytes back
Round trip time was 0.0848 milliseconds in repetition 305
Message size: 8
tcp_ping received 12288 bytes back
Round trip time was 0.0834 milliseconds in repetition 306
Message size: 8
tcp_ping received 12288 bytes back
Round trip time was 0.0826 milliseconds in repetition 307
Message size: 8
tcp_ping received 12288 bytes back
Round trip time was 0.0825 milliseconds in repetition 308
Message size: 8
tcp_ping received 12288 bytes back
Round trip time was 0.0827 milliseconds in repetition 309
Message size: 8
tcp_ping received 12288 bytes back
Round trip time was 0.0831 milliseconds in repetition 310
Message size: 8
tcp_ping received 12288 bytes back
Round trip time was 0.0856 milliseconds in repetition 311
Message size: 8
tcp_ping received 12288 bytes back
Round trip time was 0.0849 milliseconds in repetition 312
Message size: 8
tcp_ping received 12288 bytes back
Round trip time was 0.0853 milliseconds in repetition 313
Message size: 8
tcp_ping received 12288 bytes back
Round trip time was 0.0848 milliseconds in repetition 314
Message size: 8
tcp_ping received 12288 bytes back
Round trip time was 0.2556 milliseconds in repetition 315
Message size: 8
tcp_ping received 12288 bytes back
Round trip time was 0.0976 milliseconds in repetition 316
Message size: 8
tcp_ping received 12288 bytes back
Round trip time was 0.0833 milliseconds in repetition 317
Message size: 8
tcp_ping received 12288 bytes back
Round trip time was 0.0828 milliseconds in repetition 318
Message size: 8
tcp_ping received 12288 bytes back
Round trip time was 0.0825 milliseconds in repetition 319
Message size: 8
tcp_ping received 12288 bytes back
Round trip time was 0.0851 milliseconds in repetition 320
Message size: 8
tcp_ping received 12288 bytes back
Round trip time was 0.0847 milliseconds in repetition 321
Message size: 8
tcp_ping received 12288 bytes back
Round trip time was 0.0847 milliseconds in repetition 322
Message size: 8
tcp_ping received 12288 bytes back
Round trip time was 0.0849 milliseconds in repetition 323
Message size: 8
tcp_ping received 12288 bytes back
Round trip time was 0.0846 milliseconds in repetition 324
Message size: 8
tcp_ping received 12288 bytes back
Round trip time was 0.108 milliseconds in repetition 325
Message size: 8
tcp_ping received 12288 bytes back
Round trip time was 0.0916 milliseconds in repetition 326
Message size: 8
tcp_ping received 12288 bytes back
Round trip time was 0.0924 milliseconds in repetition 327
Message size: 8
tcp_ping received 12288 bytes back
Round trip time was 0.09 milliseconds in repetition 328
Message size: 8
tcp_ping received 12288 bytes back
Round trip time was 0.0902 milliseconds in repetition 329
Message size: 8
tcp_ping received 12288 bytes back
Round trip time was 0.1362 milliseconds in repetition 330
Message size: 8
tcp_ping received 12288 bytes back
Round trip time was 0.0959 milliseconds in repetition 331
Message size: 8
tcp_ping received 12288 bytes back
Round trip time was 0.0966 milliseconds in repetition 332
Message size: 8
tcp_ping received 12288 bytes back
Round trip time was 0.1249 milliseconds in repetition 333
Message size: 8
tcp_ping received 12288 bytes back
Round trip time was 0.0975 milliseconds in repetition 334
Message size: 8
tcp_ping received 12288 bytes back
Round trip time was 0.126 milliseconds in repetition 335
Message size: 8
tcp_ping received 12288 bytes back
Round trip time was 0.1329 milliseconds in repetition 336
Message size: 8
tcp_ping received 12288 bytes back
Round trip time was 0.0897 milliseconds in repetition 337
Message size: 8
tcp_ping received 12288 bytes back
Round trip time was 0.0897 milliseconds in repetition 338
Message size: 8
tcp_ping received 12288 bytes back
Round trip time was 0.0916 milliseconds in repetition 339
Message size: 8
tcp_ping received 12288 bytes back
Round trip time was 0.0912 milliseconds in repetition 340
Message size: 8
tcp_ping received 12288 bytes back
Round trip time was 0.1035 milliseconds in repetition 341
Message size: 8
tcp_ping received 12288 bytes back
Round trip time was 0.0851 milliseconds in repetition 342
Message size: 8
tcp_ping received 12288 bytes back
Round trip time was 0.1563 milliseconds in repetition 343
Message size: 8
tcp_ping received 12288 bytes back
Round trip time was 0.0862 milliseconds in repetition 344
Message size: 8
tcp_ping received 12288 bytes back
Round trip time was 0.0863 milliseconds in repetition 345
Message size: 8
tcp_ping received 12288 bytes back
Round trip time was 0.0844 milliseconds in repetition 346
Message size: 8
tcp_ping received 12288 bytes back
Round trip time was 0.0847 milliseconds in repetition 347
Message size: 8
tcp_ping received 12288 bytes back
Round trip time was 0.0949 milliseconds in repetition 348
Message size: 8
tcp_ping received 12288 bytes back
Round trip time was 0.1034 milliseconds in repetition 349
Message size: 8
tcp_ping received 12288 bytes back
Round trip time was 0.0873 milliseconds in repetition 350
Message size: 8
tcp_ping received 12288 bytes back
Round trip time was 0.0902 milliseconds in repetition 351
Message size: 8
tcp_ping received 12288 bytes back
Round trip time was 0.0865 milliseconds in repetition 352
Message size: 8
tcp_ping received 12288 bytes back
Round trip time was 0.0871 milliseconds in repetition 353
Message size: 8
tcp_ping received 12288 bytes back
Round trip time was 0.0867 milliseconds in repetition 354
Message size: 8
tcp_ping received 12288 bytes back
Round trip time was 0.0863 milliseconds in repetition 355
Message size: 8
tcp_ping received 12288 bytes back
Round trip time was 0.0863 milliseconds in repetition 356
Message size: 8
tcp_ping received 12288 bytes back
Round trip time was 0.0858 milliseconds in repetition 357
Message size: 8
tcp_ping received 12288 bytes back
Round trip time was 0.0865 milliseconds in repetition 358
Message size: 8
tcp_ping received 12288 bytes back
Round trip time was 0.0857 milliseconds in repetition 359
Message size: 8
tcp_ping received 12288 bytes back
Round trip time was 0.086 milliseconds in repetition 360
Message size: 8
tcp_ping received 12288 bytes back
Round trip time was 0.0858 milliseconds in repetition 361
Message size: 8
tcp_ping received 12288 bytes back
Round trip time was 0.2918 milliseconds in repetition 362
Message size: 8
tcp_ping received 12288 bytes back
Round trip time was 0.0862 milliseconds in repetition 363
Message size: 8
tcp_ping received 12288 bytes back
Round trip time was 0.0864 milliseconds in repetition 364
Message size: 8
tcp_ping received 12288 bytes back
Round trip time was 0.0861 milliseconds in repetition 365
Message size: 8
tcp_ping received 12288 bytes back
Round trip time was 0.0857 milliseconds in repetition 366
Message size: 8
tcp_ping received 12288 bytes back
Round trip time was 0.107 milliseconds in repetition 367
Message size: 8
tcp_ping received 12288 bytes back
Round trip time was 0.0868 milliseconds in repetition 368
Message size: 8
tcp_ping received 12288 bytes back
Round trip time was 0.0863 milliseconds in repetition 369
Message size: 8
tcp_ping received 12288 bytes back
Round trip time was 0.0868 milliseconds in repetition 370
Message size: 8
tcp_ping received 12288 bytes back
Round trip time was 0.0856 milliseconds in repetition 371
Message size: 8
tcp_ping received 12288 bytes back
Round trip time was 0.0903 milliseconds in repetition 372
Message size: 8
tcp_ping received 12288 bytes back
Round trip time was 0.0862 milliseconds in repetition 373
Message size: 8
tcp_ping received 12288 bytes back
Round trip time was 0.0859 milliseconds in repetition 374
Message size: 8
tcp_ping received 12288 bytes back
Round trip time was 0.0855 milliseconds in repetition 375
Message size: 8
tcp_ping received 12288 bytes back
Round trip time was 0.0856 milliseconds in repetition 376
Message size: 8
tcp_ping received 12288 bytes back
Round trip time was 0.0896 milliseconds in repetition 377
Message size: 8
tcp_ping received 12288 bytes back
Round trip time was 0.0863 milliseconds in repetition 378
Message size: 8
tcp_ping received 12288 bytes back
Round trip time was 0.0861 milliseconds in repetition 379
Message size: 8
tcp_ping received 12288 bytes back
Round trip time was 0.0857 milliseconds in repetition 380
Message size: 8
tcp_ping received 12288 bytes back
Round trip time was 0.0875 milliseconds in repetition 381
Message size: 8
tcp_ping received 12288 bytes back
Round trip time was 0.0866 milliseconds in repetition 382
Message size: 8
tcp_ping received 12288 bytes back
Round trip time was 0.0862 milliseconds in repetition 383
Message size: 8
tcp_ping received 12288 bytes back
Round trip time was 0.0864 milliseconds in repetition 384
Message size: 8
tcp_ping received 12288 bytes back
Round trip time was 0.0858 milliseconds in repetition 385
Message size: 8
tcp_ping received 12288 bytes back
Round trip time was 0.0868 milliseconds in repetition 386
Message size: 8
tcp_ping received 12288 bytes back
Round trip time was 0.0908 milliseconds in repetition 387
Message size: 8
tcp_ping received 12288 bytes back
Round trip time was 0.1018 milliseconds in repetition 388
Message size: 8
tcp_ping received 12288 bytes back
Round trip time was 0.0917 milliseconds in repetition 389
Message size: 8
tcp_ping received 12288 bytes back
Round trip time was 0.0926 milliseconds in repetition 390
Message size: 8
tcp_ping received 12288 bytes back
Round trip time was 0.0952 milliseconds in repetition 391
Message size: 8
tcp_ping received 12288 bytes back
Round trip time was 0.0909 milliseconds in repetition 392
Message size: 8
tcp_ping received 12288 bytes back
Round trip time was 0.0912 milliseconds in repetition 393
Message size: 8
tcp_ping received 12288 bytes back
Round trip time was 0.0911 milliseconds in repetition 394
Message size: 8
tcp_ping received 12288 bytes back
Round trip time was 0.0908 milliseconds in repetition 395
Message size: 8
tcp_ping received 12288 bytes back
Round trip time was 0.1148 milliseconds in repetition 396
Message size: 8
tcp_ping received 12288 bytes back
Round trip time was 0.0858 milliseconds in repetition 397
Message size: 8
tcp_ping received 12288 bytes back
Round trip time was 0.0992 milliseconds in repetition 398
Message size: 8
tcp_ping received 12288 bytes back
Round trip time was 0.0897 milliseconds in repetition 399
Message size: 8
tcp_ping received 12288 bytes back
Round trip time was 0.0907 milliseconds in repetition 400
Message size: 8
tcp_ping received 12288 bytes back
Round trip time was 0.0937 milliseconds in repetition 401
Message size: 8
tcp_ping received 12288 bytes back
Round trip time was 0.0899 milliseconds in repetition 402
Message size: 8
tcp_ping received 12288 bytes back
Round trip time was 0.09 milliseconds in repetition 403
Message size: 8
tcp_ping received 12288 bytes back
Round trip time was 0.0898 milliseconds in repetition 404
Message size: 8
tcp_ping received 12288 bytes back
Round trip time was 0.104 milliseconds in repetition 405
Message size: 8
tcp_ping received 12288 bytes back
Round trip time was 0.0869 milliseconds in repetition 406
Message size: 8
tcp_ping received 12288 bytes back
Round trip time was 0.0861 milliseconds in repetition 407
Message size: 8
tcp_ping received 12288 bytes back
Round trip time was 0.0859 milliseconds in repetition 408
Message size: 8
tcp_ping received 12288 bytes back
Round trip time was 0.3046 milliseconds in repetition 409
Message size: 8
tcp_ping received 12288 bytes back
Round trip time was 0.0871 milliseconds in repetition 410
Message size: 8
tcp_ping received 12288 bytes back
Round trip time was 0.0865 milliseconds in repetition 411
Message size: 8
tcp_ping received 12288 bytes back
Round trip time was 0.0857 milliseconds in repetition 412
Message size: 8
tcp_ping received 12288 bytes back
Round trip time was 0.0856 milliseconds in repetition 413
Message size: 8
tcp_ping received 12288 bytes back
Round trip time was 0.0869 milliseconds in repetition 414
Message size: 8
tcp_ping received 12288 bytes back
Round trip time was 0.0864 milliseconds in repetition 415
Message size: 8
tcp_ping received 12288 bytes back
Round trip time was 0.0857 milliseconds in repetition 416
Message size: 8
tcp_ping received 12288 bytes back
Round trip time was 0.0858 milliseconds in repetition 417
Message size: 8
tcp_ping received 12288 bytes back
Round trip time was 0.0892 milliseconds in repetition 418
Message size: 8
tcp_ping received 12288 bytes back
Round trip time was 0.0855 milliseconds in repetition 419
Message size: 8
tcp_ping received 12288 bytes back
Round trip time was 0.0836 milliseconds in repetition 420
Message size: 8
tcp_ping received 12288 bytes back
Round trip time was 0.0834 milliseconds in repetition 421
Message size: 8
tcp_ping received 12288 bytes back
Round trip time was 0.0834 milliseconds in repetition 422
Message size: 8
tcp_ping received 12288 bytes back
Round trip time was 0.0833 milliseconds in repetition 423
Message size: 8
tcp_ping received 12288 bytes back
Round trip time was 0.084 milliseconds in repetition 424
Message size: 8
tcp_ping received 12288 bytes back
Round trip time was 0.0847 milliseconds in repetition 425
Message size: 8
tcp_ping received 12288 bytes back
Round trip time was 0.0855 milliseconds in repetition 426
Message size: 8
tcp_ping received 12288 bytes back
Round trip time was 0.0835 milliseconds in repetition 427
Message size: 8
tcp_ping received 12288 bytes back
Round trip time was 0.084 milliseconds in repetition 428
Message size: 8
tcp_ping received 12288 bytes back
Round trip time was 0.0838 milliseconds in repetition 429
Message size: 8
tcp_ping received 12288 bytes back
Round trip time was 0.0842 milliseconds in repetition 430
Message size: 8
tcp_ping received 12288 bytes back
Round trip time was 0.0849 milliseconds in repetition 431
Message size: 8
tcp_ping received 12288 bytes back
Round trip time was 0.0833 milliseconds in repetition 432
Message size: 8
tcp_ping received 12288 bytes back
Round trip time was 0.0842 milliseconds in repetition 433
Message size: 8
tcp_ping received 12288 bytes back
Round trip time was 0.1039 milliseconds in repetition 434
Message size: 8
tcp_ping received 12288 bytes back
Round trip time was 0.1287 milliseconds in repetition 435
Message size: 8
tcp_ping received 12288 bytes back
Round trip time was 0.1596 milliseconds in repetition 436
Message size: 8
tcp_ping received 12288 bytes back
Round trip time was 0.0859 milliseconds in repetition 437
Message size: 8
tcp_ping received 12288 bytes back
Round trip time was 0.0946 milliseconds in repetition 438
Message size: 8
tcp_ping received 12288 bytes back
Round trip time was 0.0871 milliseconds in repetition 439
Message size: 8
tcp_ping received 12288 bytes back
Round trip time was 0.0862 milliseconds in repetition 440
Message size: 8
tcp_ping received 12288 bytes back
Round trip time was 0.0859 milliseconds in repetition 441
Message size: 8
tcp_ping received 12288 bytes back
Round trip time was 0.0868 milliseconds in repetition 442
Message size: 8
tcp_ping received 12288 bytes back
Round trip time was 0.0862 milliseconds in repetition 443
Message size: 8
tcp_ping received 12288 bytes back
Round trip time was 0.0856 milliseconds in repetition 444
Message size: 8
tcp_ping received 12288 bytes back
Round trip time was 0.0861 milliseconds in repetition 445
Message size: 8
tcp_ping received 12288 bytes back
Round trip time was 0.0857 milliseconds in repetition 446
Message size: 8
tcp_ping received 12288 bytes back
Round trip time was 0.0851 milliseconds in repetition 447
Message size: 8
tcp_ping received 12288 bytes back
Round trip time was 0.0839 milliseconds in repetition 448
Message size: 8
tcp_ping received 12288 bytes back
Round trip time was 0.0836 milliseconds in repetition 449
Message size: 8
tcp_ping received 12288 bytes back
Round trip time was 0.0839 milliseconds in repetition 450
Message size: 8
tcp_ping received 12288 bytes back
Round trip time was 0.0838 milliseconds in repetition 451
Message size: 8
tcp_ping received 12288 bytes back
Round trip time was 0.0864 milliseconds in repetition 452
Message size: 8
tcp_ping received 12288 bytes back
Round trip time was 0.0985 milliseconds in repetition 453
Message size: 8
tcp_ping received 12288 bytes back
Round trip time was 0.0902 milliseconds in repetition 454
Message size: 8
tcp_ping received 12288 bytes back
Round trip time was 0.0855 milliseconds in repetition 455
Message size: 8
tcp_ping received 12288 bytes back
Round trip time was 0.2577 milliseconds in repetition 456
Message size: 8
tcp_ping received 12288 bytes back
Round trip time was 0.0896 milliseconds in repetition 457
Message size: 8
tcp_ping received 12288 bytes back
Round trip time was 0.0871 milliseconds in repetition 458
Message size: 8
tcp_ping received 12288 bytes back
Round trip time was 0.0861 milliseconds in repetition 459
Message size: 8
tcp_ping received 12288 bytes back
Round trip time was 0.0856 milliseconds in repetition 460
Message size: 8
tcp_ping received 12288 bytes back
Round trip time was 0.0912 milliseconds in repetition 461
Message size: 8
tcp_ping received 12288 bytes back
Round trip time was 0.0904 milliseconds in repetition 462
Message size: 8
tcp_ping received 12288 bytes back
Round trip time was 0.0901 milliseconds in repetition 463
Message size: 8
tcp_ping received 12288 bytes back
Round trip time was 0.0902 milliseconds in repetition 464
Message size: 8
tcp_ping received 12288 bytes back
Round trip time was 0.089 milliseconds in repetition 465
Message size: 8
tcp_ping received 12288 bytes back
Round trip time was 0.0909 milliseconds in repetition 466
Message size: 8
tcp_ping received 12288 bytes back
Round trip time was 0.0901 milliseconds in repetition 467
Message size: 8
tcp_ping received 12288 bytes back
Round trip time was 0.0904 milliseconds in repetition 468
Message size: 8
tcp_ping received 12288 bytes back
Round trip time was 0.0897 milliseconds in repetition 469
Message size: 8
tcp_ping received 12288 bytes back
Round trip time was 0.0903 milliseconds in repetition 470
Message size: 8
tcp_ping received 12288 bytes back
Round trip time was 0.0952 milliseconds in repetition 471
Message size: 8
tcp_ping received 12288 bytes back
Round trip time was 0.0917 milliseconds in repetition 472
Message size: 8
tcp_ping received 12288 bytes back
Round trip time was 0.0889 milliseconds in repetition 473
Message size: 8
tcp_ping received 12288 bytes back
Round trip time was 0.0864 milliseconds in repetition 474
Message size: 8
tcp_ping received 12288 bytes back
Round trip time was 0.0892 milliseconds in repetition 475
Message size: 8
tcp_ping received 12288 bytes back
Round trip time was 0.0867 milliseconds in repetition 476
Message size: 8
tcp_ping received 12288 bytes back
Round trip time was 0.0867 milliseconds in repetition 477
Message size: 8
tcp_ping received 12288 bytes back
Round trip time was 0.0865 milliseconds in repetition 478
Message size: 8
tcp_ping received 12288 bytes back
Round trip time was 0.0942 milliseconds in repetition 479
Message size: 8
tcp_ping received 12288 bytes back
Round trip time was 0.0905 milliseconds in repetition 480
Message size: 8
tcp_ping received 12288 bytes back
Round trip time was 0.0876 milliseconds in repetition 481
Message size: 8
tcp_ping received 12288 bytes back
Round trip time was 0.0872 milliseconds in repetition 482
Message size: 8
tcp_ping received 12288 bytes back
Round trip time was 0.0872 milliseconds in repetition 483
Message size: 8
tcp_ping received 12288 bytes back
Round trip time was 0.0864 milliseconds in repetition 484
Message size: 8
tcp_ping received 12288 bytes back
Round trip time was 0.086 milliseconds in repetition 485
Message size: 8
tcp_ping received 12288 bytes back
Round trip time was 0.0851 milliseconds in repetition 486
Message size: 8
tcp_ping received 12288 bytes back
Round trip time was 0.0851 milliseconds in repetition 487
Message size: 8
tcp_ping received 12288 bytes back
Round trip time was 0.0844 milliseconds in repetition 488
Message size: 8
tcp_ping received 12288 bytes back
Round trip time was 0.088 milliseconds in repetition 489
Message size: 8
tcp_ping received 12288 bytes back
Round trip time was 0.0852 milliseconds in repetition 490
Message size: 8
tcp_ping received 12288 bytes back
Round trip time was 0.0849 milliseconds in repetition 491
Message size: 8
tcp_ping received 12288 bytes back
Round trip time was 0.0847 milliseconds in repetition 492
Message size: 8
tcp_ping received 12288 bytes back
Round trip time was 0.085 milliseconds in repetition 493
Message size: 8
tcp_ping received 12288 bytes back
Round trip time was 0.0859 milliseconds in repetition 494
Message size: 8
tcp_ping received 12288 bytes back
Round trip time was 0.0855 milliseconds in repetition 495
Message size: 8
tcp_ping received 12288 bytes back
Round trip time was 0.085 milliseconds in repetition 496
Message size: 8
tcp_ping received 12288 bytes back
Round trip time was 0.0843 milliseconds in repetition 497
Message size: 8
tcp_ping received 12288 bytes back
Round trip time was 0.0849 milliseconds in repetition 498
Message size: 8
tcp_ping received 12288 bytes back
Round trip time was 0.0856 milliseconds in repetition 499
Message size: 8
tcp_ping received 12288 bytes back
Round trip time was 0.0865 milliseconds in repetition 500
Message size: 8
tcp_ping received 12288 bytes back
Round trip time was 0.0895 milliseconds in repetition 501

 ... clock resolution was 1e-06
TCP Ping:  Statistics over 501 repetitions of 12288 byte messages

RTT : percentile 10: 0.0841, median: 0.0871, percentile 90: 0.1247, average: 0.10125, variance: 0.00196897

RTT histogram:
0.0815995 366
0.106465 77
0.13133 25
0.156195 12
0.18106 0
0.205925 3
0.23079 2
0.255655 7
0.28052 3
0.305385 3
0.33025 0
0.355115 0
0.37998 1
0.404845 1
0.42971 0
0.454575 0
0.47944 0
0.504305 0
0.52917 0
0.554035 0
0.5789 1

   median Throughput : 282158 KB/s   overall Throughput : 242726 KB/s

