TCP Ping trying to connect to server localhost (127.0.0.1) on port 1491
Connected with the server
 ... connected to Pong server: asking for 501 repetitions of 65536 bytes TCP messages
 ... Pong server agreed :-)
Message size: 8
tcp_ping received 65536 bytes back
Round trip time was 0.4938 milliseconds in repetition 1
Message size: 8
tcp_ping received 65536 bytes back
Round trip time was 0.3158 milliseconds in repetition 2
Message size: 8
tcp_ping received 65536 bytes back
Round trip time was 0.333 milliseconds in repetition 3
Message size: 8
tcp_ping received 65536 bytes back
Round trip time was 0.3364 milliseconds in repetition 4
Message size: 8
tcp_ping received 65536 bytes back
Round trip time was 0.2973 milliseconds in repetition 5
Message size: 8
tcp_ping received 65536 bytes back
Round trip time was 0.2797 milliseconds in repetition 6
Message size: 8
tcp_ping received 65536 bytes back
Round trip time was 0.2906 milliseconds in repetition 7
Message size: 8
tcp_ping received 65536 bytes back
Round trip time was 0.3074 milliseconds in repetition 8
Message size: 8
tcp_ping received 65536 bytes back
Round trip time was 0.2992 milliseconds in repetition 9
Message size: 8
tcp_ping received 65536 bytes back
Round trip time was 0.2698 milliseconds in repetition 10
Message size: 8
tcp_ping received 65536 bytes back
Round trip time was 0.2935 milliseconds in repetition 11
Message size: 8
tcp_ping received 65536 bytes back
Round trip time was 0.2977 milliseconds in repetition 12
Message size: 8
tcp_ping received 65536 bytes back
Round trip time was 0.2884 milliseconds in repetition 13
Message size: 8
tcp_ping received 65536 bytes back
Round trip time was 0.3438 milliseconds in repetition 14
Message size: 8
tcp_ping received 65536 bytes back
Round trip time was 0.3283 milliseconds in repetition 15
Message size: 8
tcp_ping received 65536 bytes back
Round trip time was 0.316 milliseconds in repetition 16
Message size: 8
tcp_ping received 65536 bytes back
Round trip time was 0.3721 milliseconds in repetition 17
Message size: 8
tcp_ping received 65536 bytes back
Round trip time was 0.6796 milliseconds in repetition 18
Message size: 8
tcp_ping received 65536 bytes back
Round trip time was 0.4991 milliseconds in repetition 19
Message size: 8
tcp_ping received 65536 bytes back
Round trip time was 0.3627 milliseconds in repetition 20
Message size: 8
tcp_ping received 65536 bytes back
Round trip time was 0.4611 milliseconds in repetition 21
Message size: 8
tcp_ping received 65536 bytes back
Round trip time was 0.3728 milliseconds in repetition 22
Message size: 8
tcp_ping received 65536 bytes back
Round trip time was 0.5281 milliseconds in repetition 23
Message size: 8
tcp_ping received 65536 bytes back
Round trip time was 0.3538 milliseconds in repetition 24
Message size: 8
tcp_ping received 65536 bytes back
Round trip time was 0.5159 milliseconds in repetition 25
Message size: 8
tcp_ping received 65536 bytes back
Round trip time was 0.7289 milliseconds in repetition 26
Message size: 8
tcp_ping received 65536 bytes back
Round trip time was 0.632501 milliseconds in repetition 27
Message size: 8
tcp_ping received 65536 bytes back
Round trip time was 0.7529 milliseconds in repetition 28
Message size: 8
tcp_ping received 65536 bytes back
Round trip time was 0.9925 milliseconds in repetition 29
Message size: 8
tcp_ping received 65536 bytes back
Round trip time was 0.7985 milliseconds in repetition 30
Message size: 8
tcp_ping received 65536 bytes back
Round trip time was 0.7017 milliseconds in repetition 31
Message size: 8
tcp_ping received 65536 bytes back
Round trip time was 0.5509 milliseconds in repetition 32
Message size: 8
tcp_ping received 65536 bytes back
Round trip time was 1.5256 milliseconds in repetition 33
Message size: 8
tcp_ping received 65536 bytes back
Round trip time was 0.3556 milliseconds in repetition 34
Message size: 8
tcp_ping received 65536 bytes back
Round trip time was 0.3811 milliseconds in repetition 35
Message size: 8
tcp_ping received 65536 bytes back
Round trip time was 0.3664 milliseconds in repetition 36
Message size: 8
tcp_ping received 65536 bytes back
Round trip time was 0.793 milliseconds in repetition 37
Message size: 8
tcp_ping received 65536 bytes back
Round trip time was 0.3207 milliseconds in repetition 38
Message size: 8
tcp_ping received 65536 bytes back
Round trip time was 0.2816 milliseconds in repetition 39
Message size: 8
tcp_ping received 65536 bytes back
Round trip time was 0.2903 milliseconds in repetition 40
Message size: 8
tcp_ping received 65536 bytes back
Round trip time was 0.33 milliseconds in repetition 41
Message size: 8
tcp_ping received 65536 bytes back
Round trip time was 0.3284 milliseconds in repetition 42
Message size: 8
tcp_ping received 65536 bytes back
Round trip time was 0.4952 milliseconds in repetition 43
Message size: 8
tcp_ping received 65536 bytes back
Round trip time was 0.3014 milliseconds in repetition 44
Message size: 8
tcp_ping received 65536 bytes back
Round trip time was 0.3239 milliseconds in repetition 45
Message size: 8
tcp_ping received 65536 bytes back
Round trip time was 0.3122 milliseconds in repetition 46
Message size: 8
tcp_ping received 65536 bytes back
Round trip time was 0.4033 milliseconds in repetition 47
Message size: 8
tcp_ping received 65536 bytes back
Round trip time was 0.4089 milliseconds in repetition 48
Message size: 8
tcp_ping received 65536 bytes back
Round trip time was 0.3397 milliseconds in repetition 49
Message size: 8
tcp_ping received 65536 bytes back
Round trip time was 0.4794 milliseconds in repetition 50
Message size: 8
tcp_ping received 65536 bytes back
Round trip time was 0.4315 milliseconds in repetition 51
Message size: 8
tcp_ping received 65536 bytes back
Round trip time was 0.4875 milliseconds in repetition 52
Message size: 8
tcp_ping received 65536 bytes back
Round trip time was 0.3301 milliseconds in repetition 53
Message size: 8
tcp_ping received 65536 bytes back
Round trip time was 0.3128 milliseconds in repetition 54
Message size: 8
tcp_ping received 65536 bytes back
Round trip time was 0.3449 milliseconds in repetition 55
Message size: 8
tcp_ping received 65536 bytes back
Round trip time was 0.5332 milliseconds in repetition 56
Message size: 8
tcp_ping received 65536 bytes back
Round trip time was 0.3981 milliseconds in repetition 57
Message size: 8
tcp_ping received 65536 bytes back
Round trip time was 0.4565 milliseconds in repetition 58
Message size: 8
tcp_ping received 65536 bytes back
Round trip time was 0.5236 milliseconds in repetition 59
Message size: 8
tcp_ping received 65536 bytes back
Round trip time was 0.4241 milliseconds in repetition 60
Message size: 8
tcp_ping received 65536 bytes back
Round trip time was 0.8135 milliseconds in repetition 61
Message size: 8
tcp_ping received 65536 bytes back
Round trip time was 0.3635 milliseconds in repetition 62
Message size: 8
tcp_ping received 65536 bytes back
Round trip time was 0.37 milliseconds in repetition 63
Message size: 8
tcp_ping received 65536 bytes back
Round trip time was 0.3415 milliseconds in repetition 64
Message size: 8
tcp_ping received 65536 bytes back
Round trip time was 0.3563 milliseconds in repetition 65
Message size: 8
tcp_ping received 65536 bytes back
Round trip time was 0.5663 milliseconds in repetition 66
Message size: 8
tcp_ping received 65536 bytes back
Round trip time was 0.475 milliseconds in repetition 67
Message size: 8
tcp_ping received 65536 bytes back
Round trip time was 0.7237 milliseconds in repetition 68
Message size: 8
tcp_ping received 65536 bytes back
Round trip time was 0.7361 milliseconds in repetition 69
Message size: 8
tcp_ping received 65536 bytes back
Round trip time was 0.6549 milliseconds in repetition 70
Message size: 8
tcp_ping received 65536 bytes back
Round trip time was 0.5141 milliseconds in repetition 71
Message size: 8
tcp_ping received 65536 bytes back
Round trip time was 0.3981 milliseconds in repetition 72
Message size: 8
tcp_ping received 65536 bytes back
Round trip time was 0.3738 milliseconds in repetition 73
Message size: 8
tcp_ping received 65536 bytes back
Round trip time was 0.3251 milliseconds in repetition 74
Message size: 8
tcp_ping received 65536 bytes back
Round trip time was 0.5077 milliseconds in repetition 75
Message size: 8
tcp_ping received 65536 bytes back
Round trip time was 0.3589 milliseconds in repetition 76
Message size: 8
tcp_ping received 65536 bytes back
Round trip time was 0.3296 milliseconds in repetition 77
Message size: 8
tcp_ping received 65536 bytes back
Round trip time was 0.3337 milliseconds in repetition 78
Message size: 8
tcp_ping received 65536 bytes back
Round trip time was 0.4415 milliseconds in repetition 79
Message size: 8
tcp_ping received 65536 bytes back
Round trip time was 0.5409 milliseconds in repetition 80
Message size: 8
tcp_ping received 65536 bytes back
Round trip time was 0.5629 milliseconds in repetition 81
Message size: 8
tcp_ping received 65536 bytes back
Round trip time was 0.4894 milliseconds in repetition 82
Message size: 8
tcp_ping received 65536 bytes back
Round trip time was 0.6312 milliseconds in repetition 83
Message size: 8
tcp_ping received 65536 bytes back
Round trip time was 0.6301 milliseconds in repetition 84
Message size: 8
tcp_ping received 65536 bytes back
Round trip time was 0.4812 milliseconds in repetition 85
Message size: 8
tcp_ping received 65536 bytes back
Round trip time was 0.3774 milliseconds in repetition 86
Message size: 8
tcp_ping received 65536 bytes back
Round trip time was 0.4072 milliseconds in repetition 87
Message size: 8
tcp_ping received 65536 bytes back
Round trip time was 0.3974 milliseconds in repetition 88
Message size: 8
tcp_ping received 65536 bytes back
Round trip time was 0.4569 milliseconds in repetition 89
Message size: 8
tcp_ping received 65536 bytes back
Round trip time was 0.5282 milliseconds in repetition 90
Message size: 8
tcp_ping received 65536 bytes back
Round trip time was 0.2981 milliseconds in repetition 91
Message size: 8
tcp_ping received 65536 bytes back
Round trip time was 0.3648 milliseconds in repetition 92
Message size: 8
tcp_ping received 65536 bytes back
Round trip time was 0.342 milliseconds in repetition 93
Message size: 8
tcp_ping received 65536 bytes back
Round trip time was 0.4604 milliseconds in repetition 94
Message size: 8
tcp_ping received 65536 bytes back
Round trip time was 0.4168 milliseconds in repetition 95
Message size: 8
tcp_ping received 65536 bytes back
Round trip time was 0.5281 milliseconds in repetition 96
Message size: 8
tcp_ping received 65536 bytes back
Round trip time was 0.4687 milliseconds in repetition 97
Message size: 8
tcp_ping received 65536 bytes back
Round trip time was 0.5126 milliseconds in repetition 98
Message size: 8
tcp_ping received 65536 bytes back
Round trip time was 0.4965 milliseconds in repetition 99
Message size: 8
tcp_ping received 65536 bytes back
Round trip time was 0.3549 milliseconds in repetition 100
Message size: 8
tcp_ping received 65536 bytes back
Round trip time was 0.3629 milliseconds in repetition 101
Message size: 8
tcp_ping received 65536 bytes back
Round trip time was 0.3422 milliseconds in repetition 102
Message size: 8
tcp_ping received 65536 bytes back
Round trip time was 0.4427 milliseconds in repetition 103
Message size: 8
tcp_ping received 65536 bytes back
Round trip time was 0.37 milliseconds in repetition 104
Message size: 8
tcp_ping received 65536 bytes back
Round trip time was 0.3122 milliseconds in repetition 105
Message size: 8
tcp_ping received 65536 bytes back
Round trip time was 0.3628 milliseconds in repetition 106
Message size: 8
tcp_ping received 65536 bytes back
Round trip time was 0.4571 milliseconds in repetition 107
Message size: 8
tcp_ping received 65536 bytes back
Round trip time was 0.4279 milliseconds in repetition 108
Message size: 8
tcp_ping received 65536 bytes back
Round trip time was 0.3658 milliseconds in repetition 109
Message size: 8
tcp_ping received 65536 bytes back
Round trip time was 0.3215 milliseconds in repetition 110
Message size: 8
tcp_ping received 65536 bytes back
Round trip time was 0.3205 milliseconds in repetition 111
Message size: 8
tcp_ping received 65536 bytes back
Round trip time was 0.3103 milliseconds in repetition 112
Message size: 8
tcp_ping received 65536 bytes back
Round trip time was 0.4205 milliseconds in repetition 113
Message size: 8
tcp_ping received 65536 bytes back
Round trip time was 0.4529 milliseconds in repetition 114
Message size: 8
tcp_ping received 65536 bytes back
Round trip time was 0.7204 milliseconds in repetition 115
Message size: 8
tcp_ping received 65536 bytes back
Round trip time was 0.5185 milliseconds in repetition 116
Message size: 8
tcp_ping received 65536 bytes back
Round trip time was 0.6144 milliseconds in repetition 117
Message size: 8
tcp_ping received 65536 bytes back
Round trip time was 0.5027 milliseconds in repetition 118
Message size: 8
tcp_ping received 65536 bytes back
Round trip time was 0.3006 milliseconds in repetition 119
Message size: 8
tcp_ping received 65536 bytes back
Round trip time was 0.2962 milliseconds in repetition 120
Message size: 8
tcp_ping received 65536 bytes back
Round trip time was 0.2962 milliseconds in repetition 121
Message size: 8
tcp_ping received 65536 bytes back
Round trip time was 0.7971 milliseconds in repetition 122
Message size: 8
tcp_ping received 65536 bytes back
Round trip time was 0.3398 milliseconds in repetition 123
Message size: 8
tcp_ping received 65536 bytes back
Round trip time was 0.3355 milliseconds in repetition 124
Message size: 8
tcp_ping received 65536 bytes back
Round trip time was 0.339 milliseconds in repetition 125
Message size: 8
tcp_ping received 65536 bytes back
Round trip time was 0.2814 milliseconds in repetition 126
Message size: 8
tcp_ping received 65536 bytes back
Round trip time was 0.3935 milliseconds in repetition 127
Message size: 8
tcp_ping received 65536 bytes back
Round trip time was 0.4227 milliseconds in repetition 128
Message size: 8
tcp_ping received 65536 bytes back
Round trip time was 0.3609 milliseconds in repetition 129
Message size: 8
tcp_ping received 65536 bytes back
Round trip time was 0.3464 milliseconds in repetition 130
Message size: 8
tcp_ping received 65536 bytes back
Round trip time was 0.3174 milliseconds in repetition 131
Message size: 8
tcp_ping received 65536 bytes back
Round trip time was 0.5897 milliseconds in repetition 132
Message size: 8
tcp_ping received 65536 bytes back
Round trip time was 0.6029 milliseconds in repetition 133
Message size: 8
tcp_ping received 65536 bytes back
Round trip time was 0.4028 milliseconds in repetition 134
Message size: 8
tcp_ping received 65536 bytes back
Round trip time was 0.4777 milliseconds in repetition 135
Message size: 8
tcp_ping received 65536 bytes back
Round trip time was 0.3558 milliseconds in repetition 136
Message size: 8
tcp_ping received 65536 bytes back
Round trip time was 0.6512 milliseconds in repetition 137
Message size: 8
tcp_ping received 65536 bytes back
Round trip time was 0.436501 milliseconds in repetition 138
Message size: 8
tcp_ping received 65536 bytes back
Round trip time was 0.3819 milliseconds in repetition 139
Message size: 8
tcp_ping received 65536 bytes back
Round trip time was 0.353 milliseconds in repetition 140
Message size: 8
tcp_ping received 65536 bytes back
Round trip time was 0.4264 milliseconds in repetition 141
Message size: 8
tcp_ping received 65536 bytes back
Round trip time was 0.322 milliseconds in repetition 142
Message size: 8
tcp_ping received 65536 bytes back
Round trip time was 0.3006 milliseconds in repetition 143
Message size: 8
tcp_ping received 65536 bytes back
Round trip time was 0.3041 milliseconds in repetition 144
Message size: 8
tcp_ping received 65536 bytes back
Round trip time was 0.3042 milliseconds in repetition 145
Message size: 8
tcp_ping received 65536 bytes back
Round trip time was 0.3136 milliseconds in repetition 146
Message size: 8
tcp_ping received 65536 bytes back
Round trip time was 0.3692 milliseconds in repetition 147
Message size: 8
tcp_ping received 65536 bytes back
Round trip time was 0.3504 milliseconds in repetition 148
Message size: 8
tcp_ping received 65536 bytes back
Round trip time was 0.3266 milliseconds in repetition 149
Message size: 8
tcp_ping received 65536 bytes back
Round trip time was 0.3921 milliseconds in repetition 150
Message size: 8
tcp_ping received 65536 bytes back
Round trip time was 0.3031 milliseconds in repetition 151
Message size: 8
tcp_ping received 65536 bytes back
Round trip time was 0.3374 milliseconds in repetition 152
Message size: 8
tcp_ping received 65536 bytes back
Round trip time was 0.333 milliseconds in repetition 153
Message size: 8
tcp_ping received 65536 bytes back
Round trip time was 0.3505 milliseconds in repetition 154
Message size: 8
tcp_ping received 65536 bytes back
Round trip time was 0.3509 milliseconds in repetition 155
Message size: 8
tcp_ping received 65536 bytes back
Round trip time was 0.3147 milliseconds in repetition 156
Message size: 8
tcp_ping received 65536 bytes back
Round trip time was 0.3451 milliseconds in repetition 157
Message size: 8
tcp_ping received 65536 bytes back
Round trip time was 0.3307 milliseconds in repetition 158
Message size: 8
tcp_ping received 65536 bytes back
Round trip time was 0.3375 milliseconds in repetition 159
Message size: 8
tcp_ping received 65536 bytes back
Round trip time was 0.3195 milliseconds in repetition 160
Message size: 8
tcp_ping received 65536 bytes back
Round trip time was 0.3414 milliseconds in repetition 161
Message size: 8
tcp_ping received 65536 bytes back
Round trip time was 0.3523 milliseconds in repetition 162
Message size: 8
tcp_ping received 65536 bytes back
Round trip time was 0.291 milliseconds in repetition 163
Message size: 8
tcp_ping received 65536 bytes back
Round trip time was 0.3508 milliseconds in repetition 164
Message size: 8
tcp_ping received 65536 bytes back
Round trip time was 0.3241 milliseconds in repetition 165
Message size: 8
tcp_ping received 65536 bytes back
Round trip time was 0.3542 milliseconds in repetition 166
Message size: 8
tcp_ping received 65536 bytes back
Round trip time was 0.3405 milliseconds in repetition 167
Message size: 8
tcp_ping received 65536 bytes back
Round trip time was 0.3384 milliseconds in repetition 168
Message size: 8
tcp_ping received 65536 bytes back
Round trip time was 0.3046 milliseconds in repetition 169
Message size: 8
tcp_ping received 65536 bytes back
Round trip time was 0.3329 milliseconds in repetition 170
Message size: 8
tcp_ping received 65536 bytes back
Round trip time was 0.3024 milliseconds in repetition 171
Message size: 8
tcp_ping received 65536 bytes back
Round trip time was 0.3236 milliseconds in repetition 172
Message size: 8
tcp_ping received 65536 bytes back
Round trip time was 0.309 milliseconds in repetition 173
Message size: 8
tcp_ping received 65536 bytes back
Round trip time was 0.3752 milliseconds in repetition 174
Message size: 8
tcp_ping received 65536 bytes back
Round trip time was 0.3532 milliseconds in repetition 175
Message size: 8
tcp_ping received 65536 bytes back
Round trip time was 0.3156 milliseconds in repetition 176
Message size: 8
tcp_ping received 65536 bytes back
Round trip time was 0.3193 milliseconds in repetition 177
Message size: 8
tcp_ping received 65536 bytes back
Round trip time was 0.3277 milliseconds in repetition 178
Message size: 8
tcp_ping received 65536 bytes back
Round trip time was 0.2888 milliseconds in repetition 179
Message size: 8
tcp_ping received 65536 bytes back
Round trip time was 0.3053 milliseconds in repetition 180
Message size: 8
tcp_ping received 65536 bytes back
Round trip time was 0.2765 milliseconds in repetition 181
Message size: 8
tcp_ping received 65536 bytes back
Round trip time was 0.2578 milliseconds in repetition 182
Message size: 8
tcp_ping received 65536 bytes back
Round trip time was 0.2826 milliseconds in repetition 183
Message size: 8
tcp_ping received 65536 bytes back
Round trip time was 0.2948 milliseconds in repetition 184
Message size: 8
tcp_ping received 65536 bytes back
Round trip time was 0.2701 milliseconds in repetition 185
Message size: 8
tcp_ping received 65536 bytes back
Round trip time was 0.2887 milliseconds in repetition 186
Message size: 8
tcp_ping received 65536 bytes back
Round trip time was 0.256 milliseconds in repetition 187
Message size: 8
tcp_ping received 65536 bytes back
Round trip time was 0.2734 milliseconds in repetition 188
Message size: 8
tcp_ping received 65536 bytes back
Round trip time was 0.2727 milliseconds in repetition 189
Message size: 8
tcp_ping received 65536 bytes back
Round trip time was 0.3055 milliseconds in repetition 190
Message size: 8
tcp_ping received 65536 bytes back
Round trip time was 0.2576 milliseconds in repetition 191
Message size: 8
tcp_ping received 65536 bytes back
Round trip time was 0.2705 milliseconds in repetition 192
Message size: 8
tcp_ping received 65536 bytes back
Round trip time was 0.3523 milliseconds in repetition 193
Message size: 8
tcp_ping received 65536 bytes back
Round trip time was 0.2881 milliseconds in repetition 194
Message size: 8
tcp_ping received 65536 bytes back
Round trip time was 0.2953 milliseconds in repetition 195
Message size: 8
tcp_ping received 65536 bytes back
Round trip time was 0.2705 milliseconds in repetition 196
Message size: 8
tcp_ping received 65536 bytes back
Round trip time was 0.2821 milliseconds in repetition 197
Message size: 8
tcp_ping received 65536 bytes back
Round trip time was 0.2812 milliseconds in repetition 198
Message size: 8
tcp_ping received 65536 bytes back
Round trip time was 0.2745 milliseconds in repetition 199
Message size: 8
tcp_ping received 65536 bytes back
Round trip time was 0.2823 milliseconds in repetition 200
Message size: 8
tcp_ping received 65536 bytes back
Round trip time was 0.2788 milliseconds in repetition 201
Message size: 8
tcp_ping received 65536 bytes back
Round trip time was 0.2684 milliseconds in repetition 202
Message size: 8
tcp_ping received 65536 bytes back
Round trip time was 0.2779 milliseconds in repetition 203
Message size: 8
tcp_ping received 65536 bytes back
Round trip time was 0.2947 milliseconds in repetition 204
Message size: 8
tcp_ping received 65536 bytes back
Round trip time was 0.2634 milliseconds in repetition 205
Message size: 8
tcp_ping received 65536 bytes back
Round trip time was 0.2642 milliseconds in repetition 206
Message size: 8
tcp_ping received 65536 bytes back
Round trip time was 0.3057 milliseconds in repetition 207
Message size: 8
tcp_ping received 65536 bytes back
Round trip time was 0.2586 milliseconds in repetition 208
Message size: 8
tcp_ping received 65536 bytes back
Round trip time was 0.2619 milliseconds in repetition 209
Message size: 8
tcp_ping received 65536 bytes back
Round trip time was 0.257 milliseconds in repetition 210
Message size: 8
tcp_ping received 65536 bytes back
Round trip time was 0.2564 milliseconds in repetition 211
Message size: 8
tcp_ping received 65536 bytes back
Round trip time was 0.2577 milliseconds in repetition 212
Message size: 8
tcp_ping received 65536 bytes back
Round trip time was 0.2565 milliseconds in repetition 213
Message size: 8
tcp_ping received 65536 bytes back
Round trip time was 0.2563 milliseconds in repetition 214
Message size: 8
tcp_ping received 65536 bytes back
Round trip time was 0.2694 milliseconds in repetition 215
Message size: 8
tcp_ping received 65536 bytes back
Round trip time was 0.2567 milliseconds in repetition 216
Message size: 8
tcp_ping received 65536 bytes back
Round trip time was 0.2604 milliseconds in repetition 217
Message size: 8
tcp_ping received 65536 bytes back
Round trip time was 0.3426 milliseconds in repetition 218
Message size: 8
tcp_ping received 65536 bytes back
Round trip time was 0.2599 milliseconds in repetition 219
Message size: 8
tcp_ping received 65536 bytes back
Round trip time was 0.2874 milliseconds in repetition 220
Message size: 8
tcp_ping received 65536 bytes back
Round trip time was 0.2631 milliseconds in repetition 221
Message size: 8
tcp_ping received 65536 bytes back
Round trip time was 0.2584 milliseconds in repetition 222
Message size: 8
tcp_ping received 65536 bytes back
Round trip time was 0.2569 milliseconds in repetition 223
Message size: 8
tcp_ping received 65536 bytes back
Round trip time was 0.2581 milliseconds in repetition 224
Message size: 8
tcp_ping received 65536 bytes back
Round trip time was 0.2585 milliseconds in repetition 225
Message size: 8
tcp_ping received 65536 bytes back
Round trip time was 0.2635 milliseconds in repetition 226
Message size: 8
tcp_ping received 65536 bytes back
Round trip time was 0.2723 milliseconds in repetition 227
Message size: 8
tcp_ping received 65536 bytes back
Round trip time was 0.2585 milliseconds in repetition 228
Message size: 8
tcp_ping received 65536 bytes back
Round trip time was 0.2566 milliseconds in repetition 229
Message size: 8
tcp_ping received 65536 bytes back
Round trip time was 0.2564 milliseconds in repetition 230
Message size: 8
tcp_ping received 65536 bytes back
Round trip time was 0.2672 milliseconds in repetition 231
Message size: 8
tcp_ping received 65536 bytes back
Round trip time was 0.2601 milliseconds in repetition 232
Message size: 8
tcp_ping received 65536 bytes back
Round trip time was 0.3027 milliseconds in repetition 233
Message size: 8
tcp_ping received 65536 bytes back
Round trip time was 0.3032 milliseconds in repetition 234
Message size: 8
tcp_ping received 65536 bytes back
Round trip time was 0.3577 milliseconds in repetition 235
Message size: 8
tcp_ping received 65536 bytes back
Round trip time was 0.3069 milliseconds in repetition 236
Message size: 8
tcp_ping received 65536 bytes back
Round trip time was 0.2866 milliseconds in repetition 237
Message size: 8
tcp_ping received 65536 bytes back
Round trip time was 0.279 milliseconds in repetition 238
Message size: 8
tcp_ping received 65536 bytes back
Round trip time was 0.3372 milliseconds in repetition 239
Message size: 8
tcp_ping received 65536 bytes back
Round trip time was 0.327 milliseconds in repetition 240
Message size: 8
tcp_ping received 65536 bytes back
Round trip time was 0.3889 milliseconds in repetition 241
Message size: 8
tcp_ping received 65536 bytes back
Round trip time was 0.3073 milliseconds in repetition 242
Message size: 8
tcp_ping received 65536 bytes back
Round trip time was 0.2591 milliseconds in repetition 243
Message size: 8
tcp_ping received 65536 bytes back
Round trip time was 0.3118 milliseconds in repetition 244
Message size: 8
tcp_ping received 65536 bytes back
Round trip time was 0.3541 milliseconds in repetition 245
Message size: 8
tcp_ping received 65536 bytes back
Round trip time was 0.3193 milliseconds in repetition 246
Message size: 8
tcp_ping received 65536 bytes back
Round trip time was 0.3965 milliseconds in repetition 247
Message size: 8
tcp_ping received 65536 bytes back
Round trip time was 0.2567 milliseconds in repetition 248
Message size: 8
tcp_ping received 65536 bytes back
Round trip time was 0.2558 milliseconds in repetition 249
Message size: 8
tcp_ping received 65536 bytes back
Round trip time was 0.2818 milliseconds in repetition 250
Message size: 8
tcp_ping received 65536 bytes back
Round trip time was 0.2563 milliseconds in repetition 251
Message size: 8
tcp_ping received 65536 bytes back
Round trip time was 0.256 milliseconds in repetition 252
Message size: 8
tcp_ping received 65536 bytes back
Round trip time was 0.281 milliseconds in repetition 253
Message size: 8
tcp_ping received 65536 bytes back
Round trip time was 0.3826 milliseconds in repetition 254
Message size: 8
tcp_ping received 65536 bytes back
Round trip time was 0.2579 milliseconds in repetition 255
Message size: 8
tcp_ping received 65536 bytes back
Round trip time was 0.2567 milliseconds in repetition 256
Message size: 8
tcp_ping received 65536 bytes back
Round trip time was 0.305 milliseconds in repetition 257
Message size: 8
tcp_ping received 65536 bytes back
Round trip time was 0.273 milliseconds in repetition 258
Message size: 8
tcp_ping received 65536 bytes back
Round trip time was 0.28 milliseconds in repetition 259
Message size: 8
tcp_ping received 65536 bytes back
Round trip time was 0.2577 milliseconds in repetition 260
Message size: 8
tcp_ping received 65536 bytes back
Round trip time was 0.2606 milliseconds in repetition 261
Message size: 8
tcp_ping received 65536 bytes back
Round trip time was 0.2569 milliseconds in repetition 262
Message size: 8
tcp_ping received 65536 bytes back
Round trip time was 0.3005 milliseconds in repetition 263
Message size: 8
tcp_ping received 65536 bytes back
Round trip time was 0.302 milliseconds in repetition 264
Message size: 8
tcp_ping received 65536 bytes back
Round trip time was 0.2913 milliseconds in repetition 265
Message size: 8
tcp_ping received 65536 bytes back
Round trip time was 0.2565 milliseconds in repetition 266
Message size: 8
tcp_ping received 65536 bytes back
Round trip time was 0.2966 milliseconds in repetition 267
Message size: 8
tcp_ping received 65536 bytes back
Round trip time was 0.4349 milliseconds in repetition 268
Message size: 8
tcp_ping received 65536 bytes back
Round trip time was 0.3381 milliseconds in repetition 269
Message size: 8
tcp_ping received 65536 bytes back
Round trip time was 0.3478 milliseconds in repetition 270
Message size: 8
tcp_ping received 65536 bytes back
Round trip time was 0.3381 milliseconds in repetition 271
Message size: 8
tcp_ping received 65536 bytes back
Round trip time was 0.2995 milliseconds in repetition 272
Message size: 8
tcp_ping received 65536 bytes back
Round trip time was 0.2888 milliseconds in repetition 273
Message size: 8
tcp_ping received 65536 bytes back
Round trip time was 0.2572 milliseconds in repetition 274
Message size: 8
tcp_ping received 65536 bytes back
Round trip time was 0.3226 milliseconds in repetition 275
Message size: 8
tcp_ping received 65536 bytes back
Round trip time was 0.2572 milliseconds in repetition 276
Message size: 8
tcp_ping received 65536 bytes back
Round trip time was 0.2552 milliseconds in repetition 277
Message size: 8
tcp_ping received 65536 bytes back
Round trip time was 0.2648 milliseconds in repetition 278
Message size: 8
tcp_ping received 65536 bytes back
Round trip time was 0.2574 milliseconds in repetition 279
Message size: 8
tcp_ping received 65536 bytes back
Round trip time was 0.2983 milliseconds in repetition 280
Message size: 8
tcp_ping received 65536 bytes back
Round trip time was 0.3509 milliseconds in repetition 281
Message size: 8
tcp_ping received 65536 bytes back
Round trip time was 0.3284 milliseconds in repetition 282
Message size: 8
tcp_ping received 65536 bytes back
Round trip time was 0.2775 milliseconds in repetition 283
Message size: 8
tcp_ping received 65536 bytes back
Round trip time was 0.2574 milliseconds in repetition 284
Message size: 8
tcp_ping received 65536 bytes back
Round trip time was 0.2559 milliseconds in repetition 285
Message size: 8
tcp_ping received 65536 bytes back
Round trip time was 0.2554 milliseconds in repetition 286
Message size: 8
tcp_ping received 65536 bytes back
Round trip time was 0.2748 milliseconds in repetition 287
Message size: 8
tcp_ping received 65536 bytes back
Round trip time was 0.387 milliseconds in repetition 288
Message size: 8
tcp_ping received 65536 bytes back
Round trip time was 0.2597 milliseconds in repetition 289
Message size: 8
tcp_ping received 65536 bytes back
Round trip time was 0.2569 milliseconds in repetition 290
Message size: 8
tcp_ping received 65536 bytes back
Round trip time was 0.266 milliseconds in repetition 291
Message size: 8
tcp_ping received 65536 bytes back
Round trip time was 0.3169 milliseconds in repetition 292
Message size: 8
tcp_ping received 65536 bytes back
Round trip time was 0.3068 milliseconds in repetition 293
Message size: 8
tcp_ping received 65536 bytes back
Round trip time was 0.4373 milliseconds in repetition 294
Message size: 8
tcp_ping received 65536 bytes back
Round trip time was 0.2719 milliseconds in repetition 295
Message size: 8
tcp_ping received 65536 bytes back
Round trip time was 0.2734 milliseconds in repetition 296
Message size: 8
tcp_ping received 65536 bytes back
Round trip time was 0.2583 milliseconds in repetition 297
Message size: 8
tcp_ping received 65536 bytes back
Round trip time was 0.2578 milliseconds in repetition 298
Message size: 8
tcp_ping received 65536 bytes back
Round trip time was 0.2574 milliseconds in repetition 299
Message size: 8
tcp_ping received 65536 bytes back
Round trip time was 0.2768 milliseconds in repetition 300
Message size: 8
tcp_ping received 65536 bytes back
Round trip time was 0.3111 milliseconds in repetition 301
Message size: 8
tcp_ping received 65536 bytes back
Round trip time was 0.3306 milliseconds in repetition 302
Message size: 8
tcp_ping received 65536 bytes back
Round trip time was 0.3074 milliseconds in repetition 303
Message size: 8
tcp_ping received 65536 bytes back
Round trip time was 0.3254 milliseconds in repetition 304
Message size: 8
tcp_ping received 65536 bytes back
Round trip time was 0.2959 milliseconds in repetition 305
Message size: 8
tcp_ping received 65536 bytes back
Round trip time was 0.2672 milliseconds in repetition 306
Message size: 8
tcp_ping received 65536 bytes back
Round trip time was 0.2579 milliseconds in repetition 307
Message size: 8
tcp_ping received 65536 bytes back
Round trip time was 0.2851 milliseconds in repetition 308
Message size: 8
tcp_ping received 65536 bytes back
Round trip time was 0.2825 milliseconds in repetition 309
Message size: 8
tcp_ping received 65536 bytes back
Round trip time was 0.2763 milliseconds in repetition 310
Message size: 8
tcp_ping received 65536 bytes back
Round trip time was 0.2639 milliseconds in repetition 311
Message size: 8
tcp_ping received 65536 bytes back
Round trip time was 0.2579 milliseconds in repetition 312
Message size: 8
tcp_ping received 65536 bytes back
Round trip time was 0.3081 milliseconds in repetition 313
Message size: 8
tcp_ping received 65536 bytes back
Round trip time was 0.3472 milliseconds in repetition 314
Message size: 8
tcp_ping received 65536 bytes back
Round trip time was 0.3546 milliseconds in repetition 315
Message size: 8
tcp_ping received 65536 bytes back
Round trip time was 0.2862 milliseconds in repetition 316
Message size: 8
tcp_ping received 65536 bytes back
Round trip time was 0.3043 milliseconds in repetition 317
Message size: 8
tcp_ping received 65536 bytes back
Round trip time was 0.2881 milliseconds in repetition 318
Message size: 8
tcp_ping received 65536 bytes back
Round trip time was 0.2851 milliseconds in repetition 319
Message size: 8
tcp_ping received 65536 bytes back
Round trip time was 0.2811 milliseconds in repetition 320
Message size: 8
tcp_ping received 65536 bytes back
Round trip time was 0.272 milliseconds in repetition 321
Message size: 8
tcp_ping received 65536 bytes back
Round trip time was 0.2577 milliseconds in repetition 322
Message size: 8
tcp_ping received 65536 bytes back
Round trip time was 0.2926 milliseconds in repetition 323
Message size: 8
tcp_ping received 65536 bytes back
Round trip time was 0.3038 milliseconds in repetition 324
Message size: 8
tcp_ping received 65536 bytes back
Round trip time was 0.2626 milliseconds in repetition 325
Message size: 8
tcp_ping received 65536 bytes back
Round trip time was 0.3578 milliseconds in repetition 326
Message size: 8
tcp_ping received 65536 bytes back
Round trip time was 0.2941 milliseconds in repetition 327
Message size: 8
tcp_ping received 65536 bytes back
Round trip time was 0.267 milliseconds in repetition 328
Message size: 8
tcp_ping received 65536 bytes back
Round trip time was 0.3184 milliseconds in repetition 329
Message size: 8
tcp_ping received 65536 bytes back
Round trip time was 0.3116 milliseconds in repetition 330
Message size: 8
tcp_ping received 65536 bytes back
Round trip time was 0.3123 milliseconds in repetition 331
Message size: 8
tcp_ping received 65536 bytes back
Round trip time was 0.3278 milliseconds in repetition 332
Message size: 8
tcp_ping received 65536 bytes back
Round trip time was 0.3081 milliseconds in repetition 333
Message size: 8
tcp_ping received 65536 bytes back
Round trip time was 0.3127 milliseconds in repetition 334
Message size: 8
tcp_ping received 65536 bytes back
Round trip time was 0.3057 milliseconds in repetition 335
Message size: 8
tcp_ping received 65536 bytes back
Round trip time was 0.2721 milliseconds in repetition 336
Message size: 8
tcp_ping received 65536 bytes back
Round trip time was 0.2583 milliseconds in repetition 337
Message size: 8
tcp_ping received 65536 bytes back
Round trip time was 0.257201 milliseconds in repetition 338
Message size: 8
tcp_ping received 65536 bytes back
Round trip time was 0.2614 milliseconds in repetition 339
Message size: 8
tcp_ping received 65536 bytes back
Round trip time was 0.2572 milliseconds in repetition 340
Message size: 8
tcp_ping received 65536 bytes back
Round trip time was 0.2572 milliseconds in repetition 341
Message size: 8
tcp_ping received 65536 bytes back
Round trip time was 0.2572 milliseconds in repetition 342
Message size: 8
tcp_ping received 65536 bytes back
Round trip time was 0.2573 milliseconds in repetition 343
Message size: 8
tcp_ping received 65536 bytes back
Round trip time was 0.3202 milliseconds in repetition 344
Message size: 8
tcp_ping received 65536 bytes back
Round trip time was 0.3032 milliseconds in repetition 345
Message size: 8
tcp_ping received 65536 bytes back
Round trip time was 0.2972 milliseconds in repetition 346
Message size: 8
tcp_ping received 65536 bytes back
Round trip time was 0.2735 milliseconds in repetition 347
Message size: 8
tcp_ping received 65536 bytes back
Round trip time was 0.3229 milliseconds in repetition 348
Message size: 8
tcp_ping received 65536 bytes back
Round trip time was 0.2842 milliseconds in repetition 349
Message size: 8
tcp_ping received 65536 bytes back
Round trip time was 0.2843 milliseconds in repetition 350
Message size: 8
tcp_ping received 65536 bytes back
Round trip time was 0.2988 milliseconds in repetition 351
Message size: 8
tcp_ping received 65536 bytes back
Round trip time was 0.2771 milliseconds in repetition 352
Message size: 8
tcp_ping received 65536 bytes back
Round trip time was 0.2629 milliseconds in repetition 353
Message size: 8
tcp_ping received 65536 bytes back
Round trip time was 0.2594 milliseconds in repetition 354
Message size: 8
tcp_ping received 65536 bytes back
Round trip time was 0.2814 milliseconds in repetition 355
Message size: 8
tcp_ping received 65536 bytes back
Round trip time was 0.2596 milliseconds in repetition 356
Message size: 8
tcp_ping received 65536 bytes back
Round trip time was 0.2581 milliseconds in repetition 357
Message size: 8
tcp_ping received 65536 bytes back
Round trip time was 0.264 milliseconds in repetition 358
Message size: 8
tcp_ping received 65536 bytes back
Round trip time was 0.2908 milliseconds in repetition 359
Message size: 8
tcp_ping received 65536 bytes back
Round trip time was 0.2579 milliseconds in repetition 360
Message size: 8
tcp_ping received 65536 bytes back
Round trip time was 0.258 milliseconds in repetition 361
Message size: 8
tcp_ping received 65536 bytes back
Round trip time was 0.3278 milliseconds in repetition 362
Message size: 8
tcp_ping received 65536 bytes back
Round trip time was 0.4093 milliseconds in repetition 363
Message size: 8
tcp_ping received 65536 bytes back
Round trip time was 0.2695 milliseconds in repetition 364
Message size: 8
tcp_ping received 65536 bytes back
Round trip time was 0.272 milliseconds in repetition 365
Message size: 8
tcp_ping received 65536 bytes back
Round trip time was 0.2954 milliseconds in repetition 366
Message size: 8
tcp_ping received 65536 bytes back
Round trip time was 0.3108 milliseconds in repetition 367
Message size: 8
tcp_ping received 65536 bytes back
Round trip time was 0.3048 milliseconds in repetition 368
Message size: 8
tcp_ping received 65536 bytes back
Round trip time was 0.3099 milliseconds in repetition 369
Message size: 8
tcp_ping received 65536 bytes back
Round trip time was 0.2957 milliseconds in repetition 370
Message size: 8
tcp_ping received 65536 bytes back
Round trip time was 0.2956 milliseconds in repetition 371
Message size: 8
tcp_ping received 65536 bytes back
Round trip time was 0.3908 milliseconds in repetition 372
Message size: 8
tcp_ping received 65536 bytes back
Round trip time was 0.2831 milliseconds in repetition 373
Message size: 8
tcp_ping received 65536 bytes back
Round trip time was 0.289 milliseconds in repetition 374
Message size: 8
tcp_ping received 65536 bytes back
Round trip time was 0.3391 milliseconds in repetition 375
Message size: 8
tcp_ping received 65536 bytes back
Round trip time was 0.2855 milliseconds in repetition 376
Message size: 8
tcp_ping received 65536 bytes back
Round trip time was 0.2921 milliseconds in repetition 377
Message size: 8
tcp_ping received 65536 bytes back
Round trip time was 0.3326 milliseconds in repetition 378
Message size: 8
tcp_ping received 65536 bytes back
Round trip time was 0.2732 milliseconds in repetition 379
Message size: 8
tcp_ping received 65536 bytes back
Round trip time was 0.2568 milliseconds in repetition 380
Message size: 8
tcp_ping received 65536 bytes back
Round trip time was 0.3183 milliseconds in repetition 381
Message size: 8
tcp_ping received 65536 bytes back
Round trip time was 0.2573 milliseconds in repetition 382
Message size: 8
tcp_ping received 65536 bytes back
Round trip time was 0.2766 milliseconds in repetition 383
Message size: 8
tcp_ping received 65536 bytes back
Round trip time was 0.3075 milliseconds in repetition 384
Message size: 8
tcp_ping received 65536 bytes back
Round trip time was 0.2574 milliseconds in repetition 385
Message size: 8
tcp_ping received 65536 bytes back
Round trip time was 0.3185 milliseconds in repetition 386
Message size: 8
tcp_ping received 65536 bytes back
Round trip time was 0.2974 milliseconds in repetition 387
Message size: 8
tcp_ping received 65536 bytes back
Round trip time was 0.2958 milliseconds in repetition 388
Message size: 8
tcp_ping received 65536 bytes back
Round trip time was 0.2963 milliseconds in repetition 389
Message size: 8
tcp_ping received 65536 bytes back
Round trip time was 0.2588 milliseconds in repetition 390
Message size: 8
tcp_ping received 65536 bytes back
Round trip time was 0.2611 milliseconds in repetition 391
Message size: 8
tcp_ping received 65536 bytes back
Round trip time was 0.2808 milliseconds in repetition 392
Message size: 8
tcp_ping received 65536 bytes back
Round trip time was 0.257 milliseconds in repetition 393
Message size: 8
tcp_ping received 65536 bytes back
Round trip time was 0.2566 milliseconds in repetition 394
Message size: 8
tcp_ping received 65536 bytes back
Round trip time was 0.2901 milliseconds in repetition 395
Message size: 8
tcp_ping received 65536 bytes back
Round trip time was 0.2693 milliseconds in repetition 396
Message size: 8
tcp_ping received 65536 bytes back
Round trip time was 0.2741 milliseconds in repetition 397
Message size: 8
tcp_ping received 65536 bytes back
Round trip time was 0.2623 milliseconds in repetition 398
Message size: 8
tcp_ping received 65536 bytes back
Round trip time was 0.2571 milliseconds in repetition 399
Message size: 8
tcp_ping received 65536 bytes back
Round trip time was 0.2714 milliseconds in repetition 400
Message size: 8
tcp_ping received 65536 bytes back
Round trip time was 0.2684 milliseconds in repetition 401
Message size: 8
tcp_ping received 65536 bytes back
Round trip time was 0.2736 milliseconds in repetition 402
Message size: 8
tcp_ping received 65536 bytes back
Round trip time was 0.2587 milliseconds in repetition 403
Message size: 8
tcp_ping received 65536 bytes back
Round trip time was 0.2869 milliseconds in repetition 404
Message size: 8
tcp_ping received 65536 bytes back
Round trip time was 0.2843 milliseconds in repetition 405
Message size: 8
tcp_ping received 65536 bytes back
Round trip time was 0.283 milliseconds in repetition 406
Message size: 8
tcp_ping received 65536 bytes back
Round trip time was 0.3197 milliseconds in repetition 407
Message size: 8
tcp_ping received 65536 bytes back
Round trip time was 0.2939 milliseconds in repetition 408
Message size: 8
tcp_ping received 65536 bytes back
Round trip time was 0.2951 milliseconds in repetition 409
Message size: 8
tcp_ping received 65536 bytes back
Round trip time was 0.2968 milliseconds in repetition 410
Message size: 8
tcp_ping received 65536 bytes back
Round trip time was 0.2943 milliseconds in repetition 411
Message size: 8
tcp_ping received 65536 bytes back
Round trip time was 0.2809 milliseconds in repetition 412
Message size: 8
tcp_ping received 65536 bytes back
Round trip time was 0.2564 milliseconds in repetition 413
Message size: 8
tcp_ping received 65536 bytes back
Round trip time was 0.2621 milliseconds in repetition 414
Message size: 8
tcp_ping received 65536 bytes back
Round trip time was 0.2566 milliseconds in repetition 415
Message size: 8
tcp_ping received 65536 bytes back
Round trip time was 0.2574 milliseconds in repetition 416
Message size: 8
tcp_ping received 65536 bytes back
Round trip time was 0.2568 milliseconds in repetition 417
Message size: 8
tcp_ping received 65536 bytes back
Round trip time was 0.2789 milliseconds in repetition 418
Message size: 8
tcp_ping received 65536 bytes back
Round trip time was 0.3434 milliseconds in repetition 419
Message size: 8
tcp_ping received 65536 bytes back
Round trip time was 0.273 milliseconds in repetition 420
Message size: 8
tcp_ping received 65536 bytes back
Round trip time was 0.2866 milliseconds in repetition 421
Message size: 8
tcp_ping received 65536 bytes back
Round trip time was 0.2691 milliseconds in repetition 422
Message size: 8
tcp_ping received 65536 bytes back
Round trip time was 0.281 milliseconds in repetition 423
Message size: 8
tcp_ping received 65536 bytes back
Round trip time was 0.2627 milliseconds in repetition 424
Message size: 8
tcp_ping received 65536 bytes back
Round trip time was 0.2573 milliseconds in repetition 425
Message size: 8
tcp_ping received 65536 bytes back
Round trip time was 0.2564 milliseconds in repetition 426
Message size: 8
tcp_ping received 65536 bytes back
Round trip time was 0.2564 milliseconds in repetition 427
Message size: 8
tcp_ping received 65536 bytes back
Round trip time was 0.2609 milliseconds in repetition 428
Message size: 8
tcp_ping received 65536 bytes back
Round trip time was 0.2581 milliseconds in repetition 429
Message size: 8
tcp_ping received 65536 bytes back
Round trip time was 0.2571 milliseconds in repetition 430
Message size: 8
tcp_ping received 65536 bytes back
Round trip time was 0.2573 milliseconds in repetition 431
Message size: 8
tcp_ping received 65536 bytes back
Round trip time was 0.2571 milliseconds in repetition 432
Message size: 8
tcp_ping received 65536 bytes back
Round trip time was 0.2621 milliseconds in repetition 433
Message size: 8
tcp_ping received 65536 bytes back
Round trip time was 0.2779 milliseconds in repetition 434
Message size: 8
tcp_ping received 65536 bytes back
Round trip time was 0.2785 milliseconds in repetition 435
Message size: 8
tcp_ping received 65536 bytes back
Round trip time was 0.2598 milliseconds in repetition 436
Message size: 8
tcp_ping received 65536 bytes back
Round trip time was 0.2559 milliseconds in repetition 437
Message size: 8
tcp_ping received 65536 bytes back
Round trip time was 0.2784 milliseconds in repetition 438
Message size: 8
tcp_ping received 65536 bytes back
Round trip time was 0.2577 milliseconds in repetition 439
Message size: 8
tcp_ping received 65536 bytes back
Round trip time was 0.2918 milliseconds in repetition 440
Message size: 8
tcp_ping received 65536 bytes back
Round trip time was 0.3228 milliseconds in repetition 441
Message size: 8
tcp_ping received 65536 bytes back
Round trip time was 0.2749 milliseconds in repetition 442
Message size: 8
tcp_ping received 65536 bytes back
Round trip time was 0.273 milliseconds in repetition 443
Message size: 8
tcp_ping received 65536 bytes back
Round trip time was 0.2562 milliseconds in repetition 444
Message size: 8
tcp_ping received 65536 bytes back
Round trip time was 0.2564 milliseconds in repetition 445
Message size: 8
tcp_ping received 65536 bytes back
Round trip time was 0.256 milliseconds in repetition 446
Message size: 8
tcp_ping received 65536 bytes back
Round trip time was 0.2614 milliseconds in repetition 447
Message size: 8
tcp_ping received 65536 bytes back
Round trip time was 0.2576 milliseconds in repetition 448
Message size: 8
tcp_ping received 65536 bytes back
Round trip time was 0.2587 milliseconds in repetition 449
Message size: 8
tcp_ping received 65536 bytes back
Round trip time was 0.2561 milliseconds in repetition 450
Message size: 8
tcp_ping received 65536 bytes back
Round trip time was 0.2568 milliseconds in repetition 451
Message size: 8
tcp_ping received 65536 bytes back
Round trip time was 0.3156 milliseconds in repetition 452
Message size: 8
tcp_ping received 65536 bytes back
Round trip time was 0.3136 milliseconds in repetition 453
Message size: 8
tcp_ping received 65536 bytes back
Round trip time was 0.2851 milliseconds in repetition 454
Message size: 8
tcp_ping received 65536 bytes back
Round trip time was 0.2562 milliseconds in repetition 455
Message size: 8
tcp_ping received 65536 bytes back
Round trip time was 0.3275 milliseconds in repetition 456
Message size: 8
tcp_ping received 65536 bytes back
Round trip time was 0.2942 milliseconds in repetition 457
Message size: 8
tcp_ping received 65536 bytes back
Round trip time was 0.2945 milliseconds in repetition 458
Message size: 8
tcp_ping received 65536 bytes back
Round trip time was 0.2939 milliseconds in repetition 459
Message size: 8
tcp_ping received 65536 bytes back
Round trip time was 0.2942 milliseconds in repetition 460
Message size: 8
tcp_ping received 65536 bytes back
Round trip time was 0.2572 milliseconds in repetition 461
Message size: 8
tcp_ping received 65536 bytes back
Round trip time was 0.2559 milliseconds in repetition 462
Message size: 8
tcp_ping received 65536 bytes back
Round trip time was 0.259 milliseconds in repetition 463
Message size: 8
tcp_ping received 65536 bytes back
Round trip time was 0.344 milliseconds in repetition 464
Message size: 8
tcp_ping received 65536 bytes back
Round trip time was 0.2558 milliseconds in repetition 465
Message size: 8
tcp_ping received 65536 bytes back
Round trip time was 0.3142 milliseconds in repetition 466
Message size: 8
tcp_ping received 65536 bytes back
Round trip time was 0.3132 milliseconds in repetition 467
Message size: 8
tcp_ping received 65536 bytes back
Round trip time was 0.3352 milliseconds in repetition 468
Message size: 8
tcp_ping received 65536 bytes back
Round trip time was 0.327 milliseconds in repetition 469
Message size: 8
tcp_ping received 65536 bytes back
Round trip time was 0.3469 milliseconds in repetition 470
Message size: 8
tcp_ping received 65536 bytes back
Round trip time was 0.2718 milliseconds in repetition 471
Message size: 8
tcp_ping received 65536 bytes back
Round trip time was 0.2721 milliseconds in repetition 472
Message size: 8
tcp_ping received 65536 bytes back
Round trip time was 0.255 milliseconds in repetition 473
Message size: 8
tcp_ping received 65536 bytes back
Round trip time was 0.2881 milliseconds in repetition 474
Message size: 8
tcp_ping received 65536 bytes back
Round trip time was 0.2748 milliseconds in repetition 475
Message size: 8
tcp_ping received 65536 bytes back
Round trip time was 0.2565 milliseconds in repetition 476
Message size: 8
tcp_ping received 65536 bytes back
Round trip time was 0.2557 milliseconds in repetition 477
Message size: 8
tcp_ping received 65536 bytes back
Round trip time was 0.2912 milliseconds in repetition 478
Message size: 8
tcp_ping received 65536 bytes back
Round trip time was 0.2564 milliseconds in repetition 479
Message size: 8
tcp_ping received 65536 bytes back
Round trip time was 0.2737 milliseconds in repetition 480
Message size: 8
tcp_ping received 65536 bytes back
Round trip time was 0.2922 milliseconds in repetition 481
Message size: 8
tcp_ping received 65536 bytes back
Round trip time was 0.2766 milliseconds in repetition 482
Message size: 8
tcp_ping received 65536 bytes back
Round trip time was 0.2725 milliseconds in repetition 483
Message size: 8
tcp_ping received 65536 bytes back
Round trip time was 0.2894 milliseconds in repetition 484
Message size: 8
tcp_ping received 65536 bytes back
Round trip time was 0.2937 milliseconds in repetition 485
Message size: 8
tcp_ping received 65536 bytes back
Round trip time was 0.2707 milliseconds in repetition 486
Message size: 8
tcp_ping received 65536 bytes back
Round trip time was 0.2559 milliseconds in repetition 487
Message size: 8
tcp_ping received 65536 bytes back
Round trip time was 0.2562 milliseconds in repetition 488
Message size: 8
tcp_ping received 65536 bytes back
Round trip time was 0.2983 milliseconds in repetition 489
Message size: 8
tcp_ping received 65536 bytes back
Round trip time was 0.2987 milliseconds in repetition 490
Message size: 8
tcp_ping received 65536 bytes back
Round trip time was 0.2972 milliseconds in repetition 491
Message size: 8
tcp_ping received 65536 bytes back
Round trip time was 0.2961 milliseconds in repetition 492
Message size: 8
tcp_ping received 65536 bytes back
Round trip time was 0.2967 milliseconds in repetition 493
Message size: 8
tcp_ping received 65536 bytes back
Round trip time was 0.2801 milliseconds in repetition 494
Message size: 8
tcp_ping received 65536 bytes back
Round trip time was 0.277 milliseconds in repetition 495
Message size: 8
tcp_ping received 65536 bytes back
Round trip time was 0.3068 milliseconds in repetition 496
Message size: 8
tcp_ping received 65536 bytes back
Round trip time was 0.2683 milliseconds in repetition 497
Message size: 8
tcp_ping received 65536 bytes back
Round trip time was 0.2685 milliseconds in repetition 498
Message size: 8
tcp_ping received 65536 bytes back
Round trip time was 0.3008 milliseconds in repetition 499
Message size: 8
tcp_ping received 65536 bytes back
Round trip time was 0.282 milliseconds in repetition 500
Message size: 8
tcp_ping received 65536 bytes back
Round trip time was 0.3028 milliseconds in repetition 501

 ... clock resolution was 1e-06
TCP Ping:  Statistics over 501 repetitions of 65536 byte messages

RTT : percentile 10: 0.2572, median: 0.2973, percentile 90: 0.4569, average: 0.333236, variance: 0.0133464

RTT histogram:
0.254999 201
0.31853 182
0.38206 53
0.44559 20
0.50912 20
0.57265 6
0.63618 6
0.69971 5
0.76324 3
0.82677 3
0.8903 0
0.95383 0
1.01736 1
1.08089 0
1.14442 0
1.20795 0
1.27148 0
1.33501 0
1.39854 0
1.46207 0
1.5256 1

   median Throughput : 440875 KB/s   overall Throughput : 393331 KB/s

