TCP Ping trying to connect to server localhost (127.0.0.1) on port 1491
Connected with the server
 ... connected to Pong server: asking for 501 repetitions of 98304 bytes TCP messages
 ... Pong server agreed :-)
Message size: 8
tcp_ping received 98304 bytes back
Round trip time was 0.3894 milliseconds in repetition 1
Message size: 8
tcp_ping received 98304 bytes back
Round trip time was 0.3922 milliseconds in repetition 2
Message size: 8
tcp_ping received 98304 bytes back
Round trip time was 0.3691 milliseconds in repetition 3
Message size: 8
tcp_ping received 98304 bytes back
Round trip time was 0.4285 milliseconds in repetition 4
Message size: 8
tcp_ping received 98304 bytes back
Round trip time was 0.3705 milliseconds in repetition 5
Message size: 8
tcp_ping received 98304 bytes back
Round trip time was 0.3921 milliseconds in repetition 6
Message size: 8
tcp_ping received 98304 bytes back
Round trip time was 0.5547 milliseconds in repetition 7
Message size: 8
tcp_ping received 98304 bytes back
Round trip time was 0.4553 milliseconds in repetition 8
Message size: 8
tcp_ping received 98304 bytes back
Round trip time was 0.4667 milliseconds in repetition 9
Message size: 8
tcp_ping received 98304 bytes back
Round trip time was 0.4381 milliseconds in repetition 10
Message size: 8
tcp_ping received 98304 bytes back
Round trip time was 0.367 milliseconds in repetition 11
Message size: 8
tcp_ping received 98304 bytes back
Round trip time was 0.3789 milliseconds in repetition 12
Message size: 8
tcp_ping received 98304 bytes back
Round trip time was 0.388 milliseconds in repetition 13
Message size: 8
tcp_ping received 98304 bytes back
Round trip time was 0.4699 milliseconds in repetition 14
Message size: 8
tcp_ping received 98304 bytes back
Round trip time was 0.4342 milliseconds in repetition 15
Message size: 8
tcp_ping received 98304 bytes back
Round trip time was 0.3816 milliseconds in repetition 16
Message size: 8
tcp_ping received 98304 bytes back
Round trip time was 0.4304 milliseconds in repetition 17
Message size: 8
tcp_ping received 98304 bytes back
Round trip time was 0.4559 milliseconds in repetition 18
Message size: 8
tcp_ping received 98304 bytes back
Round trip time was 0.4386 milliseconds in repetition 19
Message size: 8
tcp_ping received 98304 bytes back
Round trip time was 0.4689 milliseconds in repetition 20
Message size: 8
tcp_ping received 98304 bytes back
Round trip time was 0.406 milliseconds in repetition 21
Message size: 8
tcp_ping received 98304 bytes back
Round trip time was 0.4123 milliseconds in repetition 22
Message size: 8
tcp_ping received 98304 bytes back
Round trip time was 0.363 milliseconds in repetition 23
Message size: 8
tcp_ping received 98304 bytes back
Round trip time was 0.3747 milliseconds in repetition 24
Message size: 8
tcp_ping received 98304 bytes back
Round trip time was 0.3584 milliseconds in repetition 25
Message size: 8
tcp_ping received 98304 bytes back
Round trip time was 0.3592 milliseconds in repetition 26
Message size: 8
tcp_ping received 98304 bytes back
Round trip time was 0.3748 milliseconds in repetition 27
Message size: 8
tcp_ping received 98304 bytes back
Round trip time was 0.4273 milliseconds in repetition 28
Message size: 8
tcp_ping received 98304 bytes back
Round trip time was 0.3593 milliseconds in repetition 29
Message size: 8
tcp_ping received 98304 bytes back
Round trip time was 0.3589 milliseconds in repetition 30
Message size: 8
tcp_ping received 98304 bytes back
Round trip time was 0.3589 milliseconds in repetition 31
Message size: 8
tcp_ping received 98304 bytes back
Round trip time was 0.3588 milliseconds in repetition 32
Message size: 8
tcp_ping received 98304 bytes back
Round trip time was 0.5635 milliseconds in repetition 33
Message size: 8
tcp_ping received 98304 bytes back
Round trip time was 0.6589 milliseconds in repetition 34
Message size: 8
tcp_ping received 98304 bytes back
Round trip time was 0.6951 milliseconds in repetition 35
Message size: 8
tcp_ping received 98304 bytes back
Round trip time was 0.6278 milliseconds in repetition 36
Message size: 8
tcp_ping received 98304 bytes back
Round trip time was 0.9198 milliseconds in repetition 37
Message size: 8
tcp_ping received 98304 bytes back
Round trip time was 0.4636 milliseconds in repetition 38
Message size: 8
tcp_ping received 98304 bytes back
Round trip time was 0.5026 milliseconds in repetition 39
Message size: 8
tcp_ping received 98304 bytes back
Round trip time was 0.4088 milliseconds in repetition 40
Message size: 8
tcp_ping received 98304 bytes back
Round trip time was 0.5064 milliseconds in repetition 41
Message size: 8
tcp_ping received 98304 bytes back
Round trip time was 0.4027 milliseconds in repetition 42
Message size: 8
tcp_ping received 98304 bytes back
Round trip time was 0.3945 milliseconds in repetition 43
Message size: 8
tcp_ping received 98304 bytes back
Round trip time was 0.6408 milliseconds in repetition 44
Message size: 8
tcp_ping received 98304 bytes back
Round trip time was 0.6962 milliseconds in repetition 45
Message size: 8
tcp_ping received 98304 bytes back
Round trip time was 0.3763 milliseconds in repetition 46
Message size: 8
tcp_ping received 98304 bytes back
Round trip time was 0.4021 milliseconds in repetition 47
Message size: 8
tcp_ping received 98304 bytes back
Round trip time was 0.3512 milliseconds in repetition 48
Message size: 8
tcp_ping received 98304 bytes back
Round trip time was 0.3507 milliseconds in repetition 49
Message size: 8
tcp_ping received 98304 bytes back
Round trip time was 0.4494 milliseconds in repetition 50
Message size: 8
tcp_ping received 98304 bytes back
Round trip time was 0.366 milliseconds in repetition 51
Message size: 8
tcp_ping received 98304 bytes back
Round trip time was 0.4117 milliseconds in repetition 52
Message size: 8
tcp_ping received 98304 bytes back
Round trip time was 0.3572 milliseconds in repetition 53
Message size: 8
tcp_ping received 98304 bytes back
Round trip time was 0.3587 milliseconds in repetition 54
Message size: 8
tcp_ping received 98304 bytes back
Round trip time was 0.3842 milliseconds in repetition 55
Message size: 8
tcp_ping received 98304 bytes back
Round trip time was 0.481 milliseconds in repetition 56
Message size: 8
tcp_ping received 98304 bytes back
Round trip time was 0.4739 milliseconds in repetition 57
Message size: 8
tcp_ping received 98304 bytes back
Round trip time was 0.4708 milliseconds in repetition 58
Message size: 8
tcp_ping received 98304 bytes back
Round trip time was 0.3968 milliseconds in repetition 59
Message size: 8
tcp_ping received 98304 bytes back
Round trip time was 0.3951 milliseconds in repetition 60
Message size: 8
tcp_ping received 98304 bytes back
Round trip time was 0.5271 milliseconds in repetition 61
Message size: 8
tcp_ping received 98304 bytes back
Round trip time was 0.5147 milliseconds in repetition 62
Message size: 8
tcp_ping received 98304 bytes back
Round trip time was 0.5466 milliseconds in repetition 63
Message size: 8
tcp_ping received 98304 bytes back
Round trip time was 0.4655 milliseconds in repetition 64
Message size: 8
tcp_ping received 98304 bytes back
Round trip time was 0.5667 milliseconds in repetition 65
Message size: 8
tcp_ping received 98304 bytes back
Round trip time was 0.4163 milliseconds in repetition 66
Message size: 8
tcp_ping received 98304 bytes back
Round trip time was 0.5485 milliseconds in repetition 67
Message size: 8
tcp_ping received 98304 bytes back
Round trip time was 0.4704 milliseconds in repetition 68
Message size: 8
tcp_ping received 98304 bytes back
Round trip time was 0.4549 milliseconds in repetition 69
Message size: 8
tcp_ping received 98304 bytes back
Round trip time was 0.4988 milliseconds in repetition 70
Message size: 8
tcp_ping received 98304 bytes back
Round trip time was 0.4179 milliseconds in repetition 71
Message size: 8
tcp_ping received 98304 bytes back
Round trip time was 0.4191 milliseconds in repetition 72
Message size: 8
tcp_ping received 98304 bytes back
Round trip time was 0.417 milliseconds in repetition 73
Message size: 8
tcp_ping received 98304 bytes back
Round trip time was 0.4508 milliseconds in repetition 74
Message size: 8
tcp_ping received 98304 bytes back
Round trip time was 0.521 milliseconds in repetition 75
Message size: 8
tcp_ping received 98304 bytes back
Round trip time was 0.4507 milliseconds in repetition 76
Message size: 8
tcp_ping received 98304 bytes back
Round trip time was 0.4406 milliseconds in repetition 77
Message size: 8
tcp_ping received 98304 bytes back
Round trip time was 0.4615 milliseconds in repetition 78
Message size: 8
tcp_ping received 98304 bytes back
Round trip time was 0.4072 milliseconds in repetition 79
Message size: 8
tcp_ping received 98304 bytes back
Round trip time was 0.4021 milliseconds in repetition 80
Message size: 8
tcp_ping received 98304 bytes back
Round trip time was 0.4282 milliseconds in repetition 81
Message size: 8
tcp_ping received 98304 bytes back
Round trip time was 0.4066 milliseconds in repetition 82
Message size: 8
tcp_ping received 98304 bytes back
Round trip time was 0.413 milliseconds in repetition 83
Message size: 8
tcp_ping received 98304 bytes back
Round trip time was 0.4697 milliseconds in repetition 84
Message size: 8
tcp_ping received 98304 bytes back
Round trip time was 0.4107 milliseconds in repetition 85
Message size: 8
tcp_ping received 98304 bytes back
Round trip time was 0.4069 milliseconds in repetition 86
Message size: 8
tcp_ping received 98304 bytes back
Round trip time was 0.4157 milliseconds in repetition 87
Message size: 8
tcp_ping received 98304 bytes back
Round trip time was 0.4086 milliseconds in repetition 88
Message size: 8
tcp_ping received 98304 bytes back
Round trip time was 0.4098 milliseconds in repetition 89
Message size: 8
tcp_ping received 98304 bytes back
Round trip time was 0.5335 milliseconds in repetition 90
Message size: 8
tcp_ping received 98304 bytes back
Round trip time was 0.5991 milliseconds in repetition 91
Message size: 8
tcp_ping received 98304 bytes back
Round trip time was 0.4982 milliseconds in repetition 92
Message size: 8
tcp_ping received 98304 bytes back
Round trip time was 0.4769 milliseconds in repetition 93
Message size: 8
tcp_ping received 98304 bytes back
Round trip time was 0.5384 milliseconds in repetition 94
Message size: 8
tcp_ping received 98304 bytes back
Round trip time was 0.4508 milliseconds in repetition 95
Message size: 8
tcp_ping received 98304 bytes back
Round trip time was 0.456 milliseconds in repetition 96
Message size: 8
tcp_ping received 98304 bytes back
Round trip time was 0.5293 milliseconds in repetition 97
Message size: 8
tcp_ping received 98304 bytes back
Round trip time was 0.5529 milliseconds in repetition 98
Message size: 8
tcp_ping received 98304 bytes back
Round trip time was 0.4703 milliseconds in repetition 99
Message size: 8
tcp_ping received 98304 bytes back
Round trip time was 0.432 milliseconds in repetition 100
Message size: 8
tcp_ping received 98304 bytes back
Round trip time was 0.5593 milliseconds in repetition 101
Message size: 8
tcp_ping received 98304 bytes back
Round trip time was 0.4359 milliseconds in repetition 102
Message size: 8
tcp_ping received 98304 bytes back
Round trip time was 0.4344 milliseconds in repetition 103
Message size: 8
tcp_ping received 98304 bytes back
Round trip time was 0.4789 milliseconds in repetition 104
Message size: 8
tcp_ping received 98304 bytes back
Round trip time was 0.4297 milliseconds in repetition 105
Message size: 8
tcp_ping received 98304 bytes back
Round trip time was 0.4299 milliseconds in repetition 106
Message size: 8
tcp_ping received 98304 bytes back
Round trip time was 0.4255 milliseconds in repetition 107
Message size: 8
tcp_ping received 98304 bytes back
Round trip time was 0.488 milliseconds in repetition 108
Message size: 8
tcp_ping received 98304 bytes back
Round trip time was 0.3953 milliseconds in repetition 109
Message size: 8
tcp_ping received 98304 bytes back
Round trip time was 0.4838 milliseconds in repetition 110
Message size: 8
tcp_ping received 98304 bytes back
Round trip time was 0.4203 milliseconds in repetition 111
Message size: 8
tcp_ping received 98304 bytes back
Round trip time was 0.5441 milliseconds in repetition 112
Message size: 8
tcp_ping received 98304 bytes back
Round trip time was 0.4349 milliseconds in repetition 113
Message size: 8
tcp_ping received 98304 bytes back
Round trip time was 0.4309 milliseconds in repetition 114
Message size: 8
tcp_ping received 98304 bytes back
Round trip time was 0.4335 milliseconds in repetition 115
Message size: 8
tcp_ping received 98304 bytes back
Round trip time was 0.4346 milliseconds in repetition 116
Message size: 8
tcp_ping received 98304 bytes back
Round trip time was 0.4315 milliseconds in repetition 117
Message size: 8
tcp_ping received 98304 bytes back
Round trip time was 0.5988 milliseconds in repetition 118
Message size: 8
tcp_ping received 98304 bytes back
Round trip time was 0.544 milliseconds in repetition 119
Message size: 8
tcp_ping received 98304 bytes back
Round trip time was 0.4495 milliseconds in repetition 120
Message size: 8
tcp_ping received 98304 bytes back
Round trip time was 0.4199 milliseconds in repetition 121
Message size: 8
tcp_ping received 98304 bytes back
Round trip time was 0.4331 milliseconds in repetition 122
Message size: 8
tcp_ping received 98304 bytes back
Round trip time was 0.419 milliseconds in repetition 123
Message size: 8
tcp_ping received 98304 bytes back
Round trip time was 0.4123 milliseconds in repetition 124
Message size: 8
tcp_ping received 98304 bytes back
Round trip time was 0.4179 milliseconds in repetition 125
Message size: 8
tcp_ping received 98304 bytes back
Round trip time was 0.461501 milliseconds in repetition 126
Message size: 8
tcp_ping received 98304 bytes back
Round trip time was 0.4421 milliseconds in repetition 127
Message size: 8
tcp_ping received 98304 bytes back
Round trip time was 0.4292 milliseconds in repetition 128
Message size: 8
tcp_ping received 98304 bytes back
Round trip time was 0.4122 milliseconds in repetition 129
Message size: 8
tcp_ping received 98304 bytes back
Round trip time was 0.4672 milliseconds in repetition 130
Message size: 8
tcp_ping received 98304 bytes back
Round trip time was 0.4429 milliseconds in repetition 131
Message size: 8
tcp_ping received 98304 bytes back
Round trip time was 0.4196 milliseconds in repetition 132
Message size: 8
tcp_ping received 98304 bytes back
Round trip time was 0.4149 milliseconds in repetition 133
Message size: 8
tcp_ping received 98304 bytes back
Round trip time was 0.4138 milliseconds in repetition 134
Message size: 8
tcp_ping received 98304 bytes back
Round trip time was 0.4207 milliseconds in repetition 135
Message size: 8
tcp_ping received 98304 bytes back
Round trip time was 0.423 milliseconds in repetition 136
Message size: 8
tcp_ping received 98304 bytes back
Round trip time was 0.4551 milliseconds in repetition 137
Message size: 8
tcp_ping received 98304 bytes back
Round trip time was 0.4548 milliseconds in repetition 138
Message size: 8
tcp_ping received 98304 bytes back
Round trip time was 0.3943 milliseconds in repetition 139
Message size: 8
tcp_ping received 98304 bytes back
Round trip time was 0.4135 milliseconds in repetition 140
Message size: 8
tcp_ping received 98304 bytes back
Round trip time was 0.4764 milliseconds in repetition 141
Message size: 8
tcp_ping received 98304 bytes back
Round trip time was 0.4467 milliseconds in repetition 142
Message size: 8
tcp_ping received 98304 bytes back
Round trip time was 0.4138 milliseconds in repetition 143
Message size: 8
tcp_ping received 98304 bytes back
Round trip time was 0.4171 milliseconds in repetition 144
Message size: 8
tcp_ping received 98304 bytes back
Round trip time was 0.4409 milliseconds in repetition 145
Message size: 8
tcp_ping received 98304 bytes back
Round trip time was 0.423 milliseconds in repetition 146
Message size: 8
tcp_ping received 98304 bytes back
Round trip time was 0.5642 milliseconds in repetition 147
Message size: 8
tcp_ping received 98304 bytes back
Round trip time was 0.4247 milliseconds in repetition 148
Message size: 8
tcp_ping received 98304 bytes back
Round trip time was 0.4218 milliseconds in repetition 149
Message size: 8
tcp_ping received 98304 bytes back
Round trip time was 0.4751 milliseconds in repetition 150
Message size: 8
tcp_ping received 98304 bytes back
Round trip time was 0.3989 milliseconds in repetition 151
Message size: 8
tcp_ping received 98304 bytes back
Round trip time was 0.4473 milliseconds in repetition 152
Message size: 8
tcp_ping received 98304 bytes back
Round trip time was 0.4139 milliseconds in repetition 153
Message size: 8
tcp_ping received 98304 bytes back
Round trip time was 0.414 milliseconds in repetition 154
Message size: 8
tcp_ping received 98304 bytes back
Round trip time was 0.4735 milliseconds in repetition 155
Message size: 8
tcp_ping received 98304 bytes back
Round trip time was 0.4287 milliseconds in repetition 156
Message size: 8
tcp_ping received 98304 bytes back
Round trip time was 0.4406 milliseconds in repetition 157
Message size: 8
tcp_ping received 98304 bytes back
Round trip time was 0.447 milliseconds in repetition 158
Message size: 8
tcp_ping received 98304 bytes back
Round trip time was 0.4205 milliseconds in repetition 159
Message size: 8
tcp_ping received 98304 bytes back
Round trip time was 0.4026 milliseconds in repetition 160
Message size: 8
tcp_ping received 98304 bytes back
Round trip time was 0.4054 milliseconds in repetition 161
Message size: 8
tcp_ping received 98304 bytes back
Round trip time was 0.3999 milliseconds in repetition 162
Message size: 8
tcp_ping received 98304 bytes back
Round trip time was 0.4049 milliseconds in repetition 163
Message size: 8
tcp_ping received 98304 bytes back
Round trip time was 0.5585 milliseconds in repetition 164
Message size: 8
tcp_ping received 98304 bytes back
Round trip time was 0.4458 milliseconds in repetition 165
Message size: 8
tcp_ping received 98304 bytes back
Round trip time was 0.4289 milliseconds in repetition 166
Message size: 8
tcp_ping received 98304 bytes back
Round trip time was 0.517 milliseconds in repetition 167
Message size: 8
tcp_ping received 98304 bytes back
Round trip time was 0.4224 milliseconds in repetition 168
Message size: 8
tcp_ping received 98304 bytes back
Round trip time was 0.4212 milliseconds in repetition 169
Message size: 8
tcp_ping received 98304 bytes back
Round trip time was 0.4034 milliseconds in repetition 170
Message size: 8
tcp_ping received 98304 bytes back
Round trip time was 0.3851 milliseconds in repetition 171
Message size: 8
tcp_ping received 98304 bytes back
Round trip time was 0.3366 milliseconds in repetition 172
Message size: 8
tcp_ping received 98304 bytes back
Round trip time was 0.335 milliseconds in repetition 173
Message size: 8
tcp_ping received 98304 bytes back
Round trip time was 0.4781 milliseconds in repetition 174
Message size: 8
tcp_ping received 98304 bytes back
Round trip time was 0.3534 milliseconds in repetition 175
Message size: 8
tcp_ping received 98304 bytes back
Round trip time was 0.3947 milliseconds in repetition 176
Message size: 8
tcp_ping received 98304 bytes back
Round trip time was 0.3695 milliseconds in repetition 177
Message size: 8
tcp_ping received 98304 bytes back
Round trip time was 0.4438 milliseconds in repetition 178
Message size: 8
tcp_ping received 98304 bytes back
Round trip time was 0.587 milliseconds in repetition 179
Message size: 8
tcp_ping received 98304 bytes back
Round trip time was 0.405 milliseconds in repetition 180
Message size: 8
tcp_ping received 98304 bytes back
Round trip time was 0.3552 milliseconds in repetition 181
Message size: 8
tcp_ping received 98304 bytes back
Round trip time was 0.3521 milliseconds in repetition 182
Message size: 8
tcp_ping received 98304 bytes back
Round trip time was 0.3989 milliseconds in repetition 183
Message size: 8
tcp_ping received 98304 bytes back
Round trip time was 0.3702 milliseconds in repetition 184
Message size: 8
tcp_ping received 98304 bytes back
Round trip time was 0.3945 milliseconds in repetition 185
Message size: 8
tcp_ping received 98304 bytes back
Round trip time was 0.3633 milliseconds in repetition 186
Message size: 8
tcp_ping received 98304 bytes back
Round trip time was 0.3629 milliseconds in repetition 187
Message size: 8
tcp_ping received 98304 bytes back
Round trip time was 0.545 milliseconds in repetition 188
Message size: 8
tcp_ping received 98304 bytes back
Round trip time was 0.4181 milliseconds in repetition 189
Message size: 8
tcp_ping received 98304 bytes back
Round trip time was 0.4781 milliseconds in repetition 190
Message size: 8
tcp_ping received 98304 bytes back
Round trip time was 0.4978 milliseconds in repetition 191
Message size: 8
tcp_ping received 98304 bytes back
Round trip time was 0.4563 milliseconds in repetition 192
Message size: 8
tcp_ping received 98304 bytes back
Round trip time was 0.3953 milliseconds in repetition 193
Message size: 8
tcp_ping received 98304 bytes back
Round trip time was 0.3929 milliseconds in repetition 194
Message size: 8
tcp_ping received 98304 bytes back
Round trip time was 0.4257 milliseconds in repetition 195
Message size: 8
tcp_ping received 98304 bytes back
Round trip time was 0.396 milliseconds in repetition 196
Message size: 8
tcp_ping received 98304 bytes back
Round trip time was 0.4741 milliseconds in repetition 197
Message size: 8
tcp_ping received 98304 bytes back
Round trip time was 0.3981 milliseconds in repetition 198
Message size: 8
tcp_ping received 98304 bytes back
Round trip time was 0.36 milliseconds in repetition 199
Message size: 8
tcp_ping received 98304 bytes back
Round trip time was 0.3583 milliseconds in repetition 200
Message size: 8
tcp_ping received 98304 bytes back
Round trip time was 0.3754 milliseconds in repetition 201
Message size: 8
tcp_ping received 98304 bytes back
Round trip time was 0.359 milliseconds in repetition 202
Message size: 8
tcp_ping received 98304 bytes back
Round trip time was 0.3769 milliseconds in repetition 203
Message size: 8
tcp_ping received 98304 bytes back
Round trip time was 0.3599 milliseconds in repetition 204
Message size: 8
tcp_ping received 98304 bytes back
Round trip time was 0.361 milliseconds in repetition 205
Message size: 8
tcp_ping received 98304 bytes back
Round trip time was 0.4187 milliseconds in repetition 206
Message size: 8
tcp_ping received 98304 bytes back
Round trip time was 0.4583 milliseconds in repetition 207
Message size: 8
tcp_ping received 98304 bytes back
Round trip time was 0.3751 milliseconds in repetition 208
Message size: 8
tcp_ping received 98304 bytes back
Round trip time was 0.3595 milliseconds in repetition 209
Message size: 8
tcp_ping received 98304 bytes back
Round trip time was 0.3687 milliseconds in repetition 210
Message size: 8
tcp_ping received 98304 bytes back
Round trip time was 0.359 milliseconds in repetition 211
Message size: 8
tcp_ping received 98304 bytes back
Round trip time was 0.4797 milliseconds in repetition 212
Message size: 8
tcp_ping received 98304 bytes back
Round trip time was 0.3537 milliseconds in repetition 213
Message size: 8
tcp_ping received 98304 bytes back
Round trip time was 0.3973 milliseconds in repetition 214
Message size: 8
tcp_ping received 98304 bytes back
Round trip time was 0.352 milliseconds in repetition 215
Message size: 8
tcp_ping received 98304 bytes back
Round trip time was 0.3503 milliseconds in repetition 216
Message size: 8
tcp_ping received 98304 bytes back
Round trip time was 0.3675 milliseconds in repetition 217
Message size: 8
tcp_ping received 98304 bytes back
Round trip time was 0.3904 milliseconds in repetition 218
Message size: 8
tcp_ping received 98304 bytes back
Round trip time was 0.4571 milliseconds in repetition 219
Message size: 8
tcp_ping received 98304 bytes back
Round trip time was 0.4748 milliseconds in repetition 220
Message size: 8
tcp_ping received 98304 bytes back
Round trip time was 0.4318 milliseconds in repetition 221
Message size: 8
tcp_ping received 98304 bytes back
Round trip time was 0.3521 milliseconds in repetition 222
Message size: 8
tcp_ping received 98304 bytes back
Round trip time was 0.3353 milliseconds in repetition 223
Message size: 8
tcp_ping received 98304 bytes back
Round trip time was 0.3443 milliseconds in repetition 224
Message size: 8
tcp_ping received 98304 bytes back
Round trip time was 0.3563 milliseconds in repetition 225
Message size: 8
tcp_ping received 98304 bytes back
Round trip time was 0.3852 milliseconds in repetition 226
Message size: 8
tcp_ping received 98304 bytes back
Round trip time was 0.3505 milliseconds in repetition 227
Message size: 8
tcp_ping received 98304 bytes back
Round trip time was 0.4473 milliseconds in repetition 228
Message size: 8
tcp_ping received 98304 bytes back
Round trip time was 0.4199 milliseconds in repetition 229
Message size: 8
tcp_ping received 98304 bytes back
Round trip time was 0.4313 milliseconds in repetition 230
Message size: 8
tcp_ping received 98304 bytes back
Round trip time was 0.427 milliseconds in repetition 231
Message size: 8
tcp_ping received 98304 bytes back
Round trip time was 0.5378 milliseconds in repetition 232
Message size: 8
tcp_ping received 98304 bytes back
Round trip time was 0.4105 milliseconds in repetition 233
Message size: 8
tcp_ping received 98304 bytes back
Round trip time was 0.4566 milliseconds in repetition 234
Message size: 8
tcp_ping received 98304 bytes back
Round trip time was 0.3947 milliseconds in repetition 235
Message size: 8
tcp_ping received 98304 bytes back
Round trip time was 0.4121 milliseconds in repetition 236
Message size: 8
tcp_ping received 98304 bytes back
Round trip time was 0.3862 milliseconds in repetition 237
Message size: 8
tcp_ping received 98304 bytes back
Round trip time was 0.3817 milliseconds in repetition 238
Message size: 8
tcp_ping received 98304 bytes back
Round trip time was 0.381 milliseconds in repetition 239
Message size: 8
tcp_ping received 98304 bytes back
Round trip time was 0.3963 milliseconds in repetition 240
Message size: 8
tcp_ping received 98304 bytes back
Round trip time was 0.4346 milliseconds in repetition 241
Message size: 8
tcp_ping received 98304 bytes back
Round trip time was 0.3588 milliseconds in repetition 242
Message size: 8
tcp_ping received 98304 bytes back
Round trip time was 0.3216 milliseconds in repetition 243
Message size: 8
tcp_ping received 98304 bytes back
Round trip time was 0.322 milliseconds in repetition 244
Message size: 8
tcp_ping received 98304 bytes back
Round trip time was 0.4441 milliseconds in repetition 245
Message size: 8
tcp_ping received 98304 bytes back
Round trip time was 0.4232 milliseconds in repetition 246
Message size: 8
tcp_ping received 98304 bytes back
Round trip time was 0.3628 milliseconds in repetition 247
Message size: 8
tcp_ping received 98304 bytes back
Round trip time was 0.4826 milliseconds in repetition 248
Message size: 8
tcp_ping received 98304 bytes back
Round trip time was 0.3991 milliseconds in repetition 249
Message size: 8
tcp_ping received 98304 bytes back
Round trip time was 0.4091 milliseconds in repetition 250
Message size: 8
tcp_ping received 98304 bytes back
Round trip time was 0.401 milliseconds in repetition 251
Message size: 8
tcp_ping received 98304 bytes back
Round trip time was 0.4665 milliseconds in repetition 252
Message size: 8
tcp_ping received 98304 bytes back
Round trip time was 0.4003 milliseconds in repetition 253
Message size: 8
tcp_ping received 98304 bytes back
Round trip time was 0.4193 milliseconds in repetition 254
Message size: 8
tcp_ping received 98304 bytes back
Round trip time was 0.415 milliseconds in repetition 255
Message size: 8
tcp_ping received 98304 bytes back
Round trip time was 0.4236 milliseconds in repetition 256
Message size: 8
tcp_ping received 98304 bytes back
Round trip time was 0.3866 milliseconds in repetition 257
Message size: 8
tcp_ping received 98304 bytes back
Round trip time was 0.4481 milliseconds in repetition 258
Message size: 8
tcp_ping received 98304 bytes back
Round trip time was 0.4872 milliseconds in repetition 259
Message size: 8
tcp_ping received 98304 bytes back
Round trip time was 0.4545 milliseconds in repetition 260
Message size: 8
tcp_ping received 98304 bytes back
Round trip time was 0.4125 milliseconds in repetition 261
Message size: 8
tcp_ping received 98304 bytes back
Round trip time was 0.3437 milliseconds in repetition 262
Message size: 8
tcp_ping received 98304 bytes back
Round trip time was 0.3283 milliseconds in repetition 263
Message size: 8
tcp_ping received 98304 bytes back
Round trip time was 0.3829 milliseconds in repetition 264
Message size: 8
tcp_ping received 98304 bytes back
Round trip time was 0.3365 milliseconds in repetition 265
Message size: 8
tcp_ping received 98304 bytes back
Round trip time was 0.3531 milliseconds in repetition 266
Message size: 8
tcp_ping received 98304 bytes back
Round trip time was 0.4139 milliseconds in repetition 267
Message size: 8
tcp_ping received 98304 bytes back
Round trip time was 0.4549 milliseconds in repetition 268
Message size: 8
tcp_ping received 98304 bytes back
Round trip time was 0.4225 milliseconds in repetition 269
Message size: 8
tcp_ping received 98304 bytes back
Round trip time was 0.3604 milliseconds in repetition 270
Message size: 8
tcp_ping received 98304 bytes back
Round trip time was 0.368101 milliseconds in repetition 271
Message size: 8
tcp_ping received 98304 bytes back
Round trip time was 0.4123 milliseconds in repetition 272
Message size: 8
tcp_ping received 98304 bytes back
Round trip time was 0.4282 milliseconds in repetition 273
Message size: 8
tcp_ping received 98304 bytes back
Round trip time was 0.4822 milliseconds in repetition 274
Message size: 8
tcp_ping received 98304 bytes back
Round trip time was 0.4068 milliseconds in repetition 275
Message size: 8
tcp_ping received 98304 bytes back
Round trip time was 0.5437 milliseconds in repetition 276
Message size: 8
tcp_ping received 98304 bytes back
Round trip time was 0.5084 milliseconds in repetition 277
Message size: 8
tcp_ping received 98304 bytes back
Round trip time was 0.3733 milliseconds in repetition 278
Message size: 8
tcp_ping received 98304 bytes back
Round trip time was 0.4215 milliseconds in repetition 279
Message size: 8
tcp_ping received 98304 bytes back
Round trip time was 0.3667 milliseconds in repetition 280
Message size: 8
tcp_ping received 98304 bytes back
Round trip time was 0.4125 milliseconds in repetition 281
Message size: 8
tcp_ping received 98304 bytes back
Round trip time was 0.4579 milliseconds in repetition 282
Message size: 8
tcp_ping received 98304 bytes back
Round trip time was 0.3599 milliseconds in repetition 283
Message size: 8
tcp_ping received 98304 bytes back
Round trip time was 0.3941 milliseconds in repetition 284
Message size: 8
tcp_ping received 98304 bytes back
Round trip time was 0.4651 milliseconds in repetition 285
Message size: 8
tcp_ping received 98304 bytes back
Round trip time was 0.4372 milliseconds in repetition 286
Message size: 8
tcp_ping received 98304 bytes back
Round trip time was 0.4662 milliseconds in repetition 287
Message size: 8
tcp_ping received 98304 bytes back
Round trip time was 0.4431 milliseconds in repetition 288
Message size: 8
tcp_ping received 98304 bytes back
Round trip time was 0.4442 milliseconds in repetition 289
Message size: 8
tcp_ping received 98304 bytes back
Round trip time was 0.4604 milliseconds in repetition 290
Message size: 8
tcp_ping received 98304 bytes back
Round trip time was 0.421 milliseconds in repetition 291
Message size: 8
tcp_ping received 98304 bytes back
Round trip time was 0.3528 milliseconds in repetition 292
Message size: 8
tcp_ping received 98304 bytes back
Round trip time was 0.3928 milliseconds in repetition 293
Message size: 8
tcp_ping received 98304 bytes back
Round trip time was 0.4524 milliseconds in repetition 294
Message size: 8
tcp_ping received 98304 bytes back
Round trip time was 0.4771 milliseconds in repetition 295
Message size: 8
tcp_ping received 98304 bytes back
Round trip time was 0.4627 milliseconds in repetition 296
Message size: 8
tcp_ping received 98304 bytes back
Round trip time was 0.4105 milliseconds in repetition 297
Message size: 8
tcp_ping received 98304 bytes back
Round trip time was 0.3633 milliseconds in repetition 298
Message size: 8
tcp_ping received 98304 bytes back
Round trip time was 0.4246 milliseconds in repetition 299
Message size: 8
tcp_ping received 98304 bytes back
Round trip time was 0.4272 milliseconds in repetition 300
Message size: 8
tcp_ping received 98304 bytes back
Round trip time was 0.4298 milliseconds in repetition 301
Message size: 8
tcp_ping received 98304 bytes back
Round trip time was 0.4113 milliseconds in repetition 302
Message size: 8
tcp_ping received 98304 bytes back
Round trip time was 0.4073 milliseconds in repetition 303
Message size: 8
tcp_ping received 98304 bytes back
Round trip time was 0.402 milliseconds in repetition 304
Message size: 8
tcp_ping received 98304 bytes back
Round trip time was 0.4074 milliseconds in repetition 305
Message size: 8
tcp_ping received 98304 bytes back
Round trip time was 0.5836 milliseconds in repetition 306
Message size: 8
tcp_ping received 98304 bytes back
Round trip time was 0.4121 milliseconds in repetition 307
Message size: 8
tcp_ping received 98304 bytes back
Round trip time was 0.4449 milliseconds in repetition 308
Message size: 8
tcp_ping received 98304 bytes back
Round trip time was 0.3604 milliseconds in repetition 309
Message size: 8
tcp_ping received 98304 bytes back
Round trip time was 0.4098 milliseconds in repetition 310
Message size: 8
tcp_ping received 98304 bytes back
Round trip time was 0.4071 milliseconds in repetition 311
Message size: 8
tcp_ping received 98304 bytes back
Round trip time was 0.4582 milliseconds in repetition 312
Message size: 8
tcp_ping received 98304 bytes back
Round trip time was 0.3596 milliseconds in repetition 313
Message size: 8
tcp_ping received 98304 bytes back
Round trip time was 0.3651 milliseconds in repetition 314
Message size: 8
tcp_ping received 98304 bytes back
Round trip time was 0.5251 milliseconds in repetition 315
Message size: 8
tcp_ping received 98304 bytes back
Round trip time was 0.3788 milliseconds in repetition 316
Message size: 8
tcp_ping received 98304 bytes back
Round trip time was 0.3781 milliseconds in repetition 317
Message size: 8
tcp_ping received 98304 bytes back
Round trip time was 0.4209 milliseconds in repetition 318
Message size: 8
tcp_ping received 98304 bytes back
Round trip time was 0.3761 milliseconds in repetition 319
Message size: 8
tcp_ping received 98304 bytes back
Round trip time was 0.4434 milliseconds in repetition 320
Message size: 8
tcp_ping received 98304 bytes back
Round trip time was 0.377 milliseconds in repetition 321
Message size: 8
tcp_ping received 98304 bytes back
Round trip time was 0.3801 milliseconds in repetition 322
Message size: 8
tcp_ping received 98304 bytes back
Round trip time was 0.3767 milliseconds in repetition 323
Message size: 8
tcp_ping received 98304 bytes back
Round trip time was 0.3771 milliseconds in repetition 324
Message size: 8
tcp_ping received 98304 bytes back
Round trip time was 0.3971 milliseconds in repetition 325
Message size: 8
tcp_ping received 98304 bytes back
Round trip time was 0.3771 milliseconds in repetition 326
Message size: 8
tcp_ping received 98304 bytes back
Round trip time was 0.4149 milliseconds in repetition 327
Message size: 8
tcp_ping received 98304 bytes back
Round trip time was 0.377 milliseconds in repetition 328
Message size: 8
tcp_ping received 98304 bytes back
Round trip time was 0.3764 milliseconds in repetition 329
Message size: 8
tcp_ping received 98304 bytes back
Round trip time was 0.4858 milliseconds in repetition 330
Message size: 8
tcp_ping received 98304 bytes back
Round trip time was 0.4273 milliseconds in repetition 331
Message size: 8
tcp_ping received 98304 bytes back
Round trip time was 0.421 milliseconds in repetition 332
Message size: 8
tcp_ping received 98304 bytes back
Round trip time was 0.4246 milliseconds in repetition 333
Message size: 8
tcp_ping received 98304 bytes back
Round trip time was 0.5025 milliseconds in repetition 334
Message size: 8
tcp_ping received 98304 bytes back
Round trip time was 0.4241 milliseconds in repetition 335
Message size: 8
tcp_ping received 98304 bytes back
Round trip time was 0.4696 milliseconds in repetition 336
Message size: 8
tcp_ping received 98304 bytes back
Round trip time was 0.361 milliseconds in repetition 337
Message size: 8
tcp_ping received 98304 bytes back
Round trip time was 0.3605 milliseconds in repetition 338
Message size: 8
tcp_ping received 98304 bytes back
Round trip time was 0.4631 milliseconds in repetition 339
Message size: 8
tcp_ping received 98304 bytes back
Round trip time was 0.3588 milliseconds in repetition 340
Message size: 8
tcp_ping received 98304 bytes back
Round trip time was 0.3615 milliseconds in repetition 341
Message size: 8
tcp_ping received 98304 bytes back
Round trip time was 0.4312 milliseconds in repetition 342
Message size: 8
tcp_ping received 98304 bytes back
Round trip time was 0.4116 milliseconds in repetition 343
Message size: 8
tcp_ping received 98304 bytes back
Round trip time was 0.4014 milliseconds in repetition 344
Message size: 8
tcp_ping received 98304 bytes back
Round trip time was 0.4276 milliseconds in repetition 345
Message size: 8
tcp_ping received 98304 bytes back
Round trip time was 0.3789 milliseconds in repetition 346
Message size: 8
tcp_ping received 98304 bytes back
Round trip time was 0.3581 milliseconds in repetition 347
Message size: 8
tcp_ping received 98304 bytes back
Round trip time was 0.3604 milliseconds in repetition 348
Message size: 8
tcp_ping received 98304 bytes back
Round trip time was 0.3776 milliseconds in repetition 349
Message size: 8
tcp_ping received 98304 bytes back
Round trip time was 0.4337 milliseconds in repetition 350
Message size: 8
tcp_ping received 98304 bytes back
Round trip time was 0.3575 milliseconds in repetition 351
Message size: 8
tcp_ping received 98304 bytes back
Round trip time was 0.399 milliseconds in repetition 352
Message size: 8
tcp_ping received 98304 bytes back
Round trip time was 0.3619 milliseconds in repetition 353
Message size: 8
tcp_ping received 98304 bytes back
Round trip time was 0.4753 milliseconds in repetition 354
Message size: 8
tcp_ping received 98304 bytes back
Round trip time was 0.3605 milliseconds in repetition 355
Message size: 8
tcp_ping received 98304 bytes back
Round trip time was 0.4045 milliseconds in repetition 356
Message size: 8
tcp_ping received 98304 bytes back
Round trip time was 0.3571 milliseconds in repetition 357
Message size: 8
tcp_ping received 98304 bytes back
Round trip time was 0.344 milliseconds in repetition 358
Message size: 8
tcp_ping received 98304 bytes back
Round trip time was 0.322 milliseconds in repetition 359
Message size: 8
tcp_ping received 98304 bytes back
Round trip time was 0.3618 milliseconds in repetition 360
Message size: 8
tcp_ping received 98304 bytes back
Round trip time was 0.3212 milliseconds in repetition 361
Message size: 8
tcp_ping received 98304 bytes back
Round trip time was 0.4772 milliseconds in repetition 362
Message size: 8
tcp_ping received 98304 bytes back
Round trip time was 0.4439 milliseconds in repetition 363
Message size: 8
tcp_ping received 98304 bytes back
Round trip time was 0.3374 milliseconds in repetition 364
Message size: 8
tcp_ping received 98304 bytes back
Round trip time was 0.3995 milliseconds in repetition 365
Message size: 8
tcp_ping received 98304 bytes back
Round trip time was 0.5472 milliseconds in repetition 366
Message size: 8
tcp_ping received 98304 bytes back
Round trip time was 0.3629 milliseconds in repetition 367
Message size: 8
tcp_ping received 98304 bytes back
Round trip time was 0.7576 milliseconds in repetition 368
Message size: 8
tcp_ping received 98304 bytes back
Round trip time was 1.0629 milliseconds in repetition 369
Message size: 8
tcp_ping received 98304 bytes back
Round trip time was 1.0735 milliseconds in repetition 370
Message size: 8
tcp_ping received 98304 bytes back
Round trip time was 0.8616 milliseconds in repetition 371
Message size: 8
tcp_ping received 98304 bytes back
Round trip time was 0.5235 milliseconds in repetition 372
Message size: 8
tcp_ping received 98304 bytes back
Round trip time was 0.4883 milliseconds in repetition 373
Message size: 8
tcp_ping received 98304 bytes back
Round trip time was 0.4712 milliseconds in repetition 374
Message size: 8
tcp_ping received 98304 bytes back
Round trip time was 0.5031 milliseconds in repetition 375
Message size: 8
tcp_ping received 98304 bytes back
Round trip time was 0.4716 milliseconds in repetition 376
Message size: 8
tcp_ping received 98304 bytes back
Round trip time was 0.5063 milliseconds in repetition 377
Message size: 8
tcp_ping received 98304 bytes back
Round trip time was 0.4733 milliseconds in repetition 378
Message size: 8
tcp_ping received 98304 bytes back
Round trip time was 0.4979 milliseconds in repetition 379
Message size: 8
tcp_ping received 98304 bytes back
Round trip time was 0.4219 milliseconds in repetition 380
Message size: 8
tcp_ping received 98304 bytes back
Round trip time was 0.4536 milliseconds in repetition 381
Message size: 8
tcp_ping received 98304 bytes back
Round trip time was 0.4865 milliseconds in repetition 382
Message size: 8
tcp_ping received 98304 bytes back
Round trip time was 0.4874 milliseconds in repetition 383
Message size: 8
tcp_ping received 98304 bytes back
Round trip time was 0.5069 milliseconds in repetition 384
Message size: 8
tcp_ping received 98304 bytes back
Round trip time was 0.5219 milliseconds in repetition 385
Message size: 8
tcp_ping received 98304 bytes back
Round trip time was 0.4906 milliseconds in repetition 386
Message size: 8
tcp_ping received 98304 bytes back
Round trip time was 0.4952 milliseconds in repetition 387
Message size: 8
tcp_ping received 98304 bytes back
Round trip time was 0.4775 milliseconds in repetition 388
Message size: 8
tcp_ping received 98304 bytes back
Round trip time was 0.4791 milliseconds in repetition 389
Message size: 8
tcp_ping received 98304 bytes back
Round trip time was 0.5013 milliseconds in repetition 390
Message size: 8
tcp_ping received 98304 bytes back
Round trip time was 0.4912 milliseconds in repetition 391
Message size: 8
tcp_ping received 98304 bytes back
Round trip time was 0.4567 milliseconds in repetition 392
Message size: 8
tcp_ping received 98304 bytes back
Round trip time was 0.4623 milliseconds in repetition 393
Message size: 8
tcp_ping received 98304 bytes back
Round trip time was 0.4575 milliseconds in repetition 394
Message size: 8
tcp_ping received 98304 bytes back
Round trip time was 0.4289 milliseconds in repetition 395
Message size: 8
tcp_ping received 98304 bytes back
Round trip time was 0.4354 milliseconds in repetition 396
Message size: 8
tcp_ping received 98304 bytes back
Round trip time was 0.3839 milliseconds in repetition 397
Message size: 8
tcp_ping received 98304 bytes back
Round trip time was 0.4422 milliseconds in repetition 398
Message size: 8
tcp_ping received 98304 bytes back
Round trip time was 0.3781 milliseconds in repetition 399
Message size: 8
tcp_ping received 98304 bytes back
Round trip time was 0.4483 milliseconds in repetition 400
Message size: 8
tcp_ping received 98304 bytes back
Round trip time was 0.4002 milliseconds in repetition 401
Message size: 8
tcp_ping received 98304 bytes back
Round trip time was 0.4229 milliseconds in repetition 402
Message size: 8
tcp_ping received 98304 bytes back
Round trip time was 0.3695 milliseconds in repetition 403
Message size: 8
tcp_ping received 98304 bytes back
Round trip time was 0.4285 milliseconds in repetition 404
Message size: 8
tcp_ping received 98304 bytes back
Round trip time was 0.4072 milliseconds in repetition 405
Message size: 8
tcp_ping received 98304 bytes back
Round trip time was 0.3982 milliseconds in repetition 406
Message size: 8
tcp_ping received 98304 bytes back
Round trip time was 0.3973 milliseconds in repetition 407
Message size: 8
tcp_ping received 98304 bytes back
Round trip time was 0.441301 milliseconds in repetition 408
Message size: 8
tcp_ping received 98304 bytes back
Round trip time was 0.4771 milliseconds in repetition 409
Message size: 8
tcp_ping received 98304 bytes back
Round trip time was 0.4614 milliseconds in repetition 410
Message size: 8
tcp_ping received 98304 bytes back
Round trip time was 0.4329 milliseconds in repetition 411
Message size: 8
tcp_ping received 98304 bytes back
Round trip time was 0.5054 milliseconds in repetition 412
Message size: 8
tcp_ping received 98304 bytes back
Round trip time was 0.4562 milliseconds in repetition 413
Message size: 8
tcp_ping received 98304 bytes back
Round trip time was 0.4798 milliseconds in repetition 414
Message size: 8
tcp_ping received 98304 bytes back
Round trip time was 0.4408 milliseconds in repetition 415
Message size: 8
tcp_ping received 98304 bytes back
Round trip time was 0.4784 milliseconds in repetition 416
Message size: 8
tcp_ping received 98304 bytes back
Round trip time was 0.394 milliseconds in repetition 417
Message size: 8
tcp_ping received 98304 bytes back
Round trip time was 0.4317 milliseconds in repetition 418
Message size: 8
tcp_ping received 98304 bytes back
Round trip time was 0.4165 milliseconds in repetition 419
Message size: 8
tcp_ping received 98304 bytes back
Round trip time was 0.4148 milliseconds in repetition 420
Message size: 8
tcp_ping received 98304 bytes back
Round trip time was 0.4084 milliseconds in repetition 421
Message size: 8
tcp_ping received 98304 bytes back
Round trip time was 0.4311 milliseconds in repetition 422
Message size: 8
tcp_ping received 98304 bytes back
Round trip time was 0.4242 milliseconds in repetition 423
Message size: 8
tcp_ping received 98304 bytes back
Round trip time was 0.4623 milliseconds in repetition 424
Message size: 8
tcp_ping received 98304 bytes back
Round trip time was 0.4817 milliseconds in repetition 425
Message size: 8
tcp_ping received 98304 bytes back
Round trip time was 0.4526 milliseconds in repetition 426
Message size: 8
tcp_ping received 98304 bytes back
Round trip time was 0.4369 milliseconds in repetition 427
Message size: 8
tcp_ping received 98304 bytes back
Round trip time was 0.4557 milliseconds in repetition 428
Message size: 8
tcp_ping received 98304 bytes back
Round trip time was 0.5361 milliseconds in repetition 429
Message size: 8
tcp_ping received 98304 bytes back
Round trip time was 0.4456 milliseconds in repetition 430
Message size: 8
tcp_ping received 98304 bytes back
Round trip time was 0.4284 milliseconds in repetition 431
Message size: 8
tcp_ping received 98304 bytes back
Round trip time was 0.4369 milliseconds in repetition 432
Message size: 8
tcp_ping received 98304 bytes back
Round trip time was 0.4883 milliseconds in repetition 433
Message size: 8
tcp_ping received 98304 bytes back
Round trip time was 0.4107 milliseconds in repetition 434
Message size: 8
tcp_ping received 98304 bytes back
Round trip time was 0.5055 milliseconds in repetition 435
Message size: 8
tcp_ping received 98304 bytes back
Round trip time was 0.4289 milliseconds in repetition 436
Message size: 8
tcp_ping received 98304 bytes back
Round trip time was 0.4527 milliseconds in repetition 437
Message size: 8
tcp_ping received 98304 bytes back
Round trip time was 0.4185 milliseconds in repetition 438
Message size: 8
tcp_ping received 98304 bytes back
Round trip time was 0.4208 milliseconds in repetition 439
Message size: 8
tcp_ping received 98304 bytes back
Round trip time was 0.4115 milliseconds in repetition 440
Message size: 8
tcp_ping received 98304 bytes back
Round trip time was 0.4247 milliseconds in repetition 441
Message size: 8
tcp_ping received 98304 bytes back
Round trip time was 0.4645 milliseconds in repetition 442
Message size: 8
tcp_ping received 98304 bytes back
Round trip time was 0.4512 milliseconds in repetition 443
Message size: 8
tcp_ping received 98304 bytes back
Round trip time was 0.483 milliseconds in repetition 444
Message size: 8
tcp_ping received 98304 bytes back
Round trip time was 0.4438 milliseconds in repetition 445
Message size: 8
tcp_ping received 98304 bytes back
Round trip time was 0.4602 milliseconds in repetition 446
Message size: 8
tcp_ping received 98304 bytes back
Round trip time was 0.4342 milliseconds in repetition 447
Message size: 8
tcp_ping received 98304 bytes back
Round trip time was 0.4571 milliseconds in repetition 448
Message size: 8
tcp_ping received 98304 bytes back
Round trip time was 0.449 milliseconds in repetition 449
Message size: 8
tcp_ping received 98304 bytes back
Round trip time was 0.502 milliseconds in repetition 450
Message size: 8
tcp_ping received 98304 bytes back
Round trip time was 0.4023 milliseconds in repetition 451
Message size: 8
tcp_ping received 98304 bytes back
Round trip time was 0.472 milliseconds in repetition 452
Message size: 8
tcp_ping received 98304 bytes back
Round trip time was 0.4239 milliseconds in repetition 453
Message size: 8
tcp_ping received 98304 bytes back
Round trip time was 0.4554 milliseconds in repetition 454
Message size: 8
tcp_ping received 98304 bytes back
Round trip time was 0.411 milliseconds in repetition 455
Message size: 8
tcp_ping received 98304 bytes back
Round trip time was 0.4708 milliseconds in repetition 456
Message size: 8
tcp_ping received 98304 bytes back
Round trip time was 0.4894 milliseconds in repetition 457
Message size: 8
tcp_ping received 98304 bytes back
Round trip time was 0.7681 milliseconds in repetition 458
Message size: 8
tcp_ping received 98304 bytes back
Round trip time was 0.4139 milliseconds in repetition 459
Message size: 8
tcp_ping received 98304 bytes back
Round trip time was 0.441 milliseconds in repetition 460
Message size: 8
tcp_ping received 98304 bytes back
Round trip time was 0.4249 milliseconds in repetition 461
Message size: 8
tcp_ping received 98304 bytes back
Round trip time was 0.4529 milliseconds in repetition 462
Message size: 8
tcp_ping received 98304 bytes back
Round trip time was 0.458 milliseconds in repetition 463
Message size: 8
tcp_ping received 98304 bytes back
Round trip time was 0.4578 milliseconds in repetition 464
Message size: 8
tcp_ping received 98304 bytes back
Round trip time was 0.4358 milliseconds in repetition 465
Message size: 8
tcp_ping received 98304 bytes back
Round trip time was 0.4455 milliseconds in repetition 466
Message size: 8
tcp_ping received 98304 bytes back
Round trip time was 0.4274 milliseconds in repetition 467
Message size: 8
tcp_ping received 98304 bytes back
Round trip time was 0.4137 milliseconds in repetition 468
Message size: 8
tcp_ping received 98304 bytes back
Round trip time was 0.4096 milliseconds in repetition 469
Message size: 8
tcp_ping received 98304 bytes back
Round trip time was 0.4149 milliseconds in repetition 470
Message size: 8
tcp_ping received 98304 bytes back
Round trip time was 0.4124 milliseconds in repetition 471
Message size: 8
tcp_ping received 98304 bytes back
Round trip time was 0.415 milliseconds in repetition 472
Message size: 8
tcp_ping received 98304 bytes back
Round trip time was 0.4118 milliseconds in repetition 473
Message size: 8
tcp_ping received 98304 bytes back
Round trip time was 0.4531 milliseconds in repetition 474
Message size: 8
tcp_ping received 98304 bytes back
Round trip time was 0.4137 milliseconds in repetition 475
Message size: 8
tcp_ping received 98304 bytes back
Round trip time was 0.4062 milliseconds in repetition 476
Message size: 8
tcp_ping received 98304 bytes back
Round trip time was 0.412 milliseconds in repetition 477
Message size: 8
tcp_ping received 98304 bytes back
Round trip time was 0.4809 milliseconds in repetition 478
Message size: 8
tcp_ping received 98304 bytes back
Round trip time was 0.4156 milliseconds in repetition 479
Message size: 8
tcp_ping received 98304 bytes back
Round trip time was 0.4134 milliseconds in repetition 480
Message size: 8
tcp_ping received 98304 bytes back
Round trip time was 0.4553 milliseconds in repetition 481
Message size: 8
tcp_ping received 98304 bytes back
Round trip time was 0.4278 milliseconds in repetition 482
Message size: 8
tcp_ping received 98304 bytes back
Round trip time was 0.6208 milliseconds in repetition 483
Message size: 8
tcp_ping received 98304 bytes back
Round trip time was 0.4516 milliseconds in repetition 484
Message size: 8
tcp_ping received 98304 bytes back
Round trip time was 0.665 milliseconds in repetition 485
Message size: 8
tcp_ping received 98304 bytes back
Round trip time was 0.4567 milliseconds in repetition 486
Message size: 8
tcp_ping received 98304 bytes back
Round trip time was 0.4277 milliseconds in repetition 487
Message size: 8
tcp_ping received 98304 bytes back
Round trip time was 0.6551 milliseconds in repetition 488
Message size: 8
tcp_ping received 98304 bytes back
Round trip time was 0.6114 milliseconds in repetition 489
Message size: 8
tcp_ping received 98304 bytes back
Round trip time was 0.4696 milliseconds in repetition 490
Message size: 8
tcp_ping received 98304 bytes back
Round trip time was 0.4477 milliseconds in repetition 491
Message size: 8
tcp_ping received 98304 bytes back
Round trip time was 0.4489 milliseconds in repetition 492
Message size: 8
tcp_ping received 98304 bytes back
Round trip time was 0.4363 milliseconds in repetition 493
Message size: 8
tcp_ping received 98304 bytes back
Round trip time was 0.4534 milliseconds in repetition 494
Message size: 8
tcp_ping received 98304 bytes back
Round trip time was 0.4349 milliseconds in repetition 495
Message size: 8
tcp_ping received 98304 bytes back
Round trip time was 0.4367 milliseconds in repetition 496
Message size: 8
tcp_ping received 98304 bytes back
Round trip time was 0.4312 milliseconds in repetition 497
Message size: 8
tcp_ping received 98304 bytes back
Round trip time was 0.4384 milliseconds in repetition 498
Message size: 8
tcp_ping received 98304 bytes back
Round trip time was 0.4544 milliseconds in repetition 499
Message size: 8
tcp_ping received 98304 bytes back
Round trip time was 0.4862 milliseconds in repetition 500
Message size: 8
tcp_ping received 98304 bytes back
Round trip time was 0.432 milliseconds in repetition 501

 ... clock resolution was 1e-06
TCP Ping:  Statistics over 501 repetitions of 98304 byte messages

RTT : percentile 10: 0.3605, median: 0.4257, percentile 90: 0.5054, average: 0.437897, variance: 0.0062996

RTT histogram:
0.321199 10
0.358815 80
0.39643 116
0.434045 138
0.47166 94
0.509275 25
0.54689 18
0.584505 5
0.62212 4
0.659735 3
0.69735 2
0.734965 0
0.77258 2
0.810195 0
0.84781 1
0.885425 0
0.92304 1
0.960655 0
0.99827 0
1.03589 0
1.0735 2

   median Throughput : 461846 KB/s   overall Throughput : 448982 KB/s

