TCP Ping trying to connect to server localhost (127.0.0.1) on port 1491
Connected with the server
 ... connected to Pong server: asking for 501 repetitions of 262144 bytes TCP messages
 ... Pong server agreed :-)
Message size: 8
tcp_ping received 262144 bytes back
Round trip time was 1.034 milliseconds in repetition 1
Message size: 8
tcp_ping received 262144 bytes back
Round trip time was 1.1312 milliseconds in repetition 2
Message size: 8
tcp_ping received 262144 bytes back
Round trip time was 1.2118 milliseconds in repetition 3
Message size: 8
tcp_ping received 262144 bytes back
Round trip time was 1.6298 milliseconds in repetition 4
Message size: 8
tcp_ping received 262144 bytes back
Round trip time was 1.105 milliseconds in repetition 5
Message size: 8
tcp_ping received 262144 bytes back
Round trip time was 1.0655 milliseconds in repetition 6
Message size: 8
tcp_ping received 262144 bytes back
Round trip time was 1.2836 milliseconds in repetition 7
Message size: 8
tcp_ping received 262144 bytes back
Round trip time was 1.0814 milliseconds in repetition 8
Message size: 8
tcp_ping received 262144 bytes back
Round trip time was 1.0176 milliseconds in repetition 9
Message size: 8
tcp_ping received 262144 bytes back
Round trip time was 0.9258 milliseconds in repetition 10
Message size: 8
tcp_ping received 262144 bytes back
Round trip time was 0.9604 milliseconds in repetition 11
Message size: 8
tcp_ping received 262144 bytes back
Round trip time was 0.9473 milliseconds in repetition 12
Message size: 8
tcp_ping received 262144 bytes back
Round trip time was 1.0008 milliseconds in repetition 13
Message size: 8
tcp_ping received 262144 bytes back
Round trip time was 1.6391 milliseconds in repetition 14
Message size: 8
tcp_ping received 262144 bytes back
Round trip time was 1.2092 milliseconds in repetition 15
Message size: 8
tcp_ping received 262144 bytes back
Round trip time was 1.1711 milliseconds in repetition 16
Message size: 8
tcp_ping received 262144 bytes back
Round trip time was 0.9857 milliseconds in repetition 17
Message size: 8
tcp_ping received 262144 bytes back
Round trip time was 1.0111 milliseconds in repetition 18
Message size: 8
tcp_ping received 262144 bytes back
Round trip time was 1.0133 milliseconds in repetition 19
Message size: 8
tcp_ping received 262144 bytes back
Round trip time was 1.0895 milliseconds in repetition 20
Message size: 8
tcp_ping received 262144 bytes back
Round trip time was 1.0131 milliseconds in repetition 21
Message size: 8
tcp_ping received 262144 bytes back
Round trip time was 1.0328 milliseconds in repetition 22
Message size: 8
tcp_ping received 262144 bytes back
Round trip time was 1.131 milliseconds in repetition 23
Message size: 8
tcp_ping received 262144 bytes back
Round trip time was 1.023 milliseconds in repetition 24
Message size: 8
tcp_ping received 262144 bytes back
Round trip time was 1.1896 milliseconds in repetition 25
Message size: 8
tcp_ping received 262144 bytes back
Round trip time was 1.2167 milliseconds in repetition 26
Message size: 8
tcp_ping received 262144 bytes back
Round trip time was 1.2371 milliseconds in repetition 27
Message size: 8
tcp_ping received 262144 bytes back
Round trip time was 1.247 milliseconds in repetition 28
Message size: 8
tcp_ping received 262144 bytes back
Round trip time was 1.1107 milliseconds in repetition 29
Message size: 8
tcp_ping received 262144 bytes back
Round trip time was 1.7997 milliseconds in repetition 30
Message size: 8
tcp_ping received 262144 bytes back
Round trip time was 1.2934 milliseconds in repetition 31
Message size: 8
tcp_ping received 262144 bytes back
Round trip time was 1.244 milliseconds in repetition 32
Message size: 8
tcp_ping received 262144 bytes back
Round trip time was 1.1127 milliseconds in repetition 33
Message size: 8
tcp_ping received 262144 bytes back
Round trip time was 0.9864 milliseconds in repetition 34
Message size: 8
tcp_ping received 262144 bytes back
Round trip time was 1.0465 milliseconds in repetition 35
Message size: 8
tcp_ping received 262144 bytes back
Round trip time was 1.0286 milliseconds in repetition 36
Message size: 8
tcp_ping received 262144 bytes back
Round trip time was 1.1929 milliseconds in repetition 37
Message size: 8
tcp_ping received 262144 bytes back
Round trip time was 1.1926 milliseconds in repetition 38
Message size: 8
tcp_ping received 262144 bytes back
Round trip time was 1.2779 milliseconds in repetition 39
Message size: 8
tcp_ping received 262144 bytes back
Round trip time was 1.1476 milliseconds in repetition 40
Message size: 8
tcp_ping received 262144 bytes back
Round trip time was 1.0904 milliseconds in repetition 41
Message size: 8
tcp_ping received 262144 bytes back
Round trip time was 1.0997 milliseconds in repetition 42
Message size: 8
tcp_ping received 262144 bytes back
Round trip time was 1.0563 milliseconds in repetition 43
Message size: 8
tcp_ping received 262144 bytes back
Round trip time was 1.0952 milliseconds in repetition 44
Message size: 8
tcp_ping received 262144 bytes back
Round trip time was 1.128 milliseconds in repetition 45
Message size: 8
tcp_ping received 262144 bytes back
Round trip time was 1.0899 milliseconds in repetition 46
Message size: 8
tcp_ping received 262144 bytes back
Round trip time was 1.0168 milliseconds in repetition 47
Message size: 8
tcp_ping received 262144 bytes back
Round trip time was 0.98 milliseconds in repetition 48
Message size: 8
tcp_ping received 262144 bytes back
Round trip time was 1.0308 milliseconds in repetition 49
Message size: 8
tcp_ping received 262144 bytes back
Round trip time was 1.0153 milliseconds in repetition 50
Message size: 8
tcp_ping received 262144 bytes back
Round trip time was 1.0326 milliseconds in repetition 51
Message size: 8
tcp_ping received 262144 bytes back
Round trip time was 1.1128 milliseconds in repetition 52
Message size: 8
tcp_ping received 262144 bytes back
Round trip time was 1.0553 milliseconds in repetition 53
Message size: 8
tcp_ping received 262144 bytes back
Round trip time was 1.095 milliseconds in repetition 54
Message size: 8
tcp_ping received 262144 bytes back
Round trip time was 1.1356 milliseconds in repetition 55
Message size: 8
tcp_ping received 262144 bytes back
Round trip time was 0.9738 milliseconds in repetition 56
Message size: 8
tcp_ping received 262144 bytes back
Round trip time was 0.9656 milliseconds in repetition 57
Message size: 8
tcp_ping received 262144 bytes back
Round trip time was 0.9838 milliseconds in repetition 58
Message size: 8
tcp_ping received 262144 bytes back
Round trip time was 0.9267 milliseconds in repetition 59
Message size: 8
tcp_ping received 262144 bytes back
Round trip time was 0.9356 milliseconds in repetition 60
Message size: 8
tcp_ping received 262144 bytes back
Round trip time was 1.0491 milliseconds in repetition 61
Message size: 8
tcp_ping received 262144 bytes back
Round trip time was 1.0076 milliseconds in repetition 62
Message size: 8
tcp_ping received 262144 bytes back
Round trip time was 0.9862 milliseconds in repetition 63
Message size: 8
tcp_ping received 262144 bytes back
Round trip time was 1.0179 milliseconds in repetition 64
Message size: 8
tcp_ping received 262144 bytes back
Round trip time was 1.7248 milliseconds in repetition 65
Message size: 8
tcp_ping received 262144 bytes back
Round trip time was 1.3511 milliseconds in repetition 66
Message size: 8
tcp_ping received 262144 bytes back
Round trip time was 1.1942 milliseconds in repetition 67
Message size: 8
tcp_ping received 262144 bytes back
Round trip time was 1.1212 milliseconds in repetition 68
Message size: 8
tcp_ping received 262144 bytes back
Round trip time was 1.203 milliseconds in repetition 69
Message size: 8
tcp_ping received 262144 bytes back
Round trip time was 1.1022 milliseconds in repetition 70
Message size: 8
tcp_ping received 262144 bytes back
Round trip time was 1.2796 milliseconds in repetition 71
Message size: 8
tcp_ping received 262144 bytes back
Round trip time was 1.0903 milliseconds in repetition 72
Message size: 8
tcp_ping received 262144 bytes back
Round trip time was 0.9812 milliseconds in repetition 73
Message size: 8
tcp_ping received 262144 bytes back
Round trip time was 1.5996 milliseconds in repetition 74
Message size: 8
tcp_ping received 262144 bytes back
Round trip time was 1.0889 milliseconds in repetition 75
Message size: 8
tcp_ping received 262144 bytes back
Round trip time was 1.3355 milliseconds in repetition 76
Message size: 8
tcp_ping received 262144 bytes back
Round trip time was 1.6018 milliseconds in repetition 77
Message size: 8
tcp_ping received 262144 bytes back
Round trip time was 1.0039 milliseconds in repetition 78
Message size: 8
tcp_ping received 262144 bytes back
Round trip time was 0.989 milliseconds in repetition 79
Message size: 8
tcp_ping received 262144 bytes back
Round trip time was 0.9572 milliseconds in repetition 80
Message size: 8
tcp_ping received 262144 bytes back
Round trip time was 0.921 milliseconds in repetition 81
Message size: 8
tcp_ping received 262144 bytes back
Round trip time was 1.0488 milliseconds in repetition 82
Message size: 8
tcp_ping received 262144 bytes back
Round trip time was 0.9322 milliseconds in repetition 83
Message size: 8
tcp_ping received 262144 bytes back
Round trip time was 0.9917 milliseconds in repetition 84
Message size: 8
tcp_ping received 262144 bytes back
Round trip time was 0.9717 milliseconds in repetition 85
Message size: 8
tcp_ping received 262144 bytes back
Round trip time was 0.9649 milliseconds in repetition 86
Message size: 8
tcp_ping received 262144 bytes back
Round trip time was 0.9796 milliseconds in repetition 87
Message size: 8
tcp_ping received 262144 bytes back
Round trip time was 1.0022 milliseconds in repetition 88
Message size: 8
tcp_ping received 262144 bytes back
Round trip time was 1.0273 milliseconds in repetition 89
Message size: 8
tcp_ping received 262144 bytes back
Round trip time was 1.0965 milliseconds in repetition 90
Message size: 8
tcp_ping received 262144 bytes back
Round trip time was 1.1019 milliseconds in repetition 91
Message size: 8
tcp_ping received 262144 bytes back
Round trip time was 0.9745 milliseconds in repetition 92
Message size: 8
tcp_ping received 262144 bytes back
Round trip time was 0.9066 milliseconds in repetition 93
Message size: 8
tcp_ping received 262144 bytes back
Round trip time was 1.0271 milliseconds in repetition 94
Message size: 8
tcp_ping received 262144 bytes back
Round trip time was 0.9404 milliseconds in repetition 95
Message size: 8
tcp_ping received 262144 bytes back
Round trip time was 0.9924 milliseconds in repetition 96
Message size: 8
tcp_ping received 262144 bytes back
Round trip time was 1.0894 milliseconds in repetition 97
Message size: 8
tcp_ping received 262144 bytes back
Round trip time was 0.909 milliseconds in repetition 98
Message size: 8
tcp_ping received 262144 bytes back
Round trip time was 0.9599 milliseconds in repetition 99
Message size: 8
tcp_ping received 262144 bytes back
Round trip time was 1.1052 milliseconds in repetition 100
Message size: 8
tcp_ping received 262144 bytes back
Round trip time was 0.9227 milliseconds in repetition 101
Message size: 8
tcp_ping received 262144 bytes back
Round trip time was 0.9903 milliseconds in repetition 102
Message size: 8
tcp_ping received 262144 bytes back
Round trip time was 1.0954 milliseconds in repetition 103
Message size: 8
tcp_ping received 262144 bytes back
Round trip time was 1.0307 milliseconds in repetition 104
Message size: 8
tcp_ping received 262144 bytes back
Round trip time was 1.4197 milliseconds in repetition 105
Message size: 8
tcp_ping received 262144 bytes back
Round trip time was 0.9856 milliseconds in repetition 106
Message size: 8
tcp_ping received 262144 bytes back
Round trip time was 0.984 milliseconds in repetition 107
Message size: 8
tcp_ping received 262144 bytes back
Round trip time was 1.1229 milliseconds in repetition 108
Message size: 8
tcp_ping received 262144 bytes back
Round trip time was 1.04 milliseconds in repetition 109
Message size: 8
tcp_ping received 262144 bytes back
Round trip time was 1.1571 milliseconds in repetition 110
Message size: 8
tcp_ping received 262144 bytes back
Round trip time was 1.2613 milliseconds in repetition 111
Message size: 8
tcp_ping received 262144 bytes back
Round trip time was 1.5411 milliseconds in repetition 112
Message size: 8
tcp_ping received 262144 bytes back
Round trip time was 1.263 milliseconds in repetition 113
Message size: 8
tcp_ping received 262144 bytes back
Round trip time was 1.2168 milliseconds in repetition 114
Message size: 8
tcp_ping received 262144 bytes back
Round trip time was 1.1094 milliseconds in repetition 115
Message size: 8
tcp_ping received 262144 bytes back
Round trip time was 1.1822 milliseconds in repetition 116
Message size: 8
tcp_ping received 262144 bytes back
Round trip time was 1.2451 milliseconds in repetition 117
Message size: 8
tcp_ping received 262144 bytes back
Round trip time was 1.2666 milliseconds in repetition 118
Message size: 8
tcp_ping received 262144 bytes back
Round trip time was 1.1236 milliseconds in repetition 119
Message size: 8
tcp_ping received 262144 bytes back
Round trip time was 1.4053 milliseconds in repetition 120
Message size: 8
tcp_ping received 262144 bytes back
Round trip time was 1.1481 milliseconds in repetition 121
Message size: 8
tcp_ping received 262144 bytes back
Round trip time was 1.2958 milliseconds in repetition 122
Message size: 8
tcp_ping received 262144 bytes back
Round trip time was 1.4597 milliseconds in repetition 123
Message size: 8
tcp_ping received 262144 bytes back
Round trip time was 1.1226 milliseconds in repetition 124
Message size: 8
tcp_ping received 262144 bytes back
Round trip time was 1.0132 milliseconds in repetition 125
Message size: 8
tcp_ping received 262144 bytes back
Round trip time was 1.2613 milliseconds in repetition 126
Message size: 8
tcp_ping received 262144 bytes back
Round trip time was 1.2271 milliseconds in repetition 127
Message size: 8
tcp_ping received 262144 bytes back
Round trip time was 1.3339 milliseconds in repetition 128
Message size: 8
tcp_ping received 262144 bytes back
Round trip time was 1.4339 milliseconds in repetition 129
Message size: 8
tcp_ping received 262144 bytes back
Round trip time was 1.0734 milliseconds in repetition 130
Message size: 8
tcp_ping received 262144 bytes back
Round trip time was 1.1202 milliseconds in repetition 131
Message size: 8
tcp_ping received 262144 bytes back
Round trip time was 0.9914 milliseconds in repetition 132
Message size: 8
tcp_ping received 262144 bytes back
Round trip time was 1.1646 milliseconds in repetition 133
Message size: 8
tcp_ping received 262144 bytes back
Round trip time was 1.6197 milliseconds in repetition 134
Message size: 8
tcp_ping received 262144 bytes back
Round trip time was 2.0982 milliseconds in repetition 135
Message size: 8
tcp_ping received 262144 bytes back
Round trip time was 1.5836 milliseconds in repetition 136
Message size: 8
tcp_ping received 262144 bytes back
Round trip time was 1.4604 milliseconds in repetition 137
Message size: 8
tcp_ping received 262144 bytes back
Round trip time was 1.3319 milliseconds in repetition 138
Message size: 8
tcp_ping received 262144 bytes back
Round trip time was 1.1181 milliseconds in repetition 139
Message size: 8
tcp_ping received 262144 bytes back
Round trip time was 1.3452 milliseconds in repetition 140
Message size: 8
tcp_ping received 262144 bytes back
Round trip time was 1.6647 milliseconds in repetition 141
Message size: 8
tcp_ping received 262144 bytes back
Round trip time was 1.1241 milliseconds in repetition 142
Message size: 8
tcp_ping received 262144 bytes back
Round trip time was 1.1985 milliseconds in repetition 143
Message size: 8
tcp_ping received 262144 bytes back
Round trip time was 1.2231 milliseconds in repetition 144
Message size: 8
tcp_ping received 262144 bytes back
Round trip time was 1.9175 milliseconds in repetition 145
Message size: 8
tcp_ping received 262144 bytes back
Round trip time was 1.2378 milliseconds in repetition 146
Message size: 8
tcp_ping received 262144 bytes back
Round trip time was 1.4103 milliseconds in repetition 147
Message size: 8
tcp_ping received 262144 bytes back
Round trip time was 1.5676 milliseconds in repetition 148
Message size: 8
tcp_ping received 262144 bytes back
Round trip time was 1.1546 milliseconds in repetition 149
Message size: 8
tcp_ping received 262144 bytes back
Round trip time was 1.0924 milliseconds in repetition 150
Message size: 8
tcp_ping received 262144 bytes back
Round trip time was 1.3732 milliseconds in repetition 151
Message size: 8
tcp_ping received 262144 bytes back
Round trip time was 1.4245 milliseconds in repetition 152
Message size: 8
tcp_ping received 262144 bytes back
Round trip time was 1.3007 milliseconds in repetition 153
Message size: 8
tcp_ping received 262144 bytes back
Round trip time was 1.2022 milliseconds in repetition 154
Message size: 8
tcp_ping received 262144 bytes back
Round trip time was 1.1766 milliseconds in repetition 155
Message size: 8
tcp_ping received 262144 bytes back
Round trip time was 1.1862 milliseconds in repetition 156
Message size: 8
tcp_ping received 262144 bytes back
Round trip time was 1.2857 milliseconds in repetition 157
Message size: 8
tcp_ping received 262144 bytes back
Round trip time was 1.1938 milliseconds in repetition 158
Message size: 8
tcp_ping received 262144 bytes back
Round trip time was 1.5244 milliseconds in repetition 159
Message size: 8
tcp_ping received 262144 bytes back
Round trip time was 1.2395 milliseconds in repetition 160
Message size: 8
tcp_ping received 262144 bytes back
Round trip time was 1.1631 milliseconds in repetition 161
Message size: 8
tcp_ping received 262144 bytes back
Round trip time was 1.0754 milliseconds in repetition 162
Message size: 8
tcp_ping received 262144 bytes back
Round trip time was 1.3161 milliseconds in repetition 163
Message size: 8
tcp_ping received 262144 bytes back
Round trip time was 1.1303 milliseconds in repetition 164
Message size: 8
tcp_ping received 262144 bytes back
Round trip time was 1.8388 milliseconds in repetition 165
Message size: 8
tcp_ping received 262144 bytes back
Round trip time was 1.5622 milliseconds in repetition 166
Message size: 8
tcp_ping received 262144 bytes back
Round trip time was 1.1378 milliseconds in repetition 167
Message size: 8
tcp_ping received 262144 bytes back
Round trip time was 1.1175 milliseconds in repetition 168
Message size: 8
tcp_ping received 262144 bytes back
Round trip time was 1.1684 milliseconds in repetition 169
Message size: 8
tcp_ping received 262144 bytes back
Round trip time was 1.1209 milliseconds in repetition 170
Message size: 8
tcp_ping received 262144 bytes back
Round trip time was 1.0677 milliseconds in repetition 171
Message size: 8
tcp_ping received 262144 bytes back
Round trip time was 1.0167 milliseconds in repetition 172
Message size: 8
tcp_ping received 262144 bytes back
Round trip time was 1.8699 milliseconds in repetition 173
Message size: 8
tcp_ping received 262144 bytes back
Round trip time was 1.4746 milliseconds in repetition 174
Message size: 8
tcp_ping received 262144 bytes back
Round trip time was 1.1226 milliseconds in repetition 175
Message size: 8
tcp_ping received 262144 bytes back
Round trip time was 1.1045 milliseconds in repetition 176
Message size: 8
tcp_ping received 262144 bytes back
Round trip time was 1.1295 milliseconds in repetition 177
Message size: 8
tcp_ping received 262144 bytes back
Round trip time was 1.0612 milliseconds in repetition 178
Message size: 8
tcp_ping received 262144 bytes back
Round trip time was 1.0961 milliseconds in repetition 179
Message size: 8
tcp_ping received 262144 bytes back
Round trip time was 1.1535 milliseconds in repetition 180
Message size: 8
tcp_ping received 262144 bytes back
Round trip time was 1.3186 milliseconds in repetition 181
Message size: 8
tcp_ping received 262144 bytes back
Round trip time was 1.432 milliseconds in repetition 182
Message size: 8
tcp_ping received 262144 bytes back
Round trip time was 1.1508 milliseconds in repetition 183
Message size: 8
tcp_ping received 262144 bytes back
Round trip time was 1.1315 milliseconds in repetition 184
Message size: 8
tcp_ping received 262144 bytes back
Round trip time was 1.2797 milliseconds in repetition 185
Message size: 8
tcp_ping received 262144 bytes back
Round trip time was 1.1883 milliseconds in repetition 186
Message size: 8
tcp_ping received 262144 bytes back
Round trip time was 1.1563 milliseconds in repetition 187
Message size: 8
tcp_ping received 262144 bytes back
Round trip time was 1.3579 milliseconds in repetition 188
Message size: 8
tcp_ping received 262144 bytes back
Round trip time was 1.1625 milliseconds in repetition 189
Message size: 8
tcp_ping received 262144 bytes back
Round trip time was 1.2863 milliseconds in repetition 190
Message size: 8
tcp_ping received 262144 bytes back
Round trip time was 1.2152 milliseconds in repetition 191
Message size: 8
tcp_ping received 262144 bytes back
Round trip time was 1.109 milliseconds in repetition 192
Message size: 8
tcp_ping received 262144 bytes back
Round trip time was 1.1401 milliseconds in repetition 193
Message size: 8
tcp_ping received 262144 bytes back
Round trip time was 1.1903 milliseconds in repetition 194
Message size: 8
tcp_ping received 262144 bytes back
Round trip time was 1.3907 milliseconds in repetition 195
Message size: 8
tcp_ping received 262144 bytes back
Round trip time was 1.1782 milliseconds in repetition 196
Message size: 8
tcp_ping received 262144 bytes back
Round trip time was 1.1794 milliseconds in repetition 197
Message size: 8
tcp_ping received 262144 bytes back
Round trip time was 1.1884 milliseconds in repetition 198
Message size: 8
tcp_ping received 262144 bytes back
Round trip time was 1.2963 milliseconds in repetition 199
Message size: 8
tcp_ping received 262144 bytes back
Round trip time was 1.5021 milliseconds in repetition 200
Message size: 8
tcp_ping received 262144 bytes back
Round trip time was 1.668 milliseconds in repetition 201
Message size: 8
tcp_ping received 262144 bytes back
Round trip time was 1.8689 milliseconds in repetition 202
Message size: 8
tcp_ping received 262144 bytes back
Round trip time was 1.3554 milliseconds in repetition 203
Message size: 8
tcp_ping received 262144 bytes back
Round trip time was 1.7748 milliseconds in repetition 204
Message size: 8
tcp_ping received 262144 bytes back
Round trip time was 1.2015 milliseconds in repetition 205
Message size: 8
tcp_ping received 262144 bytes back
Round trip time was 1.0684 milliseconds in repetition 206
Message size: 8
tcp_ping received 262144 bytes back
Round trip time was 1.1379 milliseconds in repetition 207
Message size: 8
tcp_ping received 262144 bytes back
Round trip time was 1.0925 milliseconds in repetition 208
Message size: 8
tcp_ping received 262144 bytes back
Round trip time was 1.0637 milliseconds in repetition 209
Message size: 8
tcp_ping received 262144 bytes back
Round trip time was 1.1631 milliseconds in repetition 210
Message size: 8
tcp_ping received 262144 bytes back
Round trip time was 1.2325 milliseconds in repetition 211
Message size: 8
tcp_ping received 262144 bytes back
Round trip time was 1.141 milliseconds in repetition 212
Message size: 8
tcp_ping received 262144 bytes back
Round trip time was 1.0542 milliseconds in repetition 213
Message size: 8
tcp_ping received 262144 bytes back
Round trip time was 1.045 milliseconds in repetition 214
Message size: 8
tcp_ping received 262144 bytes back
Round trip time was 1.2604 milliseconds in repetition 215
Message size: 8
tcp_ping received 262144 bytes back
Round trip time was 1.5241 milliseconds in repetition 216
Message size: 8
tcp_ping received 262144 bytes back
Round trip time was 1.6029 milliseconds in repetition 217
Message size: 8
tcp_ping received 262144 bytes back
Round trip time was 1.2717 milliseconds in repetition 218
Message size: 8
tcp_ping received 262144 bytes back
Round trip time was 1.4304 milliseconds in repetition 219
Message size: 8
tcp_ping received 262144 bytes back
Round trip time was 1.1931 milliseconds in repetition 220
Message size: 8
tcp_ping received 262144 bytes back
Round trip time was 1.1697 milliseconds in repetition 221
Message size: 8
tcp_ping received 262144 bytes back
Round trip time was 1.7801 milliseconds in repetition 222
Message size: 8
tcp_ping received 262144 bytes back
Round trip time was 1.1092 milliseconds in repetition 223
Message size: 8
tcp_ping received 262144 bytes back
Round trip time was 1.2371 milliseconds in repetition 224
Message size: 8
tcp_ping received 262144 bytes back
Round trip time was 1.3689 milliseconds in repetition 225
Message size: 8
tcp_ping received 262144 bytes back
Round trip time was 1.5631 milliseconds in repetition 226
Message size: 8
tcp_ping received 262144 bytes back
Round trip time was 1.7565 milliseconds in repetition 227
Message size: 8
tcp_ping received 262144 bytes back
Round trip time was 1.6805 milliseconds in repetition 228
Message size: 8
tcp_ping received 262144 bytes back
Round trip time was 1.0433 milliseconds in repetition 229
Message size: 8
tcp_ping received 262144 bytes back
Round trip time was 1.1222 milliseconds in repetition 230
Message size: 8
tcp_ping received 262144 bytes back
Round trip time was 1.3068 milliseconds in repetition 231
Message size: 8
tcp_ping received 262144 bytes back
Round trip time was 1.1972 milliseconds in repetition 232
Message size: 8
tcp_ping received 262144 bytes back
Round trip time was 1.1292 milliseconds in repetition 233
Message size: 8
tcp_ping received 262144 bytes back
Round trip time was 1.1068 milliseconds in repetition 234
Message size: 8
tcp_ping received 262144 bytes back
Round trip time was 1.0632 milliseconds in repetition 235
Message size: 8
tcp_ping received 262144 bytes back
Round trip time was 1.0769 milliseconds in repetition 236
Message size: 8
tcp_ping received 262144 bytes back
Round trip time was 1.0439 milliseconds in repetition 237
Message size: 8
tcp_ping received 262144 bytes back
Round trip time was 1.0581 milliseconds in repetition 238
Message size: 8
tcp_ping received 262144 bytes back
Round trip time was 1.3169 milliseconds in repetition 239
Message size: 8
tcp_ping received 262144 bytes back
Round trip time was 1.1459 milliseconds in repetition 240
Message size: 8
tcp_ping received 262144 bytes back
Round trip time was 1.034 milliseconds in repetition 241
Message size: 8
tcp_ping received 262144 bytes back
Round trip time was 0.9891 milliseconds in repetition 242
Message size: 8
tcp_ping received 262144 bytes back
Round trip time was 0.9302 milliseconds in repetition 243
Message size: 8
tcp_ping received 262144 bytes back
Round trip time was 0.8766 milliseconds in repetition 244
Message size: 8
tcp_ping received 262144 bytes back
Round trip time was 0.9152 milliseconds in repetition 245
Message size: 8
tcp_ping received 262144 bytes back
Round trip time was 0.8738 milliseconds in repetition 246
Message size: 8
tcp_ping received 262144 bytes back
Round trip time was 0.8936 milliseconds in repetition 247
Message size: 8
tcp_ping received 262144 bytes back
Round trip time was 0.8849 milliseconds in repetition 248
Message size: 8
tcp_ping received 262144 bytes back
Round trip time was 0.977 milliseconds in repetition 249
Message size: 8
tcp_ping received 262144 bytes back
Round trip time was 0.9567 milliseconds in repetition 250
Message size: 8
tcp_ping received 262144 bytes back
Round trip time was 0.9354 milliseconds in repetition 251
Message size: 8
tcp_ping received 262144 bytes back
Round trip time was 0.9611 milliseconds in repetition 252
Message size: 8
tcp_ping received 262144 bytes back
Round trip time was 0.9315 milliseconds in repetition 253
Message size: 8
tcp_ping received 262144 bytes back
Round trip time was 1.1664 milliseconds in repetition 254
Message size: 8
tcp_ping received 262144 bytes back
Round trip time was 0.9793 milliseconds in repetition 255
Message size: 8
tcp_ping received 262144 bytes back
Round trip time was 0.8806 milliseconds in repetition 256
Message size: 8
tcp_ping received 262144 bytes back
Round trip time was 0.8997 milliseconds in repetition 257
Message size: 8
tcp_ping received 262144 bytes back
Round trip time was 0.9953 milliseconds in repetition 258
Message size: 8
tcp_ping received 262144 bytes back
Round trip time was 0.9358 milliseconds in repetition 259
Message size: 8
tcp_ping received 262144 bytes back
Round trip time was 0.926 milliseconds in repetition 260
Message size: 8
tcp_ping received 262144 bytes back
Round trip time was 0.8787 milliseconds in repetition 261
Message size: 8
tcp_ping received 262144 bytes back
Round trip time was 0.873 milliseconds in repetition 262
Message size: 8
tcp_ping received 262144 bytes back
Round trip time was 0.876 milliseconds in repetition 263
Message size: 8
tcp_ping received 262144 bytes back
Round trip time was 0.89 milliseconds in repetition 264
Message size: 8
tcp_ping received 262144 bytes back
Round trip time was 0.9114 milliseconds in repetition 265
Message size: 8
tcp_ping received 262144 bytes back
Round trip time was 0.8979 milliseconds in repetition 266
Message size: 8
tcp_ping received 262144 bytes back
Round trip time was 0.891 milliseconds in repetition 267
Message size: 8
tcp_ping received 262144 bytes back
Round trip time was 0.9464 milliseconds in repetition 268
Message size: 8
tcp_ping received 262144 bytes back
Round trip time was 0.9861 milliseconds in repetition 269
Message size: 8
tcp_ping received 262144 bytes back
Round trip time was 1.3623 milliseconds in repetition 270
Message size: 8
tcp_ping received 262144 bytes back
Round trip time was 0.9997 milliseconds in repetition 271
Message size: 8
tcp_ping received 262144 bytes back
Round trip time was 0.9217 milliseconds in repetition 272
Message size: 8
tcp_ping received 262144 bytes back
Round trip time was 0.8804 milliseconds in repetition 273
Message size: 8
tcp_ping received 262144 bytes back
Round trip time was 0.8863 milliseconds in repetition 274
Message size: 8
tcp_ping received 262144 bytes back
Round trip time was 0.9274 milliseconds in repetition 275
Message size: 8
tcp_ping received 262144 bytes back
Round trip time was 0.8723 milliseconds in repetition 276
Message size: 8
tcp_ping received 262144 bytes back
Round trip time was 0.8723 milliseconds in repetition 277
Message size: 8
tcp_ping received 262144 bytes back
Round trip time was 0.8772 milliseconds in repetition 278
Message size: 8
tcp_ping received 262144 bytes back
Round trip time was 0.9529 milliseconds in repetition 279
Message size: 8
tcp_ping received 262144 bytes back
Round trip time was 0.9948 milliseconds in repetition 280
Message size: 8
tcp_ping received 262144 bytes back
Round trip time was 0.8796 milliseconds in repetition 281
Message size: 8
tcp_ping received 262144 bytes back
Round trip time was 0.8764 milliseconds in repetition 282
Message size: 8
tcp_ping received 262144 bytes back
Round trip time was 0.873701 milliseconds in repetition 283
Message size: 8
tcp_ping received 262144 bytes back
Round trip time was 0.8741 milliseconds in repetition 284
Message size: 8
tcp_ping received 262144 bytes back
Round trip time was 1.0911 milliseconds in repetition 285
Message size: 8
tcp_ping received 262144 bytes back
Round trip time was 0.959 milliseconds in repetition 286
Message size: 8
tcp_ping received 262144 bytes back
Round trip time was 0.8925 milliseconds in repetition 287
Message size: 8
tcp_ping received 262144 bytes back
Round trip time was 0.9671 milliseconds in repetition 288
Message size: 8
tcp_ping received 262144 bytes back
Round trip time was 1.04 milliseconds in repetition 289
Message size: 8
tcp_ping received 262144 bytes back
Round trip time was 0.9728 milliseconds in repetition 290
Message size: 8
tcp_ping received 262144 bytes back
Round trip time was 0.9038 milliseconds in repetition 291
Message size: 8
tcp_ping received 262144 bytes back
Round trip time was 0.8877 milliseconds in repetition 292
Message size: 8
tcp_ping received 262144 bytes back
Round trip time was 0.8733 milliseconds in repetition 293
Message size: 8
tcp_ping received 262144 bytes back
Round trip time was 1.0001 milliseconds in repetition 294
Message size: 8
tcp_ping received 262144 bytes back
Round trip time was 0.9937 milliseconds in repetition 295
Message size: 8
tcp_ping received 262144 bytes back
Round trip time was 0.9933 milliseconds in repetition 296
Message size: 8
tcp_ping received 262144 bytes back
Round trip time was 0.9349 milliseconds in repetition 297
Message size: 8
tcp_ping received 262144 bytes back
Round trip time was 0.9961 milliseconds in repetition 298
Message size: 8
tcp_ping received 262144 bytes back
Round trip time was 1.0425 milliseconds in repetition 299
Message size: 8
tcp_ping received 262144 bytes back
Round trip time was 0.9939 milliseconds in repetition 300
Message size: 8
tcp_ping received 262144 bytes back
Round trip time was 0.9065 milliseconds in repetition 301
Message size: 8
tcp_ping received 262144 bytes back
Round trip time was 0.9198 milliseconds in repetition 302
Message size: 8
tcp_ping received 262144 bytes back
Round trip time was 1.0245 milliseconds in repetition 303
Message size: 8
tcp_ping received 262144 bytes back
Round trip time was 1.2157 milliseconds in repetition 304
Message size: 8
tcp_ping received 262144 bytes back
Round trip time was 2.1317 milliseconds in repetition 305
Message size: 8
tcp_ping received 262144 bytes back
Round trip time was 1.6462 milliseconds in repetition 306
Message size: 8
tcp_ping received 262144 bytes back
Round trip time was 0.9342 milliseconds in repetition 307
Message size: 8
tcp_ping received 262144 bytes back
Round trip time was 1.0687 milliseconds in repetition 308
Message size: 8
tcp_ping received 262144 bytes back
Round trip time was 0.9502 milliseconds in repetition 309
Message size: 8
tcp_ping received 262144 bytes back
Round trip time was 0.9602 milliseconds in repetition 310
Message size: 8
tcp_ping received 262144 bytes back
Round trip time was 1.3084 milliseconds in repetition 311
Message size: 8
tcp_ping received 262144 bytes back
Round trip time was 1.0318 milliseconds in repetition 312
Message size: 8
tcp_ping received 262144 bytes back
Round trip time was 1.079 milliseconds in repetition 313
Message size: 8
tcp_ping received 262144 bytes back
Round trip time was 1.7129 milliseconds in repetition 314
Message size: 8
tcp_ping received 262144 bytes back
Round trip time was 1.8653 milliseconds in repetition 315
Message size: 8
tcp_ping received 262144 bytes back
Round trip time was 1.0318 milliseconds in repetition 316
Message size: 8
tcp_ping received 262144 bytes back
Round trip time was 1.115 milliseconds in repetition 317
Message size: 8
tcp_ping received 262144 bytes back
Round trip time was 1.2082 milliseconds in repetition 318
Message size: 8
tcp_ping received 262144 bytes back
Round trip time was 0.9858 milliseconds in repetition 319
Message size: 8
tcp_ping received 262144 bytes back
Round trip time was 1.0382 milliseconds in repetition 320
Message size: 8
tcp_ping received 262144 bytes back
Round trip time was 0.9718 milliseconds in repetition 321
Message size: 8
tcp_ping received 262144 bytes back
Round trip time was 1.1049 milliseconds in repetition 322
Message size: 8
tcp_ping received 262144 bytes back
Round trip time was 0.9667 milliseconds in repetition 323
Message size: 8
tcp_ping received 262144 bytes back
Round trip time was 1.0414 milliseconds in repetition 324
Message size: 8
tcp_ping received 262144 bytes back
Round trip time was 0.9196 milliseconds in repetition 325
Message size: 8
tcp_ping received 262144 bytes back
Round trip time was 0.9084 milliseconds in repetition 326
Message size: 8
tcp_ping received 262144 bytes back
Round trip time was 0.9805 milliseconds in repetition 327
Message size: 8
tcp_ping received 262144 bytes back
Round trip time was 0.9102 milliseconds in repetition 328
Message size: 8
tcp_ping received 262144 bytes back
Round trip time was 0.8819 milliseconds in repetition 329
Message size: 8
tcp_ping received 262144 bytes back
Round trip time was 0.9091 milliseconds in repetition 330
Message size: 8
tcp_ping received 262144 bytes back
Round trip time was 0.9159 milliseconds in repetition 331
Message size: 8
tcp_ping received 262144 bytes back
Round trip time was 0.9482 milliseconds in repetition 332
Message size: 8
tcp_ping received 262144 bytes back
Round trip time was 0.931 milliseconds in repetition 333
Message size: 8
tcp_ping received 262144 bytes back
Round trip time was 1.0055 milliseconds in repetition 334
Message size: 8
tcp_ping received 262144 bytes back
Round trip time was 1.0939 milliseconds in repetition 335
Message size: 8
tcp_ping received 262144 bytes back
Round trip time was 1.0356 milliseconds in repetition 336
Message size: 8
tcp_ping received 262144 bytes back
Round trip time was 1.0945 milliseconds in repetition 337
Message size: 8
tcp_ping received 262144 bytes back
Round trip time was 1.0686 milliseconds in repetition 338
Message size: 8
tcp_ping received 262144 bytes back
Round trip time was 1.3831 milliseconds in repetition 339
Message size: 8
tcp_ping received 262144 bytes back
Round trip time was 1.1172 milliseconds in repetition 340
Message size: 8
tcp_ping received 262144 bytes back
Round trip time was 1.0141 milliseconds in repetition 341
Message size: 8
tcp_ping received 262144 bytes back
Round trip time was 1.0101 milliseconds in repetition 342
Message size: 8
tcp_ping received 262144 bytes back
Round trip time was 1.0744 milliseconds in repetition 343
Message size: 8
tcp_ping received 262144 bytes back
Round trip time was 0.986601 milliseconds in repetition 344
Message size: 8
tcp_ping received 262144 bytes back
Round trip time was 0.9672 milliseconds in repetition 345
Message size: 8
tcp_ping received 262144 bytes back
Round trip time was 0.9515 milliseconds in repetition 346
Message size: 8
tcp_ping received 262144 bytes back
Round trip time was 0.9529 milliseconds in repetition 347
Message size: 8
tcp_ping received 262144 bytes back
Round trip time was 0.9749 milliseconds in repetition 348
Message size: 8
tcp_ping received 262144 bytes back
Round trip time was 0.9441 milliseconds in repetition 349
Message size: 8
tcp_ping received 262144 bytes back
Round trip time was 0.9477 milliseconds in repetition 350
Message size: 8
tcp_ping received 262144 bytes back
Round trip time was 0.9519 milliseconds in repetition 351
Message size: 8
tcp_ping received 262144 bytes back
Round trip time was 0.9184 milliseconds in repetition 352
Message size: 8
tcp_ping received 262144 bytes back
Round trip time was 1.0053 milliseconds in repetition 353
Message size: 8
tcp_ping received 262144 bytes back
Round trip time was 1.1304 milliseconds in repetition 354
Message size: 8
tcp_ping received 262144 bytes back
Round trip time was 1.0039 milliseconds in repetition 355
Message size: 8
tcp_ping received 262144 bytes back
Round trip time was 0.8917 milliseconds in repetition 356
Message size: 8
tcp_ping received 262144 bytes back
Round trip time was 0.9231 milliseconds in repetition 357
Message size: 8
tcp_ping received 262144 bytes back
Round trip time was 0.985 milliseconds in repetition 358
Message size: 8
tcp_ping received 262144 bytes back
Round trip time was 0.9339 milliseconds in repetition 359
Message size: 8
tcp_ping received 262144 bytes back
Round trip time was 1.1144 milliseconds in repetition 360
Message size: 8
tcp_ping received 262144 bytes back
Round trip time was 0.9823 milliseconds in repetition 361
Message size: 8
tcp_ping received 262144 bytes back
Round trip time was 0.9104 milliseconds in repetition 362
Message size: 8
tcp_ping received 262144 bytes back
Round trip time was 0.9709 milliseconds in repetition 363
Message size: 8
tcp_ping received 262144 bytes back
Round trip time was 0.9646 milliseconds in repetition 364
Message size: 8
tcp_ping received 262144 bytes back
Round trip time was 0.8921 milliseconds in repetition 365
Message size: 8
tcp_ping received 262144 bytes back
Round trip time was 0.9231 milliseconds in repetition 366
Message size: 8
tcp_ping received 262144 bytes back
Round trip time was 0.9125 milliseconds in repetition 367
Message size: 8
tcp_ping received 262144 bytes back
Round trip time was 1.0912 milliseconds in repetition 368
Message size: 8
tcp_ping received 262144 bytes back
Round trip time was 1.3051 milliseconds in repetition 369
Message size: 8
tcp_ping received 262144 bytes back
Round trip time was 0.9796 milliseconds in repetition 370
Message size: 8
tcp_ping received 262144 bytes back
Round trip time was 0.8716 milliseconds in repetition 371
Message size: 8
tcp_ping received 262144 bytes back
Round trip time was 0.8583 milliseconds in repetition 372
Message size: 8
tcp_ping received 262144 bytes back
Round trip time was 0.9458 milliseconds in repetition 373
Message size: 8
tcp_ping received 262144 bytes back
Round trip time was 1.0441 milliseconds in repetition 374
Message size: 8
tcp_ping received 262144 bytes back
Round trip time was 0.9095 milliseconds in repetition 375
Message size: 8
tcp_ping received 262144 bytes back
Round trip time was 0.886 milliseconds in repetition 376
Message size: 8
tcp_ping received 262144 bytes back
Round trip time was 0.9694 milliseconds in repetition 377
Message size: 8
tcp_ping received 262144 bytes back
Round trip time was 0.9626 milliseconds in repetition 378
Message size: 8
tcp_ping received 262144 bytes back
Round trip time was 0.9744 milliseconds in repetition 379
Message size: 8
tcp_ping received 262144 bytes back
Round trip time was 1.0072 milliseconds in repetition 380
Message size: 8
tcp_ping received 262144 bytes back
Round trip time was 0.9643 milliseconds in repetition 381
Message size: 8
tcp_ping received 262144 bytes back
Round trip time was 1.0093 milliseconds in repetition 382
Message size: 8
tcp_ping received 262144 bytes back
Round trip time was 0.9521 milliseconds in repetition 383
Message size: 8
tcp_ping received 262144 bytes back
Round trip time was 0.9937 milliseconds in repetition 384
Message size: 8
tcp_ping received 262144 bytes back
Round trip time was 0.9545 milliseconds in repetition 385
Message size: 8
tcp_ping received 262144 bytes back
Round trip time was 0.9418 milliseconds in repetition 386
Message size: 8
tcp_ping received 262144 bytes back
Round trip time was 0.9418 milliseconds in repetition 387
Message size: 8
tcp_ping received 262144 bytes back
Round trip time was 0.9478 milliseconds in repetition 388
Message size: 8
tcp_ping received 262144 bytes back
Round trip time was 0.9251 milliseconds in repetition 389
Message size: 8
tcp_ping received 262144 bytes back
Round trip time was 0.9788 milliseconds in repetition 390
Message size: 8
tcp_ping received 262144 bytes back
Round trip time was 0.974 milliseconds in repetition 391
Message size: 8
tcp_ping received 262144 bytes back
Round trip time was 0.9335 milliseconds in repetition 392
Message size: 8
tcp_ping received 262144 bytes back
Round trip time was 0.9091 milliseconds in repetition 393
Message size: 8
tcp_ping received 262144 bytes back
Round trip time was 0.9659 milliseconds in repetition 394
Message size: 8
tcp_ping received 262144 bytes back
Round trip time was 0.9142 milliseconds in repetition 395
Message size: 8
tcp_ping received 262144 bytes back
Round trip time was 0.9976 milliseconds in repetition 396
Message size: 8
tcp_ping received 262144 bytes back
Round trip time was 1.0017 milliseconds in repetition 397
Message size: 8
tcp_ping received 262144 bytes back
Round trip time was 0.9586 milliseconds in repetition 398
Message size: 8
tcp_ping received 262144 bytes back
Round trip time was 0.9695 milliseconds in repetition 399
Message size: 8
tcp_ping received 262144 bytes back
Round trip time was 1.0542 milliseconds in repetition 400
Message size: 8
tcp_ping received 262144 bytes back
Round trip time was 1.0445 milliseconds in repetition 401
Message size: 8
tcp_ping received 262144 bytes back
Round trip time was 0.8635 milliseconds in repetition 402
Message size: 8
tcp_ping received 262144 bytes back
Round trip time was 0.8828 milliseconds in repetition 403
Message size: 8
tcp_ping received 262144 bytes back
Round trip time was 0.8968 milliseconds in repetition 404
Message size: 8
tcp_ping received 262144 bytes back
Round trip time was 0.9158 milliseconds in repetition 405
Message size: 8
tcp_ping received 262144 bytes back
Round trip time was 0.967 milliseconds in repetition 406
Message size: 8
tcp_ping received 262144 bytes back
Round trip time was 0.9302 milliseconds in repetition 407
Message size: 8
tcp_ping received 262144 bytes back
Round trip time was 0.9536 milliseconds in repetition 408
Message size: 8
tcp_ping received 262144 bytes back
Round trip time was 0.9837 milliseconds in repetition 409
Message size: 8
tcp_ping received 262144 bytes back
Round trip time was 0.981 milliseconds in repetition 410
Message size: 8
tcp_ping received 262144 bytes back
Round trip time was 0.9924 milliseconds in repetition 411
Message size: 8
tcp_ping received 262144 bytes back
Round trip time was 0.9574 milliseconds in repetition 412
Message size: 8
tcp_ping received 262144 bytes back
Round trip time was 0.990501 milliseconds in repetition 413
Message size: 8
tcp_ping received 262144 bytes back
Round trip time was 0.9546 milliseconds in repetition 414
Message size: 8
tcp_ping received 262144 bytes back
Round trip time was 0.9992 milliseconds in repetition 415
Message size: 8
tcp_ping received 262144 bytes back
Round trip time was 1.0779 milliseconds in repetition 416
Message size: 8
tcp_ping received 262144 bytes back
Round trip time was 1.0817 milliseconds in repetition 417
Message size: 8
tcp_ping received 262144 bytes back
Round trip time was 0.9808 milliseconds in repetition 418
Message size: 8
tcp_ping received 262144 bytes back
Round trip time was 0.9735 milliseconds in repetition 419
Message size: 8
tcp_ping received 262144 bytes back
Round trip time was 0.9619 milliseconds in repetition 420
Message size: 8
tcp_ping received 262144 bytes back
Round trip time was 0.9211 milliseconds in repetition 421
Message size: 8
tcp_ping received 262144 bytes back
Round trip time was 1.0297 milliseconds in repetition 422
Message size: 8
tcp_ping received 262144 bytes back
Round trip time was 0.9413 milliseconds in repetition 423
Message size: 8
tcp_ping received 262144 bytes back
Round trip time was 0.9511 milliseconds in repetition 424
Message size: 8
tcp_ping received 262144 bytes back
Round trip time was 1.0365 milliseconds in repetition 425
Message size: 8
tcp_ping received 262144 bytes back
Round trip time was 0.9737 milliseconds in repetition 426
Message size: 8
tcp_ping received 262144 bytes back
Round trip time was 0.9833 milliseconds in repetition 427
Message size: 8
tcp_ping received 262144 bytes back
Round trip time was 0.9575 milliseconds in repetition 428
Message size: 8
tcp_ping received 262144 bytes back
Round trip time was 0.9674 milliseconds in repetition 429
Message size: 8
tcp_ping received 262144 bytes back
Round trip time was 1.1649 milliseconds in repetition 430
Message size: 8
tcp_ping received 262144 bytes back
Round trip time was 0.9438 milliseconds in repetition 431
Message size: 8
tcp_ping received 262144 bytes back
Round trip time was 0.976 milliseconds in repetition 432
Message size: 8
tcp_ping received 262144 bytes back
Round trip time was 0.9285 milliseconds in repetition 433
Message size: 8
tcp_ping received 262144 bytes back
Round trip time was 0.942 milliseconds in repetition 434
Message size: 8
tcp_ping received 262144 bytes back
Round trip time was 0.9969 milliseconds in repetition 435
Message size: 8
tcp_ping received 262144 bytes back
Round trip time was 0.9938 milliseconds in repetition 436
Message size: 8
tcp_ping received 262144 bytes back
Round trip time was 1.0026 milliseconds in repetition 437
Message size: 8
tcp_ping received 262144 bytes back
Round trip time was 1.0815 milliseconds in repetition 438
Message size: 8
tcp_ping received 262144 bytes back
Round trip time was 0.942 milliseconds in repetition 439
Message size: 8
tcp_ping received 262144 bytes back
Round trip time was 0.9396 milliseconds in repetition 440
Message size: 8
tcp_ping received 262144 bytes back
Round trip time was 1.0336 milliseconds in repetition 441
Message size: 8
tcp_ping received 262144 bytes back
Round trip time was 0.9634 milliseconds in repetition 442
Message size: 8
tcp_ping received 262144 bytes back
Round trip time was 1.0579 milliseconds in repetition 443
Message size: 8
tcp_ping received 262144 bytes back
Round trip time was 1.1123 milliseconds in repetition 444
Message size: 8
tcp_ping received 262144 bytes back
Round trip time was 0.9327 milliseconds in repetition 445
Message size: 8
tcp_ping received 262144 bytes back
Round trip time was 0.9602 milliseconds in repetition 446
Message size: 8
tcp_ping received 262144 bytes back
Round trip time was 0.9336 milliseconds in repetition 447
Message size: 8
tcp_ping received 262144 bytes back
Round trip time was 0.904 milliseconds in repetition 448
Message size: 8
tcp_ping received 262144 bytes back
Round trip time was 0.9066 milliseconds in repetition 449
Message size: 8
tcp_ping received 262144 bytes back
Round trip time was 1.0506 milliseconds in repetition 450
Message size: 8
tcp_ping received 262144 bytes back
Round trip time was 0.95 milliseconds in repetition 451
Message size: 8
tcp_ping received 262144 bytes back
Round trip time was 0.9724 milliseconds in repetition 452
Message size: 8
tcp_ping received 262144 bytes back
Round trip time was 0.8933 milliseconds in repetition 453
Message size: 8
tcp_ping received 262144 bytes back
Round trip time was 0.9618 milliseconds in repetition 454
Message size: 8
tcp_ping received 262144 bytes back
Round trip time was 0.9132 milliseconds in repetition 455
Message size: 8
tcp_ping received 262144 bytes back
Round trip time was 0.9413 milliseconds in repetition 456
Message size: 8
tcp_ping received 262144 bytes back
Round trip time was 1.0631 milliseconds in repetition 457
Message size: 8
tcp_ping received 262144 bytes back
Round trip time was 1.2157 milliseconds in repetition 458
Message size: 8
tcp_ping received 262144 bytes back
Round trip time was 1.1368 milliseconds in repetition 459
Message size: 8
tcp_ping received 262144 bytes back
Round trip time was 0.8435 milliseconds in repetition 460
Message size: 8
tcp_ping received 262144 bytes back
Round trip time was 0.8459 milliseconds in repetition 461
Message size: 8
tcp_ping received 262144 bytes back
Round trip time was 0.8974 milliseconds in repetition 462
Message size: 8
tcp_ping received 262144 bytes back
Round trip time was 0.9117 milliseconds in repetition 463
Message size: 8
tcp_ping received 262144 bytes back
Round trip time was 0.9162 milliseconds in repetition 464
Message size: 8
tcp_ping received 262144 bytes back
Round trip time was 0.9513 milliseconds in repetition 465
Message size: 8
tcp_ping received 262144 bytes back
Round trip time was 0.9109 milliseconds in repetition 466
Message size: 8
tcp_ping received 262144 bytes back
Round trip time was 0.9465 milliseconds in repetition 467
Message size: 8
tcp_ping received 262144 bytes back
Round trip time was 0.9124 milliseconds in repetition 468
Message size: 8
tcp_ping received 262144 bytes back
Round trip time was 0.9675 milliseconds in repetition 469
Message size: 8
tcp_ping received 262144 bytes back
Round trip time was 1.0318 milliseconds in repetition 470
Message size: 8
tcp_ping received 262144 bytes back
Round trip time was 0.9934 milliseconds in repetition 471
Message size: 8
tcp_ping received 262144 bytes back
Round trip time was 0.952 milliseconds in repetition 472
Message size: 8
tcp_ping received 262144 bytes back
Round trip time was 1.0057 milliseconds in repetition 473
Message size: 8
tcp_ping received 262144 bytes back
Round trip time was 0.972 milliseconds in repetition 474
Message size: 8
tcp_ping received 262144 bytes back
Round trip time was 0.9728 milliseconds in repetition 475
Message size: 8
tcp_ping received 262144 bytes back
Round trip time was 0.9672 milliseconds in repetition 476
Message size: 8
tcp_ping received 262144 bytes back
Round trip time was 0.9262 milliseconds in repetition 477
Message size: 8
tcp_ping received 262144 bytes back
Round trip time was 0.959 milliseconds in repetition 478
Message size: 8
tcp_ping received 262144 bytes back
Round trip time was 0.9783 milliseconds in repetition 479
Message size: 8
tcp_ping received 262144 bytes back
Round trip time was 0.953201 milliseconds in repetition 480
Message size: 8
tcp_ping received 262144 bytes back
Round trip time was 0.992 milliseconds in repetition 481
Message size: 8
tcp_ping received 262144 bytes back
Round trip time was 0.9234 milliseconds in repetition 482
Message size: 8
tcp_ping received 262144 bytes back
Round trip time was 0.9207 milliseconds in repetition 483
Message size: 8
tcp_ping received 262144 bytes back
Round trip time was 0.9275 milliseconds in repetition 484
Message size: 8
tcp_ping received 262144 bytes back
Round trip time was 0.9079 milliseconds in repetition 485
Message size: 8
tcp_ping received 262144 bytes back
Round trip time was 0.9467 milliseconds in repetition 486
Message size: 8
tcp_ping received 262144 bytes back
Round trip time was 1.0229 milliseconds in repetition 487
Message size: 8
tcp_ping received 262144 bytes back
Round trip time was 0.9954 milliseconds in repetition 488
Message size: 8
tcp_ping received 262144 bytes back
Round trip time was 1.0142 milliseconds in repetition 489
Message size: 8
tcp_ping received 262144 bytes back
Round trip time was 0.9157 milliseconds in repetition 490
Message size: 8
tcp_ping received 262144 bytes back
Round trip time was 1.0246 milliseconds in repetition 491
Message size: 8
tcp_ping received 262144 bytes back
Round trip time was 0.9442 milliseconds in repetition 492
Message size: 8
tcp_ping received 262144 bytes back
Round trip time was 0.9337 milliseconds in repetition 493
Message size: 8
tcp_ping received 262144 bytes back
Round trip time was 1.0067 milliseconds in repetition 494
Message size: 8
tcp_ping received 262144 bytes back
Round trip time was 0.9448 milliseconds in repetition 495
Message size: 8
tcp_ping received 262144 bytes back
Round trip time was 0.918 milliseconds in repetition 496
Message size: 8
tcp_ping received 262144 bytes back
Round trip time was 0.9151 milliseconds in repetition 497
Message size: 8
tcp_ping received 262144 bytes back
Round trip time was 0.9401 milliseconds in repetition 498
Message size: 8
tcp_ping received 262144 bytes back
Round trip time was 0.9626 milliseconds in repetition 499
Message size: 8
tcp_ping received 262144 bytes back
Round trip time was 0.9161 milliseconds in repetition 500
Message size: 8
tcp_ping received 262144 bytes back
Round trip time was 1.0217 milliseconds in repetition 501

 ... clock resolution was 1e-06
TCP Ping:  Statistics over 501 repetitions of 262144 byte messages

RTT : percentile 10: 0.9109, median: 1.0168, percentile 90: 1.3355, average: 1.08735, variance: 0.0434145

RTT histogram:
0.843499 12
0.90791 89
0.97232 133
1.03673 69
1.10114 63
1.16555 38
1.22996 25
1.29437 19
1.35878 12
1.42319 7
1.4876 4
1.55201 7
1.61642 7
1.68083 4
1.74524 3
1.80965 3
1.87406 3
1.93847 1
2.00288 0
2.06729 1
2.1317 1

   median Throughput : 515625 KB/s   overall Throughput : 482172 KB/s

