TCP Ping trying to connect to server localhost (127.0.0.1) on port 1491
Connected with the server
 ... connected to Pong server: asking for 501 repetitions of 524288 bytes TCP messages
 ... Pong server agreed :-)
Message size: 8
tcp_ping received 524288 bytes back
Round trip time was 1.7985 milliseconds in repetition 1
Message size: 8
tcp_ping received 524288 bytes back
Round trip time was 1.6991 milliseconds in repetition 2
Message size: 8
tcp_ping received 524288 bytes back
Round trip time was 1.7918 milliseconds in repetition 3
Message size: 8
tcp_ping received 524288 bytes back
Round trip time was 2.043 milliseconds in repetition 4
Message size: 8
tcp_ping received 524288 bytes back
Round trip time was 1.8257 milliseconds in repetition 5
Message size: 8
tcp_ping received 524288 bytes back
Round trip time was 2.1319 milliseconds in repetition 6
Message size: 8
tcp_ping received 524288 bytes back
Round trip time was 2.1023 milliseconds in repetition 7
Message size: 8
tcp_ping received 524288 bytes back
Round trip time was 2.4438 milliseconds in repetition 8
Message size: 8
tcp_ping received 524288 bytes back
Round trip time was 2.0757 milliseconds in repetition 9
Message size: 8
tcp_ping received 524288 bytes back
Round trip time was 1.9183 milliseconds in repetition 10
Message size: 8
tcp_ping received 524288 bytes back
Round trip time was 1.808 milliseconds in repetition 11
Message size: 8
tcp_ping received 524288 bytes back
Round trip time was 1.8815 milliseconds in repetition 12
Message size: 8
tcp_ping received 524288 bytes back
Round trip time was 2.3529 milliseconds in repetition 13
Message size: 8
tcp_ping received 524288 bytes back
Round trip time was 2.1714 milliseconds in repetition 14
Message size: 8
tcp_ping received 524288 bytes back
Round trip time was 1.7973 milliseconds in repetition 15
Message size: 8
tcp_ping received 524288 bytes back
Round trip time was 1.9798 milliseconds in repetition 16
Message size: 8
tcp_ping received 524288 bytes back
Round trip time was 2.009 milliseconds in repetition 17
Message size: 8
tcp_ping received 524288 bytes back
Round trip time was 1.8279 milliseconds in repetition 18
Message size: 8
tcp_ping received 524288 bytes back
Round trip time was 2.2987 milliseconds in repetition 19
Message size: 8
tcp_ping received 524288 bytes back
Round trip time was 3.4079 milliseconds in repetition 20
Message size: 8
tcp_ping received 524288 bytes back
Round trip time was 2.4348 milliseconds in repetition 21
Message size: 8
tcp_ping received 524288 bytes back
Round trip time was 1.9843 milliseconds in repetition 22
Message size: 8
tcp_ping received 524288 bytes back
Round trip time was 1.856 milliseconds in repetition 23
Message size: 8
tcp_ping received 524288 bytes back
Round trip time was 1.809 milliseconds in repetition 24
Message size: 8
tcp_ping received 524288 bytes back
Round trip time was 1.8944 milliseconds in repetition 25
Message size: 8
tcp_ping received 524288 bytes back
Round trip time was 2.5747 milliseconds in repetition 26
Message size: 8
tcp_ping received 524288 bytes back
Round trip time was 2.2038 milliseconds in repetition 27
Message size: 8
tcp_ping received 524288 bytes back
Round trip time was 1.7836 milliseconds in repetition 28
Message size: 8
tcp_ping received 524288 bytes back
Round trip time was 1.8512 milliseconds in repetition 29
Message size: 8
tcp_ping received 524288 bytes back
Round trip time was 2.0024 milliseconds in repetition 30
Message size: 8
tcp_ping received 524288 bytes back
Round trip time was 1.939 milliseconds in repetition 31
Message size: 8
tcp_ping received 524288 bytes back
Round trip time was 1.9792 milliseconds in repetition 32
Message size: 8
tcp_ping received 524288 bytes back
Round trip time was 1.8308 milliseconds in repetition 33
Message size: 8
tcp_ping received 524288 bytes back
Round trip time was 2.585 milliseconds in repetition 34
Message size: 8
tcp_ping received 524288 bytes back
Round trip time was 2.2817 milliseconds in repetition 35
Message size: 8
tcp_ping received 524288 bytes back
Round trip time was 1.8285 milliseconds in repetition 36
Message size: 8
tcp_ping received 524288 bytes back
Round trip time was 1.8459 milliseconds in repetition 37
Message size: 8
tcp_ping received 524288 bytes back
Round trip time was 1.7493 milliseconds in repetition 38
Message size: 8
tcp_ping received 524288 bytes back
Round trip time was 1.8635 milliseconds in repetition 39
Message size: 8
tcp_ping received 524288 bytes back
Round trip time was 1.7577 milliseconds in repetition 40
Message size: 8
tcp_ping received 524288 bytes back
Round trip time was 2.2178 milliseconds in repetition 41
Message size: 8
tcp_ping received 524288 bytes back
Round trip time was 1.9194 milliseconds in repetition 42
Message size: 8
tcp_ping received 524288 bytes back
Round trip time was 1.8589 milliseconds in repetition 43
Message size: 8
tcp_ping received 524288 bytes back
Round trip time was 1.9294 milliseconds in repetition 44
Message size: 8
tcp_ping received 524288 bytes back
Round trip time was 2.0083 milliseconds in repetition 45
Message size: 8
tcp_ping received 524288 bytes back
Round trip time was 1.8001 milliseconds in repetition 46
Message size: 8
tcp_ping received 524288 bytes back
Round trip time was 2.017 milliseconds in repetition 47
Message size: 8
tcp_ping received 524288 bytes back
Round trip time was 2.024 milliseconds in repetition 48
Message size: 8
tcp_ping received 524288 bytes back
Round trip time was 2.1762 milliseconds in repetition 49
Message size: 8
tcp_ping received 524288 bytes back
Round trip time was 2.0672 milliseconds in repetition 50
Message size: 8
tcp_ping received 524288 bytes back
Round trip time was 1.8932 milliseconds in repetition 51
Message size: 8
tcp_ping received 524288 bytes back
Round trip time was 1.862 milliseconds in repetition 52
Message size: 8
tcp_ping received 524288 bytes back
Round trip time was 1.834 milliseconds in repetition 53
Message size: 8
tcp_ping received 524288 bytes back
Round trip time was 1.8109 milliseconds in repetition 54
Message size: 8
tcp_ping received 524288 bytes back
Round trip time was 1.9073 milliseconds in repetition 55
Message size: 8
tcp_ping received 524288 bytes back
Round trip time was 1.902 milliseconds in repetition 56
Message size: 8
tcp_ping received 524288 bytes back
Round trip time was 1.9143 milliseconds in repetition 57
Message size: 8
tcp_ping received 524288 bytes back
Round trip time was 1.9502 milliseconds in repetition 58
Message size: 8
tcp_ping received 524288 bytes back
Round trip time was 1.9114 milliseconds in repetition 59
Message size: 8
tcp_ping received 524288 bytes back
Round trip time was 1.9042 milliseconds in repetition 60
Message size: 8
tcp_ping received 524288 bytes back
Round trip time was 1.9195 milliseconds in repetition 61
Message size: 8
tcp_ping received 524288 bytes back
Round trip time was 1.8188 milliseconds in repetition 62
Message size: 8
tcp_ping received 524288 bytes back
Round trip time was 1.8575 milliseconds in repetition 63
Message size: 8
tcp_ping received 524288 bytes back
Round trip time was 2.1708 milliseconds in repetition 64
Message size: 8
tcp_ping received 524288 bytes back
Round trip time was 1.8742 milliseconds in repetition 65
Message size: 8
tcp_ping received 524288 bytes back
Round trip time was 1.8429 milliseconds in repetition 66
Message size: 8
tcp_ping received 524288 bytes back
Round trip time was 1.9724 milliseconds in repetition 67
Message size: 8
tcp_ping received 524288 bytes back
Round trip time was 3.0681 milliseconds in repetition 68
Message size: 8
tcp_ping received 524288 bytes back
Round trip time was 2.0585 milliseconds in repetition 69
Message size: 8
tcp_ping received 524288 bytes back
Round trip time was 1.772 milliseconds in repetition 70
Message size: 8
tcp_ping received 524288 bytes back
Round trip time was 1.832 milliseconds in repetition 71
Message size: 8
tcp_ping received 524288 bytes back
Round trip time was 1.8591 milliseconds in repetition 72
Message size: 8
tcp_ping received 524288 bytes back
Round trip time was 1.8823 milliseconds in repetition 73
Message size: 8
tcp_ping received 524288 bytes back
Round trip time was 1.9006 milliseconds in repetition 74
Message size: 8
tcp_ping received 524288 bytes back
Round trip time was 1.857 milliseconds in repetition 75
Message size: 8
tcp_ping received 524288 bytes back
Round trip time was 1.9262 milliseconds in repetition 76
Message size: 8
tcp_ping received 524288 bytes back
Round trip time was 1.8682 milliseconds in repetition 77
Message size: 8
tcp_ping received 524288 bytes back
Round trip time was 1.9571 milliseconds in repetition 78
Message size: 8
tcp_ping received 524288 bytes back
Round trip time was 2.2086 milliseconds in repetition 79
Message size: 8
tcp_ping received 524288 bytes back
Round trip time was 1.9753 milliseconds in repetition 80
Message size: 8
tcp_ping received 524288 bytes back
Round trip time was 1.8619 milliseconds in repetition 81
Message size: 8
tcp_ping received 524288 bytes back
Round trip time was 1.8453 milliseconds in repetition 82
Message size: 8
tcp_ping received 524288 bytes back
Round trip time was 1.87 milliseconds in repetition 83
Message size: 8
tcp_ping received 524288 bytes back
Round trip time was 1.8458 milliseconds in repetition 84
Message size: 8
tcp_ping received 524288 bytes back
Round trip time was 1.79 milliseconds in repetition 85
Message size: 8
tcp_ping received 524288 bytes back
Round trip time was 1.8651 milliseconds in repetition 86
Message size: 8
tcp_ping received 524288 bytes back
Round trip time was 1.8496 milliseconds in repetition 87
Message size: 8
tcp_ping received 524288 bytes back
Round trip time was 1.8646 milliseconds in repetition 88
Message size: 8
tcp_ping received 524288 bytes back
Round trip time was 1.8694 milliseconds in repetition 89
Message size: 8
tcp_ping received 524288 bytes back
Round trip time was 1.797 milliseconds in repetition 90
Message size: 8
tcp_ping received 524288 bytes back
Round trip time was 1.8771 milliseconds in repetition 91
Message size: 8
tcp_ping received 524288 bytes back
Round trip time was 1.8707 milliseconds in repetition 92
Message size: 8
tcp_ping received 524288 bytes back
Round trip time was 1.8548 milliseconds in repetition 93
Message size: 8
tcp_ping received 524288 bytes back
Round trip time was 1.8447 milliseconds in repetition 94
Message size: 8
tcp_ping received 524288 bytes back
Round trip time was 2.0879 milliseconds in repetition 95
Message size: 8
tcp_ping received 524288 bytes back
Round trip time was 1.8286 milliseconds in repetition 96
Message size: 8
tcp_ping received 524288 bytes back
Round trip time was 1.851 milliseconds in repetition 97
Message size: 8
tcp_ping received 524288 bytes back
Round trip time was 1.885 milliseconds in repetition 98
Message size: 8
tcp_ping received 524288 bytes back
Round trip time was 1.8609 milliseconds in repetition 99
Message size: 8
tcp_ping received 524288 bytes back
Round trip time was 1.7891 milliseconds in repetition 100
Message size: 8
tcp_ping received 524288 bytes back
Round trip time was 1.8892 milliseconds in repetition 101
Message size: 8
tcp_ping received 524288 bytes back
Round trip time was 1.9034 milliseconds in repetition 102
Message size: 8
tcp_ping received 524288 bytes back
Round trip time was 1.8247 milliseconds in repetition 103
Message size: 8
tcp_ping received 524288 bytes back
Round trip time was 1.9612 milliseconds in repetition 104
Message size: 8
tcp_ping received 524288 bytes back
Round trip time was 1.8657 milliseconds in repetition 105
Message size: 8
tcp_ping received 524288 bytes back
Round trip time was 1.8915 milliseconds in repetition 106
Message size: 8
tcp_ping received 524288 bytes back
Round trip time was 1.848 milliseconds in repetition 107
Message size: 8
tcp_ping received 524288 bytes back
Round trip time was 1.848 milliseconds in repetition 108
Message size: 8
tcp_ping received 524288 bytes back
Round trip time was 1.9301 milliseconds in repetition 109
Message size: 8
tcp_ping received 524288 bytes back
Round trip time was 2.0353 milliseconds in repetition 110
Message size: 8
tcp_ping received 524288 bytes back
Round trip time was 1.9864 milliseconds in repetition 111
Message size: 8
tcp_ping received 524288 bytes back
Round trip time was 1.8438 milliseconds in repetition 112
Message size: 8
tcp_ping received 524288 bytes back
Round trip time was 1.8211 milliseconds in repetition 113
Message size: 8
tcp_ping received 524288 bytes back
Round trip time was 1.7916 milliseconds in repetition 114
Message size: 8
tcp_ping received 524288 bytes back
Round trip time was 1.8728 milliseconds in repetition 115
Message size: 8
tcp_ping received 524288 bytes back
Round trip time was 1.8008 milliseconds in repetition 116
Message size: 8
tcp_ping received 524288 bytes back
Round trip time was 1.7505 milliseconds in repetition 117
Message size: 8
tcp_ping received 524288 bytes back
Round trip time was 1.8339 milliseconds in repetition 118
Message size: 8
tcp_ping received 524288 bytes back
Round trip time was 1.8673 milliseconds in repetition 119
Message size: 8
tcp_ping received 524288 bytes back
Round trip time was 1.8633 milliseconds in repetition 120
Message size: 8
tcp_ping received 524288 bytes back
Round trip time was 1.857 milliseconds in repetition 121
Message size: 8
tcp_ping received 524288 bytes back
Round trip time was 1.8751 milliseconds in repetition 122
Message size: 8
tcp_ping received 524288 bytes back
Round trip time was 1.8265 milliseconds in repetition 123
Message size: 8
tcp_ping received 524288 bytes back
Round trip time was 1.8409 milliseconds in repetition 124
Message size: 8
tcp_ping received 524288 bytes back
Round trip time was 1.8461 milliseconds in repetition 125
Message size: 8
tcp_ping received 524288 bytes back
Round trip time was 1.9518 milliseconds in repetition 126
Message size: 8
tcp_ping received 524288 bytes back
Round trip time was 1.9111 milliseconds in repetition 127
Message size: 8
tcp_ping received 524288 bytes back
Round trip time was 1.8483 milliseconds in repetition 128
Message size: 8
tcp_ping received 524288 bytes back
Round trip time was 1.9049 milliseconds in repetition 129
Message size: 8
tcp_ping received 524288 bytes back
Round trip time was 1.8872 milliseconds in repetition 130
Message size: 8
tcp_ping received 524288 bytes back
Round trip time was 1.8595 milliseconds in repetition 131
Message size: 8
tcp_ping received 524288 bytes back
Round trip time was 1.8487 milliseconds in repetition 132
Message size: 8
tcp_ping received 524288 bytes back
Round trip time was 1.8303 milliseconds in repetition 133
Message size: 8
tcp_ping received 524288 bytes back
Round trip time was 1.9638 milliseconds in repetition 134
Message size: 8
tcp_ping received 524288 bytes back
Round trip time was 2.0835 milliseconds in repetition 135
Message size: 8
tcp_ping received 524288 bytes back
Round trip time was 1.8118 milliseconds in repetition 136
Message size: 8
tcp_ping received 524288 bytes back
Round trip time was 1.8586 milliseconds in repetition 137
Message size: 8
tcp_ping received 524288 bytes back
Round trip time was 1.8311 milliseconds in repetition 138
Message size: 8
tcp_ping received 524288 bytes back
Round trip time was 1.8771 milliseconds in repetition 139
Message size: 8
tcp_ping received 524288 bytes back
Round trip time was 1.9095 milliseconds in repetition 140
Message size: 8
tcp_ping received 524288 bytes back
Round trip time was 1.834 milliseconds in repetition 141
Message size: 8
tcp_ping received 524288 bytes back
Round trip time was 1.9722 milliseconds in repetition 142
Message size: 8
tcp_ping received 524288 bytes back
Round trip time was 1.822 milliseconds in repetition 143
Message size: 8
tcp_ping received 524288 bytes back
Round trip time was 1.8534 milliseconds in repetition 144
Message size: 8
tcp_ping received 524288 bytes back
Round trip time was 1.7944 milliseconds in repetition 145
Message size: 8
tcp_ping received 524288 bytes back
Round trip time was 1.805 milliseconds in repetition 146
Message size: 8
tcp_ping received 524288 bytes back
Round trip time was 1.8504 milliseconds in repetition 147
Message size: 8
tcp_ping received 524288 bytes back
Round trip time was 1.8567 milliseconds in repetition 148
Message size: 8
tcp_ping received 524288 bytes back
Round trip time was 1.8564 milliseconds in repetition 149
Message size: 8
tcp_ping received 524288 bytes back
Round trip time was 2.4153 milliseconds in repetition 150
Message size: 8
tcp_ping received 524288 bytes back
Round trip time was 1.8585 milliseconds in repetition 151
Message size: 8
tcp_ping received 524288 bytes back
Round trip time was 1.7921 milliseconds in repetition 152
Message size: 8
tcp_ping received 524288 bytes back
Round trip time was 1.8088 milliseconds in repetition 153
Message size: 8
tcp_ping received 524288 bytes back
Round trip time was 1.8193 milliseconds in repetition 154
Message size: 8
tcp_ping received 524288 bytes back
Round trip time was 1.7795 milliseconds in repetition 155
Message size: 8
tcp_ping received 524288 bytes back
Round trip time was 1.835 milliseconds in repetition 156
Message size: 8
tcp_ping received 524288 bytes back
Round trip time was 1.7587 milliseconds in repetition 157
Message size: 8
tcp_ping received 524288 bytes back
Round trip time was 1.9722 milliseconds in repetition 158
Message size: 8
tcp_ping received 524288 bytes back
Round trip time was 1.8478 milliseconds in repetition 159
Message size: 8
tcp_ping received 524288 bytes back
Round trip time was 1.8165 milliseconds in repetition 160
Message size: 8
tcp_ping received 524288 bytes back
Round trip time was 1.7896 milliseconds in repetition 161
Message size: 8
tcp_ping received 524288 bytes back
Round trip time was 1.8585 milliseconds in repetition 162
Message size: 8
tcp_ping received 524288 bytes back
Round trip time was 1.8401 milliseconds in repetition 163
Message size: 8
tcp_ping received 524288 bytes back
Round trip time was 1.8806 milliseconds in repetition 164
Message size: 8
tcp_ping received 524288 bytes back
Round trip time was 1.8491 milliseconds in repetition 165
Message size: 8
tcp_ping received 524288 bytes back
Round trip time was 2.015 milliseconds in repetition 166
Message size: 8
tcp_ping received 524288 bytes back
Round trip time was 1.8498 milliseconds in repetition 167
Message size: 8
tcp_ping received 524288 bytes back
Round trip time was 1.8873 milliseconds in repetition 168
Message size: 8
tcp_ping received 524288 bytes back
Round trip time was 1.9219 milliseconds in repetition 169
Message size: 8
tcp_ping received 524288 bytes back
Round trip time was 1.8292 milliseconds in repetition 170
Message size: 8
tcp_ping received 524288 bytes back
Round trip time was 1.8958 milliseconds in repetition 171
Message size: 8
tcp_ping received 524288 bytes back
Round trip time was 1.9126 milliseconds in repetition 172
Message size: 8
tcp_ping received 524288 bytes back
Round trip time was 1.887 milliseconds in repetition 173
Message size: 8
tcp_ping received 524288 bytes back
Round trip time was 1.8855 milliseconds in repetition 174
Message size: 8
tcp_ping received 524288 bytes back
Round trip time was 1.8884 milliseconds in repetition 175
Message size: 8
tcp_ping received 524288 bytes back
Round trip time was 1.8531 milliseconds in repetition 176
Message size: 8
tcp_ping received 524288 bytes back
Round trip time was 1.8698 milliseconds in repetition 177
Message size: 8
tcp_ping received 524288 bytes back
Round trip time was 1.8352 milliseconds in repetition 178
Message size: 8
tcp_ping received 524288 bytes back
Round trip time was 1.9854 milliseconds in repetition 179
Message size: 8
tcp_ping received 524288 bytes back
Round trip time was 1.9213 milliseconds in repetition 180
Message size: 8
tcp_ping received 524288 bytes back
Round trip time was 1.8 milliseconds in repetition 181
Message size: 8
tcp_ping received 524288 bytes back
Round trip time was 2.2574 milliseconds in repetition 182
Message size: 8
tcp_ping received 524288 bytes back
Round trip time was 2.0889 milliseconds in repetition 183
Message size: 8
tcp_ping received 524288 bytes back
Round trip time was 2.3848 milliseconds in repetition 184
Message size: 8
tcp_ping received 524288 bytes back
Round trip time was 2.0476 milliseconds in repetition 185
Message size: 8
tcp_ping received 524288 bytes back
Round trip time was 1.7864 milliseconds in repetition 186
Message size: 8
tcp_ping received 524288 bytes back
Round trip time was 1.9033 milliseconds in repetition 187
Message size: 8
tcp_ping received 524288 bytes back
Round trip time was 1.8072 milliseconds in repetition 188
Message size: 8
tcp_ping received 524288 bytes back
Round trip time was 2.3658 milliseconds in repetition 189
Message size: 8
tcp_ping received 524288 bytes back
Round trip time was 1.8207 milliseconds in repetition 190
Message size: 8
tcp_ping received 524288 bytes back
Round trip time was 1.8121 milliseconds in repetition 191
Message size: 8
tcp_ping received 524288 bytes back
Round trip time was 1.9251 milliseconds in repetition 192
Message size: 8
tcp_ping received 524288 bytes back
Round trip time was 1.7679 milliseconds in repetition 193
Message size: 8
tcp_ping received 524288 bytes back
Round trip time was 1.8646 milliseconds in repetition 194
Message size: 8
tcp_ping received 524288 bytes back
Round trip time was 1.8317 milliseconds in repetition 195
Message size: 8
tcp_ping received 524288 bytes back
Round trip time was 1.8671 milliseconds in repetition 196
Message size: 8
tcp_ping received 524288 bytes back
Round trip time was 1.8219 milliseconds in repetition 197
Message size: 8
tcp_ping received 524288 bytes back
Round trip time was 1.8422 milliseconds in repetition 198
Message size: 8
tcp_ping received 524288 bytes back
Round trip time was 1.8862 milliseconds in repetition 199
Message size: 8
tcp_ping received 524288 bytes back
Round trip time was 1.8638 milliseconds in repetition 200
Message size: 8
tcp_ping received 524288 bytes back
Round trip time was 1.8635 milliseconds in repetition 201
Message size: 8
tcp_ping received 524288 bytes back
Round trip time was 1.9236 milliseconds in repetition 202
Message size: 8
tcp_ping received 524288 bytes back
Round trip time was 1.8325 milliseconds in repetition 203
Message size: 8
tcp_ping received 524288 bytes back
Round trip time was 1.9325 milliseconds in repetition 204
Message size: 8
tcp_ping received 524288 bytes back
Round trip time was 1.8424 milliseconds in repetition 205
Message size: 8
tcp_ping received 524288 bytes back
Round trip time was 1.8331 milliseconds in repetition 206
Message size: 8
tcp_ping received 524288 bytes back
Round trip time was 1.8115 milliseconds in repetition 207
Message size: 8
tcp_ping received 524288 bytes back
Round trip time was 1.885 milliseconds in repetition 208
Message size: 8
tcp_ping received 524288 bytes back
Round trip time was 1.8687 milliseconds in repetition 209
Message size: 8
tcp_ping received 524288 bytes back
Round trip time was 1.7598 milliseconds in repetition 210
Message size: 8
tcp_ping received 524288 bytes back
Round trip time was 1.9482 milliseconds in repetition 211
Message size: 8
tcp_ping received 524288 bytes back
Round trip time was 1.8969 milliseconds in repetition 212
Message size: 8
tcp_ping received 524288 bytes back
Round trip time was 1.6987 milliseconds in repetition 213
Message size: 8
tcp_ping received 524288 bytes back
Round trip time was 1.8998 milliseconds in repetition 214
Message size: 8
tcp_ping received 524288 bytes back
Round trip time was 1.7295 milliseconds in repetition 215
Message size: 8
tcp_ping received 524288 bytes back
Round trip time was 1.8709 milliseconds in repetition 216
Message size: 8
tcp_ping received 524288 bytes back
Round trip time was 1.7896 milliseconds in repetition 217
Message size: 8
tcp_ping received 524288 bytes back
Round trip time was 1.8431 milliseconds in repetition 218
Message size: 8
tcp_ping received 524288 bytes back
Round trip time was 1.9042 milliseconds in repetition 219
Message size: 8
tcp_ping received 524288 bytes back
Round trip time was 1.9085 milliseconds in repetition 220
Message size: 8
tcp_ping received 524288 bytes back
Round trip time was 1.8749 milliseconds in repetition 221
Message size: 8
tcp_ping received 524288 bytes back
Round trip time was 1.8379 milliseconds in repetition 222
Message size: 8
tcp_ping received 524288 bytes back
Round trip time was 1.8757 milliseconds in repetition 223
Message size: 8
tcp_ping received 524288 bytes back
Round trip time was 1.818 milliseconds in repetition 224
Message size: 8
tcp_ping received 524288 bytes back
Round trip time was 1.8258 milliseconds in repetition 225
Message size: 8
tcp_ping received 524288 bytes back
Round trip time was 1.9234 milliseconds in repetition 226
Message size: 8
tcp_ping received 524288 bytes back
Round trip time was 1.846 milliseconds in repetition 227
Message size: 8
tcp_ping received 524288 bytes back
Round trip time was 1.913 milliseconds in repetition 228
Message size: 8
tcp_ping received 524288 bytes back
Round trip time was 1.9624 milliseconds in repetition 229
Message size: 8
tcp_ping received 524288 bytes back
Round trip time was 1.8966 milliseconds in repetition 230
Message size: 8
tcp_ping received 524288 bytes back
Round trip time was 1.7924 milliseconds in repetition 231
Message size: 8
tcp_ping received 524288 bytes back
Round trip time was 1.8893 milliseconds in repetition 232
Message size: 8
tcp_ping received 524288 bytes back
Round trip time was 1.9404 milliseconds in repetition 233
Message size: 8
tcp_ping received 524288 bytes back
Round trip time was 1.8317 milliseconds in repetition 234
Message size: 8
tcp_ping received 524288 bytes back
Round trip time was 1.855 milliseconds in repetition 235
Message size: 8
tcp_ping received 524288 bytes back
Round trip time was 1.9334 milliseconds in repetition 236
Message size: 8
tcp_ping received 524288 bytes back
Round trip time was 1.8183 milliseconds in repetition 237
Message size: 8
tcp_ping received 524288 bytes back
Round trip time was 1.759 milliseconds in repetition 238
Message size: 8
tcp_ping received 524288 bytes back
Round trip time was 1.8003 milliseconds in repetition 239
Message size: 8
tcp_ping received 524288 bytes back
Round trip time was 1.8106 milliseconds in repetition 240
Message size: 8
tcp_ping received 524288 bytes back
Round trip time was 1.8335 milliseconds in repetition 241
Message size: 8
tcp_ping received 524288 bytes back
Round trip time was 1.8448 milliseconds in repetition 242
Message size: 8
tcp_ping received 524288 bytes back
Round trip time was 1.8193 milliseconds in repetition 243
Message size: 8
tcp_ping received 524288 bytes back
Round trip time was 2.1075 milliseconds in repetition 244
Message size: 8
tcp_ping received 524288 bytes back
Round trip time was 1.8505 milliseconds in repetition 245
Message size: 8
tcp_ping received 524288 bytes back
Round trip time was 1.8673 milliseconds in repetition 246
Message size: 8
tcp_ping received 524288 bytes back
Round trip time was 1.8942 milliseconds in repetition 247
Message size: 8
tcp_ping received 524288 bytes back
Round trip time was 1.8638 milliseconds in repetition 248
Message size: 8
tcp_ping received 524288 bytes back
Round trip time was 1.8733 milliseconds in repetition 249
Message size: 8
tcp_ping received 524288 bytes back
Round trip time was 1.8729 milliseconds in repetition 250
Message size: 8
tcp_ping received 524288 bytes back
Round trip time was 1.831 milliseconds in repetition 251
Message size: 8
tcp_ping received 524288 bytes back
Round trip time was 1.9758 milliseconds in repetition 252
Message size: 8
tcp_ping received 524288 bytes back
Round trip time was 1.8058 milliseconds in repetition 253
Message size: 8
tcp_ping received 524288 bytes back
Round trip time was 1.8502 milliseconds in repetition 254
Message size: 8
tcp_ping received 524288 bytes back
Round trip time was 1.8151 milliseconds in repetition 255
Message size: 8
tcp_ping received 524288 bytes back
Round trip time was 1.8461 milliseconds in repetition 256
Message size: 8
tcp_ping received 524288 bytes back
Round trip time was 1.9054 milliseconds in repetition 257
Message size: 8
tcp_ping received 524288 bytes back
Round trip time was 1.8132 milliseconds in repetition 258
Message size: 8
tcp_ping received 524288 bytes back
Round trip time was 1.8744 milliseconds in repetition 259
Message size: 8
tcp_ping received 524288 bytes back
Round trip time was 1.8642 milliseconds in repetition 260
Message size: 8
tcp_ping received 524288 bytes back
Round trip time was 1.9314 milliseconds in repetition 261
Message size: 8
tcp_ping received 524288 bytes back
Round trip time was 1.8275 milliseconds in repetition 262
Message size: 8
tcp_ping received 524288 bytes back
Round trip time was 1.9034 milliseconds in repetition 263
Message size: 8
tcp_ping received 524288 bytes back
Round trip time was 1.8435 milliseconds in repetition 264
Message size: 8
tcp_ping received 524288 bytes back
Round trip time was 1.8533 milliseconds in repetition 265
Message size: 8
tcp_ping received 524288 bytes back
Round trip time was 1.8356 milliseconds in repetition 266
Message size: 8
tcp_ping received 524288 bytes back
Round trip time was 1.8159 milliseconds in repetition 267
Message size: 8
tcp_ping received 524288 bytes back
Round trip time was 1.8614 milliseconds in repetition 268
Message size: 8
tcp_ping received 524288 bytes back
Round trip time was 1.9021 milliseconds in repetition 269
Message size: 8
tcp_ping received 524288 bytes back
Round trip time was 3.3344 milliseconds in repetition 270
Message size: 8
tcp_ping received 524288 bytes back
Round trip time was 2.2226 milliseconds in repetition 271
Message size: 8
tcp_ping received 524288 bytes back
Round trip time was 1.7638 milliseconds in repetition 272
Message size: 8
tcp_ping received 524288 bytes back
Round trip time was 1.8103 milliseconds in repetition 273
Message size: 8
tcp_ping received 524288 bytes back
Round trip time was 1.8061 milliseconds in repetition 274
Message size: 8
tcp_ping received 524288 bytes back
Round trip time was 2.0267 milliseconds in repetition 275
Message size: 8
tcp_ping received 524288 bytes back
Round trip time was 1.9218 milliseconds in repetition 276
Message size: 8
tcp_ping received 524288 bytes back
Round trip time was 1.9851 milliseconds in repetition 277
Message size: 8
tcp_ping received 524288 bytes back
Round trip time was 1.8085 milliseconds in repetition 278
Message size: 8
tcp_ping received 524288 bytes back
Round trip time was 1.8426 milliseconds in repetition 279
Message size: 8
tcp_ping received 524288 bytes back
Round trip time was 1.8917 milliseconds in repetition 280
Message size: 8
tcp_ping received 524288 bytes back
Round trip time was 1.8322 milliseconds in repetition 281
Message size: 8
tcp_ping received 524288 bytes back
Round trip time was 1.8374 milliseconds in repetition 282
Message size: 8
tcp_ping received 524288 bytes back
Round trip time was 1.8496 milliseconds in repetition 283
Message size: 8
tcp_ping received 524288 bytes back
Round trip time was 1.975 milliseconds in repetition 284
Message size: 8
tcp_ping received 524288 bytes back
Round trip time was 1.9053 milliseconds in repetition 285
Message size: 8
tcp_ping received 524288 bytes back
Round trip time was 1.8636 milliseconds in repetition 286
Message size: 8
tcp_ping received 524288 bytes back
Round trip time was 1.9161 milliseconds in repetition 287
Message size: 8
tcp_ping received 524288 bytes back
Round trip time was 1.8917 milliseconds in repetition 288
Message size: 8
tcp_ping received 524288 bytes back
Round trip time was 1.8973 milliseconds in repetition 289
Message size: 8
tcp_ping received 524288 bytes back
Round trip time was 1.8641 milliseconds in repetition 290
Message size: 8
tcp_ping received 524288 bytes back
Round trip time was 1.9722 milliseconds in repetition 291
Message size: 8
tcp_ping received 524288 bytes back
Round trip time was 1.9458 milliseconds in repetition 292
Message size: 8
tcp_ping received 524288 bytes back
Round trip time was 1.7359 milliseconds in repetition 293
Message size: 8
tcp_ping received 524288 bytes back
Round trip time was 1.8058 milliseconds in repetition 294
Message size: 8
tcp_ping received 524288 bytes back
Round trip time was 1.649 milliseconds in repetition 295
Message size: 8
tcp_ping received 524288 bytes back
Round trip time was 1.8991 milliseconds in repetition 296
Message size: 8
tcp_ping received 524288 bytes back
Round trip time was 1.9085 milliseconds in repetition 297
Message size: 8
tcp_ping received 524288 bytes back
Round trip time was 1.7804 milliseconds in repetition 298
Message size: 8
tcp_ping received 524288 bytes back
Round trip time was 1.8548 milliseconds in repetition 299
Message size: 8
tcp_ping received 524288 bytes back
Round trip time was 2.3892 milliseconds in repetition 300
Message size: 8
tcp_ping received 524288 bytes back
Round trip time was 1.9049 milliseconds in repetition 301
Message size: 8
tcp_ping received 524288 bytes back
Round trip time was 1.7866 milliseconds in repetition 302
Message size: 8
tcp_ping received 524288 bytes back
Round trip time was 1.6499 milliseconds in repetition 303
Message size: 8
tcp_ping received 524288 bytes back
Round trip time was 1.7509 milliseconds in repetition 304
Message size: 8
tcp_ping received 524288 bytes back
Round trip time was 1.7116 milliseconds in repetition 305
Message size: 8
tcp_ping received 524288 bytes back
Round trip time was 1.8812 milliseconds in repetition 306
Message size: 8
tcp_ping received 524288 bytes back
Round trip time was 2.2008 milliseconds in repetition 307
Message size: 8
tcp_ping received 524288 bytes back
Round trip time was 2.0388 milliseconds in repetition 308
Message size: 8
tcp_ping received 524288 bytes back
Round trip time was 1.9429 milliseconds in repetition 309
Message size: 8
tcp_ping received 524288 bytes back
Round trip time was 1.8908 milliseconds in repetition 310
Message size: 8
tcp_ping received 524288 bytes back
Round trip time was 2.1233 milliseconds in repetition 311
Message size: 8
tcp_ping received 524288 bytes back
Round trip time was 1.9146 milliseconds in repetition 312
Message size: 8
tcp_ping received 524288 bytes back
Round trip time was 1.7805 milliseconds in repetition 313
Message size: 8
tcp_ping received 524288 bytes back
Round trip time was 1.6953 milliseconds in repetition 314
Message size: 8
tcp_ping received 524288 bytes back
Round trip time was 2.2668 milliseconds in repetition 315
Message size: 8
tcp_ping received 524288 bytes back
Round trip time was 1.8522 milliseconds in repetition 316
Message size: 8
tcp_ping received 524288 bytes back
Round trip time was 1.7601 milliseconds in repetition 317
Message size: 8
tcp_ping received 524288 bytes back
Round trip time was 1.8247 milliseconds in repetition 318
Message size: 8
tcp_ping received 524288 bytes back
Round trip time was 1.8594 milliseconds in repetition 319
Message size: 8
tcp_ping received 524288 bytes back
Round trip time was 1.7541 milliseconds in repetition 320
Message size: 8
tcp_ping received 524288 bytes back
Round trip time was 1.8107 milliseconds in repetition 321
Message size: 8
tcp_ping received 524288 bytes back
Round trip time was 2.007 milliseconds in repetition 322
Message size: 8
tcp_ping received 524288 bytes back
Round trip time was 1.8116 milliseconds in repetition 323
Message size: 8
tcp_ping received 524288 bytes back
Round trip time was 1.7995 milliseconds in repetition 324
Message size: 8
tcp_ping received 524288 bytes back
Round trip time was 1.8278 milliseconds in repetition 325
Message size: 8
tcp_ping received 524288 bytes back
Round trip time was 1.8424 milliseconds in repetition 326
Message size: 8
tcp_ping received 524288 bytes back
Round trip time was 1.8528 milliseconds in repetition 327
Message size: 8
tcp_ping received 524288 bytes back
Round trip time was 1.8316 milliseconds in repetition 328
Message size: 8
tcp_ping received 524288 bytes back
Round trip time was 1.8673 milliseconds in repetition 329
Message size: 8
tcp_ping received 524288 bytes back
Round trip time was 1.8667 milliseconds in repetition 330
Message size: 8
tcp_ping received 524288 bytes back
Round trip time was 1.945 milliseconds in repetition 331
Message size: 8
tcp_ping received 524288 bytes back
Round trip time was 1.8444 milliseconds in repetition 332
Message size: 8
tcp_ping received 524288 bytes back
Round trip time was 1.8377 milliseconds in repetition 333
Message size: 8
tcp_ping received 524288 bytes back
Round trip time was 1.9116 milliseconds in repetition 334
Message size: 8
tcp_ping received 524288 bytes back
Round trip time was 1.8614 milliseconds in repetition 335
Message size: 8
tcp_ping received 524288 bytes back
Round trip time was 2.2525 milliseconds in repetition 336
Message size: 8
tcp_ping received 524288 bytes back
Round trip time was 1.8117 milliseconds in repetition 337
Message size: 8
tcp_ping received 524288 bytes back
Round trip time was 1.9059 milliseconds in repetition 338
Message size: 8
tcp_ping received 524288 bytes back
Round trip time was 2.0307 milliseconds in repetition 339
Message size: 8
tcp_ping received 524288 bytes back
Round trip time was 1.8608 milliseconds in repetition 340
Message size: 8
tcp_ping received 524288 bytes back
Round trip time was 1.954 milliseconds in repetition 341
Message size: 8
tcp_ping received 524288 bytes back
Round trip time was 1.8304 milliseconds in repetition 342
Message size: 8
tcp_ping received 524288 bytes back
Round trip time was 1.8792 milliseconds in repetition 343
Message size: 8
tcp_ping received 524288 bytes back
Round trip time was 1.8637 milliseconds in repetition 344
Message size: 8
tcp_ping received 524288 bytes back
Round trip time was 1.7499 milliseconds in repetition 345
Message size: 8
tcp_ping received 524288 bytes back
Round trip time was 2.0622 milliseconds in repetition 346
Message size: 8
tcp_ping received 524288 bytes back
Round trip time was 1.8578 milliseconds in repetition 347
Message size: 8
tcp_ping received 524288 bytes back
Round trip time was 1.802 milliseconds in repetition 348
Message size: 8
tcp_ping received 524288 bytes back
Round trip time was 1.8839 milliseconds in repetition 349
Message size: 8
tcp_ping received 524288 bytes back
Round trip time was 1.8533 milliseconds in repetition 350
Message size: 8
tcp_ping received 524288 bytes back
Round trip time was 1.8248 milliseconds in repetition 351
Message size: 8
tcp_ping received 524288 bytes back
Round trip time was 1.9168 milliseconds in repetition 352
Message size: 8
tcp_ping received 524288 bytes back
Round trip time was 1.8878 milliseconds in repetition 353
Message size: 8
tcp_ping received 524288 bytes back
Round trip time was 1.9172 milliseconds in repetition 354
Message size: 8
tcp_ping received 524288 bytes back
Round trip time was 1.8427 milliseconds in repetition 355
Message size: 8
tcp_ping received 524288 bytes back
Round trip time was 1.7987 milliseconds in repetition 356
Message size: 8
tcp_ping received 524288 bytes back
Round trip time was 1.9452 milliseconds in repetition 357
Message size: 8
tcp_ping received 524288 bytes back
Round trip time was 1.8572 milliseconds in repetition 358
Message size: 8
tcp_ping received 524288 bytes back
Round trip time was 1.8659 milliseconds in repetition 359
Message size: 8
tcp_ping received 524288 bytes back
Round trip time was 1.8241 milliseconds in repetition 360
Message size: 8
tcp_ping received 524288 bytes back
Round trip time was 2.2702 milliseconds in repetition 361
Message size: 8
tcp_ping received 524288 bytes back
Round trip time was 1.9287 milliseconds in repetition 362
Message size: 8
tcp_ping received 524288 bytes back
Round trip time was 1.85 milliseconds in repetition 363
Message size: 8
tcp_ping received 524288 bytes back
Round trip time was 1.8496 milliseconds in repetition 364
Message size: 8
tcp_ping received 524288 bytes back
Round trip time was 1.8166 milliseconds in repetition 365
Message size: 8
tcp_ping received 524288 bytes back
Round trip time was 1.9001 milliseconds in repetition 366
Message size: 8
tcp_ping received 524288 bytes back
Round trip time was 1.8755 milliseconds in repetition 367
Message size: 8
tcp_ping received 524288 bytes back
Round trip time was 1.8915 milliseconds in repetition 368
Message size: 8
tcp_ping received 524288 bytes back
Round trip time was 1.8816 milliseconds in repetition 369
Message size: 8
tcp_ping received 524288 bytes back
Round trip time was 2.1477 milliseconds in repetition 370
Message size: 8
tcp_ping received 524288 bytes back
Round trip time was 1.9627 milliseconds in repetition 371
Message size: 8
tcp_ping received 524288 bytes back
Round trip time was 1.8635 milliseconds in repetition 372
Message size: 8
tcp_ping received 524288 bytes back
Round trip time was 1.9694 milliseconds in repetition 373
Message size: 8
tcp_ping received 524288 bytes back
Round trip time was 1.9178 milliseconds in repetition 374
Message size: 8
tcp_ping received 524288 bytes back
Round trip time was 1.8727 milliseconds in repetition 375
Message size: 8
tcp_ping received 524288 bytes back
Round trip time was 2.0037 milliseconds in repetition 376
Message size: 8
tcp_ping received 524288 bytes back
Round trip time was 2.2759 milliseconds in repetition 377
Message size: 8
tcp_ping received 524288 bytes back
Round trip time was 1.8851 milliseconds in repetition 378
Message size: 8
tcp_ping received 524288 bytes back
Round trip time was 1.7497 milliseconds in repetition 379
Message size: 8
tcp_ping received 524288 bytes back
Round trip time was 1.8 milliseconds in repetition 380
Message size: 8
tcp_ping received 524288 bytes back
Round trip time was 1.8953 milliseconds in repetition 381
Message size: 8
tcp_ping received 524288 bytes back
Round trip time was 1.8789 milliseconds in repetition 382
Message size: 8
tcp_ping received 524288 bytes back
Round trip time was 1.9173 milliseconds in repetition 383
Message size: 8
tcp_ping received 524288 bytes back
Round trip time was 1.8698 milliseconds in repetition 384
Message size: 8
tcp_ping received 524288 bytes back
Round trip time was 1.9875 milliseconds in repetition 385
Message size: 8
tcp_ping received 524288 bytes back
Round trip time was 1.9201 milliseconds in repetition 386
Message size: 8
tcp_ping received 524288 bytes back
Round trip time was 1.7236 milliseconds in repetition 387
Message size: 8
tcp_ping received 524288 bytes back
Round trip time was 1.6951 milliseconds in repetition 388
Message size: 8
tcp_ping received 524288 bytes back
Round trip time was 1.8889 milliseconds in repetition 389
Message size: 8
tcp_ping received 524288 bytes back
Round trip time was 1.8332 milliseconds in repetition 390
Message size: 8
tcp_ping received 524288 bytes back
Round trip time was 1.8442 milliseconds in repetition 391
Message size: 8
tcp_ping received 524288 bytes back
Round trip time was 2.0136 milliseconds in repetition 392
Message size: 8
tcp_ping received 524288 bytes back
Round trip time was 2.1184 milliseconds in repetition 393
Message size: 8
tcp_ping received 524288 bytes back
Round trip time was 2.5509 milliseconds in repetition 394
Message size: 8
tcp_ping received 524288 bytes back
Round trip time was 1.6945 milliseconds in repetition 395
Message size: 8
tcp_ping received 524288 bytes back
Round trip time was 1.8642 milliseconds in repetition 396
Message size: 8
tcp_ping received 524288 bytes back
Round trip time was 1.9145 milliseconds in repetition 397
Message size: 8
tcp_ping received 524288 bytes back
Round trip time was 1.7646 milliseconds in repetition 398
Message size: 8
tcp_ping received 524288 bytes back
Round trip time was 1.8709 milliseconds in repetition 399
Message size: 8
tcp_ping received 524288 bytes back
Round trip time was 1.7482 milliseconds in repetition 400
Message size: 8
tcp_ping received 524288 bytes back
Round trip time was 2.0648 milliseconds in repetition 401
Message size: 8
tcp_ping received 524288 bytes back
Round trip time was 1.9617 milliseconds in repetition 402
Message size: 8
tcp_ping received 524288 bytes back
Round trip time was 1.8124 milliseconds in repetition 403
Message size: 8
tcp_ping received 524288 bytes back
Round trip time was 1.8162 milliseconds in repetition 404
Message size: 8
tcp_ping received 524288 bytes back
Round trip time was 1.843 milliseconds in repetition 405
Message size: 8
tcp_ping received 524288 bytes back
Round trip time was 1.8111 milliseconds in repetition 406
Message size: 8
tcp_ping received 524288 bytes back
Round trip time was 1.7861 milliseconds in repetition 407
Message size: 8
tcp_ping received 524288 bytes back
Round trip time was 1.839 milliseconds in repetition 408
Message size: 8
tcp_ping received 524288 bytes back
Round trip time was 2.147 milliseconds in repetition 409
Message size: 8
tcp_ping received 524288 bytes back
Round trip time was 1.9382 milliseconds in repetition 410
Message size: 8
tcp_ping received 524288 bytes back
Round trip time was 1.9609 milliseconds in repetition 411
Message size: 8
tcp_ping received 524288 bytes back
Round trip time was 1.9981 milliseconds in repetition 412
Message size: 8
tcp_ping received 524288 bytes back
Round trip time was 1.9985 milliseconds in repetition 413
Message size: 8
tcp_ping received 524288 bytes back
Round trip time was 1.8571 milliseconds in repetition 414
Message size: 8
tcp_ping received 524288 bytes back
Round trip time was 1.9817 milliseconds in repetition 415
Message size: 8
tcp_ping received 524288 bytes back
Round trip time was 2.3103 milliseconds in repetition 416
Message size: 8
tcp_ping received 524288 bytes back
Round trip time was 2.7069 milliseconds in repetition 417
Message size: 8
tcp_ping received 524288 bytes back
Round trip time was 2.1841 milliseconds in repetition 418
Message size: 8
tcp_ping received 524288 bytes back
Round trip time was 2.203 milliseconds in repetition 419
Message size: 8
tcp_ping received 524288 bytes back
Round trip time was 2.2771 milliseconds in repetition 420
Message size: 8
tcp_ping received 524288 bytes back
Round trip time was 1.7267 milliseconds in repetition 421
Message size: 8
tcp_ping received 524288 bytes back
Round trip time was 1.7256 milliseconds in repetition 422
Message size: 8
tcp_ping received 524288 bytes back
Round trip time was 1.8763 milliseconds in repetition 423
Message size: 8
tcp_ping received 524288 bytes back
Round trip time was 2.0524 milliseconds in repetition 424
Message size: 8
tcp_ping received 524288 bytes back
Round trip time was 1.8119 milliseconds in repetition 425
Message size: 8
tcp_ping received 524288 bytes back
Round trip time was 1.9741 milliseconds in repetition 426
Message size: 8
tcp_ping received 524288 bytes back
Round trip time was 1.7978 milliseconds in repetition 427
Message size: 8
tcp_ping received 524288 bytes back
Round trip time was 1.7586 milliseconds in repetition 428
Message size: 8
tcp_ping received 524288 bytes back
Round trip time was 1.7632 milliseconds in repetition 429
Message size: 8
tcp_ping received 524288 bytes back
Round trip time was 1.8032 milliseconds in repetition 430
Message size: 8
tcp_ping received 524288 bytes back
Round trip time was 1.8058 milliseconds in repetition 431
Message size: 8
tcp_ping received 524288 bytes back
Round trip time was 1.9164 milliseconds in repetition 432
Message size: 8
tcp_ping received 524288 bytes back
Round trip time was 1.7568 milliseconds in repetition 433
Message size: 8
tcp_ping received 524288 bytes back
Round trip time was 1.8039 milliseconds in repetition 434
Message size: 8
tcp_ping received 524288 bytes back
Round trip time was 1.9398 milliseconds in repetition 435
Message size: 8
tcp_ping received 524288 bytes back
Round trip time was 1.8159 milliseconds in repetition 436
Message size: 8
tcp_ping received 524288 bytes back
Round trip time was 1.7924 milliseconds in repetition 437
Message size: 8
tcp_ping received 524288 bytes back
Round trip time was 1.9366 milliseconds in repetition 438
Message size: 8
tcp_ping received 524288 bytes back
Round trip time was 1.8686 milliseconds in repetition 439
Message size: 8
tcp_ping received 524288 bytes back
Round trip time was 2.0161 milliseconds in repetition 440
Message size: 8
tcp_ping received 524288 bytes back
Round trip time was 1.865 milliseconds in repetition 441
Message size: 8
tcp_ping received 524288 bytes back
Round trip time was 1.8777 milliseconds in repetition 442
Message size: 8
tcp_ping received 524288 bytes back
Round trip time was 1.8839 milliseconds in repetition 443
Message size: 8
tcp_ping received 524288 bytes back
Round trip time was 1.8336 milliseconds in repetition 444
Message size: 8
tcp_ping received 524288 bytes back
Round trip time was 1.875 milliseconds in repetition 445
Message size: 8
tcp_ping received 524288 bytes back
Round trip time was 1.8863 milliseconds in repetition 446
Message size: 8
tcp_ping received 524288 bytes back
Round trip time was 1.9035 milliseconds in repetition 447
Message size: 8
tcp_ping received 524288 bytes back
Round trip time was 1.8195 milliseconds in repetition 448
Message size: 8
tcp_ping received 524288 bytes back
Round trip time was 1.8666 milliseconds in repetition 449
Message size: 8
tcp_ping received 524288 bytes back
Round trip time was 1.9015 milliseconds in repetition 450
Message size: 8
tcp_ping received 524288 bytes back
Round trip time was 1.8623 milliseconds in repetition 451
Message size: 8
tcp_ping received 524288 bytes back
Round trip time was 1.9333 milliseconds in repetition 452
Message size: 8
tcp_ping received 524288 bytes back
Round trip time was 1.8566 milliseconds in repetition 453
Message size: 8
tcp_ping received 524288 bytes back
Round trip time was 1.8998 milliseconds in repetition 454
Message size: 8
tcp_ping received 524288 bytes back
Round trip time was 1.8956 milliseconds in repetition 455
Message size: 8
tcp_ping received 524288 bytes back
Round trip time was 1.951 milliseconds in repetition 456
Message size: 8
tcp_ping received 524288 bytes back
Round trip time was 1.8675 milliseconds in repetition 457
Message size: 8
tcp_ping received 524288 bytes back
Round trip time was 1.8724 milliseconds in repetition 458
Message size: 8
tcp_ping received 524288 bytes back
Round trip time was 1.8623 milliseconds in repetition 459
Message size: 8
tcp_ping received 524288 bytes back
Round trip time was 1.8489 milliseconds in repetition 460
Message size: 8
tcp_ping received 524288 bytes back
Round trip time was 1.92 milliseconds in repetition 461
Message size: 8
tcp_ping received 524288 bytes back
Round trip time was 1.8598 milliseconds in repetition 462
Message size: 8
tcp_ping received 524288 bytes back
Round trip time was 1.9314 milliseconds in repetition 463
Message size: 8
tcp_ping received 524288 bytes back
Round trip time was 1.8659 milliseconds in repetition 464
Message size: 8
tcp_ping received 524288 bytes back
Round trip time was 1.8873 milliseconds in repetition 465
Message size: 8
tcp_ping received 524288 bytes back
Round trip time was 1.9059 milliseconds in repetition 466
Message size: 8
tcp_ping received 524288 bytes back
Round trip time was 1.8914 milliseconds in repetition 467
Message size: 8
tcp_ping received 524288 bytes back
Round trip time was 1.8625 milliseconds in repetition 468
Message size: 8
tcp_ping received 524288 bytes back
Round trip time was 1.8703 milliseconds in repetition 469
Message size: 8
tcp_ping received 524288 bytes back
Round trip time was 1.9471 milliseconds in repetition 470
Message size: 8
tcp_ping received 524288 bytes back
Round trip time was 3.0618 milliseconds in repetition 471
Message size: 8
tcp_ping received 524288 bytes back
Round trip time was 3.02 milliseconds in repetition 472
Message size: 8
tcp_ping received 524288 bytes back
Round trip time was 2.418 milliseconds in repetition 473
Message size: 8
tcp_ping received 524288 bytes back
Round trip time was 1.9712 milliseconds in repetition 474
Message size: 8
tcp_ping received 524288 bytes back
Round trip time was 1.7972 milliseconds in repetition 475
Message size: 8
tcp_ping received 524288 bytes back
Round trip time was 1.8215 milliseconds in repetition 476
Message size: 8
tcp_ping received 524288 bytes back
Round trip time was 2 milliseconds in repetition 477
Message size: 8
tcp_ping received 524288 bytes back
Round trip time was 2.0207 milliseconds in repetition 478
Message size: 8
tcp_ping received 524288 bytes back
Round trip time was 1.8094 milliseconds in repetition 479
Message size: 8
tcp_ping received 524288 bytes back
Round trip time was 2.1101 milliseconds in repetition 480
Message size: 8
tcp_ping received 524288 bytes back
Round trip time was 2.0083 milliseconds in repetition 481
Message size: 8
tcp_ping received 524288 bytes back
Round trip time was 1.823 milliseconds in repetition 482
Message size: 8
tcp_ping received 524288 bytes back
Round trip time was 1.7916 milliseconds in repetition 483
Message size: 8
tcp_ping received 524288 bytes back
Round trip time was 1.7072 milliseconds in repetition 484
Message size: 8
tcp_ping received 524288 bytes back
Round trip time was 2.0352 milliseconds in repetition 485
Message size: 8
tcp_ping received 524288 bytes back
Round trip time was 2.0252 milliseconds in repetition 486
Message size: 8
tcp_ping received 524288 bytes back
Round trip time was 1.6534 milliseconds in repetition 487
Message size: 8
tcp_ping received 524288 bytes back
Round trip time was 1.7711 milliseconds in repetition 488
Message size: 8
tcp_ping received 524288 bytes back
Round trip time was 1.7522 milliseconds in repetition 489
Message size: 8
tcp_ping received 524288 bytes back
Round trip time was 1.8724 milliseconds in repetition 490
Message size: 8
tcp_ping received 524288 bytes back
Round trip time was 1.9094 milliseconds in repetition 491
Message size: 8
tcp_ping received 524288 bytes back
Round trip time was 1.8027 milliseconds in repetition 492
Message size: 8
tcp_ping received 524288 bytes back
Round trip time was 1.8224 milliseconds in repetition 493
Message size: 8
tcp_ping received 524288 bytes back
Round trip time was 2.0591 milliseconds in repetition 494
Message size: 8
tcp_ping received 524288 bytes back
Round trip time was 2.3337 milliseconds in repetition 495
Message size: 8
tcp_ping received 524288 bytes back
Round trip time was 2.0705 milliseconds in repetition 496
Message size: 8
tcp_ping received 524288 bytes back
Round trip time was 2.0639 milliseconds in repetition 497
Message size: 8
tcp_ping received 524288 bytes back
Round trip time was 2.0286 milliseconds in repetition 498
Message size: 8
tcp_ping received 524288 bytes back
Round trip time was 1.9858 milliseconds in repetition 499
Message size: 8
tcp_ping received 524288 bytes back
Round trip time was 2.5664 milliseconds in repetition 500
Message size: 8
tcp_ping received 524288 bytes back
Round trip time was 2.1194 milliseconds in repetition 501

 ... clock resolution was 1e-06
TCP Ping:  Statistics over 501 repetitions of 524288 byte messages

RTT : percentile 10: 1.7921, median: 1.8675, percentile 90: 2.0757, average: 1.91864, variance: 0.0368418

RTT histogram:
1.649 3
1.73694 36
1.82489 215
1.91283 138
2.00078 49
2.08872 20
2.17667 11
2.26461 9
2.35256 6
2.4405 4
2.52845 2
2.61639 2
2.70434 1
2.79228 0
2.88023 0
2.96817 0
3.05612 3
3.14407 0
3.23201 0
3.31996 1
3.4079 1

   median Throughput : 561486 KB/s   overall Throughput : 546521 KB/s

