TCP Ping trying to connect to server localhost (127.0.0.1) on port 1491
Connected with the server
 ... connected to Pong server: asking for 501 repetitions of 131072 bytes TCP messages
 ... Pong server agreed :-)
Message size: 8
tcp_ping received 131072 bytes back
Round trip time was 0.5874 milliseconds in repetition 1
Message size: 8
tcp_ping received 131072 bytes back
Round trip time was 57.312 milliseconds in repetition 2
Message size: 8
tcp_ping received 131072 bytes back
Round trip time was 0.5963 milliseconds in repetition 3
Message size: 8
tcp_ping received 131072 bytes back
Round trip time was 0.9856 milliseconds in repetition 4
Message size: 8
tcp_ping received 131072 bytes back
Round trip time was 1.0489 milliseconds in repetition 5
Message size: 8
tcp_ping received 131072 bytes back
Round trip time was 1.0571 milliseconds in repetition 6
Message size: 8
tcp_ping received 131072 bytes back
Round trip time was 0.6961 milliseconds in repetition 7
Message size: 8
tcp_ping received 131072 bytes back
Round trip time was 0.6417 milliseconds in repetition 8
Message size: 8
tcp_ping received 131072 bytes back
Round trip time was 0.5859 milliseconds in repetition 9
Message size: 8
tcp_ping received 131072 bytes back
Round trip time was 0.6372 milliseconds in repetition 10
Message size: 8
tcp_ping received 131072 bytes back
Round trip time was 0.5033 milliseconds in repetition 11
Message size: 8
tcp_ping received 131072 bytes back
Round trip time was 0.5282 milliseconds in repetition 12
Message size: 8
tcp_ping received 131072 bytes back
Round trip time was 0.7957 milliseconds in repetition 13
Message size: 8
tcp_ping received 131072 bytes back
Round trip time was 0.6967 milliseconds in repetition 14
Message size: 8
tcp_ping received 131072 bytes back
Round trip time was 0.675 milliseconds in repetition 15
Message size: 8
tcp_ping received 131072 bytes back
Round trip time was 0.6529 milliseconds in repetition 16
Message size: 8
tcp_ping received 131072 bytes back
Round trip time was 0.6066 milliseconds in repetition 17
Message size: 8
tcp_ping received 131072 bytes back
Round trip time was 0.6173 milliseconds in repetition 18
Message size: 8
tcp_ping received 131072 bytes back
Round trip time was 0.6131 milliseconds in repetition 19
Message size: 8
tcp_ping received 131072 bytes back
Round trip time was 0.5887 milliseconds in repetition 20
Message size: 8
tcp_ping received 131072 bytes back
Round trip time was 0.611101 milliseconds in repetition 21
Message size: 8
tcp_ping received 131072 bytes back
Round trip time was 0.5532 milliseconds in repetition 22
Message size: 8
tcp_ping received 131072 bytes back
Round trip time was 0.6434 milliseconds in repetition 23
Message size: 8
tcp_ping received 131072 bytes back
Round trip time was 0.5761 milliseconds in repetition 24
Message size: 8
tcp_ping received 131072 bytes back
Round trip time was 0.577 milliseconds in repetition 25
Message size: 8
tcp_ping received 131072 bytes back
Round trip time was 0.5803 milliseconds in repetition 26
Message size: 8
tcp_ping received 131072 bytes back
Round trip time was 0.5472 milliseconds in repetition 27
Message size: 8
tcp_ping received 131072 bytes back
Round trip time was 0.5724 milliseconds in repetition 28
Message size: 8
tcp_ping received 131072 bytes back
Round trip time was 0.5998 milliseconds in repetition 29
Message size: 8
tcp_ping received 131072 bytes back
Round trip time was 0.5789 milliseconds in repetition 30
Message size: 8
tcp_ping received 131072 bytes back
Round trip time was 0.6098 milliseconds in repetition 31
Message size: 8
tcp_ping received 131072 bytes back
Round trip time was 0.6397 milliseconds in repetition 32
Message size: 8
tcp_ping received 131072 bytes back
Round trip time was 0.5832 milliseconds in repetition 33
Message size: 8
tcp_ping received 131072 bytes back
Round trip time was 0.6528 milliseconds in repetition 34
Message size: 8
tcp_ping received 131072 bytes back
Round trip time was 0.5501 milliseconds in repetition 35
Message size: 8
tcp_ping received 131072 bytes back
Round trip time was 0.5517 milliseconds in repetition 36
Message size: 8
tcp_ping received 131072 bytes back
Round trip time was 0.6173 milliseconds in repetition 37
Message size: 8
tcp_ping received 131072 bytes back
Round trip time was 0.5112 milliseconds in repetition 38
Message size: 8
tcp_ping received 131072 bytes back
Round trip time was 0.515 milliseconds in repetition 39
Message size: 8
tcp_ping received 131072 bytes back
Round trip time was 0.5327 milliseconds in repetition 40
Message size: 8
tcp_ping received 131072 bytes back
Round trip time was 0.473 milliseconds in repetition 41
Message size: 8
tcp_ping received 131072 bytes back
Round trip time was 0.5143 milliseconds in repetition 42
Message size: 8
tcp_ping received 131072 bytes back
Round trip time was 0.513 milliseconds in repetition 43
Message size: 8
tcp_ping received 131072 bytes back
Round trip time was 0.5229 milliseconds in repetition 44
Message size: 8
tcp_ping received 131072 bytes back
Round trip time was 0.6121 milliseconds in repetition 45
Message size: 8
tcp_ping received 131072 bytes back
Round trip time was 1.0389 milliseconds in repetition 46
Message size: 8
tcp_ping received 131072 bytes back
Round trip time was 0.5948 milliseconds in repetition 47
Message size: 8
tcp_ping received 131072 bytes back
Round trip time was 0.5194 milliseconds in repetition 48
Message size: 8
tcp_ping received 131072 bytes back
Round trip time was 0.5302 milliseconds in repetition 49
Message size: 8
tcp_ping received 131072 bytes back
Round trip time was 0.5463 milliseconds in repetition 50
Message size: 8
tcp_ping received 131072 bytes back
Round trip time was 0.5131 milliseconds in repetition 51
Message size: 8
tcp_ping received 131072 bytes back
Round trip time was 0.4715 milliseconds in repetition 52
Message size: 8
tcp_ping received 131072 bytes back
Round trip time was 0.5106 milliseconds in repetition 53
Message size: 8
tcp_ping received 131072 bytes back
Round trip time was 0.4722 milliseconds in repetition 54
Message size: 8
tcp_ping received 131072 bytes back
Round trip time was 0.5126 milliseconds in repetition 55
Message size: 8
tcp_ping received 131072 bytes back
Round trip time was 0.5123 milliseconds in repetition 56
Message size: 8
tcp_ping received 131072 bytes back
Round trip time was 0.5414 milliseconds in repetition 57
Message size: 8
tcp_ping received 131072 bytes back
Round trip time was 0.4753 milliseconds in repetition 58
Message size: 8
tcp_ping received 131072 bytes back
Round trip time was 0.5087 milliseconds in repetition 59
Message size: 8
tcp_ping received 131072 bytes back
Round trip time was 0.6427 milliseconds in repetition 60
Message size: 8
tcp_ping received 131072 bytes back
Round trip time was 0.6053 milliseconds in repetition 61
Message size: 8
tcp_ping received 131072 bytes back
Round trip time was 0.4941 milliseconds in repetition 62
Message size: 8
tcp_ping received 131072 bytes back
Round trip time was 0.469 milliseconds in repetition 63
Message size: 8
tcp_ping received 131072 bytes back
Round trip time was 0.5131 milliseconds in repetition 64
Message size: 8
tcp_ping received 131072 bytes back
Round trip time was 0.4842 milliseconds in repetition 65
Message size: 8
tcp_ping received 131072 bytes back
Round trip time was 0.5068 milliseconds in repetition 66
Message size: 8
tcp_ping received 131072 bytes back
Round trip time was 0.4657 milliseconds in repetition 67
Message size: 8
tcp_ping received 131072 bytes back
Round trip time was 0.4977 milliseconds in repetition 68
Message size: 8
tcp_ping received 131072 bytes back
Round trip time was 0.464 milliseconds in repetition 69
Message size: 8
tcp_ping received 131072 bytes back
Round trip time was 0.5028 milliseconds in repetition 70
Message size: 8
tcp_ping received 131072 bytes back
Round trip time was 0.5801 milliseconds in repetition 71
Message size: 8
tcp_ping received 131072 bytes back
Round trip time was 0.4694 milliseconds in repetition 72
Message size: 8
tcp_ping received 131072 bytes back
Round trip time was 0.4956 milliseconds in repetition 73
Message size: 8
tcp_ping received 131072 bytes back
Round trip time was 0.5647 milliseconds in repetition 74
Message size: 8
tcp_ping received 131072 bytes back
Round trip time was 1.6691 milliseconds in repetition 75
Message size: 8
tcp_ping received 131072 bytes back
Round trip time was 0.7614 milliseconds in repetition 76
Message size: 8
tcp_ping received 131072 bytes back
Round trip time was 0.6683 milliseconds in repetition 77
Message size: 8
tcp_ping received 131072 bytes back
Round trip time was 0.5613 milliseconds in repetition 78
Message size: 8
tcp_ping received 131072 bytes back
Round trip time was 0.6915 milliseconds in repetition 79
Message size: 8
tcp_ping received 131072 bytes back
Round trip time was 0.6408 milliseconds in repetition 80
Message size: 8
tcp_ping received 131072 bytes back
Round trip time was 0.6304 milliseconds in repetition 81
Message size: 8
tcp_ping received 131072 bytes back
Round trip time was 0.5282 milliseconds in repetition 82
Message size: 8
tcp_ping received 131072 bytes back
Round trip time was 0.6233 milliseconds in repetition 83
Message size: 8
tcp_ping received 131072 bytes back
Round trip time was 0.5645 milliseconds in repetition 84
Message size: 8
tcp_ping received 131072 bytes back
Round trip time was 0.4932 milliseconds in repetition 85
Message size: 8
tcp_ping received 131072 bytes back
Round trip time was 0.5732 milliseconds in repetition 86
Message size: 8
tcp_ping received 131072 bytes back
Round trip time was 0.5228 milliseconds in repetition 87
Message size: 8
tcp_ping received 131072 bytes back
Round trip time was 0.5184 milliseconds in repetition 88
Message size: 8
tcp_ping received 131072 bytes back
Round trip time was 0.5257 milliseconds in repetition 89
Message size: 8
tcp_ping received 131072 bytes back
Round trip time was 0.6518 milliseconds in repetition 90
Message size: 8
tcp_ping received 131072 bytes back
Round trip time was 0.5114 milliseconds in repetition 91
Message size: 8
tcp_ping received 131072 bytes back
Round trip time was 0.5336 milliseconds in repetition 92
Message size: 8
tcp_ping received 131072 bytes back
Round trip time was 0.6624 milliseconds in repetition 93
Message size: 8
tcp_ping received 131072 bytes back
Round trip time was 0.5669 milliseconds in repetition 94
Message size: 8
tcp_ping received 131072 bytes back
Round trip time was 0.569 milliseconds in repetition 95
Message size: 8
tcp_ping received 131072 bytes back
Round trip time was 0.6698 milliseconds in repetition 96
Message size: 8
tcp_ping received 131072 bytes back
Round trip time was 0.6144 milliseconds in repetition 97
Message size: 8
tcp_ping received 131072 bytes back
Round trip time was 0.4978 milliseconds in repetition 98
Message size: 8
tcp_ping received 131072 bytes back
Round trip time was 0.5372 milliseconds in repetition 99
Message size: 8
tcp_ping received 131072 bytes back
Round trip time was 0.5146 milliseconds in repetition 100
Message size: 8
tcp_ping received 131072 bytes back
Round trip time was 0.5215 milliseconds in repetition 101
Message size: 8
tcp_ping received 131072 bytes back
Round trip time was 0.5144 milliseconds in repetition 102
Message size: 8
tcp_ping received 131072 bytes back
Round trip time was 0.8172 milliseconds in repetition 103
Message size: 8
tcp_ping received 131072 bytes back
Round trip time was 0.5949 milliseconds in repetition 104
Message size: 8
tcp_ping received 131072 bytes back
Round trip time was 0.5137 milliseconds in repetition 105
Message size: 8
tcp_ping received 131072 bytes back
Round trip time was 0.5778 milliseconds in repetition 106
Message size: 8
tcp_ping received 131072 bytes back
Round trip time was 0.5963 milliseconds in repetition 107
Message size: 8
tcp_ping received 131072 bytes back
Round trip time was 0.5651 milliseconds in repetition 108
Message size: 8
tcp_ping received 131072 bytes back
Round trip time was 0.5769 milliseconds in repetition 109
Message size: 8
tcp_ping received 131072 bytes back
Round trip time was 0.5162 milliseconds in repetition 110
Message size: 8
tcp_ping received 131072 bytes back
Round trip time was 0.6031 milliseconds in repetition 111
Message size: 8
tcp_ping received 131072 bytes back
Round trip time was 0.5664 milliseconds in repetition 112
Message size: 8
tcp_ping received 131072 bytes back
Round trip time was 0.4635 milliseconds in repetition 113
Message size: 8
tcp_ping received 131072 bytes back
Round trip time was 0.527 milliseconds in repetition 114
Message size: 8
tcp_ping received 131072 bytes back
Round trip time was 0.5063 milliseconds in repetition 115
Message size: 8
tcp_ping received 131072 bytes back
Round trip time was 0.5582 milliseconds in repetition 116
Message size: 8
tcp_ping received 131072 bytes back
Round trip time was 0.6148 milliseconds in repetition 117
Message size: 8
tcp_ping received 131072 bytes back
Round trip time was 0.5497 milliseconds in repetition 118
Message size: 8
tcp_ping received 131072 bytes back
Round trip time was 0.5604 milliseconds in repetition 119
Message size: 8
tcp_ping received 131072 bytes back
Round trip time was 0.638 milliseconds in repetition 120
Message size: 8
tcp_ping received 131072 bytes back
Round trip time was 0.5806 milliseconds in repetition 121
Message size: 8
tcp_ping received 131072 bytes back
Round trip time was 0.5673 milliseconds in repetition 122
Message size: 8
tcp_ping received 131072 bytes back
Round trip time was 0.5019 milliseconds in repetition 123
Message size: 8
tcp_ping received 131072 bytes back
Round trip time was 0.5282 milliseconds in repetition 124
Message size: 8
tcp_ping received 131072 bytes back
Round trip time was 0.5028 milliseconds in repetition 125
Message size: 8
tcp_ping received 131072 bytes back
Round trip time was 0.505 milliseconds in repetition 126
Message size: 8
tcp_ping received 131072 bytes back
Round trip time was 0.614701 milliseconds in repetition 127
Message size: 8
tcp_ping received 131072 bytes back
Round trip time was 0.7774 milliseconds in repetition 128
Message size: 8
tcp_ping received 131072 bytes back
Round trip time was 0.5791 milliseconds in repetition 129
Message size: 8
tcp_ping received 131072 bytes back
Round trip time was 0.5446 milliseconds in repetition 130
Message size: 8
tcp_ping received 131072 bytes back
Round trip time was 0.6023 milliseconds in repetition 131
Message size: 8
tcp_ping received 131072 bytes back
Round trip time was 0.5269 milliseconds in repetition 132
Message size: 8
tcp_ping received 131072 bytes back
Round trip time was 0.5164 milliseconds in repetition 133
Message size: 8
tcp_ping received 131072 bytes back
Round trip time was 0.526 milliseconds in repetition 134
Message size: 8
tcp_ping received 131072 bytes back
Round trip time was 0.6573 milliseconds in repetition 135
Message size: 8
tcp_ping received 131072 bytes back
Round trip time was 0.5415 milliseconds in repetition 136
Message size: 8
tcp_ping received 131072 bytes back
Round trip time was 0.5204 milliseconds in repetition 137
Message size: 8
tcp_ping received 131072 bytes back
Round trip time was 0.6508 milliseconds in repetition 138
Message size: 8
tcp_ping received 131072 bytes back
Round trip time was 0.5282 milliseconds in repetition 139
Message size: 8
tcp_ping received 131072 bytes back
Round trip time was 0.5304 milliseconds in repetition 140
Message size: 8
tcp_ping received 131072 bytes back
Round trip time was 0.5616 milliseconds in repetition 141
Message size: 8
tcp_ping received 131072 bytes back
Round trip time was 0.5533 milliseconds in repetition 142
Message size: 8
tcp_ping received 131072 bytes back
Round trip time was 0.567 milliseconds in repetition 143
Message size: 8
tcp_ping received 131072 bytes back
Round trip time was 0.6118 milliseconds in repetition 144
Message size: 8
tcp_ping received 131072 bytes back
Round trip time was 0.5761 milliseconds in repetition 145
Message size: 8
tcp_ping received 131072 bytes back
Round trip time was 0.5081 milliseconds in repetition 146
Message size: 8
tcp_ping received 131072 bytes back
Round trip time was 0.607 milliseconds in repetition 147
Message size: 8
tcp_ping received 131072 bytes back
Round trip time was 0.5645 milliseconds in repetition 148
Message size: 8
tcp_ping received 131072 bytes back
Round trip time was 0.6428 milliseconds in repetition 149
Message size: 8
tcp_ping received 131072 bytes back
Round trip time was 0.5905 milliseconds in repetition 150
Message size: 8
tcp_ping received 131072 bytes back
Round trip time was 0.8635 milliseconds in repetition 151
Message size: 8
tcp_ping received 131072 bytes back
Round trip time was 0.5578 milliseconds in repetition 152
Message size: 8
tcp_ping received 131072 bytes back
Round trip time was 0.5431 milliseconds in repetition 153
Message size: 8
tcp_ping received 131072 bytes back
Round trip time was 0.4671 milliseconds in repetition 154
Message size: 8
tcp_ping received 131072 bytes back
Round trip time was 0.5211 milliseconds in repetition 155
Message size: 8
tcp_ping received 131072 bytes back
Round trip time was 0.4643 milliseconds in repetition 156
Message size: 8
tcp_ping received 131072 bytes back
Round trip time was 0.4722 milliseconds in repetition 157
Message size: 8
tcp_ping received 131072 bytes back
Round trip time was 0.4637 milliseconds in repetition 158
Message size: 8
tcp_ping received 131072 bytes back
Round trip time was 0.4881 milliseconds in repetition 159
Message size: 8
tcp_ping received 131072 bytes back
Round trip time was 0.4845 milliseconds in repetition 160
Message size: 8
tcp_ping received 131072 bytes back
Round trip time was 0.4681 milliseconds in repetition 161
Message size: 8
tcp_ping received 131072 bytes back
Round trip time was 0.4623 milliseconds in repetition 162
Message size: 8
tcp_ping received 131072 bytes back
Round trip time was 0.5342 milliseconds in repetition 163
Message size: 8
tcp_ping received 131072 bytes back
Round trip time was 0.4643 milliseconds in repetition 164
Message size: 8
tcp_ping received 131072 bytes back
Round trip time was 0.4677 milliseconds in repetition 165
Message size: 8
tcp_ping received 131072 bytes back
Round trip time was 0.4633 milliseconds in repetition 166
Message size: 8
tcp_ping received 131072 bytes back
Round trip time was 0.5057 milliseconds in repetition 167
Message size: 8
tcp_ping received 131072 bytes back
Round trip time was 0.4814 milliseconds in repetition 168
Message size: 8
tcp_ping received 131072 bytes back
Round trip time was 0.4639 milliseconds in repetition 169
Message size: 8
tcp_ping received 131072 bytes back
Round trip time was 0.462 milliseconds in repetition 170
Message size: 8
tcp_ping received 131072 bytes back
Round trip time was 0.5351 milliseconds in repetition 171
Message size: 8
tcp_ping received 131072 bytes back
Round trip time was 0.6039 milliseconds in repetition 172
Message size: 8
tcp_ping received 131072 bytes back
Round trip time was 0.4822 milliseconds in repetition 173
Message size: 8
tcp_ping received 131072 bytes back
Round trip time was 0.5562 milliseconds in repetition 174
Message size: 8
tcp_ping received 131072 bytes back
Round trip time was 0.4794 milliseconds in repetition 175
Message size: 8
tcp_ping received 131072 bytes back
Round trip time was 0.4677 milliseconds in repetition 176
Message size: 8
tcp_ping received 131072 bytes back
Round trip time was 0.5507 milliseconds in repetition 177
Message size: 8
tcp_ping received 131072 bytes back
Round trip time was 0.5081 milliseconds in repetition 178
Message size: 8
tcp_ping received 131072 bytes back
Round trip time was 0.6421 milliseconds in repetition 179
Message size: 8
tcp_ping received 131072 bytes back
Round trip time was 0.4715 milliseconds in repetition 180
Message size: 8
tcp_ping received 131072 bytes back
Round trip time was 0.464 milliseconds in repetition 181
Message size: 8
tcp_ping received 131072 bytes back
Round trip time was 0.4852 milliseconds in repetition 182
Message size: 8
tcp_ping received 131072 bytes back
Round trip time was 0.4639 milliseconds in repetition 183
Message size: 8
tcp_ping received 131072 bytes back
Round trip time was 0.5374 milliseconds in repetition 184
Message size: 8
tcp_ping received 131072 bytes back
Round trip time was 0.4656 milliseconds in repetition 185
Message size: 8
tcp_ping received 131072 bytes back
Round trip time was 0.4683 milliseconds in repetition 186
Message size: 8
tcp_ping received 131072 bytes back
Round trip time was 0.5507 milliseconds in repetition 187
Message size: 8
tcp_ping received 131072 bytes back
Round trip time was 0.484 milliseconds in repetition 188
Message size: 8
tcp_ping received 131072 bytes back
Round trip time was 0.5033 milliseconds in repetition 189
Message size: 8
tcp_ping received 131072 bytes back
Round trip time was 0.5183 milliseconds in repetition 190
Message size: 8
tcp_ping received 131072 bytes back
Round trip time was 0.6085 milliseconds in repetition 191
Message size: 8
tcp_ping received 131072 bytes back
Round trip time was 0.4595 milliseconds in repetition 192
Message size: 8
tcp_ping received 131072 bytes back
Round trip time was 0.5504 milliseconds in repetition 193
Message size: 8
tcp_ping received 131072 bytes back
Round trip time was 0.4672 milliseconds in repetition 194
Message size: 8
tcp_ping received 131072 bytes back
Round trip time was 0.5139 milliseconds in repetition 195
Message size: 8
tcp_ping received 131072 bytes back
Round trip time was 0.5561 milliseconds in repetition 196
Message size: 8
tcp_ping received 131072 bytes back
Round trip time was 0.4644 milliseconds in repetition 197
Message size: 8
tcp_ping received 131072 bytes back
Round trip time was 0.5024 milliseconds in repetition 198
Message size: 8
tcp_ping received 131072 bytes back
Round trip time was 0.4631 milliseconds in repetition 199
Message size: 8
tcp_ping received 131072 bytes back
Round trip time was 0.4769 milliseconds in repetition 200
Message size: 8
tcp_ping received 131072 bytes back
Round trip time was 0.4653 milliseconds in repetition 201
Message size: 8
tcp_ping received 131072 bytes back
Round trip time was 0.5055 milliseconds in repetition 202
Message size: 8
tcp_ping received 131072 bytes back
Round trip time was 0.4653 milliseconds in repetition 203
Message size: 8
tcp_ping received 131072 bytes back
Round trip time was 0.5081 milliseconds in repetition 204
Message size: 8
tcp_ping received 131072 bytes back
Round trip time was 0.4711 milliseconds in repetition 205
Message size: 8
tcp_ping received 131072 bytes back
Round trip time was 0.4642 milliseconds in repetition 206
Message size: 8
tcp_ping received 131072 bytes back
Round trip time was 0.5113 milliseconds in repetition 207
Message size: 8
tcp_ping received 131072 bytes back
Round trip time was 0.6548 milliseconds in repetition 208
Message size: 8
tcp_ping received 131072 bytes back
Round trip time was 0.5586 milliseconds in repetition 209
Message size: 8
tcp_ping received 131072 bytes back
Round trip time was 0.4762 milliseconds in repetition 210
Message size: 8
tcp_ping received 131072 bytes back
Round trip time was 0.4821 milliseconds in repetition 211
Message size: 8
tcp_ping received 131072 bytes back
Round trip time was 0.4526 milliseconds in repetition 212
Message size: 8
tcp_ping received 131072 bytes back
Round trip time was 0.5671 milliseconds in repetition 213
Message size: 8
tcp_ping received 131072 bytes back
Round trip time was 0.4695 milliseconds in repetition 214
Message size: 8
tcp_ping received 131072 bytes back
Round trip time was 0.4662 milliseconds in repetition 215
Message size: 8
tcp_ping received 131072 bytes back
Round trip time was 0.4643 milliseconds in repetition 216
Message size: 8
tcp_ping received 131072 bytes back
Round trip time was 0.5428 milliseconds in repetition 217
Message size: 8
tcp_ping received 131072 bytes back
Round trip time was 0.5211 milliseconds in repetition 218
Message size: 8
tcp_ping received 131072 bytes back
Round trip time was 0.4653 milliseconds in repetition 219
Message size: 8
tcp_ping received 131072 bytes back
Round trip time was 0.5511 milliseconds in repetition 220
Message size: 8
tcp_ping received 131072 bytes back
Round trip time was 0.5793 milliseconds in repetition 221
Message size: 8
tcp_ping received 131072 bytes back
Round trip time was 0.533 milliseconds in repetition 222
Message size: 8
tcp_ping received 131072 bytes back
Round trip time was 0.4767 milliseconds in repetition 223
Message size: 8
tcp_ping received 131072 bytes back
Round trip time was 0.4913 milliseconds in repetition 224
Message size: 8
tcp_ping received 131072 bytes back
Round trip time was 0.486 milliseconds in repetition 225
Message size: 8
tcp_ping received 131072 bytes back
Round trip time was 0.5017 milliseconds in repetition 226
Message size: 8
tcp_ping received 131072 bytes back
Round trip time was 0.4628 milliseconds in repetition 227
Message size: 8
tcp_ping received 131072 bytes back
Round trip time was 0.4672 milliseconds in repetition 228
Message size: 8
tcp_ping received 131072 bytes back
Round trip time was 0.4952 milliseconds in repetition 229
Message size: 8
tcp_ping received 131072 bytes back
Round trip time was 0.4744 milliseconds in repetition 230
Message size: 8
tcp_ping received 131072 bytes back
Round trip time was 0.4817 milliseconds in repetition 231
Message size: 8
tcp_ping received 131072 bytes back
Round trip time was 0.538 milliseconds in repetition 232
Message size: 8
tcp_ping received 131072 bytes back
Round trip time was 0.5185 milliseconds in repetition 233
Message size: 8
tcp_ping received 131072 bytes back
Round trip time was 0.506 milliseconds in repetition 234
Message size: 8
tcp_ping received 131072 bytes back
Round trip time was 0.6037 milliseconds in repetition 235
Message size: 8
tcp_ping received 131072 bytes back
Round trip time was 0.5373 milliseconds in repetition 236
Message size: 8
tcp_ping received 131072 bytes back
Round trip time was 0.5624 milliseconds in repetition 237
Message size: 8
tcp_ping received 131072 bytes back
Round trip time was 0.5272 milliseconds in repetition 238
Message size: 8
tcp_ping received 131072 bytes back
Round trip time was 0.5224 milliseconds in repetition 239
Message size: 8
tcp_ping received 131072 bytes back
Round trip time was 0.5126 milliseconds in repetition 240
Message size: 8
tcp_ping received 131072 bytes back
Round trip time was 0.6375 milliseconds in repetition 241
Message size: 8
tcp_ping received 131072 bytes back
Round trip time was 0.6069 milliseconds in repetition 242
Message size: 8
tcp_ping received 131072 bytes back
Round trip time was 0.5648 milliseconds in repetition 243
Message size: 8
tcp_ping received 131072 bytes back
Round trip time was 0.5361 milliseconds in repetition 244
Message size: 8
tcp_ping received 131072 bytes back
Round trip time was 0.5322 milliseconds in repetition 245
Message size: 8
tcp_ping received 131072 bytes back
Round trip time was 0.6052 milliseconds in repetition 246
Message size: 8
tcp_ping received 131072 bytes back
Round trip time was 0.492201 milliseconds in repetition 247
Message size: 8
tcp_ping received 131072 bytes back
Round trip time was 0.4629 milliseconds in repetition 248
Message size: 8
tcp_ping received 131072 bytes back
Round trip time was 0.4635 milliseconds in repetition 249
Message size: 8
tcp_ping received 131072 bytes back
Round trip time was 0.4631 milliseconds in repetition 250
Message size: 8
tcp_ping received 131072 bytes back
Round trip time was 0.4952 milliseconds in repetition 251
Message size: 8
tcp_ping received 131072 bytes back
Round trip time was 0.4633 milliseconds in repetition 252
Message size: 8
tcp_ping received 131072 bytes back
Round trip time was 0.5409 milliseconds in repetition 253
Message size: 8
tcp_ping received 131072 bytes back
Round trip time was 0.5184 milliseconds in repetition 254
Message size: 8
tcp_ping received 131072 bytes back
Round trip time was 0.5368 milliseconds in repetition 255
Message size: 8
tcp_ping received 131072 bytes back
Round trip time was 0.4986 milliseconds in repetition 256
Message size: 8
tcp_ping received 131072 bytes back
Round trip time was 0.5755 milliseconds in repetition 257
Message size: 8
tcp_ping received 131072 bytes back
Round trip time was 0.5136 milliseconds in repetition 258
Message size: 8
tcp_ping received 131072 bytes back
Round trip time was 0.5392 milliseconds in repetition 259
Message size: 8
tcp_ping received 131072 bytes back
Round trip time was 0.5215 milliseconds in repetition 260
Message size: 8
tcp_ping received 131072 bytes back
Round trip time was 0.6087 milliseconds in repetition 261
Message size: 8
tcp_ping received 131072 bytes back
Round trip time was 0.6278 milliseconds in repetition 262
Message size: 8
tcp_ping received 131072 bytes back
Round trip time was 0.5748 milliseconds in repetition 263
Message size: 8
tcp_ping received 131072 bytes back
Round trip time was 0.4177 milliseconds in repetition 264
Message size: 8
tcp_ping received 131072 bytes back
Round trip time was 0.453 milliseconds in repetition 265
Message size: 8
tcp_ping received 131072 bytes back
Round trip time was 0.4888 milliseconds in repetition 266
Message size: 8
tcp_ping received 131072 bytes back
Round trip time was 0.4528 milliseconds in repetition 267
Message size: 8
tcp_ping received 131072 bytes back
Round trip time was 0.4735 milliseconds in repetition 268
Message size: 8
tcp_ping received 131072 bytes back
Round trip time was 0.4642 milliseconds in repetition 269
Message size: 8
tcp_ping received 131072 bytes back
Round trip time was 0.6015 milliseconds in repetition 270
Message size: 8
tcp_ping received 131072 bytes back
Round trip time was 0.6171 milliseconds in repetition 271
Message size: 8
tcp_ping received 131072 bytes back
Round trip time was 0.4657 milliseconds in repetition 272
Message size: 8
tcp_ping received 131072 bytes back
Round trip time was 0.5032 milliseconds in repetition 273
Message size: 8
tcp_ping received 131072 bytes back
Round trip time was 0.6155 milliseconds in repetition 274
Message size: 8
tcp_ping received 131072 bytes back
Round trip time was 0.5254 milliseconds in repetition 275
Message size: 8
tcp_ping received 131072 bytes back
Round trip time was 0.507 milliseconds in repetition 276
Message size: 8
tcp_ping received 131072 bytes back
Round trip time was 0.5212 milliseconds in repetition 277
Message size: 8
tcp_ping received 131072 bytes back
Round trip time was 0.4814 milliseconds in repetition 278
Message size: 8
tcp_ping received 131072 bytes back
Round trip time was 0.5418 milliseconds in repetition 279
Message size: 8
tcp_ping received 131072 bytes back
Round trip time was 0.5069 milliseconds in repetition 280
Message size: 8
tcp_ping received 131072 bytes back
Round trip time was 0.4647 milliseconds in repetition 281
Message size: 8
tcp_ping received 131072 bytes back
Round trip time was 0.4992 milliseconds in repetition 282
Message size: 8
tcp_ping received 131072 bytes back
Round trip time was 0.4638 milliseconds in repetition 283
Message size: 8
tcp_ping received 131072 bytes back
Round trip time was 0.6075 milliseconds in repetition 284
Message size: 8
tcp_ping received 131072 bytes back
Round trip time was 0.5173 milliseconds in repetition 285
Message size: 8
tcp_ping received 131072 bytes back
Round trip time was 0.5676 milliseconds in repetition 286
Message size: 8
tcp_ping received 131072 bytes back
Round trip time was 0.5529 milliseconds in repetition 287
Message size: 8
tcp_ping received 131072 bytes back
Round trip time was 0.7853 milliseconds in repetition 288
Message size: 8
tcp_ping received 131072 bytes back
Round trip time was 0.5204 milliseconds in repetition 289
Message size: 8
tcp_ping received 131072 bytes back
Round trip time was 0.585 milliseconds in repetition 290
Message size: 8
tcp_ping received 131072 bytes back
Round trip time was 0.5136 milliseconds in repetition 291
Message size: 8
tcp_ping received 131072 bytes back
Round trip time was 0.5566 milliseconds in repetition 292
Message size: 8
tcp_ping received 131072 bytes back
Round trip time was 0.5474 milliseconds in repetition 293
Message size: 8
tcp_ping received 131072 bytes back
Round trip time was 0.5261 milliseconds in repetition 294
Message size: 8
tcp_ping received 131072 bytes back
Round trip time was 0.5517 milliseconds in repetition 295
Message size: 8
tcp_ping received 131072 bytes back
Round trip time was 0.5099 milliseconds in repetition 296
Message size: 8
tcp_ping received 131072 bytes back
Round trip time was 0.5694 milliseconds in repetition 297
Message size: 8
tcp_ping received 131072 bytes back
Round trip time was 0.5651 milliseconds in repetition 298
Message size: 8
tcp_ping received 131072 bytes back
Round trip time was 0.4672 milliseconds in repetition 299
Message size: 8
tcp_ping received 131072 bytes back
Round trip time was 0.4698 milliseconds in repetition 300
Message size: 8
tcp_ping received 131072 bytes back
Round trip time was 0.5737 milliseconds in repetition 301
Message size: 8
tcp_ping received 131072 bytes back
Round trip time was 0.5493 milliseconds in repetition 302
Message size: 8
tcp_ping received 131072 bytes back
Round trip time was 0.4907 milliseconds in repetition 303
Message size: 8
tcp_ping received 131072 bytes back
Round trip time was 0.4672 milliseconds in repetition 304
Message size: 8
tcp_ping received 131072 bytes back
Round trip time was 0.4892 milliseconds in repetition 305
Message size: 8
tcp_ping received 131072 bytes back
Round trip time was 0.4822 milliseconds in repetition 306
Message size: 8
tcp_ping received 131072 bytes back
Round trip time was 0.5182 milliseconds in repetition 307
Message size: 8
tcp_ping received 131072 bytes back
Round trip time was 0.436 milliseconds in repetition 308
Message size: 8
tcp_ping received 131072 bytes back
Round trip time was 0.5521 milliseconds in repetition 309
Message size: 8
tcp_ping received 131072 bytes back
Round trip time was 0.4631 milliseconds in repetition 310
Message size: 8
tcp_ping received 131072 bytes back
Round trip time was 0.5331 milliseconds in repetition 311
Message size: 8
tcp_ping received 131072 bytes back
Round trip time was 0.5032 milliseconds in repetition 312
Message size: 8
tcp_ping received 131072 bytes back
Round trip time was 0.5398 milliseconds in repetition 313
Message size: 8
tcp_ping received 131072 bytes back
Round trip time was 0.4643 milliseconds in repetition 314
Message size: 8
tcp_ping received 131072 bytes back
Round trip time was 0.7385 milliseconds in repetition 315
Message size: 8
tcp_ping received 131072 bytes back
Round trip time was 0.4823 milliseconds in repetition 316
Message size: 8
tcp_ping received 131072 bytes back
Round trip time was 0.4969 milliseconds in repetition 317
Message size: 8
tcp_ping received 131072 bytes back
Round trip time was 0.4857 milliseconds in repetition 318
Message size: 8
tcp_ping received 131072 bytes back
Round trip time was 0.461 milliseconds in repetition 319
Message size: 8
tcp_ping received 131072 bytes back
Round trip time was 0.7555 milliseconds in repetition 320
Message size: 8
tcp_ping received 131072 bytes back
Round trip time was 0.5509 milliseconds in repetition 321
Message size: 8
tcp_ping received 131072 bytes back
Round trip time was 0.5742 milliseconds in repetition 322
Message size: 8
tcp_ping received 131072 bytes back
Round trip time was 0.4686 milliseconds in repetition 323
Message size: 8
tcp_ping received 131072 bytes back
Round trip time was 0.4975 milliseconds in repetition 324
Message size: 8
tcp_ping received 131072 bytes back
Round trip time was 0.4966 milliseconds in repetition 325
Message size: 8
tcp_ping received 131072 bytes back
Round trip time was 0.5111 milliseconds in repetition 326
Message size: 8
tcp_ping received 131072 bytes back
Round trip time was 0.4647 milliseconds in repetition 327
Message size: 8
tcp_ping received 131072 bytes back
Round trip time was 0.4932 milliseconds in repetition 328
Message size: 8
tcp_ping received 131072 bytes back
Round trip time was 0.4617 milliseconds in repetition 329
Message size: 8
tcp_ping received 131072 bytes back
Round trip time was 0.4935 milliseconds in repetition 330
Message size: 8
tcp_ping received 131072 bytes back
Round trip time was 0.4637 milliseconds in repetition 331
Message size: 8
tcp_ping received 131072 bytes back
Round trip time was 0.4959 milliseconds in repetition 332
Message size: 8
tcp_ping received 131072 bytes back
Round trip time was 0.4616 milliseconds in repetition 333
Message size: 8
tcp_ping received 131072 bytes back
Round trip time was 0.495 milliseconds in repetition 334
Message size: 8
tcp_ping received 131072 bytes back
Round trip time was 0.4614 milliseconds in repetition 335
Message size: 8
tcp_ping received 131072 bytes back
Round trip time was 0.4761 milliseconds in repetition 336
Message size: 8
tcp_ping received 131072 bytes back
Round trip time was 0.4905 milliseconds in repetition 337
Message size: 8
tcp_ping received 131072 bytes back
Round trip time was 0.5943 milliseconds in repetition 338
Message size: 8
tcp_ping received 131072 bytes back
Round trip time was 0.5931 milliseconds in repetition 339
Message size: 8
tcp_ping received 131072 bytes back
Round trip time was 0.6182 milliseconds in repetition 340
Message size: 8
tcp_ping received 131072 bytes back
Round trip time was 0.6358 milliseconds in repetition 341
Message size: 8
tcp_ping received 131072 bytes back
Round trip time was 0.561 milliseconds in repetition 342
Message size: 8
tcp_ping received 131072 bytes back
Round trip time was 0.4884 milliseconds in repetition 343
Message size: 8
tcp_ping received 131072 bytes back
Round trip time was 0.4635 milliseconds in repetition 344
Message size: 8
tcp_ping received 131072 bytes back
Round trip time was 0.4794 milliseconds in repetition 345
Message size: 8
tcp_ping received 131072 bytes back
Round trip time was 0.4945 milliseconds in repetition 346
Message size: 8
tcp_ping received 131072 bytes back
Round trip time was 0.4615 milliseconds in repetition 347
Message size: 8
tcp_ping received 131072 bytes back
Round trip time was 0.5135 milliseconds in repetition 348
Message size: 8
tcp_ping received 131072 bytes back
Round trip time was 0.462 milliseconds in repetition 349
Message size: 8
tcp_ping received 131072 bytes back
Round trip time was 0.512 milliseconds in repetition 350
Message size: 8
tcp_ping received 131072 bytes back
Round trip time was 0.4642 milliseconds in repetition 351
Message size: 8
tcp_ping received 131072 bytes back
Round trip time was 0.4869 milliseconds in repetition 352
Message size: 8
tcp_ping received 131072 bytes back
Round trip time was 0.4637 milliseconds in repetition 353
Message size: 8
tcp_ping received 131072 bytes back
Round trip time was 0.5202 milliseconds in repetition 354
Message size: 8
tcp_ping received 131072 bytes back
Round trip time was 0.488 milliseconds in repetition 355
Message size: 8
tcp_ping received 131072 bytes back
Round trip time was 0.5338 milliseconds in repetition 356
Message size: 8
tcp_ping received 131072 bytes back
Round trip time was 0.5065 milliseconds in repetition 357
Message size: 8
tcp_ping received 131072 bytes back
Round trip time was 0.5339 milliseconds in repetition 358
Message size: 8
tcp_ping received 131072 bytes back
Round trip time was 0.5113 milliseconds in repetition 359
Message size: 8
tcp_ping received 131072 bytes back
Round trip time was 0.5025 milliseconds in repetition 360
Message size: 8
tcp_ping received 131072 bytes back
Round trip time was 0.5084 milliseconds in repetition 361
Message size: 8
tcp_ping received 131072 bytes back
Round trip time was 0.4631 milliseconds in repetition 362
Message size: 8
tcp_ping received 131072 bytes back
Round trip time was 0.4622 milliseconds in repetition 363
Message size: 8
tcp_ping received 131072 bytes back
Round trip time was 0.4797 milliseconds in repetition 364
Message size: 8
tcp_ping received 131072 bytes back
Round trip time was 0.4638 milliseconds in repetition 365
Message size: 8
tcp_ping received 131072 bytes back
Round trip time was 0.4624 milliseconds in repetition 366
Message size: 8
tcp_ping received 131072 bytes back
Round trip time was 0.5338 milliseconds in repetition 367
Message size: 8
tcp_ping received 131072 bytes back
Round trip time was 0.5235 milliseconds in repetition 368
Message size: 8
tcp_ping received 131072 bytes back
Round trip time was 0.4632 milliseconds in repetition 369
Message size: 8
tcp_ping received 131072 bytes back
Round trip time was 0.5544 milliseconds in repetition 370
Message size: 8
tcp_ping received 131072 bytes back
Round trip time was 0.599101 milliseconds in repetition 371
Message size: 8
tcp_ping received 131072 bytes back
Round trip time was 0.4642 milliseconds in repetition 372
Message size: 8
tcp_ping received 131072 bytes back
Round trip time was 0.5456 milliseconds in repetition 373
Message size: 8
tcp_ping received 131072 bytes back
Round trip time was 0.4884 milliseconds in repetition 374
Message size: 8
tcp_ping received 131072 bytes back
Round trip time was 0.4642 milliseconds in repetition 375
Message size: 8
tcp_ping received 131072 bytes back
Round trip time was 0.4642 milliseconds in repetition 376
Message size: 8
tcp_ping received 131072 bytes back
Round trip time was 0.5149 milliseconds in repetition 377
Message size: 8
tcp_ping received 131072 bytes back
Round trip time was 0.596 milliseconds in repetition 378
Message size: 8
tcp_ping received 131072 bytes back
Round trip time was 0.4838 milliseconds in repetition 379
Message size: 8
tcp_ping received 131072 bytes back
Round trip time was 0.4643 milliseconds in repetition 380
Message size: 8
tcp_ping received 131072 bytes back
Round trip time was 0.4641 milliseconds in repetition 381
Message size: 8
tcp_ping received 131072 bytes back
Round trip time was 0.4814 milliseconds in repetition 382
Message size: 8
tcp_ping received 131072 bytes back
Round trip time was 0.4642 milliseconds in repetition 383
Message size: 8
tcp_ping received 131072 bytes back
Round trip time was 0.5124 milliseconds in repetition 384
Message size: 8
tcp_ping received 131072 bytes back
Round trip time was 0.4639 milliseconds in repetition 385
Message size: 8
tcp_ping received 131072 bytes back
Round trip time was 0.4876 milliseconds in repetition 386
Message size: 8
tcp_ping received 131072 bytes back
Round trip time was 0.466 milliseconds in repetition 387
Message size: 8
tcp_ping received 131072 bytes back
Round trip time was 0.4635 milliseconds in repetition 388
Message size: 8
tcp_ping received 131072 bytes back
Round trip time was 0.5085 milliseconds in repetition 389
Message size: 8
tcp_ping received 131072 bytes back
Round trip time was 0.4632 milliseconds in repetition 390
Message size: 8
tcp_ping received 131072 bytes back
Round trip time was 0.4628 milliseconds in repetition 391
Message size: 8
tcp_ping received 131072 bytes back
Round trip time was 0.5518 milliseconds in repetition 392
Message size: 8
tcp_ping received 131072 bytes back
Round trip time was 0.4666 milliseconds in repetition 393
Message size: 8
tcp_ping received 131072 bytes back
Round trip time was 0.5205 milliseconds in repetition 394
Message size: 8
tcp_ping received 131072 bytes back
Round trip time was 0.4632 milliseconds in repetition 395
Message size: 8
tcp_ping received 131072 bytes back
Round trip time was 0.4986 milliseconds in repetition 396
Message size: 8
tcp_ping received 131072 bytes back
Round trip time was 0.5878 milliseconds in repetition 397
Message size: 8
tcp_ping received 131072 bytes back
Round trip time was 0.5541 milliseconds in repetition 398
Message size: 8
tcp_ping received 131072 bytes back
Round trip time was 0.4668 milliseconds in repetition 399
Message size: 8
tcp_ping received 131072 bytes back
Round trip time was 0.4676 milliseconds in repetition 400
Message size: 8
tcp_ping received 131072 bytes back
Round trip time was 0.4798 milliseconds in repetition 401
Message size: 8
tcp_ping received 131072 bytes back
Round trip time was 0.4618 milliseconds in repetition 402
Message size: 8
tcp_ping received 131072 bytes back
Round trip time was 0.4628 milliseconds in repetition 403
Message size: 8
tcp_ping received 131072 bytes back
Round trip time was 0.5831 milliseconds in repetition 404
Message size: 8
tcp_ping received 131072 bytes back
Round trip time was 0.4871 milliseconds in repetition 405
Message size: 8
tcp_ping received 131072 bytes back
Round trip time was 0.504 milliseconds in repetition 406
Message size: 8
tcp_ping received 131072 bytes back
Round trip time was 0.5076 milliseconds in repetition 407
Message size: 8
tcp_ping received 131072 bytes back
Round trip time was 0.4663 milliseconds in repetition 408
Message size: 8
tcp_ping received 131072 bytes back
Round trip time was 0.5478 milliseconds in repetition 409
Message size: 8
tcp_ping received 131072 bytes back
Round trip time was 0.4999 milliseconds in repetition 410
Message size: 8
tcp_ping received 131072 bytes back
Round trip time was 0.4662 milliseconds in repetition 411
Message size: 8
tcp_ping received 131072 bytes back
Round trip time was 0.5127 milliseconds in repetition 412
Message size: 8
tcp_ping received 131072 bytes back
Round trip time was 0.4638 milliseconds in repetition 413
Message size: 8
tcp_ping received 131072 bytes back
Round trip time was 0.554 milliseconds in repetition 414
Message size: 8
tcp_ping received 131072 bytes back
Round trip time was 0.6346 milliseconds in repetition 415
Message size: 8
tcp_ping received 131072 bytes back
Round trip time was 0.4487 milliseconds in repetition 416
Message size: 8
tcp_ping received 131072 bytes back
Round trip time was 0.5064 milliseconds in repetition 417
Message size: 8
tcp_ping received 131072 bytes back
Round trip time was 0.4601 milliseconds in repetition 418
Message size: 8
tcp_ping received 131072 bytes back
Round trip time was 0.5157 milliseconds in repetition 419
Message size: 8
tcp_ping received 131072 bytes back
Round trip time was 0.6596 milliseconds in repetition 420
Message size: 8
tcp_ping received 131072 bytes back
Round trip time was 0.4617 milliseconds in repetition 421
Message size: 8
tcp_ping received 131072 bytes back
Round trip time was 0.5216 milliseconds in repetition 422
Message size: 8
tcp_ping received 131072 bytes back
Round trip time was 0.4511 milliseconds in repetition 423
Message size: 8
tcp_ping received 131072 bytes back
Round trip time was 0.6486 milliseconds in repetition 424
Message size: 8
tcp_ping received 131072 bytes back
Round trip time was 0.5418 milliseconds in repetition 425
Message size: 8
tcp_ping received 131072 bytes back
Round trip time was 0.4671 milliseconds in repetition 426
Message size: 8
tcp_ping received 131072 bytes back
Round trip time was 0.4753 milliseconds in repetition 427
Message size: 8
tcp_ping received 131072 bytes back
Round trip time was 0.4643 milliseconds in repetition 428
Message size: 8
tcp_ping received 131072 bytes back
Round trip time was 0.4909 milliseconds in repetition 429
Message size: 8
tcp_ping received 131072 bytes back
Round trip time was 0.6106 milliseconds in repetition 430
Message size: 8
tcp_ping received 131072 bytes back
Round trip time was 0.5138 milliseconds in repetition 431
Message size: 8
tcp_ping received 131072 bytes back
Round trip time was 0.4661 milliseconds in repetition 432
Message size: 8
tcp_ping received 131072 bytes back
Round trip time was 0.4894 milliseconds in repetition 433
Message size: 8
tcp_ping received 131072 bytes back
Round trip time was 0.5266 milliseconds in repetition 434
Message size: 8
tcp_ping received 131072 bytes back
Round trip time was 0.5299 milliseconds in repetition 435
Message size: 8
tcp_ping received 131072 bytes back
Round trip time was 0.465 milliseconds in repetition 436
Message size: 8
tcp_ping received 131072 bytes back
Round trip time was 0.5222 milliseconds in repetition 437
Message size: 8
tcp_ping received 131072 bytes back
Round trip time was 0.4788 milliseconds in repetition 438
Message size: 8
tcp_ping received 131072 bytes back
Round trip time was 0.5128 milliseconds in repetition 439
Message size: 8
tcp_ping received 131072 bytes back
Round trip time was 0.4861 milliseconds in repetition 440
Message size: 8
tcp_ping received 131072 bytes back
Round trip time was 0.4715 milliseconds in repetition 441
Message size: 8
tcp_ping received 131072 bytes back
Round trip time was 0.4637 milliseconds in repetition 442
Message size: 8
tcp_ping received 131072 bytes back
Round trip time was 0.585 milliseconds in repetition 443
Message size: 8
tcp_ping received 131072 bytes back
Round trip time was 0.5867 milliseconds in repetition 444
Message size: 8
tcp_ping received 131072 bytes back
Round trip time was 0.6385 milliseconds in repetition 445
Message size: 8
tcp_ping received 131072 bytes back
Round trip time was 0.5856 milliseconds in repetition 446
Message size: 8
tcp_ping received 131072 bytes back
Round trip time was 0.5928 milliseconds in repetition 447
Message size: 8
tcp_ping received 131072 bytes back
Round trip time was 0.5607 milliseconds in repetition 448
Message size: 8
tcp_ping received 131072 bytes back
Round trip time was 0.4819 milliseconds in repetition 449
Message size: 8
tcp_ping received 131072 bytes back
Round trip time was 0.4732 milliseconds in repetition 450
Message size: 8
tcp_ping received 131072 bytes back
Round trip time was 0.5586 milliseconds in repetition 451
Message size: 8
tcp_ping received 131072 bytes back
Round trip time was 0.4645 milliseconds in repetition 452
Message size: 8
tcp_ping received 131072 bytes back
Round trip time was 0.4896 milliseconds in repetition 453
Message size: 8
tcp_ping received 131072 bytes back
Round trip time was 0.4988 milliseconds in repetition 454
Message size: 8
tcp_ping received 131072 bytes back
Round trip time was 0.5128 milliseconds in repetition 455
Message size: 8
tcp_ping received 131072 bytes back
Round trip time was 0.5157 milliseconds in repetition 456
Message size: 8
tcp_ping received 131072 bytes back
Round trip time was 0.5128 milliseconds in repetition 457
Message size: 8
tcp_ping received 131072 bytes back
Round trip time was 0.5153 milliseconds in repetition 458
Message size: 8
tcp_ping received 131072 bytes back
Round trip time was 0.4838 milliseconds in repetition 459
Message size: 8
tcp_ping received 131072 bytes back
Round trip time was 0.5319 milliseconds in repetition 460
Message size: 8
tcp_ping received 131072 bytes back
Round trip time was 0.5276 milliseconds in repetition 461
Message size: 8
tcp_ping received 131072 bytes back
Round trip time was 0.5573 milliseconds in repetition 462
Message size: 8
tcp_ping received 131072 bytes back
Round trip time was 0.6691 milliseconds in repetition 463
Message size: 8
tcp_ping received 131072 bytes back
Round trip time was 0.8178 milliseconds in repetition 464
Message size: 8
tcp_ping received 131072 bytes back
Round trip time was 0.5192 milliseconds in repetition 465
Message size: 8
tcp_ping received 131072 bytes back
Round trip time was 0.6483 milliseconds in repetition 466
Message size: 8
tcp_ping received 131072 bytes back
Round trip time was 0.5865 milliseconds in repetition 467
Message size: 8
tcp_ping received 131072 bytes back
Round trip time was 0.6598 milliseconds in repetition 468
Message size: 8
tcp_ping received 131072 bytes back
Round trip time was 0.6332 milliseconds in repetition 469
Message size: 8
tcp_ping received 131072 bytes back
Round trip time was 0.5634 milliseconds in repetition 470
Message size: 8
tcp_ping received 131072 bytes back
Round trip time was 0.5997 milliseconds in repetition 471
Message size: 8
tcp_ping received 131072 bytes back
Round trip time was 0.6111 milliseconds in repetition 472
Message size: 8
tcp_ping received 131072 bytes back
Round trip time was 0.8168 milliseconds in repetition 473
Message size: 8
tcp_ping received 131072 bytes back
Round trip time was 0.5673 milliseconds in repetition 474
Message size: 8
tcp_ping received 131072 bytes back
Round trip time was 0.818 milliseconds in repetition 475
Message size: 8
tcp_ping received 131072 bytes back
Round trip time was 0.7433 milliseconds in repetition 476
Message size: 8
tcp_ping received 131072 bytes back
Round trip time was 0.7002 milliseconds in repetition 477
Message size: 8
tcp_ping received 131072 bytes back
Round trip time was 0.655 milliseconds in repetition 478
Message size: 8
tcp_ping received 131072 bytes back
Round trip time was 0.7084 milliseconds in repetition 479
Message size: 8
tcp_ping received 131072 bytes back
Round trip time was 0.561 milliseconds in repetition 480
Message size: 8
tcp_ping received 131072 bytes back
Round trip time was 0.5862 milliseconds in repetition 481
Message size: 8
tcp_ping received 131072 bytes back
Round trip time was 0.5575 milliseconds in repetition 482
Message size: 8
tcp_ping received 131072 bytes back
Round trip time was 0.5654 milliseconds in repetition 483
Message size: 8
tcp_ping received 131072 bytes back
Round trip time was 0.5842 milliseconds in repetition 484
Message size: 8
tcp_ping received 131072 bytes back
Round trip time was 0.6039 milliseconds in repetition 485
Message size: 8
tcp_ping received 131072 bytes back
Round trip time was 0.542 milliseconds in repetition 486
Message size: 8
tcp_ping received 131072 bytes back
Round trip time was 0.559001 milliseconds in repetition 487
Message size: 8
tcp_ping received 131072 bytes back
Round trip time was 0.7345 milliseconds in repetition 488
Message size: 8
tcp_ping received 131072 bytes back
Round trip time was 0.6688 milliseconds in repetition 489
Message size: 8
tcp_ping received 131072 bytes back
Round trip time was 0.5862 milliseconds in repetition 490
Message size: 8
tcp_ping received 131072 bytes back
Round trip time was 0.6174 milliseconds in repetition 491
Message size: 8
tcp_ping received 131072 bytes back
Round trip time was 0.5775 milliseconds in repetition 492
Message size: 8
tcp_ping received 131072 bytes back
Round trip time was 0.5399 milliseconds in repetition 493
Message size: 8
tcp_ping received 131072 bytes back
Round trip time was 0.5729 milliseconds in repetition 494
Message size: 8
tcp_ping received 131072 bytes back
Round trip time was 0.5805 milliseconds in repetition 495
Message size: 8
tcp_ping received 131072 bytes back
Round trip time was 0.5651 milliseconds in repetition 496
Message size: 8
tcp_ping received 131072 bytes back
Round trip time was 0.5807 milliseconds in repetition 497
Message size: 8
tcp_ping received 131072 bytes back
Round trip time was 0.6257 milliseconds in repetition 498
Message size: 8
tcp_ping received 131072 bytes back
Round trip time was 0.5216 milliseconds in repetition 499
Message size: 8
tcp_ping received 131072 bytes back
Round trip time was 0.5547 milliseconds in repetition 500
Message size: 8
tcp_ping received 131072 bytes back
Round trip time was 0.5584 milliseconds in repetition 501

 ... clock resolution was 1e-06
TCP Ping:  Statistics over 501 repetitions of 131072 byte messages

RTT : percentile 10: 0.4641, median: 0.5212, percentile 90: 0.6375, average: 0.65705, variance: 6.44187

RTT histogram:
0.417699 500
3.26241 0
6.10713 0
8.95184 0
11.7966 0
14.6413 0
17.486 0
20.3307 0
23.1754 0
26.0201 0
28.8649 0
31.7096 0
34.5543 0
37.399 0
40.2437 0
43.0884 0
45.9331 0
48.7779 0
51.6226 0
54.4673 0
57.312 1

   median Throughput : 502962 KB/s   overall Throughput : 398971 KB/s

